13:57 bilby INFO    : Running for label 'u_hype_49717', output will be saved to 'hy_outdir'
13:57 bilby INFO    : Search parameters:
13:57 bilby INFO    :   alpha = Uniform(minimum=-5, maximum=25, name='alpha', latex_label='$\\alpha$', unit=None, boundary=None)
13:57 bilby INFO    :   mmin = Uniform(minimum=0.9, maximum=1.5, name='mmin', latex_label='$mmin$', unit=None, boundary=None)
13:57 bilby INFO    :   delta_m = Uniform(minimum=0.01, maximum=1, name='delta', latex_label='$\\delta$', unit=None, boundary=None)
13:57 bilby INFO    : Single likelihood evaluation took 1.092e-01 s
13:57 bilby INFO    : Using sampler Dynesty with kwargs {'bound': 'multi', 'sample': 'rwalk', 'verbose': True, 'periodic': None, 'reflective': None, 'check_point_delta_t': 600, 'nlive': 400, 'first_update': None, 'walks': 100, 'npdim': None, 'rstate': None, 'queue_size': 20, 'pool': None, 'use_pool': None, 'live_points': None, 'logl_args': None, 'logl_kwargs': None, 'ptform_args': None, 'ptform_kwargs': None, 'enlarge': 1.5, 'bootstrap': None, 'vol_dec': 0.5, 'vol_check': 8.0, 'facc': 0.2, 'slices': 5, 'update_interval': 240, 'print_func': <bound method Dynesty._print_func of <bilby.core.sampler.dynesty.Dynesty object at 0x7fac165fb430>>, 'dlogz': 0.1, 'maxiter': None, 'maxcall': None, 'logl_max': inf, 'add_live': True, 'print_progress': True, 'save_bounds': False, 'n_effective': None, 'maxmcmc': 5000, 'nact': 5}
13:57 bilby INFO    : Checkpoint every check_point_delta_t = 600s
13:57 bilby INFO    : Using dynesty version 1.0.1
13:57 bilby INFO    : Using the bilby-implemented rwalk sample method with ACT estimated walks
13:57 bilby INFO    : Setting up multiproccesing pool with 20 processes.
13:57 bilby INFO    : Generating initial points from the prior
14:10 bilby INFO    : Written checkpoint file hy_outdir/u_hype_49717_resume.pickle
14:20 bilby INFO    : Written checkpoint file hy_outdir/u_hype_49717_resume.pickle
14:31 bilby INFO    : Written checkpoint file hy_outdir/u_hype_49717_resume.pickle
14:41 bilby INFO    : Written checkpoint file hy_outdir/u_hype_49717_resume.pickle
14:52 bilby INFO    : Written checkpoint file hy_outdir/u_hype_49717_resume.pickle
15:03 bilby INFO    : Written checkpoint file hy_outdir/u_hype_49717_resume.pickle
15:03 bilby INFO    : Writing 134 current samples to hy_outdir/u_hype_49717_samples.dat
15:15 bilby INFO    : Written checkpoint file hy_outdir/u_hype_49717_resume.pickle
15:15 bilby INFO    : Writing 175 current samples to hy_outdir/u_hype_49717_samples.dat
15:26 bilby INFO    : Written checkpoint file hy_outdir/u_hype_49717_resume.pickle
15:26 bilby INFO    : Writing 225 current samples to hy_outdir/u_hype_49717_samples.dat
15:38 bilby INFO    : Written checkpoint file hy_outdir/u_hype_49717_resume.pickle
15:38 bilby INFO    : Writing 322 current samples to hy_outdir/u_hype_49717_samples.dat
15:49 bilby INFO    : Written checkpoint file hy_outdir/u_hype_49717_resume.pickle
15:49 bilby INFO    : Writing 443 current samples to hy_outdir/u_hype_49717_samples.dat
16:00 bilby INFO    : Written checkpoint file hy_outdir/u_hype_49717_resume.pickle
16:00 bilby INFO    : Writing 579 current samples to hy_outdir/u_hype_49717_samples.dat
16:10 bilby INFO    : Written checkpoint file hy_outdir/u_hype_49717_resume.pickle
16:10 bilby INFO    : Writing 713 current samples to hy_outdir/u_hype_49717_samples.dat
16:20 bilby INFO    : Written checkpoint file hy_outdir/u_hype_49717_resume.pickle
16:20 bilby INFO    : Writing 996 current samples to hy_outdir/u_hype_49717_samples.dat
16:31 bilby INFO    : Written checkpoint file hy_outdir/u_hype_49717_resume.pickle
16:31 bilby INFO    : Writing 1339 current samples to hy_outdir/u_hype_49717_samples.dat
16:42 bilby INFO    : Written checkpoint file hy_outdir/u_hype_49717_resume.pickle
16:42 bilby INFO    : Writing 1612 current samples to hy_outdir/u_hype_49717_samples.dat
16:52 bilby INFO    : Written checkpoint file hy_outdir/u_hype_49717_resume.pickle
16:52 bilby INFO    : Writing 1622 current samples to hy_outdir/u_hype_49717_samples.dat
17:03 bilby INFO    : Written checkpoint file hy_outdir/u_hype_49717_resume.pickle
17:03 bilby INFO    : Writing 1631 current samples to hy_outdir/u_hype_49717_samples.dat
17:09 bilby INFO    : Written checkpoint file hy_outdir/u_hype_49717_resume.pickle
17:09 bilby INFO    : Writing 1588 current samples to hy_outdir/u_hype_49717_samples.dat
17:09 bilby INFO    : Starting to close worker pool.
17:09 bilby INFO    : Finished closing worker pool.
17:09 bilby WARNING : Multiple likelihood matches found between sorted and unsorted samples. Taking the first match.
17:09 bilby WARNING : Multiple likelihood matches found between sorted and unsorted samples. Taking the first match.
17:09 bilby WARNING : Multiple likelihood matches found between sorted and unsorted samples. Taking the first match.
17:09 bilby WARNING : Multiple likelihood matches found between sorted and unsorted samples. Taking the first match.
17:09 bilby WARNING : Multiple likelihood matches found between sorted and unsorted samples. Taking the first match.
17:09 bilby WARNING : Multiple likelihood matches found between sorted and unsorted samples. Taking the first match.
17:09 bilby WARNING : Multiple likelihood matches found between sorted and unsorted samples. Taking the first match.
17:09 bilby WARNING : Multiple likelihood matches found between sorted and unsorted samples. Taking the first match.
17:09 bilby WARNING : Multiple likelihood matches found between sorted and unsorted samples. Taking the first match.
17:09 bilby WARNING : Multiple likelihood matches found between sorted and unsorted samples. Taking the first match.
17:09 bilby WARNING : Multiple likelihood matches found between sorted and unsorted samples. Taking the first match.
17:09 bilby WARNING : Multiple likelihood matches found between sorted and unsorted samples. Taking the first match.
17:09 bilby WARNING : Multiple likelihood matches found between sorted and unsorted samples. Taking the first match.
17:09 bilby WARNING : Multiple likelihood matches found between sorted and unsorted samples. Taking the first match.
17:09 bilby WARNING : Multiple likelihood matches found between sorted and unsorted samples. Taking the first match.
17:09 bilby WARNING : Multiple likelihood matches found between sorted and unsorted samples. Taking the first match.
17:09 bilby WARNING : Multiple likelihood matches found between sorted and unsorted samples. Taking the first match.
17:09 bilby WARNING : Multiple likelihood matches found between sorted and unsorted samples. Taking the first match.
17:09 bilby WARNING : Multiple likelihood matches found between sorted and unsorted samples. Taking the first match.
17:09 bilby WARNING : Multiple likelihood matches found between sorted and unsorted samples. Taking the first match.
17:09 bilby WARNING : Multiple likelihood matches found between sorted and unsorted samples. Taking the first match.
17:09 bilby WARNING : Multiple likelihood matches found between sorted and unsorted samples. Taking the first match.
17:09 bilby INFO    : Sampling time: 3:09:33.102328
17:09 bilby INFO    : Summary of results:
nsamples: 3695
ln_noise_evidence:  0.000
ln_evidence: 56.903 +/-  0.148
ln_bayes_factor: 56.903 +/-  0.148

/home/yzq/miniconda3/envs/bilby/lib/python3.8/site-packages/bilby/core/result.py:1170: DeprecationWarning: distutils Version classes are deprecated. Use packaging.version instead.
  if LooseVersion(matplotlib.__version__) < "2.1":
/home/yzq/miniconda3/envs/bilby/lib/python3.8/site-packages/setuptools/_distutils/version.py:346: DeprecationWarning: distutils Version classes are deprecated. Use packaging.version instead.
  other = LooseVersion(other)
