22:29 bilby INFO    : Running for label 'u_hype_40153', output will be saved to 'hy_outdir'
22:29 bilby INFO    : Search parameters:
22:29 bilby INFO    :   k = Uniform(minimum=0, maximum=80, name='k', latex_label='$k$', unit=None, boundary=None)
22:29 bilby INFO    :   theta = Uniform(minimum=0.01, maximum=0.1, name='theta', latex_label='$\\theta$', unit=None, boundary=None)
22:29 bilby INFO    : Single likelihood evaluation took 3.986e-02 s
22:29 bilby INFO    : Using sampler Dynesty with kwargs {'bound': 'multi', 'sample': 'rwalk', 'verbose': True, 'periodic': None, 'reflective': None, 'check_point_delta_t': 600, 'nlive': 400, 'first_update': None, 'walks': 100, 'npdim': None, 'rstate': None, 'queue_size': 4, 'pool': None, 'use_pool': None, 'live_points': None, 'logl_args': None, 'logl_kwargs': None, 'ptform_args': None, 'ptform_kwargs': None, 'enlarge': 1.5, 'bootstrap': None, 'vol_dec': 0.5, 'vol_check': 8.0, 'facc': 0.2, 'slices': 5, 'update_interval': 240, 'print_func': <bound method Dynesty._print_func of <bilby.core.sampler.dynesty.Dynesty object at 0x7f8a9de53cc0>>, 'dlogz': 0.1, 'maxiter': None, 'maxcall': None, 'logl_max': inf, 'add_live': True, 'print_progress': True, 'save_bounds': False, 'n_effective': None, 'maxmcmc': 5000, 'nact': 5}
22:29 bilby INFO    : Checkpoint every check_point_delta_t = 600s
22:29 bilby INFO    : Using dynesty version 1.1
22:29 bilby INFO    : Using the bilby-implemented rwalk sample method with ACT estimated walks
22:29 bilby INFO    : Setting up multiproccesing pool with 4 processes.
22:29 bilby INFO    : Generating initial points from the prior
22:39 bilby INFO    : Written checkpoint file hy_outdir/u_hype_40153_resume.pickle
22:49 bilby INFO    : Written checkpoint file hy_outdir/u_hype_40153_resume.pickle
23:00 bilby INFO    : Written checkpoint file hy_outdir/u_hype_40153_resume.pickle
23:11 bilby INFO    : Written checkpoint file hy_outdir/u_hype_40153_resume.pickle
23:21 bilby INFO    : Written checkpoint file hy_outdir/u_hype_40153_resume.pickle
23:21 bilby INFO    : Writing 121 current samples to hy_outdir/u_hype_40153_samples.dat
23:32 bilby INFO    : Written checkpoint file hy_outdir/u_hype_40153_resume.pickle
23:32 bilby INFO    : Writing 144 current samples to hy_outdir/u_hype_40153_samples.dat
23:43 bilby INFO    : Written checkpoint file hy_outdir/u_hype_40153_resume.pickle
23:43 bilby INFO    : Writing 159 current samples to hy_outdir/u_hype_40153_samples.dat
23:53 bilby INFO    : Written checkpoint file hy_outdir/u_hype_40153_resume.pickle
23:53 bilby INFO    : Writing 180 current samples to hy_outdir/u_hype_40153_samples.dat
00:04 bilby INFO    : Written checkpoint file hy_outdir/u_hype_40153_resume.pickle
00:04 bilby INFO    : Writing 217 current samples to hy_outdir/u_hype_40153_samples.dat
00:15 bilby INFO    : Written checkpoint file hy_outdir/u_hype_40153_resume.pickle
00:15 bilby INFO    : Writing 251 current samples to hy_outdir/u_hype_40153_samples.dat
00:25 bilby INFO    : Written checkpoint file hy_outdir/u_hype_40153_resume.pickle
00:25 bilby INFO    : Writing 285 current samples to hy_outdir/u_hype_40153_samples.dat
00:36 bilby INFO    : Written checkpoint file hy_outdir/u_hype_40153_resume.pickle
00:36 bilby INFO    : Writing 330 current samples to hy_outdir/u_hype_40153_samples.dat
00:46 bilby INFO    : Written checkpoint file hy_outdir/u_hype_40153_resume.pickle
00:46 bilby INFO    : Writing 376 current samples to hy_outdir/u_hype_40153_samples.dat
00:57 bilby INFO    : Written checkpoint file hy_outdir/u_hype_40153_resume.pickle
00:57 bilby INFO    : Writing 421 current samples to hy_outdir/u_hype_40153_samples.dat
01:08 bilby INFO    : Written checkpoint file hy_outdir/u_hype_40153_resume.pickle
01:08 bilby INFO    : Writing 488 current samples to hy_outdir/u_hype_40153_samples.dat
01:18 bilby INFO    : Written checkpoint file hy_outdir/u_hype_40153_resume.pickle
01:18 bilby INFO    : Writing 569 current samples to hy_outdir/u_hype_40153_samples.dat
01:29 bilby INFO    : Written checkpoint file hy_outdir/u_hype_40153_resume.pickle
01:29 bilby INFO    : Writing 643 current samples to hy_outdir/u_hype_40153_samples.dat
01:40 bilby INFO    : Written checkpoint file hy_outdir/u_hype_40153_resume.pickle
01:40 bilby INFO    : Writing 734 current samples to hy_outdir/u_hype_40153_samples.dat
01:50 bilby INFO    : Written checkpoint file hy_outdir/u_hype_40153_resume.pickle
01:50 bilby INFO    : Writing 854 current samples to hy_outdir/u_hype_40153_samples.dat
02:00 bilby INFO    : Written checkpoint file hy_outdir/u_hype_40153_resume.pickle
02:00 bilby INFO    : Writing 970 current samples to hy_outdir/u_hype_40153_samples.dat
02:11 bilby INFO    : Written checkpoint file hy_outdir/u_hype_40153_resume.pickle
02:11 bilby INFO    : Writing 1067 current samples to hy_outdir/u_hype_40153_samples.dat
02:21 bilby INFO    : Written checkpoint file hy_outdir/u_hype_40153_resume.pickle
02:21 bilby INFO    : Writing 1078 current samples to hy_outdir/u_hype_40153_samples.dat
02:32 bilby INFO    : Written checkpoint file hy_outdir/u_hype_40153_resume.pickle
02:32 bilby INFO    : Writing 1074 current samples to hy_outdir/u_hype_40153_samples.dat
02:42 bilby INFO    : Written checkpoint file hy_outdir/u_hype_40153_resume.pickle
02:42 bilby INFO    : Writing 1057 current samples to hy_outdir/u_hype_40153_samples.dat
02:52 bilby INFO    : Written checkpoint file hy_outdir/u_hype_40153_resume.pickle
02:52 bilby INFO    : Writing 1067 current samples to hy_outdir/u_hype_40153_samples.dat
03:03 bilby INFO    : Written checkpoint file hy_outdir/u_hype_40153_resume.pickle
03:03 bilby INFO    : Writing 1065 current samples to hy_outdir/u_hype_40153_samples.dat
03:13 bilby INFO    : Written checkpoint file hy_outdir/u_hype_40153_resume.pickle
03:13 bilby INFO    : Writing 1037 current samples to hy_outdir/u_hype_40153_samples.dat
03:24 bilby INFO    : Written checkpoint file hy_outdir/u_hype_40153_resume.pickle
03:24 bilby INFO    : Writing 1088 current samples to hy_outdir/u_hype_40153_samples.dat
03:34 bilby INFO    : Written checkpoint file hy_outdir/u_hype_40153_resume.pickle
03:34 bilby INFO    : Writing 1065 current samples to hy_outdir/u_hype_40153_samples.dat
03:41 bilby INFO    : Written checkpoint file hy_outdir/u_hype_40153_resume.pickle
03:41 bilby INFO    : Writing 1087 current samples to hy_outdir/u_hype_40153_samples.dat
03:41 bilby INFO    : Starting to close worker pool.
03:41 bilby INFO    : Finished closing worker pool.
03:41 bilby INFO    : Sampling time: 5:11:30.624811
03:41 bilby INFO    : Summary of results:
nsamples: 3538
ln_noise_evidence:  0.000
ln_evidence: 50.212 +/-  0.150
ln_bayes_factor: 50.212 +/-  0.150

