21:53 bilby INFO    : Running for label 'u_hype_88713', output will be saved to 'hy_outdir'
21:53 bilby INFO    : Search parameters:
21:53 bilby INFO    :   mu1 = Uniform(minimum=0.9, maximum=2.9, name='mu1', latex_label='$\\mu_1$', unit=None, boundary=None)
21:53 bilby INFO    :   sigma1 = Uniform(minimum=0.01, maximum=2, name='sigma1', latex_label='$\\sigma_1$', unit=None, boundary=None)
21:53 bilby INFO    :   mu2 = Uniform(minimum=0.9, maximum=2.9, name='mu2', latex_label='$\\mu_2$', unit=None, boundary=None)
21:53 bilby INFO    :   sigma2 = Uniform(minimum=0.01, maximum=2, name='sigma2', latex_label='$\\sigma_2$', unit=None, boundary=None)
21:53 bilby INFO    :   alpha = Uniform(minimum=0.01, maximum=1, name='alpha', latex_label='$\\alpha$', unit=None, boundary=None)
21:53 bilby INFO    :   mup = Uniform(minimum=1.5, maximum=2.9, name='mup', latex_label='$\\rm{m^u}$', unit=None, boundary=None)
21:53 bilby INFO    :   mlo = Uniform(minimum=0.9, maximum=1.5, name='mlo', latex_label='$\\rm{m^l}$', unit=None, boundary=None)
21:53 bilby INFO    : Single likelihood evaluation took 7.309e-03 s
21:53 bilby INFO    : Using sampler Dynesty with kwargs {'bound': 'multi', 'sample': 'rwalk', 'verbose': True, 'periodic': None, 'reflective': None, 'check_point_delta_t': 600, 'nlive': 400, 'first_update': None, 'walks': 100, 'npdim': None, 'rstate': None, 'queue_size': 20, 'pool': None, 'use_pool': None, 'live_points': None, 'logl_args': None, 'logl_kwargs': None, 'ptform_args': None, 'ptform_kwargs': None, 'enlarge': 1.5, 'bootstrap': None, 'vol_dec': 0.5, 'vol_check': 8.0, 'facc': 0.2, 'slices': 5, 'update_interval': 240, 'print_func': <bound method Dynesty._print_func of <bilby.core.sampler.dynesty.Dynesty object at 0x7f8e6807e220>>, 'dlogz': 0.1, 'maxiter': None, 'maxcall': None, 'logl_max': inf, 'add_live': True, 'print_progress': True, 'save_bounds': False, 'n_effective': None, 'maxmcmc': 5000, 'nact': 5}
21:53 bilby INFO    : Checkpoint every check_point_delta_t = 600s
21:53 bilby INFO    : Using dynesty version 1.0.1
21:53 bilby INFO    : Using the bilby-implemented rwalk sample method with ACT estimated walks
21:53 bilby INFO    : Setting up multiproccesing pool with 20 processes.
21:53 bilby INFO    : Generating initial points from the prior
slurmstepd-localhost: error: *** JOB 2299 ON localhost CANCELLED AT 2023-10-15T21:55:46 ***
21:55 bilby INFO    : Run interrupted by signal 15: checkpoint and exit on 130
21:55 bilby INFO    : Written checkpoint file hy_outdir/u_hype_88713_resume.pickle
Traceback (most recent call last):
  File "hyper.py", line 58, in <module>
    result = run_sampler(
  File "/home/yzq/miniconda3/envs/ns_mass_test/lib/python3.8/site-packages/bilby/core/sampler/__init__.py", line 185, in run_sampler
    result = sampler.run_sampler()
  File "/home/yzq/miniconda3/envs/ns_mass_test/lib/python3.8/site-packages/bilby/core/sampler/dynesty.py", line 365, in run_sampler
    out = self._run_external_sampler_with_checkpointing()
  File "/home/yzq/miniconda3/envs/ns_mass_test/lib/python3.8/site-packages/bilby/core/sampler/dynesty.py", line 440, in _run_external_sampler_with_checkpointing
    self._run_nested_wrapper(sampler_kwargs)
  File "/home/yzq/miniconda3/envs/ns_mass_test/lib/python3.8/site-packages/bilby/core/sampler/dynesty.py", line 421, in _run_nested_wrapper
    self.sampler.run_nested(**kwargs)
  File "/home/yzq/miniconda3/envs/ns_mass_test/lib/python3.8/site-packages/dynesty/sampler.py", line 921, in run_nested
    for it, results in enumerate(self.sample(maxiter=maxiter,
  File "/home/yzq/miniconda3/envs/ns_mass_test/lib/python3.8/site-packages/dynesty/sampler.py", line 782, in sample
    u, v, logl, nc = self._new_point(loglstar_new, logvol)
  File "/home/yzq/miniconda3/envs/ns_mass_test/lib/python3.8/site-packages/dynesty/sampler.py", line 380, in _new_point
    u, v, logl, nc, blob = self._get_point_value(loglstar)
  File "/home/yzq/miniconda3/envs/ns_mass_test/lib/python3.8/site-packages/dynesty/sampler.py", line 364, in _get_point_value
    self._fill_queue(loglstar)
  File "/home/yzq/miniconda3/envs/ns_mass_test/lib/python3.8/site-packages/dynesty/sampler.py", line 353, in _fill_queue
    self.queue = list(self.M(evolve_point, args))
  File "/home/yzq/miniconda3/envs/ns_mass_test/lib/python3.8/multiprocessing/pool.py", line 364, in map
    return self._map_async(func, iterable, mapstar, chunksize).get()
  File "/home/yzq/miniconda3/envs/ns_mass_test/lib/python3.8/multiprocessing/pool.py", line 765, in get
    self.wait(timeout)
  File "/home/yzq/miniconda3/envs/ns_mass_test/lib/python3.8/multiprocessing/pool.py", line 762, in wait
    self._event.wait(timeout)
  File "/home/yzq/miniconda3/envs/ns_mass_test/lib/python3.8/threading.py", line 558, in wait
    signaled = self._cond.wait(timeout)
  File "/home/yzq/miniconda3/envs/ns_mass_test/lib/python3.8/threading.py", line 302, in wait
    waiter.acquire()
  File "/home/yzq/miniconda3/envs/ns_mass_test/lib/python3.8/site-packages/bilby/core/sampler/dynesty.py", line 545, in write_current_state_and_exit
    self.write_current_state()
  File "/home/yzq/miniconda3/envs/ns_mass_test/lib/python3.8/site-packages/bilby/core/sampler/dynesty.py", line 587, in write_current_state
    self.dump_samples_to_dat()
  File "/home/yzq/miniconda3/envs/ns_mass_test/lib/python3.8/site-packages/bilby/core/sampler/dynesty.py", line 591, in dump_samples_to_dat
    ln_weights = sampler.saved_logwt - sampler.saved_logz[-1]
IndexError: list index out of range
