22:50 bilby INFO    : Running for label 'u_hype_60310', output will be saved to 'hy_outdir'
22:50 bilby INFO    : Search parameters:
22:50 bilby INFO    :   mu1 = Uniform(minimum=0.9, maximum=2.9, name='mu1', latex_label='$\\mu_1$', unit=None, boundary=None)
22:50 bilby INFO    :   sigma1 = Uniform(minimum=0.01, maximum=2, name='sigma1', latex_label='$\\sigma_1$', unit=None, boundary=None)
22:50 bilby INFO    :   mu2 = Uniform(minimum=0.9, maximum=2.9, name='mu2', latex_label='$\\mu_2$', unit=None, boundary=None)
22:50 bilby INFO    :   sigma2 = Uniform(minimum=0.01, maximum=2, name='sigma2', latex_label='$\\sigma_2$', unit=None, boundary=None)
22:50 bilby INFO    :   alpha = Uniform(minimum=0.01, maximum=1, name='alpha', latex_label='$\\alpha$', unit=None, boundary=None)
22:50 bilby INFO    :   mup = Uniform(minimum=1.5, maximum=2.9, name='mup', latex_label='$\\rm{m^u}$', unit=None, boundary=None)
22:50 bilby INFO    :   mlo = Uniform(minimum=0.9, maximum=1.5, name='mlo', latex_label='$\\rm{m^l}$', unit=None, boundary=None)
22:50 bilby INFO    : Single likelihood evaluation took 8.216e-03 s
22:50 bilby INFO    : Using sampler Dynesty with kwargs {'bound': 'multi', 'sample': 'rwalk', 'verbose': True, 'periodic': None, 'reflective': None, 'check_point_delta_t': 600, 'nlive': 400, 'first_update': None, 'walks': 100, 'npdim': None, 'rstate': None, 'queue_size': 20, 'pool': None, 'use_pool': None, 'live_points': None, 'logl_args': None, 'logl_kwargs': None, 'ptform_args': None, 'ptform_kwargs': None, 'enlarge': 1.5, 'bootstrap': None, 'vol_dec': 0.5, 'vol_check': 8.0, 'facc': 0.2, 'slices': 5, 'update_interval': 240, 'print_func': <bound method Dynesty._print_func of <bilby.core.sampler.dynesty.Dynesty object at 0x7f1adfab7070>>, 'dlogz': 0.1, 'maxiter': None, 'maxcall': None, 'logl_max': inf, 'add_live': True, 'print_progress': True, 'save_bounds': False, 'n_effective': None, 'maxmcmc': 5000, 'nact': 5}
22:50 bilby INFO    : Checkpoint every check_point_delta_t = 600s
22:50 bilby INFO    : Using dynesty version 1.0.1
22:50 bilby INFO    : Using the bilby-implemented rwalk sample method with ACT estimated walks
22:50 bilby INFO    : Setting up multiproccesing pool with 20 processes.
22:50 bilby INFO    : Generating initial points from the prior
23:03 bilby INFO    : Written checkpoint file hy_outdir/u_hype_60310_resume.pickle
23:13 bilby INFO    : Written checkpoint file hy_outdir/u_hype_60310_resume.pickle
23:24 bilby INFO    : Written checkpoint file hy_outdir/u_hype_60310_resume.pickle
23:34 bilby INFO    : Written checkpoint file hy_outdir/u_hype_60310_resume.pickle
23:45 bilby INFO    : Written checkpoint file hy_outdir/u_hype_60310_resume.pickle
23:56 bilby INFO    : Written checkpoint file hy_outdir/u_hype_60310_resume.pickle
00:07 bilby INFO    : Written checkpoint file hy_outdir/u_hype_60310_resume.pickle
00:17 bilby INFO    : Written checkpoint file hy_outdir/u_hype_60310_resume.pickle
00:27 bilby INFO    : Written checkpoint file hy_outdir/u_hype_60310_resume.pickle
00:39 bilby INFO    : Written checkpoint file hy_outdir/u_hype_60310_resume.pickle
00:49 bilby INFO    : Written checkpoint file hy_outdir/u_hype_60310_resume.pickle
01:00 bilby INFO    : Written checkpoint file hy_outdir/u_hype_60310_resume.pickle
01:12 bilby INFO    : Written checkpoint file hy_outdir/u_hype_60310_resume.pickle
01:23 bilby INFO    : Written checkpoint file hy_outdir/u_hype_60310_resume.pickle
01:36 bilby INFO    : Written checkpoint file hy_outdir/u_hype_60310_resume.pickle
01:46 bilby INFO    : Written checkpoint file hy_outdir/u_hype_60310_resume.pickle
01:58 bilby INFO    : Written checkpoint file hy_outdir/u_hype_60310_resume.pickle
02:09 bilby INFO    : Written checkpoint file hy_outdir/u_hype_60310_resume.pickle
02:19 bilby INFO    : Written checkpoint file hy_outdir/u_hype_60310_resume.pickle
02:30 bilby INFO    : Written checkpoint file hy_outdir/u_hype_60310_resume.pickle
02:40 bilby INFO    : Written checkpoint file hy_outdir/u_hype_60310_resume.pickle
02:40 bilby INFO    : Writing 113 current samples to hy_outdir/u_hype_60310_samples.dat
02:51 bilby INFO    : Written checkpoint file hy_outdir/u_hype_60310_resume.pickle
02:51 bilby INFO    : Writing 129 current samples to hy_outdir/u_hype_60310_samples.dat
03:02 bilby INFO    : Written checkpoint file hy_outdir/u_hype_60310_resume.pickle
03:02 bilby INFO    : Writing 192 current samples to hy_outdir/u_hype_60310_samples.dat
03:13 bilby INFO    : Written checkpoint file hy_outdir/u_hype_60310_resume.pickle
03:13 bilby INFO    : Writing 283 current samples to hy_outdir/u_hype_60310_samples.dat
03:24 bilby INFO    : Written checkpoint file hy_outdir/u_hype_60310_resume.pickle
03:24 bilby INFO    : Writing 398 current samples to hy_outdir/u_hype_60310_samples.dat
03:35 bilby INFO    : Written checkpoint file hy_outdir/u_hype_60310_resume.pickle
03:35 bilby INFO    : Writing 510 current samples to hy_outdir/u_hype_60310_samples.dat
03:46 bilby INFO    : Written checkpoint file hy_outdir/u_hype_60310_resume.pickle
03:46 bilby INFO    : Writing 762 current samples to hy_outdir/u_hype_60310_samples.dat
03:58 bilby INFO    : Written checkpoint file hy_outdir/u_hype_60310_resume.pickle
03:58 bilby INFO    : Writing 1110 current samples to hy_outdir/u_hype_60310_samples.dat
04:09 bilby INFO    : Written checkpoint file hy_outdir/u_hype_60310_resume.pickle
04:09 bilby INFO    : Writing 1408 current samples to hy_outdir/u_hype_60310_samples.dat
04:20 bilby INFO    : Written checkpoint file hy_outdir/u_hype_60310_resume.pickle
04:20 bilby INFO    : Writing 1850 current samples to hy_outdir/u_hype_60310_samples.dat
04:31 bilby INFO    : Written checkpoint file hy_outdir/u_hype_60310_resume.pickle
04:31 bilby INFO    : Writing 1835 current samples to hy_outdir/u_hype_60310_samples.dat
04:42 bilby INFO    : Written checkpoint file hy_outdir/u_hype_60310_resume.pickle
04:42 bilby INFO    : Writing 1874 current samples to hy_outdir/u_hype_60310_samples.dat
04:46 bilby INFO    : Written checkpoint file hy_outdir/u_hype_60310_resume.pickle
04:46 bilby INFO    : Writing 1808 current samples to hy_outdir/u_hype_60310_samples.dat
04:46 bilby INFO    : Starting to close worker pool.
04:46 bilby INFO    : Finished closing worker pool.
04:46 bilby INFO    : Sampling time: 5:53:22.362937
04:46 bilby INFO    : Summary of results:
nsamples: 5818
ln_noise_evidence:  0.000
ln_evidence: 56.211 +/-  0.208
ln_bayes_factor: 56.211 +/-  0.208

/home/yzq/miniconda3/envs/bilby/lib/python3.8/site-packages/bilby/core/result.py:1170: DeprecationWarning: distutils Version classes are deprecated. Use packaging.version instead.
  if LooseVersion(matplotlib.__version__) < "2.1":
/home/yzq/miniconda3/envs/bilby/lib/python3.8/site-packages/setuptools/_distutils/version.py:346: DeprecationWarning: distutils Version classes are deprecated. Use packaging.version instead.
  other = LooseVersion(other)
