22:17 bilby INFO    : Running for label 'u_hype_16176', output will be saved to 'hy_outdir'
22:17 bilby INFO    : Search parameters:
22:17 bilby INFO    :   mu1 = Uniform(minimum=0.9, maximum=2.9, name='mu1', latex_label='$\\mu_1$', unit=None, boundary=None)
22:17 bilby INFO    :   sigma1 = Uniform(minimum=0.01, maximum=2, name='sigma1', latex_label='$\\sigma_1$', unit=None, boundary=None)
22:17 bilby INFO    :   mu2 = Uniform(minimum=0.9, maximum=2.9, name='mu2', latex_label='$\\mu_2$', unit=None, boundary=None)
22:17 bilby INFO    :   sigma2 = Uniform(minimum=0.01, maximum=2, name='sigma2', latex_label='$\\sigma_2$', unit=None, boundary=None)
22:17 bilby INFO    :   alpha = Uniform(minimum=0.01, maximum=1, name='alpha', latex_label='$\\alpha$', unit=None, boundary=None)
22:17 bilby INFO    :   mlo = Uniform(minimum=0.9, maximum=1.5, name='mlo', latex_label='$\\rm{m^l}$', unit=None, boundary=None)
22:17 bilby INFO    : Single likelihood evaluation took 2.923e-02 s
22:17 bilby INFO    : Using sampler Dynesty with kwargs {'bound': 'multi', 'sample': 'rwalk', 'verbose': True, 'periodic': None, 'reflective': None, 'check_point_delta_t': 600, 'nlive': 400, 'first_update': None, 'walks': 100, 'npdim': None, 'rstate': None, 'queue_size': 4, 'pool': None, 'use_pool': None, 'live_points': None, 'logl_args': None, 'logl_kwargs': None, 'ptform_args': None, 'ptform_kwargs': None, 'enlarge': 1.5, 'bootstrap': None, 'vol_dec': 0.5, 'vol_check': 8.0, 'facc': 0.2, 'slices': 5, 'update_interval': 240, 'print_func': <bound method Dynesty._print_func of <bilby.core.sampler.dynesty.Dynesty object at 0x7fcfb38980b8>>, 'dlogz': 0.1, 'maxiter': None, 'maxcall': None, 'logl_max': inf, 'add_live': True, 'print_progress': True, 'save_bounds': False, 'n_effective': None, 'maxmcmc': 5000, 'nact': 5}
22:17 bilby INFO    : Checkpoint every check_point_delta_t = 600s
22:17 bilby INFO    : Using dynesty version 1.1
22:17 bilby INFO    : Using the bilby-implemented rwalk sample method with ACT estimated walks
22:17 bilby INFO    : Setting up multiproccesing pool with 4 processes.
22:17 bilby INFO    : Generating initial points from the prior
22:28 bilby INFO    : Written checkpoint file hy_outdir/u_hype_16176_resume.pickle
22:38 bilby INFO    : Written checkpoint file hy_outdir/u_hype_16176_resume.pickle
22:48 bilby INFO    : Written checkpoint file hy_outdir/u_hype_16176_resume.pickle
22:59 bilby INFO    : Written checkpoint file hy_outdir/u_hype_16176_resume.pickle
23:09 bilby INFO    : Written checkpoint file hy_outdir/u_hype_16176_resume.pickle
23:19 bilby INFO    : Written checkpoint file hy_outdir/u_hype_16176_resume.pickle
23:29 bilby INFO    : Written checkpoint file hy_outdir/u_hype_16176_resume.pickle
23:39 bilby INFO    : Written checkpoint file hy_outdir/u_hype_16176_resume.pickle
23:49 bilby INFO    : Written checkpoint file hy_outdir/u_hype_16176_resume.pickle
00:00 bilby INFO    : Written checkpoint file hy_outdir/u_hype_16176_resume.pickle
00:10 bilby INFO    : Written checkpoint file hy_outdir/u_hype_16176_resume.pickle
00:20 bilby INFO    : Written checkpoint file hy_outdir/u_hype_16176_resume.pickle
00:30 bilby INFO    : Written checkpoint file hy_outdir/u_hype_16176_resume.pickle
00:40 bilby INFO    : Written checkpoint file hy_outdir/u_hype_16176_resume.pickle
00:51 bilby INFO    : Written checkpoint file hy_outdir/u_hype_16176_resume.pickle
01:01 bilby INFO    : Written checkpoint file hy_outdir/u_hype_16176_resume.pickle
01:11 bilby INFO    : Written checkpoint file hy_outdir/u_hype_16176_resume.pickle
01:22 bilby INFO    : Written checkpoint file hy_outdir/u_hype_16176_resume.pickle
01:32 bilby INFO    : Written checkpoint file hy_outdir/u_hype_16176_resume.pickle
01:42 bilby INFO    : Written checkpoint file hy_outdir/u_hype_16176_resume.pickle
01:52 bilby INFO    : Written checkpoint file hy_outdir/u_hype_16176_resume.pickle
02:03 bilby INFO    : Written checkpoint file hy_outdir/u_hype_16176_resume.pickle
02:13 bilby INFO    : Written checkpoint file hy_outdir/u_hype_16176_resume.pickle
02:23 bilby INFO    : Written checkpoint file hy_outdir/u_hype_16176_resume.pickle
02:33 bilby INFO    : Written checkpoint file hy_outdir/u_hype_16176_resume.pickle
02:44 bilby INFO    : Written checkpoint file hy_outdir/u_hype_16176_resume.pickle
02:54 bilby INFO    : Written checkpoint file hy_outdir/u_hype_16176_resume.pickle
02:54 bilby INFO    : Writing 116 current samples to hy_outdir/u_hype_16176_samples.dat
03:04 bilby INFO    : Written checkpoint file hy_outdir/u_hype_16176_resume.pickle
03:04 bilby INFO    : Writing 151 current samples to hy_outdir/u_hype_16176_samples.dat
03:14 bilby INFO    : Written checkpoint file hy_outdir/u_hype_16176_resume.pickle
03:14 bilby INFO    : Writing 206 current samples to hy_outdir/u_hype_16176_samples.dat
03:25 bilby INFO    : Written checkpoint file hy_outdir/u_hype_16176_resume.pickle
03:25 bilby INFO    : Writing 220 current samples to hy_outdir/u_hype_16176_samples.dat
03:35 bilby INFO    : Written checkpoint file hy_outdir/u_hype_16176_resume.pickle
03:35 bilby INFO    : Writing 315 current samples to hy_outdir/u_hype_16176_samples.dat
03:45 bilby INFO    : Written checkpoint file hy_outdir/u_hype_16176_resume.pickle
03:45 bilby INFO    : Writing 371 current samples to hy_outdir/u_hype_16176_samples.dat
03:56 bilby INFO    : Written checkpoint file hy_outdir/u_hype_16176_resume.pickle
03:56 bilby INFO    : Writing 426 current samples to hy_outdir/u_hype_16176_samples.dat
04:06 bilby INFO    : Written checkpoint file hy_outdir/u_hype_16176_resume.pickle
04:06 bilby INFO    : Writing 549 current samples to hy_outdir/u_hype_16176_samples.dat
04:16 bilby INFO    : Written checkpoint file hy_outdir/u_hype_16176_resume.pickle
04:16 bilby INFO    : Writing 713 current samples to hy_outdir/u_hype_16176_samples.dat
04:26 bilby INFO    : Written checkpoint file hy_outdir/u_hype_16176_resume.pickle
04:26 bilby INFO    : Writing 860 current samples to hy_outdir/u_hype_16176_samples.dat
04:36 bilby INFO    : Written checkpoint file hy_outdir/u_hype_16176_resume.pickle
04:36 bilby INFO    : Writing 1044 current samples to hy_outdir/u_hype_16176_samples.dat
04:47 bilby INFO    : Written checkpoint file hy_outdir/u_hype_16176_resume.pickle
04:47 bilby INFO    : Writing 1204 current samples to hy_outdir/u_hype_16176_samples.dat
04:57 bilby INFO    : Written checkpoint file hy_outdir/u_hype_16176_resume.pickle
04:57 bilby INFO    : Writing 1565 current samples to hy_outdir/u_hype_16176_samples.dat
05:07 bilby INFO    : Written checkpoint file hy_outdir/u_hype_16176_resume.pickle
05:07 bilby INFO    : Writing 1862 current samples to hy_outdir/u_hype_16176_samples.dat
05:17 bilby INFO    : Written checkpoint file hy_outdir/u_hype_16176_resume.pickle
05:17 bilby INFO    : Writing 2108 current samples to hy_outdir/u_hype_16176_samples.dat
05:28 bilby INFO    : Written checkpoint file hy_outdir/u_hype_16176_resume.pickle
05:28 bilby INFO    : Writing 2329 current samples to hy_outdir/u_hype_16176_samples.dat
05:38 bilby INFO    : Written checkpoint file hy_outdir/u_hype_16176_resume.pickle
05:38 bilby INFO    : Writing 2325 current samples to hy_outdir/u_hype_16176_samples.dat
05:45 bilby INFO    : Written checkpoint file hy_outdir/u_hype_16176_resume.pickle
05:45 bilby INFO    : Writing 2320 current samples to hy_outdir/u_hype_16176_samples.dat
05:45 bilby INFO    : Starting to close worker pool.
05:45 bilby INFO    : Finished closing worker pool.
05:45 bilby INFO    : Sampling time: 7:26:46.740856
05:45 bilby INFO    : Summary of results:
nsamples: 6423
ln_noise_evidence:  0.000
ln_evidence: 53.933 +/-  0.222
ln_bayes_factor: 53.933 +/-  0.222

