22:29 bilby INFO    : Running for label 'u_hype_39698', output will be saved to 'hy_outdir'
22:29 bilby INFO    : Search parameters:
22:29 bilby INFO    :   mu = Uniform(minimum=0.9, maximum=2.9, name='mlo', latex_label='$\\rm{m^l}$', unit=None, boundary=None)
22:29 bilby INFO    :   sigma = Uniform(minimum=0.01, maximum=2, name='sigma', latex_label='$\\rm{m^u}$', unit=None, boundary=None)
22:29 bilby INFO    :   nu = Uniform(minimum=0, maximum=8, name='nu', latex_label='nu', unit=None, boundary=None)
22:29 bilby INFO    :   tau = Uniform(minimum=2.001, maximum=20, name='tau', latex_label='tau', unit=None, boundary=None)
22:29 bilby INFO    : Single likelihood evaluation took 9.876e-02 s
22:29 bilby INFO    : Using sampler Dynesty with kwargs {'bound': 'multi', 'sample': 'rwalk', 'verbose': True, 'periodic': None, 'reflective': None, 'check_point_delta_t': 600, 'nlive': 400, 'first_update': None, 'walks': 100, 'npdim': None, 'rstate': None, 'queue_size': 4, 'pool': None, 'use_pool': None, 'live_points': None, 'logl_args': None, 'logl_kwargs': None, 'ptform_args': None, 'ptform_kwargs': None, 'enlarge': 1.5, 'bootstrap': None, 'vol_dec': 0.5, 'vol_check': 8.0, 'facc': 0.2, 'slices': 5, 'update_interval': 240, 'print_func': <bound method Dynesty._print_func of <bilby.core.sampler.dynesty.Dynesty object at 0x7f9ced057080>>, 'dlogz': 0.1, 'maxiter': None, 'maxcall': None, 'logl_max': inf, 'add_live': True, 'print_progress': True, 'save_bounds': False, 'n_effective': None, 'maxmcmc': 5000, 'nact': 5}
22:29 bilby INFO    : Checkpoint every check_point_delta_t = 600s
22:29 bilby INFO    : Using dynesty version 1.1
22:29 bilby INFO    : Using the bilby-implemented rwalk sample method with ACT estimated walks
22:29 bilby INFO    : Setting up multiproccesing pool with 4 processes.
22:29 bilby INFO    : Generating initial points from the prior
22:40 bilby INFO    : Written checkpoint file hy_outdir/u_hype_39698_resume.pickle
22:51 bilby INFO    : Written checkpoint file hy_outdir/u_hype_39698_resume.pickle
23:01 bilby INFO    : Written checkpoint file hy_outdir/u_hype_39698_resume.pickle
23:12 bilby INFO    : Written checkpoint file hy_outdir/u_hype_39698_resume.pickle
23:23 bilby INFO    : Written checkpoint file hy_outdir/u_hype_39698_resume.pickle
23:33 bilby INFO    : Written checkpoint file hy_outdir/u_hype_39698_resume.pickle
23:43 bilby INFO    : Written checkpoint file hy_outdir/u_hype_39698_resume.pickle
23:53 bilby INFO    : Written checkpoint file hy_outdir/u_hype_39698_resume.pickle
00:03 bilby INFO    : Written checkpoint file hy_outdir/u_hype_39698_resume.pickle
00:14 bilby INFO    : Written checkpoint file hy_outdir/u_hype_39698_resume.pickle
00:24 bilby INFO    : Written checkpoint file hy_outdir/u_hype_39698_resume.pickle
00:34 bilby INFO    : Written checkpoint file hy_outdir/u_hype_39698_resume.pickle
00:45 bilby INFO    : Written checkpoint file hy_outdir/u_hype_39698_resume.pickle
00:56 bilby INFO    : Written checkpoint file hy_outdir/u_hype_39698_resume.pickle
01:07 bilby INFO    : Written checkpoint file hy_outdir/u_hype_39698_resume.pickle
01:17 bilby INFO    : Written checkpoint file hy_outdir/u_hype_39698_resume.pickle
01:28 bilby INFO    : Written checkpoint file hy_outdir/u_hype_39698_resume.pickle
01:39 bilby INFO    : Written checkpoint file hy_outdir/u_hype_39698_resume.pickle
01:50 bilby INFO    : Written checkpoint file hy_outdir/u_hype_39698_resume.pickle
02:01 bilby INFO    : Written checkpoint file hy_outdir/u_hype_39698_resume.pickle
02:12 bilby INFO    : Written checkpoint file hy_outdir/u_hype_39698_resume.pickle
02:23 bilby INFO    : Written checkpoint file hy_outdir/u_hype_39698_resume.pickle
02:34 bilby INFO    : Written checkpoint file hy_outdir/u_hype_39698_resume.pickle
02:44 bilby INFO    : Written checkpoint file hy_outdir/u_hype_39698_resume.pickle
02:55 bilby INFO    : Written checkpoint file hy_outdir/u_hype_39698_resume.pickle
03:06 bilby INFO    : Written checkpoint file hy_outdir/u_hype_39698_resume.pickle
03:16 bilby INFO    : Written checkpoint file hy_outdir/u_hype_39698_resume.pickle
03:27 bilby INFO    : Written checkpoint file hy_outdir/u_hype_39698_resume.pickle
03:38 bilby INFO    : Written checkpoint file hy_outdir/u_hype_39698_resume.pickle
03:49 bilby INFO    : Written checkpoint file hy_outdir/u_hype_39698_resume.pickle
03:59 bilby INFO    : Written checkpoint file hy_outdir/u_hype_39698_resume.pickle
03:59 bilby INFO    : Writing 104 current samples to hy_outdir/u_hype_39698_samples.dat
04:09 bilby INFO    : Written checkpoint file hy_outdir/u_hype_39698_resume.pickle
04:09 bilby INFO    : Writing 100 current samples to hy_outdir/u_hype_39698_samples.dat
04:19 bilby INFO    : Written checkpoint file hy_outdir/u_hype_39698_resume.pickle
04:19 bilby INFO    : Writing 104 current samples to hy_outdir/u_hype_39698_samples.dat
04:30 bilby INFO    : Written checkpoint file hy_outdir/u_hype_39698_resume.pickle
04:30 bilby INFO    : Writing 130 current samples to hy_outdir/u_hype_39698_samples.dat
04:40 bilby INFO    : Written checkpoint file hy_outdir/u_hype_39698_resume.pickle
04:40 bilby INFO    : Writing 133 current samples to hy_outdir/u_hype_39698_samples.dat
04:50 bilby INFO    : Written checkpoint file hy_outdir/u_hype_39698_resume.pickle
04:50 bilby INFO    : Writing 156 current samples to hy_outdir/u_hype_39698_samples.dat
05:01 bilby INFO    : Written checkpoint file hy_outdir/u_hype_39698_resume.pickle
05:01 bilby INFO    : Writing 156 current samples to hy_outdir/u_hype_39698_samples.dat
05:12 bilby INFO    : Written checkpoint file hy_outdir/u_hype_39698_resume.pickle
05:12 bilby INFO    : Writing 180 current samples to hy_outdir/u_hype_39698_samples.dat
05:22 bilby INFO    : Written checkpoint file hy_outdir/u_hype_39698_resume.pickle
05:22 bilby INFO    : Writing 201 current samples to hy_outdir/u_hype_39698_samples.dat
05:33 bilby INFO    : Written checkpoint file hy_outdir/u_hype_39698_resume.pickle
05:33 bilby INFO    : Writing 200 current samples to hy_outdir/u_hype_39698_samples.dat
05:43 bilby INFO    : Written checkpoint file hy_outdir/u_hype_39698_resume.pickle
05:43 bilby INFO    : Writing 224 current samples to hy_outdir/u_hype_39698_samples.dat
05:54 bilby INFO    : Written checkpoint file hy_outdir/u_hype_39698_resume.pickle
05:54 bilby INFO    : Writing 257 current samples to hy_outdir/u_hype_39698_samples.dat
06:04 bilby INFO    : Written checkpoint file hy_outdir/u_hype_39698_resume.pickle
06:04 bilby INFO    : Writing 273 current samples to hy_outdir/u_hype_39698_samples.dat
06:14 bilby INFO    : Written checkpoint file hy_outdir/u_hype_39698_resume.pickle
06:14 bilby INFO    : Writing 249 current samples to hy_outdir/u_hype_39698_samples.dat
06:25 bilby INFO    : Written checkpoint file hy_outdir/u_hype_39698_resume.pickle
06:25 bilby INFO    : Writing 365 current samples to hy_outdir/u_hype_39698_samples.dat
06:36 bilby INFO    : Written checkpoint file hy_outdir/u_hype_39698_resume.pickle
06:36 bilby INFO    : Writing 341 current samples to hy_outdir/u_hype_39698_samples.dat
06:46 bilby INFO    : Written checkpoint file hy_outdir/u_hype_39698_resume.pickle
06:46 bilby INFO    : Writing 390 current samples to hy_outdir/u_hype_39698_samples.dat
06:57 bilby INFO    : Written checkpoint file hy_outdir/u_hype_39698_resume.pickle
06:57 bilby INFO    : Writing 456 current samples to hy_outdir/u_hype_39698_samples.dat
07:08 bilby INFO    : Written checkpoint file hy_outdir/u_hype_39698_resume.pickle
07:08 bilby INFO    : Writing 497 current samples to hy_outdir/u_hype_39698_samples.dat
07:18 bilby INFO    : Written checkpoint file hy_outdir/u_hype_39698_resume.pickle
07:18 bilby INFO    : Writing 551 current samples to hy_outdir/u_hype_39698_samples.dat
07:28 bilby INFO    : Written checkpoint file hy_outdir/u_hype_39698_resume.pickle
07:28 bilby INFO    : Writing 639 current samples to hy_outdir/u_hype_39698_samples.dat
07:38 bilby INFO    : Written checkpoint file hy_outdir/u_hype_39698_resume.pickle
07:38 bilby INFO    : Writing 741 current samples to hy_outdir/u_hype_39698_samples.dat
07:49 bilby INFO    : Written checkpoint file hy_outdir/u_hype_39698_resume.pickle
07:49 bilby INFO    : Writing 758 current samples to hy_outdir/u_hype_39698_samples.dat
07:59 bilby INFO    : Written checkpoint file hy_outdir/u_hype_39698_resume.pickle
07:59 bilby INFO    : Writing 914 current samples to hy_outdir/u_hype_39698_samples.dat
08:09 bilby INFO    : Written checkpoint file hy_outdir/u_hype_39698_resume.pickle
08:09 bilby INFO    : Writing 983 current samples to hy_outdir/u_hype_39698_samples.dat
08:20 bilby INFO    : Written checkpoint file hy_outdir/u_hype_39698_resume.pickle
08:20 bilby INFO    : Writing 1087 current samples to hy_outdir/u_hype_39698_samples.dat
08:30 bilby INFO    : Written checkpoint file hy_outdir/u_hype_39698_resume.pickle
08:30 bilby INFO    : Writing 1229 current samples to hy_outdir/u_hype_39698_samples.dat
08:41 bilby INFO    : Written checkpoint file hy_outdir/u_hype_39698_resume.pickle
08:41 bilby INFO    : Writing 1280 current samples to hy_outdir/u_hype_39698_samples.dat
08:51 bilby INFO    : Written checkpoint file hy_outdir/u_hype_39698_resume.pickle
08:51 bilby INFO    : Writing 1324 current samples to hy_outdir/u_hype_39698_samples.dat
09:01 bilby INFO    : Written checkpoint file hy_outdir/u_hype_39698_resume.pickle
09:01 bilby INFO    : Writing 1341 current samples to hy_outdir/u_hype_39698_samples.dat
09:12 bilby INFO    : Written checkpoint file hy_outdir/u_hype_39698_resume.pickle
09:12 bilby INFO    : Writing 1329 current samples to hy_outdir/u_hype_39698_samples.dat
09:23 bilby INFO    : Written checkpoint file hy_outdir/u_hype_39698_resume.pickle
09:23 bilby INFO    : Writing 1328 current samples to hy_outdir/u_hype_39698_samples.dat
09:33 bilby INFO    : Written checkpoint file hy_outdir/u_hype_39698_resume.pickle
09:33 bilby INFO    : Writing 1304 current samples to hy_outdir/u_hype_39698_samples.dat
09:44 bilby INFO    : Written checkpoint file hy_outdir/u_hype_39698_resume.pickle
09:44 bilby INFO    : Writing 1324 current samples to hy_outdir/u_hype_39698_samples.dat
09:54 bilby INFO    : Written checkpoint file hy_outdir/u_hype_39698_resume.pickle
09:54 bilby INFO    : Writing 1255 current samples to hy_outdir/u_hype_39698_samples.dat
10:04 bilby INFO    : Written checkpoint file hy_outdir/u_hype_39698_resume.pickle
10:04 bilby INFO    : Writing 1343 current samples to hy_outdir/u_hype_39698_samples.dat
10:15 bilby INFO    : Written checkpoint file hy_outdir/u_hype_39698_resume.pickle
10:15 bilby INFO    : Writing 1338 current samples to hy_outdir/u_hype_39698_samples.dat
10:26 bilby INFO    : Written checkpoint file hy_outdir/u_hype_39698_resume.pickle
10:26 bilby INFO    : Writing 1354 current samples to hy_outdir/u_hype_39698_samples.dat
10:31 bilby INFO    : Written checkpoint file hy_outdir/u_hype_39698_resume.pickle
10:31 bilby INFO    : Writing 1341 current samples to hy_outdir/u_hype_39698_samples.dat
10:31 bilby INFO    : Starting to close worker pool.
10:31 bilby INFO    : Finished closing worker pool.
10:31 bilby INFO    : Sampling time: 12:01:15.191701
10:31 bilby INFO    : Summary of results:
nsamples: 4739
ln_noise_evidence:  0.000
ln_evidence: 59.157 +/-  0.187
ln_bayes_factor: 59.157 +/-  0.187

