18:36 bilby INFO    : Running for label 'u_hype_70456', output will be saved to 'hy_outdir'
18:36 bilby INFO    : Search parameters:
18:36 bilby INFO    :   mu1 = Uniform(minimum=0.9, maximum=2.9, name='mu1', latex_label='$\\mu_1$', unit=None, boundary=None)
18:36 bilby INFO    :   sigma1 = Uniform(minimum=0.01, maximum=2, name='sigma1', latex_label='$\\sigma_1$', unit=None, boundary=None)
18:36 bilby INFO    :   mu2 = Uniform(minimum=0.9, maximum=2.9, name='mu2', latex_label='$\\mu_2$', unit=None, boundary=None)
18:36 bilby INFO    :   sigma2 = Uniform(minimum=0.01, maximum=2, name='sigma2', latex_label='$\\sigma_2$', unit=None, boundary=None)
18:36 bilby INFO    :   alpha = Uniform(minimum=0.01, maximum=1, name='alpha', latex_label='$\\alpha$', unit=None, boundary=None)
18:36 bilby INFO    :   mup = Uniform(minimum=1.5, maximum=2.9, name='mup', latex_label='$\\rm{m^u}$', unit=None, boundary=None)
18:36 bilby INFO    : Single likelihood evaluation took 3.583e-01 s
18:36 bilby INFO    : Using sampler Dynesty with kwargs {'bound': 'multi', 'sample': 'rwalk', 'verbose': True, 'periodic': None, 'reflective': None, 'check_point_delta_t': 600, 'nlive': 400, 'first_update': None, 'walks': 100, 'npdim': None, 'rstate': None, 'queue_size': 5, 'pool': None, 'use_pool': None, 'live_points': None, 'logl_args': None, 'logl_kwargs': None, 'ptform_args': None, 'ptform_kwargs': None, 'enlarge': 1.5, 'bootstrap': None, 'vol_dec': 0.5, 'vol_check': 8.0, 'facc': 0.2, 'slices': 5, 'update_interval': 240, 'print_func': <bound method Dynesty._print_func of <bilby.core.sampler.dynesty.Dynesty object at 0x7f9a39ba2400>>, 'dlogz': 0.1, 'maxiter': None, 'maxcall': None, 'logl_max': inf, 'add_live': True, 'print_progress': True, 'save_bounds': False, 'n_effective': None, 'maxmcmc': 5000, 'nact': 5}
18:36 bilby INFO    : Checkpoint every check_point_delta_t = 600s
18:36 bilby INFO    : Using dynesty version 1.0.1
18:36 bilby INFO    : Using the bilby-implemented rwalk sample method with ACT estimated walks
18:36 bilby INFO    : Setting up multiproccesing pool with 5 processes.
18:37 bilby INFO    : Generating initial points from the prior
18:56 bilby INFO    : Written checkpoint file hy_outdir/u_hype_70456_resume.pickle
/home/yzq/miniconda3/envs/bilby/lib/python3.8/site-packages/dynesty/utils.py:171: DeprecationWarning: `np.int` is a deprecated alias for the builtin `int`. To silence this warning, use `int` by itself. Doing this will not modify any behavior and is safe. When replacing `np.int`, you may wish to use e.g. `np.int64` or `np.int32` to specify the precision. If you wish to review your current use, check the release note link for additional information.
Deprecated in NumPy 1.20; for more details and guidance: https://numpy.org/devdocs/release/1.20.0-notes.html#deprecations
  idx = np.zeros(nsamples, dtype=np.int)
/home/yzq/miniconda3/envs/bilby/lib/python3.8/site-packages/dynesty/utils.py:171: DeprecationWarning: `np.int` is a deprecated alias for the builtin `int`. To silence this warning, use `int` by itself. Doing this will not modify any behavior and is safe. When replacing `np.int`, you may wish to use e.g. `np.int64` or `np.int32` to specify the precision. If you wish to review your current use, check the release note link for additional information.
Deprecated in NumPy 1.20; for more details and guidance: https://numpy.org/devdocs/release/1.20.0-notes.html#deprecations
  idx = np.zeros(nsamples, dtype=np.int)
19:08 bilby INFO    : Written checkpoint file hy_outdir/u_hype_70456_resume.pickle
/home/yzq/miniconda3/envs/bilby/lib/python3.8/site-packages/dynesty/utils.py:171: DeprecationWarning: `np.int` is a deprecated alias for the builtin `int`. To silence this warning, use `int` by itself. Doing this will not modify any behavior and is safe. When replacing `np.int`, you may wish to use e.g. `np.int64` or `np.int32` to specify the precision. If you wish to review your current use, check the release note link for additional information.
Deprecated in NumPy 1.20; for more details and guidance: https://numpy.org/devdocs/release/1.20.0-notes.html#deprecations
  idx = np.zeros(nsamples, dtype=np.int)
/home/yzq/miniconda3/envs/bilby/lib/python3.8/site-packages/dynesty/utils.py:171: DeprecationWarning: `np.int` is a deprecated alias for the builtin `int`. To silence this warning, use `int` by itself. Doing this will not modify any behavior and is safe. When replacing `np.int`, you may wish to use e.g. `np.int64` or `np.int32` to specify the precision. If you wish to review your current use, check the release note link for additional information.
Deprecated in NumPy 1.20; for more details and guidance: https://numpy.org/devdocs/release/1.20.0-notes.html#deprecations
  idx = np.zeros(nsamples, dtype=np.int)
19:18 bilby INFO    : Written checkpoint file hy_outdir/u_hype_70456_resume.pickle
/home/yzq/miniconda3/envs/bilby/lib/python3.8/site-packages/dynesty/utils.py:171: DeprecationWarning: `np.int` is a deprecated alias for the builtin `int`. To silence this warning, use `int` by itself. Doing this will not modify any behavior and is safe. When replacing `np.int`, you may wish to use e.g. `np.int64` or `np.int32` to specify the precision. If you wish to review your current use, check the release note link for additional information.
Deprecated in NumPy 1.20; for more details and guidance: https://numpy.org/devdocs/release/1.20.0-notes.html#deprecations
  idx = np.zeros(nsamples, dtype=np.int)
/home/yzq/miniconda3/envs/bilby/lib/python3.8/site-packages/dynesty/utils.py:171: DeprecationWarning: `np.int` is a deprecated alias for the builtin `int`. To silence this warning, use `int` by itself. Doing this will not modify any behavior and is safe. When replacing `np.int`, you may wish to use e.g. `np.int64` or `np.int32` to specify the precision. If you wish to review your current use, check the release note link for additional information.
Deprecated in NumPy 1.20; for more details and guidance: https://numpy.org/devdocs/release/1.20.0-notes.html#deprecations
  idx = np.zeros(nsamples, dtype=np.int)
19:29 bilby INFO    : Written checkpoint file hy_outdir/u_hype_70456_resume.pickle
/home/yzq/miniconda3/envs/bilby/lib/python3.8/site-packages/dynesty/utils.py:171: DeprecationWarning: `np.int` is a deprecated alias for the builtin `int`. To silence this warning, use `int` by itself. Doing this will not modify any behavior and is safe. When replacing `np.int`, you may wish to use e.g. `np.int64` or `np.int32` to specify the precision. If you wish to review your current use, check the release note link for additional information.
Deprecated in NumPy 1.20; for more details and guidance: https://numpy.org/devdocs/release/1.20.0-notes.html#deprecations
  idx = np.zeros(nsamples, dtype=np.int)
/home/yzq/miniconda3/envs/bilby/lib/python3.8/site-packages/dynesty/utils.py:171: DeprecationWarning: `np.int` is a deprecated alias for the builtin `int`. To silence this warning, use `int` by itself. Doing this will not modify any behavior and is safe. When replacing `np.int`, you may wish to use e.g. `np.int64` or `np.int32` to specify the precision. If you wish to review your current use, check the release note link for additional information.
Deprecated in NumPy 1.20; for more details and guidance: https://numpy.org/devdocs/release/1.20.0-notes.html#deprecations
  idx = np.zeros(nsamples, dtype=np.int)
19:42 bilby INFO    : Written checkpoint file hy_outdir/u_hype_70456_resume.pickle
/home/yzq/miniconda3/envs/bilby/lib/python3.8/site-packages/dynesty/utils.py:171: DeprecationWarning: `np.int` is a deprecated alias for the builtin `int`. To silence this warning, use `int` by itself. Doing this will not modify any behavior and is safe. When replacing `np.int`, you may wish to use e.g. `np.int64` or `np.int32` to specify the precision. If you wish to review your current use, check the release note link for additional information.
Deprecated in NumPy 1.20; for more details and guidance: https://numpy.org/devdocs/release/1.20.0-notes.html#deprecations
  idx = np.zeros(nsamples, dtype=np.int)
/home/yzq/miniconda3/envs/bilby/lib/python3.8/site-packages/dynesty/utils.py:171: DeprecationWarning: `np.int` is a deprecated alias for the builtin `int`. To silence this warning, use `int` by itself. Doing this will not modify any behavior and is safe. When replacing `np.int`, you may wish to use e.g. `np.int64` or `np.int32` to specify the precision. If you wish to review your current use, check the release note link for additional information.
Deprecated in NumPy 1.20; for more details and guidance: https://numpy.org/devdocs/release/1.20.0-notes.html#deprecations
  idx = np.zeros(nsamples, dtype=np.int)
19:52 bilby INFO    : Written checkpoint file hy_outdir/u_hype_70456_resume.pickle
/home/yzq/miniconda3/envs/bilby/lib/python3.8/site-packages/dynesty/utils.py:171: DeprecationWarning: `np.int` is a deprecated alias for the builtin `int`. To silence this warning, use `int` by itself. Doing this will not modify any behavior and is safe. When replacing `np.int`, you may wish to use e.g. `np.int64` or `np.int32` to specify the precision. If you wish to review your current use, check the release note link for additional information.
Deprecated in NumPy 1.20; for more details and guidance: https://numpy.org/devdocs/release/1.20.0-notes.html#deprecations
  idx = np.zeros(nsamples, dtype=np.int)
/home/yzq/miniconda3/envs/bilby/lib/python3.8/site-packages/dynesty/utils.py:171: DeprecationWarning: `np.int` is a deprecated alias for the builtin `int`. To silence this warning, use `int` by itself. Doing this will not modify any behavior and is safe. When replacing `np.int`, you may wish to use e.g. `np.int64` or `np.int32` to specify the precision. If you wish to review your current use, check the release note link for additional information.
Deprecated in NumPy 1.20; for more details and guidance: https://numpy.org/devdocs/release/1.20.0-notes.html#deprecations
  idx = np.zeros(nsamples, dtype=np.int)
20:02 bilby INFO    : Written checkpoint file hy_outdir/u_hype_70456_resume.pickle
/home/yzq/miniconda3/envs/bilby/lib/python3.8/site-packages/dynesty/utils.py:171: DeprecationWarning: `np.int` is a deprecated alias for the builtin `int`. To silence this warning, use `int` by itself. Doing this will not modify any behavior and is safe. When replacing `np.int`, you may wish to use e.g. `np.int64` or `np.int32` to specify the precision. If you wish to review your current use, check the release note link for additional information.
Deprecated in NumPy 1.20; for more details and guidance: https://numpy.org/devdocs/release/1.20.0-notes.html#deprecations
  idx = np.zeros(nsamples, dtype=np.int)
/home/yzq/miniconda3/envs/bilby/lib/python3.8/site-packages/dynesty/utils.py:171: DeprecationWarning: `np.int` is a deprecated alias for the builtin `int`. To silence this warning, use `int` by itself. Doing this will not modify any behavior and is safe. When replacing `np.int`, you may wish to use e.g. `np.int64` or `np.int32` to specify the precision. If you wish to review your current use, check the release note link for additional information.
Deprecated in NumPy 1.20; for more details and guidance: https://numpy.org/devdocs/release/1.20.0-notes.html#deprecations
  idx = np.zeros(nsamples, dtype=np.int)
20:13 bilby INFO    : Written checkpoint file hy_outdir/u_hype_70456_resume.pickle
/home/yzq/miniconda3/envs/bilby/lib/python3.8/site-packages/dynesty/utils.py:171: DeprecationWarning: `np.int` is a deprecated alias for the builtin `int`. To silence this warning, use `int` by itself. Doing this will not modify any behavior and is safe. When replacing `np.int`, you may wish to use e.g. `np.int64` or `np.int32` to specify the precision. If you wish to review your current use, check the release note link for additional information.
Deprecated in NumPy 1.20; for more details and guidance: https://numpy.org/devdocs/release/1.20.0-notes.html#deprecations
  idx = np.zeros(nsamples, dtype=np.int)
/home/yzq/miniconda3/envs/bilby/lib/python3.8/site-packages/dynesty/utils.py:171: DeprecationWarning: `np.int` is a deprecated alias for the builtin `int`. To silence this warning, use `int` by itself. Doing this will not modify any behavior and is safe. When replacing `np.int`, you may wish to use e.g. `np.int64` or `np.int32` to specify the precision. If you wish to review your current use, check the release note link for additional information.
Deprecated in NumPy 1.20; for more details and guidance: https://numpy.org/devdocs/release/1.20.0-notes.html#deprecations
  idx = np.zeros(nsamples, dtype=np.int)
20:23 bilby INFO    : Written checkpoint file hy_outdir/u_hype_70456_resume.pickle
/home/yzq/miniconda3/envs/bilby/lib/python3.8/site-packages/dynesty/utils.py:171: DeprecationWarning: `np.int` is a deprecated alias for the builtin `int`. To silence this warning, use `int` by itself. Doing this will not modify any behavior and is safe. When replacing `np.int`, you may wish to use e.g. `np.int64` or `np.int32` to specify the precision. If you wish to review your current use, check the release note link for additional information.
Deprecated in NumPy 1.20; for more details and guidance: https://numpy.org/devdocs/release/1.20.0-notes.html#deprecations
  idx = np.zeros(nsamples, dtype=np.int)
/home/yzq/miniconda3/envs/bilby/lib/python3.8/site-packages/dynesty/utils.py:171: DeprecationWarning: `np.int` is a deprecated alias for the builtin `int`. To silence this warning, use `int` by itself. Doing this will not modify any behavior and is safe. When replacing `np.int`, you may wish to use e.g. `np.int64` or `np.int32` to specify the precision. If you wish to review your current use, check the release note link for additional information.
Deprecated in NumPy 1.20; for more details and guidance: https://numpy.org/devdocs/release/1.20.0-notes.html#deprecations
  idx = np.zeros(nsamples, dtype=np.int)
20:34 bilby INFO    : Written checkpoint file hy_outdir/u_hype_70456_resume.pickle
/home/yzq/miniconda3/envs/bilby/lib/python3.8/site-packages/dynesty/utils.py:171: DeprecationWarning: `np.int` is a deprecated alias for the builtin `int`. To silence this warning, use `int` by itself. Doing this will not modify any behavior and is safe. When replacing `np.int`, you may wish to use e.g. `np.int64` or `np.int32` to specify the precision. If you wish to review your current use, check the release note link for additional information.
Deprecated in NumPy 1.20; for more details and guidance: https://numpy.org/devdocs/release/1.20.0-notes.html#deprecations
  idx = np.zeros(nsamples, dtype=np.int)
/home/yzq/miniconda3/envs/bilby/lib/python3.8/site-packages/dynesty/utils.py:171: DeprecationWarning: `np.int` is a deprecated alias for the builtin `int`. To silence this warning, use `int` by itself. Doing this will not modify any behavior and is safe. When replacing `np.int`, you may wish to use e.g. `np.int64` or `np.int32` to specify the precision. If you wish to review your current use, check the release note link for additional information.
Deprecated in NumPy 1.20; for more details and guidance: https://numpy.org/devdocs/release/1.20.0-notes.html#deprecations
  idx = np.zeros(nsamples, dtype=np.int)
20:45 bilby INFO    : Written checkpoint file hy_outdir/u_hype_70456_resume.pickle
/home/yzq/miniconda3/envs/bilby/lib/python3.8/site-packages/dynesty/utils.py:171: DeprecationWarning: `np.int` is a deprecated alias for the builtin `int`. To silence this warning, use `int` by itself. Doing this will not modify any behavior and is safe. When replacing `np.int`, you may wish to use e.g. `np.int64` or `np.int32` to specify the precision. If you wish to review your current use, check the release note link for additional information.
Deprecated in NumPy 1.20; for more details and guidance: https://numpy.org/devdocs/release/1.20.0-notes.html#deprecations
  idx = np.zeros(nsamples, dtype=np.int)
/home/yzq/miniconda3/envs/bilby/lib/python3.8/site-packages/dynesty/utils.py:171: DeprecationWarning: `np.int` is a deprecated alias for the builtin `int`. To silence this warning, use `int` by itself. Doing this will not modify any behavior and is safe. When replacing `np.int`, you may wish to use e.g. `np.int64` or `np.int32` to specify the precision. If you wish to review your current use, check the release note link for additional information.
Deprecated in NumPy 1.20; for more details and guidance: https://numpy.org/devdocs/release/1.20.0-notes.html#deprecations
  idx = np.zeros(nsamples, dtype=np.int)
20:57 bilby INFO    : Written checkpoint file hy_outdir/u_hype_70456_resume.pickle
