22:29 bilby INFO    : Running for label 'u_hype_80423', output will be saved to 'hy_outdir'
22:29 bilby INFO    : Search parameters:
22:29 bilby INFO    :   mu = Uniform(minimum=0.9, maximum=2.9, name='s_mu', latex_label='$\\mu$', unit=None, boundary=None)
22:29 bilby INFO    :   sigma = Uniform(minimum=0.01, maximum=2, name='s_sigma', latex_label='$\\sigma$', unit=None, boundary=None)
22:29 bilby INFO    :   mlo = Uniform(minimum=0.9, maximum=1.5, name='mlow', latex_label='$mlow$', unit=None, boundary=None)
22:29 bilby INFO    :   mup = Uniform(minimum=1.5, maximum=2.9, name='mup', latex_label='$mup$', unit=None, boundary=None)
22:29 bilby INFO    : Single likelihood evaluation took 7.178e-03 s
22:29 bilby INFO    : Using sampler Dynesty with kwargs {'bound': 'multi', 'sample': 'rwalk', 'verbose': True, 'periodic': None, 'reflective': None, 'check_point_delta_t': 600, 'nlive': 400, 'first_update': None, 'walks': 100, 'npdim': None, 'rstate': None, 'queue_size': 4, 'pool': None, 'use_pool': None, 'live_points': None, 'logl_args': None, 'logl_kwargs': None, 'ptform_args': None, 'ptform_kwargs': None, 'enlarge': 1.5, 'bootstrap': None, 'vol_dec': 0.5, 'vol_check': 8.0, 'facc': 0.2, 'slices': 5, 'update_interval': 240, 'print_func': <bound method Dynesty._print_func of <bilby.core.sampler.dynesty.Dynesty object at 0x7f9267289e80>>, 'dlogz': 0.1, 'maxiter': None, 'maxcall': None, 'logl_max': inf, 'add_live': True, 'print_progress': True, 'save_bounds': False, 'n_effective': None, 'maxmcmc': 5000, 'nact': 5}
22:29 bilby INFO    : Checkpoint every check_point_delta_t = 600s
22:29 bilby INFO    : Using dynesty version 1.1
22:29 bilby INFO    : Using the bilby-implemented rwalk sample method with ACT estimated walks
22:29 bilby INFO    : Setting up multiproccesing pool with 4 processes.
22:29 bilby INFO    : Generating initial points from the prior
22:39 bilby INFO    : Written checkpoint file hy_outdir/u_hype_80423_resume.pickle
22:49 bilby INFO    : Written checkpoint file hy_outdir/u_hype_80423_resume.pickle
22:59 bilby INFO    : Written checkpoint file hy_outdir/u_hype_80423_resume.pickle
23:09 bilby INFO    : Written checkpoint file hy_outdir/u_hype_80423_resume.pickle
23:19 bilby INFO    : Written checkpoint file hy_outdir/u_hype_80423_resume.pickle
23:29 bilby INFO    : Written checkpoint file hy_outdir/u_hype_80423_resume.pickle
23:39 bilby INFO    : Written checkpoint file hy_outdir/u_hype_80423_resume.pickle
23:50 bilby INFO    : Written checkpoint file hy_outdir/u_hype_80423_resume.pickle
23:50 bilby INFO    : Writing 148 current samples to hy_outdir/u_hype_80423_samples.dat
00:00 bilby INFO    : Written checkpoint file hy_outdir/u_hype_80423_resume.pickle
00:00 bilby INFO    : Writing 263 current samples to hy_outdir/u_hype_80423_samples.dat
00:10 bilby INFO    : Written checkpoint file hy_outdir/u_hype_80423_resume.pickle
00:10 bilby INFO    : Writing 484 current samples to hy_outdir/u_hype_80423_samples.dat
00:20 bilby INFO    : Written checkpoint file hy_outdir/u_hype_80423_resume.pickle
00:20 bilby INFO    : Writing 919 current samples to hy_outdir/u_hype_80423_samples.dat
00:30 bilby INFO    : Written checkpoint file hy_outdir/u_hype_80423_resume.pickle
00:30 bilby INFO    : Writing 1417 current samples to hy_outdir/u_hype_80423_samples.dat
00:40 bilby INFO    : Written checkpoint file hy_outdir/u_hype_80423_resume.pickle
00:40 bilby INFO    : Writing 1424 current samples to hy_outdir/u_hype_80423_samples.dat
00:47 bilby INFO    : Written checkpoint file hy_outdir/u_hype_80423_resume.pickle
00:47 bilby INFO    : Writing 1433 current samples to hy_outdir/u_hype_80423_samples.dat
00:47 bilby INFO    : Starting to close worker pool.
00:47 bilby INFO    : Finished closing worker pool.
00:47 bilby INFO    : Sampling time: 2:18:37.799594
00:47 bilby INFO    : Summary of results:
nsamples: 4581
ln_noise_evidence:  0.000
ln_evidence: 58.093 +/-  0.180
ln_bayes_factor: 58.093 +/-  0.180

