21:25 bilby INFO    : Running for label 'u_hype_40199', output will be saved to 'hy_outdir'
21:25 bilby INFO    : Search parameters:
21:25 bilby INFO    :   alpha = Uniform(minimum=-5, maximum=25, name='alpha', latex_label='$\\alpha$', unit=None, boundary=None)
21:25 bilby INFO    :   mmin = Uniform(minimum=0.9, maximum=1.5, name='mmin', latex_label='$mmin$', unit=None, boundary=None)
21:25 bilby INFO    :   mmax = Uniform(minimum=1.5, maximum=2.9, name='mmax', latex_label='$mmax$', unit=None, boundary=None)
21:25 bilby INFO    :   delta_m = Uniform(minimum=0.01, maximum=1, name='delta', latex_label='$\\delta$', unit=None, boundary=None)
21:25 bilby INFO    : Single likelihood evaluation took 1.920e-02 s
21:25 bilby INFO    : Using sampler Dynesty with kwargs {'bound': 'multi', 'sample': 'rwalk', 'verbose': True, 'periodic': None, 'reflective': None, 'check_point_delta_t': 600, 'nlive': 400, 'first_update': None, 'walks': 100, 'npdim': None, 'rstate': None, 'queue_size': 80, 'pool': None, 'use_pool': None, 'live_points': None, 'logl_args': None, 'logl_kwargs': None, 'ptform_args': None, 'ptform_kwargs': None, 'enlarge': 1.5, 'bootstrap': None, 'vol_dec': 0.5, 'vol_check': 8.0, 'facc': 0.2, 'slices': 5, 'update_interval': 240, 'print_func': <bound method Dynesty._print_func of <bilby.core.sampler.dynesty.Dynesty object at 0x7f522d3af2b0>>, 'dlogz': 0.1, 'maxiter': None, 'maxcall': None, 'logl_max': inf, 'add_live': True, 'print_progress': True, 'save_bounds': False, 'n_effective': None, 'maxmcmc': 5000, 'nact': 5}
21:25 bilby INFO    : Checkpoint every check_point_delta_t = 600s
21:25 bilby INFO    : Using dynesty version 1.0.1
21:25 bilby INFO    : Using the bilby-implemented rwalk sample method with ACT estimated walks
21:25 bilby INFO    : Setting up multiproccesing pool with 80 processes.
21:25 bilby INFO    : Generating initial points from the prior
21:36 bilby INFO    : Written checkpoint file hy_outdir/u_hype_40199_resume.pickle
21:47 bilby INFO    : Written checkpoint file hy_outdir/u_hype_40199_resume.pickle
21:47 bilby INFO    : Writing 432 current samples to hy_outdir/u_hype_40199_samples.dat
21:57 bilby INFO    : Written checkpoint file hy_outdir/u_hype_40199_resume.pickle
21:57 bilby INFO    : Writing 1603 current samples to hy_outdir/u_hype_40199_samples.dat
21:58 bilby INFO    : Written checkpoint file hy_outdir/u_hype_40199_resume.pickle
21:58 bilby INFO    : Writing 1551 current samples to hy_outdir/u_hype_40199_samples.dat
21:58 bilby INFO    : Starting to close worker pool.
21:58 bilby INFO    : Finished closing worker pool.
21:58 bilby WARNING : Multiple likelihood matches found between sorted and unsorted samples. Taking the first match.
21:58 bilby WARNING : Multiple likelihood matches found between sorted and unsorted samples. Taking the first match.
21:58 bilby WARNING : Multiple likelihood matches found between sorted and unsorted samples. Taking the first match.
21:58 bilby WARNING : Multiple likelihood matches found between sorted and unsorted samples. Taking the first match.
21:58 bilby WARNING : Multiple likelihood matches found between sorted and unsorted samples. Taking the first match.
21:58 bilby WARNING : Multiple likelihood matches found between sorted and unsorted samples. Taking the first match.
21:58 bilby WARNING : Multiple likelihood matches found between sorted and unsorted samples. Taking the first match.
21:58 bilby WARNING : Multiple likelihood matches found between sorted and unsorted samples. Taking the first match.
21:58 bilby WARNING : Multiple likelihood matches found between sorted and unsorted samples. Taking the first match.
21:58 bilby WARNING : Multiple likelihood matches found between sorted and unsorted samples. Taking the first match.
21:58 bilby WARNING : Multiple likelihood matches found between sorted and unsorted samples. Taking the first match.
21:58 bilby WARNING : Multiple likelihood matches found between sorted and unsorted samples. Taking the first match.
21:58 bilby WARNING : Multiple likelihood matches found between sorted and unsorted samples. Taking the first match.
21:58 bilby WARNING : Multiple likelihood matches found between sorted and unsorted samples. Taking the first match.
21:58 bilby WARNING : Multiple likelihood matches found between sorted and unsorted samples. Taking the first match.
21:58 bilby WARNING : Multiple likelihood matches found between sorted and unsorted samples. Taking the first match.
21:58 bilby WARNING : Multiple likelihood matches found between sorted and unsorted samples. Taking the first match.
21:58 bilby WARNING : Multiple likelihood matches found between sorted and unsorted samples. Taking the first match.
21:58 bilby WARNING : Multiple likelihood matches found between sorted and unsorted samples. Taking the first match.
21:58 bilby WARNING : Multiple likelihood matches found between sorted and unsorted samples. Taking the first match.
21:58 bilby WARNING : Multiple likelihood matches found between sorted and unsorted samples. Taking the first match.
21:58 bilby WARNING : Multiple likelihood matches found between sorted and unsorted samples. Taking the first match.
21:58 bilby WARNING : Multiple likelihood matches found between sorted and unsorted samples. Taking the first match.
21:58 bilby WARNING : Multiple likelihood matches found between sorted and unsorted samples. Taking the first match.
21:58 bilby WARNING : Multiple likelihood matches found between sorted and unsorted samples. Taking the first match.
21:58 bilby WARNING : Multiple likelihood matches found between sorted and unsorted samples. Taking the first match.
21:58 bilby WARNING : Multiple likelihood matches found between sorted and unsorted samples. Taking the first match.
21:58 bilby WARNING : Multiple likelihood matches found between sorted and unsorted samples. Taking the first match.
21:58 bilby WARNING : Multiple likelihood matches found between sorted and unsorted samples. Taking the first match.
21:58 bilby WARNING : Multiple likelihood matches found between sorted and unsorted samples. Taking the first match.
21:58 bilby WARNING : Multiple likelihood matches found between sorted and unsorted samples. Taking the first match.
21:58 bilby WARNING : Multiple likelihood matches found between sorted and unsorted samples. Taking the first match.
21:58 bilby WARNING : Multiple likelihood matches found between sorted and unsorted samples. Taking the first match.
21:58 bilby WARNING : Multiple likelihood matches found between sorted and unsorted samples. Taking the first match.
21:58 bilby WARNING : Multiple likelihood matches found between sorted and unsorted samples. Taking the first match.
21:58 bilby WARNING : Multiple likelihood matches found between sorted and unsorted samples. Taking the first match.
21:58 bilby WARNING : Multiple likelihood matches found between sorted and unsorted samples. Taking the first match.
21:58 bilby WARNING : Multiple likelihood matches found between sorted and unsorted samples. Taking the first match.
21:58 bilby WARNING : Multiple likelihood matches found between sorted and unsorted samples. Taking the first match.
21:58 bilby WARNING : Multiple likelihood matches found between sorted and unsorted samples. Taking the first match.
21:58 bilby WARNING : Multiple likelihood matches found between sorted and unsorted samples. Taking the first match.
21:58 bilby WARNING : Multiple likelihood matches found between sorted and unsorted samples. Taking the first match.
21:58 bilby WARNING : Multiple likelihood matches found between sorted and unsorted samples. Taking the first match.
21:58 bilby WARNING : Multiple likelihood matches found between sorted and unsorted samples. Taking the first match.
21:58 bilby WARNING : Multiple likelihood matches found between sorted and unsorted samples. Taking the first match.
21:58 bilby WARNING : Multiple likelihood matches found between sorted and unsorted samples. Taking the first match.
21:58 bilby WARNING : Multiple likelihood matches found between sorted and unsorted samples. Taking the first match.
21:58 bilby WARNING : Multiple likelihood matches found between sorted and unsorted samples. Taking the first match.
21:58 bilby WARNING : Multiple likelihood matches found between sorted and unsorted samples. Taking the first match.
21:58 bilby WARNING : Multiple likelihood matches found between sorted and unsorted samples. Taking the first match.
21:58 bilby WARNING : Multiple likelihood matches found between sorted and unsorted samples. Taking the first match.
21:58 bilby WARNING : Multiple likelihood matches found between sorted and unsorted samples. Taking the first match.
21:58 bilby WARNING : Multiple likelihood matches found between sorted and unsorted samples. Taking the first match.
21:58 bilby WARNING : Multiple likelihood matches found between sorted and unsorted samples. Taking the first match.
21:58 bilby WARNING : Multiple likelihood matches found between sorted and unsorted samples. Taking the first match.
21:58 bilby WARNING : Multiple likelihood matches found between sorted and unsorted samples. Taking the first match.
21:58 bilby WARNING : Multiple likelihood matches found between sorted and unsorted samples. Taking the first match.
21:58 bilby WARNING : Multiple likelihood matches found between sorted and unsorted samples. Taking the first match.
21:58 bilby WARNING : Multiple likelihood matches found between sorted and unsorted samples. Taking the first match.
21:58 bilby WARNING : Multiple likelihood matches found between sorted and unsorted samples. Taking the first match.
21:58 bilby WARNING : Multiple likelihood matches found between sorted and unsorted samples. Taking the first match.
21:58 bilby WARNING : Multiple likelihood matches found between sorted and unsorted samples. Taking the first match.
21:58 bilby WARNING : Multiple likelihood matches found between sorted and unsorted samples. Taking the first match.
21:58 bilby WARNING : Multiple likelihood matches found between sorted and unsorted samples. Taking the first match.
21:58 bilby WARNING : Multiple likelihood matches found between sorted and unsorted samples. Taking the first match.
21:58 bilby WARNING : Multiple likelihood matches found between sorted and unsorted samples. Taking the first match.
21:58 bilby WARNING : Multiple likelihood matches found between sorted and unsorted samples. Taking the first match.
21:58 bilby WARNING : Multiple likelihood matches found between sorted and unsorted samples. Taking the first match.
21:58 bilby WARNING : Multiple likelihood matches found between sorted and unsorted samples. Taking the first match.
21:58 bilby WARNING : Multiple likelihood matches found between sorted and unsorted samples. Taking the first match.
21:58 bilby WARNING : Multiple likelihood matches found between sorted and unsorted samples. Taking the first match.
21:58 bilby WARNING : Multiple likelihood matches found between sorted and unsorted samples. Taking the first match.
21:58 bilby WARNING : Multiple likelihood matches found between sorted and unsorted samples. Taking the first match.
21:58 bilby WARNING : Multiple likelihood matches found between sorted and unsorted samples. Taking the first match.
21:58 bilby WARNING : Multiple likelihood matches found between sorted and unsorted samples. Taking the first match.
21:58 bilby WARNING : Multiple likelihood matches found between sorted and unsorted samples. Taking the first match.
21:58 bilby WARNING : Multiple likelihood matches found between sorted and unsorted samples. Taking the first match.
21:58 bilby WARNING : Multiple likelihood matches found between sorted and unsorted samples. Taking the first match.
21:58 bilby WARNING : Multiple likelihood matches found between sorted and unsorted samples. Taking the first match.
21:58 bilby WARNING : Multiple likelihood matches found between sorted and unsorted samples. Taking the first match.
21:58 bilby WARNING : Multiple likelihood matches found between sorted and unsorted samples. Taking the first match.
21:58 bilby WARNING : Multiple likelihood matches found between sorted and unsorted samples. Taking the first match.
21:58 bilby WARNING : Multiple likelihood matches found between sorted and unsorted samples. Taking the first match.
21:58 bilby WARNING : Multiple likelihood matches found between sorted and unsorted samples. Taking the first match.
21:58 bilby WARNING : Multiple likelihood matches found between sorted and unsorted samples. Taking the first match.
21:58 bilby WARNING : Multiple likelihood matches found between sorted and unsorted samples. Taking the first match.
21:58 bilby WARNING : Multiple likelihood matches found between sorted and unsorted samples. Taking the first match.
21:58 bilby WARNING : Multiple likelihood matches found between sorted and unsorted samples. Taking the first match.
21:58 bilby WARNING : Multiple likelihood matches found between sorted and unsorted samples. Taking the first match.
21:58 bilby WARNING : Multiple likelihood matches found between sorted and unsorted samples. Taking the first match.
21:58 bilby WARNING : Multiple likelihood matches found between sorted and unsorted samples. Taking the first match.
21:58 bilby WARNING : Multiple likelihood matches found between sorted and unsorted samples. Taking the first match.
21:58 bilby WARNING : Multiple likelihood matches found between sorted and unsorted samples. Taking the first match.
21:58 bilby WARNING : Multiple likelihood matches found between sorted and unsorted samples. Taking the first match.
21:58 bilby WARNING : Multiple likelihood matches found between sorted and unsorted samples. Taking the first match.
21:58 bilby WARNING : Multiple likelihood matches found between sorted and unsorted samples. Taking the first match.
21:58 bilby WARNING : Multiple likelihood matches found between sorted and unsorted samples. Taking the first match.
21:58 bilby WARNING : Multiple likelihood matches found between sorted and unsorted samples. Taking the first match.
21:58 bilby WARNING : Multiple likelihood matches found between sorted and unsorted samples. Taking the first match.
21:58 bilby WARNING : Multiple likelihood matches found between sorted and unsorted samples. Taking the first match.
21:58 bilby WARNING : Multiple likelihood matches found between sorted and unsorted samples. Taking the first match.
21:58 bilby WARNING : Multiple likelihood matches found between sorted and unsorted samples. Taking the first match.
21:58 bilby WARNING : Multiple likelihood matches found between sorted and unsorted samples. Taking the first match.
21:58 bilby WARNING : Multiple likelihood matches found between sorted and unsorted samples. Taking the first match.
21:58 bilby WARNING : Multiple likelihood matches found between sorted and unsorted samples. Taking the first match.
21:58 bilby INFO    : Sampling time: 0:31:49.622445
21:58 bilby INFO    : Summary of results:
nsamples: 4020
ln_noise_evidence:  0.000
ln_evidence: 58.719 +/-  0.158
ln_bayes_factor: 58.719 +/-  0.158

/home/yzq/miniconda3/envs/bilby/lib/python3.8/site-packages/bilby/core/result.py:1170: DeprecationWarning: distutils Version classes are deprecated. Use packaging.version instead.
  if LooseVersion(matplotlib.__version__) < "2.1":
/home/yzq/miniconda3/envs/bilby/lib/python3.8/site-packages/setuptools/_distutils/version.py:346: DeprecationWarning: distutils Version classes are deprecated. Use packaging.version instead.
  other = LooseVersion(other)
