03:32 bilby INFO    : Running for label 'u_hype_12685', output will be saved to 'hy_outdir'
03:32 bilby INFO    : Search parameters:
03:32 bilby INFO    :   alpha = Uniform(minimum=-5, maximum=25, name='alpha', latex_label='$\\alpha$', unit=None, boundary=None)
03:32 bilby INFO    :   mmin = Uniform(minimum=0.9, maximum=1.5, name='mmin', latex_label='$mmin$', unit=None, boundary=None)
03:32 bilby INFO    :   mmax = Uniform(minimum=1.5, maximum=2.9, name='mmax', latex_label='$mmax$', unit=None, boundary=None)
03:32 bilby INFO    :   delta_m = Uniform(minimum=0.01, maximum=1, name='delta', latex_label='$\\delta$', unit=None, boundary=None)
03:32 bilby INFO    : Single likelihood evaluation took 5.057e-02 s
03:32 bilby INFO    : Using sampler Dynesty with kwargs {'bound': 'multi', 'sample': 'rwalk', 'verbose': True, 'periodic': None, 'reflective': None, 'check_point_delta_t': 600, 'nlive': 400, 'first_update': None, 'walks': 100, 'npdim': None, 'rstate': None, 'queue_size': 5, 'pool': None, 'use_pool': None, 'live_points': None, 'logl_args': None, 'logl_kwargs': None, 'ptform_args': None, 'ptform_kwargs': None, 'enlarge': 1.5, 'bootstrap': None, 'vol_dec': 0.5, 'vol_check': 8.0, 'facc': 0.2, 'slices': 5, 'update_interval': 240, 'print_func': <bound method Dynesty._print_func of <bilby.core.sampler.dynesty.Dynesty object at 0x7f9bb7e7c0b8>>, 'dlogz': 0.1, 'maxiter': None, 'maxcall': None, 'logl_max': inf, 'add_live': True, 'print_progress': True, 'save_bounds': False, 'n_effective': None, 'maxmcmc': 5000, 'nact': 5}
03:32 bilby INFO    : Checkpoint every check_point_delta_t = 600s
03:32 bilby INFO    : Using dynesty version 1.1
03:32 bilby INFO    : Using the bilby-implemented rwalk sample method with ACT estimated walks
03:32 bilby INFO    : Setting up multiproccesing pool with 5 processes.
03:32 bilby INFO    : Generating initial points from the prior
03:43 bilby INFO    : Written checkpoint file hy_outdir/u_hype_12685_resume.pickle
03:54 bilby INFO    : Written checkpoint file hy_outdir/u_hype_12685_resume.pickle
04:04 bilby INFO    : Written checkpoint file hy_outdir/u_hype_12685_resume.pickle
04:14 bilby INFO    : Written checkpoint file hy_outdir/u_hype_12685_resume.pickle
04:24 bilby INFO    : Written checkpoint file hy_outdir/u_hype_12685_resume.pickle
04:35 bilby INFO    : Written checkpoint file hy_outdir/u_hype_12685_resume.pickle
04:45 bilby INFO    : Written checkpoint file hy_outdir/u_hype_12685_resume.pickle
04:55 bilby INFO    : Written checkpoint file hy_outdir/u_hype_12685_resume.pickle
05:05 bilby INFO    : Written checkpoint file hy_outdir/u_hype_12685_resume.pickle
05:16 bilby INFO    : Written checkpoint file hy_outdir/u_hype_12685_resume.pickle
05:16 bilby INFO    : Writing 122 current samples to hy_outdir/u_hype_12685_samples.dat
05:26 bilby INFO    : Written checkpoint file hy_outdir/u_hype_12685_resume.pickle
05:26 bilby INFO    : Writing 148 current samples to hy_outdir/u_hype_12685_samples.dat
05:36 bilby INFO    : Written checkpoint file hy_outdir/u_hype_12685_resume.pickle
05:36 bilby INFO    : Writing 189 current samples to hy_outdir/u_hype_12685_samples.dat
05:46 bilby INFO    : Written checkpoint file hy_outdir/u_hype_12685_resume.pickle
05:46 bilby INFO    : Writing 233 current samples to hy_outdir/u_hype_12685_samples.dat
05:57 bilby INFO    : Written checkpoint file hy_outdir/u_hype_12685_resume.pickle
05:57 bilby INFO    : Writing 294 current samples to hy_outdir/u_hype_12685_samples.dat
06:07 bilby INFO    : Written checkpoint file hy_outdir/u_hype_12685_resume.pickle
06:07 bilby INFO    : Writing 387 current samples to hy_outdir/u_hype_12685_samples.dat
06:17 bilby INFO    : Written checkpoint file hy_outdir/u_hype_12685_resume.pickle
06:17 bilby INFO    : Writing 437 current samples to hy_outdir/u_hype_12685_samples.dat
06:27 bilby INFO    : Written checkpoint file hy_outdir/u_hype_12685_resume.pickle
06:27 bilby INFO    : Writing 559 current samples to hy_outdir/u_hype_12685_samples.dat
06:37 bilby INFO    : Written checkpoint file hy_outdir/u_hype_12685_resume.pickle
06:37 bilby INFO    : Writing 752 current samples to hy_outdir/u_hype_12685_samples.dat
06:48 bilby INFO    : Written checkpoint file hy_outdir/u_hype_12685_resume.pickle
06:48 bilby INFO    : Writing 956 current samples to hy_outdir/u_hype_12685_samples.dat
06:58 bilby INFO    : Written checkpoint file hy_outdir/u_hype_12685_resume.pickle
06:58 bilby INFO    : Writing 1259 current samples to hy_outdir/u_hype_12685_samples.dat
07:08 bilby INFO    : Written checkpoint file hy_outdir/u_hype_12685_resume.pickle
07:08 bilby INFO    : Writing 1496 current samples to hy_outdir/u_hype_12685_samples.dat
07:19 bilby INFO    : Written checkpoint file hy_outdir/u_hype_12685_resume.pickle
07:19 bilby INFO    : Writing 1478 current samples to hy_outdir/u_hype_12685_samples.dat
07:29 bilby INFO    : Written checkpoint file hy_outdir/u_hype_12685_resume.pickle
07:29 bilby INFO    : Writing 1478 current samples to hy_outdir/u_hype_12685_samples.dat
07:40 bilby INFO    : Written checkpoint file hy_outdir/u_hype_12685_resume.pickle
07:40 bilby INFO    : Writing 1455 current samples to hy_outdir/u_hype_12685_samples.dat
07:46 bilby INFO    : Written checkpoint file hy_outdir/u_hype_12685_resume.pickle
07:46 bilby INFO    : Writing 1477 current samples to hy_outdir/u_hype_12685_samples.dat
07:46 bilby INFO    : Starting to close worker pool.
07:46 bilby INFO    : Finished closing worker pool.
07:46 bilby INFO    : Sampling time: 4:12:36.092585
07:46 bilby INFO    : Summary of results:
nsamples: 4038
ln_noise_evidence:  0.000
ln_evidence: 62.326 +/-  0.159
ln_bayes_factor: 62.326 +/-  0.159

