22:17 bilby INFO    : Running for label 'u_hype_68775', output will be saved to 'hy_outdir'
22:17 bilby INFO    : Search parameters:
22:17 bilby INFO    :   mu1 = Uniform(minimum=0.9, maximum=2.9, name='mu1', latex_label='$\\mu_1$', unit=None, boundary=None)
22:17 bilby INFO    :   sigma1 = Uniform(minimum=0.01, maximum=2, name='sigma1', latex_label='$\\sigma_1$', unit=None, boundary=None)
22:17 bilby INFO    :   mu2 = Uniform(minimum=0.9, maximum=2.9, name='mu2', latex_label='$\\mu_2$', unit=None, boundary=None)
22:17 bilby INFO    :   sigma2 = Uniform(minimum=0.01, maximum=2, name='sigma2', latex_label='$\\sigma_2$', unit=None, boundary=None)
22:17 bilby INFO    :   alpha = Uniform(minimum=0.01, maximum=1, name='alpha', latex_label='$\\alpha$', unit=None, boundary=None)
22:17 bilby INFO    :   mup = Uniform(minimum=1.5, maximum=2.9, name='mup', latex_label='$\\rm{m^u}$', unit=None, boundary=None)
22:17 bilby INFO    : Single likelihood evaluation took 2.562e-02 s
22:17 bilby INFO    : Using sampler Dynesty with kwargs {'bound': 'multi', 'sample': 'rwalk', 'verbose': True, 'periodic': None, 'reflective': None, 'check_point_delta_t': 600, 'nlive': 400, 'first_update': None, 'walks': 100, 'npdim': None, 'rstate': None, 'queue_size': 4, 'pool': None, 'use_pool': None, 'live_points': None, 'logl_args': None, 'logl_kwargs': None, 'ptform_args': None, 'ptform_kwargs': None, 'enlarge': 1.5, 'bootstrap': None, 'vol_dec': 0.5, 'vol_check': 8.0, 'facc': 0.2, 'slices': 5, 'update_interval': 240, 'print_func': <bound method Dynesty._print_func of <bilby.core.sampler.dynesty.Dynesty object at 0x7f0a56fde048>>, 'dlogz': 0.1, 'maxiter': None, 'maxcall': None, 'logl_max': inf, 'add_live': True, 'print_progress': True, 'save_bounds': False, 'n_effective': None, 'maxmcmc': 5000, 'nact': 5}
22:17 bilby INFO    : Checkpoint every check_point_delta_t = 600s
22:17 bilby INFO    : Using dynesty version 1.1
22:17 bilby INFO    : Using the bilby-implemented rwalk sample method with ACT estimated walks
22:17 bilby INFO    : Setting up multiproccesing pool with 4 processes.
22:17 bilby INFO    : Generating initial points from the prior
22:28 bilby INFO    : Written checkpoint file hy_outdir/u_hype_68775_resume.pickle
22:38 bilby INFO    : Written checkpoint file hy_outdir/u_hype_68775_resume.pickle
22:48 bilby INFO    : Written checkpoint file hy_outdir/u_hype_68775_resume.pickle
22:58 bilby INFO    : Written checkpoint file hy_outdir/u_hype_68775_resume.pickle
23:08 bilby INFO    : Written checkpoint file hy_outdir/u_hype_68775_resume.pickle
23:18 bilby INFO    : Written checkpoint file hy_outdir/u_hype_68775_resume.pickle
23:29 bilby INFO    : Written checkpoint file hy_outdir/u_hype_68775_resume.pickle
23:39 bilby INFO    : Written checkpoint file hy_outdir/u_hype_68775_resume.pickle
23:49 bilby INFO    : Written checkpoint file hy_outdir/u_hype_68775_resume.pickle
23:59 bilby INFO    : Written checkpoint file hy_outdir/u_hype_68775_resume.pickle
00:09 bilby INFO    : Written checkpoint file hy_outdir/u_hype_68775_resume.pickle
00:20 bilby INFO    : Written checkpoint file hy_outdir/u_hype_68775_resume.pickle
00:30 bilby INFO    : Written checkpoint file hy_outdir/u_hype_68775_resume.pickle
00:40 bilby INFO    : Written checkpoint file hy_outdir/u_hype_68775_resume.pickle
00:50 bilby INFO    : Written checkpoint file hy_outdir/u_hype_68775_resume.pickle
01:00 bilby INFO    : Written checkpoint file hy_outdir/u_hype_68775_resume.pickle
01:11 bilby INFO    : Written checkpoint file hy_outdir/u_hype_68775_resume.pickle
01:21 bilby INFO    : Written checkpoint file hy_outdir/u_hype_68775_resume.pickle
01:31 bilby INFO    : Written checkpoint file hy_outdir/u_hype_68775_resume.pickle
01:42 bilby INFO    : Written checkpoint file hy_outdir/u_hype_68775_resume.pickle
01:52 bilby INFO    : Written checkpoint file hy_outdir/u_hype_68775_resume.pickle
02:02 bilby INFO    : Written checkpoint file hy_outdir/u_hype_68775_resume.pickle
02:12 bilby INFO    : Written checkpoint file hy_outdir/u_hype_68775_resume.pickle
02:23 bilby INFO    : Written checkpoint file hy_outdir/u_hype_68775_resume.pickle
02:33 bilby INFO    : Written checkpoint file hy_outdir/u_hype_68775_resume.pickle
02:43 bilby INFO    : Written checkpoint file hy_outdir/u_hype_68775_resume.pickle
02:54 bilby INFO    : Written checkpoint file hy_outdir/u_hype_68775_resume.pickle
03:04 bilby INFO    : Written checkpoint file hy_outdir/u_hype_68775_resume.pickle
03:14 bilby INFO    : Written checkpoint file hy_outdir/u_hype_68775_resume.pickle
03:24 bilby INFO    : Written checkpoint file hy_outdir/u_hype_68775_resume.pickle
03:34 bilby INFO    : Written checkpoint file hy_outdir/u_hype_68775_resume.pickle
03:44 bilby INFO    : Written checkpoint file hy_outdir/u_hype_68775_resume.pickle
03:55 bilby INFO    : Written checkpoint file hy_outdir/u_hype_68775_resume.pickle
03:55 bilby INFO    : Writing 108 current samples to hy_outdir/u_hype_68775_samples.dat
04:05 bilby INFO    : Written checkpoint file hy_outdir/u_hype_68775_resume.pickle
04:05 bilby INFO    : Writing 138 current samples to hy_outdir/u_hype_68775_samples.dat
04:15 bilby INFO    : Written checkpoint file hy_outdir/u_hype_68775_resume.pickle
04:15 bilby INFO    : Writing 176 current samples to hy_outdir/u_hype_68775_samples.dat
04:25 bilby INFO    : Written checkpoint file hy_outdir/u_hype_68775_resume.pickle
04:25 bilby INFO    : Writing 254 current samples to hy_outdir/u_hype_68775_samples.dat
04:35 bilby INFO    : Written checkpoint file hy_outdir/u_hype_68775_resume.pickle
04:35 bilby INFO    : Writing 290 current samples to hy_outdir/u_hype_68775_samples.dat
04:46 bilby INFO    : Written checkpoint file hy_outdir/u_hype_68775_resume.pickle
04:46 bilby INFO    : Writing 364 current samples to hy_outdir/u_hype_68775_samples.dat
04:56 bilby INFO    : Written checkpoint file hy_outdir/u_hype_68775_resume.pickle
04:56 bilby INFO    : Writing 438 current samples to hy_outdir/u_hype_68775_samples.dat
05:06 bilby INFO    : Written checkpoint file hy_outdir/u_hype_68775_resume.pickle
05:06 bilby INFO    : Writing 543 current samples to hy_outdir/u_hype_68775_samples.dat
05:16 bilby INFO    : Written checkpoint file hy_outdir/u_hype_68775_resume.pickle
05:16 bilby INFO    : Writing 686 current samples to hy_outdir/u_hype_68775_samples.dat
05:26 bilby INFO    : Written checkpoint file hy_outdir/u_hype_68775_resume.pickle
05:26 bilby INFO    : Writing 927 current samples to hy_outdir/u_hype_68775_samples.dat
05:36 bilby INFO    : Written checkpoint file hy_outdir/u_hype_68775_resume.pickle
05:36 bilby INFO    : Writing 1128 current samples to hy_outdir/u_hype_68775_samples.dat
05:47 bilby INFO    : Written checkpoint file hy_outdir/u_hype_68775_resume.pickle
05:47 bilby INFO    : Writing 1407 current samples to hy_outdir/u_hype_68775_samples.dat
05:57 bilby INFO    : Written checkpoint file hy_outdir/u_hype_68775_resume.pickle
05:57 bilby INFO    : Writing 1735 current samples to hy_outdir/u_hype_68775_samples.dat
06:07 bilby INFO    : Written checkpoint file hy_outdir/u_hype_68775_resume.pickle
06:07 bilby INFO    : Writing 2126 current samples to hy_outdir/u_hype_68775_samples.dat
06:17 bilby INFO    : Written checkpoint file hy_outdir/u_hype_68775_resume.pickle
06:17 bilby INFO    : Writing 2092 current samples to hy_outdir/u_hype_68775_samples.dat
06:28 bilby INFO    : Written checkpoint file hy_outdir/u_hype_68775_resume.pickle
06:28 bilby INFO    : Writing 2115 current samples to hy_outdir/u_hype_68775_samples.dat
06:31 bilby INFO    : Written checkpoint file hy_outdir/u_hype_68775_resume.pickle
06:31 bilby INFO    : Writing 2085 current samples to hy_outdir/u_hype_68775_samples.dat
06:31 bilby INFO    : Starting to close worker pool.
06:31 bilby INFO    : Finished closing worker pool.
06:31 bilby INFO    : Sampling time: 8:12:59.652399
06:31 bilby INFO    : Summary of results:
nsamples: 6567
ln_noise_evidence:  0.000
ln_evidence: 52.602 +/-  0.230
ln_bayes_factor: 52.602 +/-  0.230

