22:50 bilby INFO    : Running for label 'u_hype_11558', output will be saved to 'hy_outdir'
22:50 bilby INFO    : Search parameters:
22:50 bilby INFO    :   mu1 = Uniform(minimum=0.9, maximum=2.9, name='mu1', latex_label='$\\mu_1$', unit=None, boundary=None)
22:50 bilby INFO    :   sigma1 = Uniform(minimum=0.01, maximum=2, name='sigma1', latex_label='$\\sigma_1$', unit=None, boundary=None)
22:50 bilby INFO    :   mu2 = Uniform(minimum=0.9, maximum=2.9, name='mu2', latex_label='$\\mu_2$', unit=None, boundary=None)
22:50 bilby INFO    :   sigma2 = Uniform(minimum=0.01, maximum=2, name='sigma2', latex_label='$\\sigma_2$', unit=None, boundary=None)
22:50 bilby INFO    :   alpha = Uniform(minimum=0.01, maximum=1, name='alpha', latex_label='$\\alpha$', unit=None, boundary=None)
22:50 bilby INFO    :   mup = Uniform(minimum=1.5, maximum=2.9, name='mup', latex_label='$\\rm{m^u}$', unit=None, boundary=None)
22:50 bilby INFO    : Single likelihood evaluation took 8.565e-03 s
22:50 bilby INFO    : Using sampler Dynesty with kwargs {'bound': 'multi', 'sample': 'rwalk', 'verbose': True, 'periodic': None, 'reflective': None, 'check_point_delta_t': 600, 'nlive': 400, 'first_update': None, 'walks': 100, 'npdim': None, 'rstate': None, 'queue_size': 20, 'pool': None, 'use_pool': None, 'live_points': None, 'logl_args': None, 'logl_kwargs': None, 'ptform_args': None, 'ptform_kwargs': None, 'enlarge': 1.5, 'bootstrap': None, 'vol_dec': 0.5, 'vol_check': 8.0, 'facc': 0.2, 'slices': 5, 'update_interval': 240, 'print_func': <bound method Dynesty._print_func of <bilby.core.sampler.dynesty.Dynesty object at 0x7f72c72b5190>>, 'dlogz': 0.1, 'maxiter': None, 'maxcall': None, 'logl_max': inf, 'add_live': True, 'print_progress': True, 'save_bounds': False, 'n_effective': None, 'maxmcmc': 5000, 'nact': 5}
22:50 bilby INFO    : Checkpoint every check_point_delta_t = 600s
22:50 bilby INFO    : Using dynesty version 1.0.1
22:50 bilby INFO    : Using the bilby-implemented rwalk sample method with ACT estimated walks
22:50 bilby INFO    : Setting up multiproccesing pool with 20 processes.
22:50 bilby INFO    : Generating initial points from the prior
23:01 bilby INFO    : Written checkpoint file hy_outdir/u_hype_11558_resume.pickle
23:12 bilby INFO    : Written checkpoint file hy_outdir/u_hype_11558_resume.pickle
23:23 bilby INFO    : Written checkpoint file hy_outdir/u_hype_11558_resume.pickle
23:34 bilby INFO    : Written checkpoint file hy_outdir/u_hype_11558_resume.pickle
23:44 bilby INFO    : Written checkpoint file hy_outdir/u_hype_11558_resume.pickle
23:55 bilby INFO    : Written checkpoint file hy_outdir/u_hype_11558_resume.pickle
00:06 bilby INFO    : Written checkpoint file hy_outdir/u_hype_11558_resume.pickle
00:16 bilby INFO    : Written checkpoint file hy_outdir/u_hype_11558_resume.pickle
00:27 bilby INFO    : Written checkpoint file hy_outdir/u_hype_11558_resume.pickle
00:37 bilby INFO    : Written checkpoint file hy_outdir/u_hype_11558_resume.pickle
00:48 bilby INFO    : Written checkpoint file hy_outdir/u_hype_11558_resume.pickle
00:59 bilby INFO    : Written checkpoint file hy_outdir/u_hype_11558_resume.pickle
01:10 bilby INFO    : Written checkpoint file hy_outdir/u_hype_11558_resume.pickle
01:21 bilby INFO    : Written checkpoint file hy_outdir/u_hype_11558_resume.pickle
01:33 bilby INFO    : Written checkpoint file hy_outdir/u_hype_11558_resume.pickle
01:44 bilby INFO    : Written checkpoint file hy_outdir/u_hype_11558_resume.pickle
01:55 bilby INFO    : Written checkpoint file hy_outdir/u_hype_11558_resume.pickle
02:07 bilby INFO    : Written checkpoint file hy_outdir/u_hype_11558_resume.pickle
02:17 bilby INFO    : Written checkpoint file hy_outdir/u_hype_11558_resume.pickle
02:17 bilby INFO    : Writing 107 current samples to hy_outdir/u_hype_11558_samples.dat
02:29 bilby INFO    : Written checkpoint file hy_outdir/u_hype_11558_resume.pickle
02:29 bilby INFO    : Writing 140 current samples to hy_outdir/u_hype_11558_samples.dat
02:40 bilby INFO    : Written checkpoint file hy_outdir/u_hype_11558_resume.pickle
02:40 bilby INFO    : Writing 179 current samples to hy_outdir/u_hype_11558_samples.dat
02:50 bilby INFO    : Written checkpoint file hy_outdir/u_hype_11558_resume.pickle
02:50 bilby INFO    : Writing 274 current samples to hy_outdir/u_hype_11558_samples.dat
03:01 bilby INFO    : Written checkpoint file hy_outdir/u_hype_11558_resume.pickle
03:01 bilby INFO    : Writing 235 current samples to hy_outdir/u_hype_11558_samples.dat
03:12 bilby INFO    : Written checkpoint file hy_outdir/u_hype_11558_resume.pickle
03:12 bilby INFO    : Writing 346 current samples to hy_outdir/u_hype_11558_samples.dat
03:23 bilby INFO    : Written checkpoint file hy_outdir/u_hype_11558_resume.pickle
03:23 bilby INFO    : Writing 377 current samples to hy_outdir/u_hype_11558_samples.dat
03:34 bilby INFO    : Written checkpoint file hy_outdir/u_hype_11558_resume.pickle
03:34 bilby INFO    : Writing 558 current samples to hy_outdir/u_hype_11558_samples.dat
03:44 bilby INFO    : Written checkpoint file hy_outdir/u_hype_11558_resume.pickle
03:44 bilby INFO    : Writing 764 current samples to hy_outdir/u_hype_11558_samples.dat
03:55 bilby INFO    : Written checkpoint file hy_outdir/u_hype_11558_resume.pickle
03:55 bilby INFO    : Writing 946 current samples to hy_outdir/u_hype_11558_samples.dat
04:07 bilby INFO    : Written checkpoint file hy_outdir/u_hype_11558_resume.pickle
04:07 bilby INFO    : Writing 1304 current samples to hy_outdir/u_hype_11558_samples.dat
04:18 bilby INFO    : Written checkpoint file hy_outdir/u_hype_11558_resume.pickle
04:18 bilby INFO    : Writing 1791 current samples to hy_outdir/u_hype_11558_samples.dat
04:29 bilby INFO    : Written checkpoint file hy_outdir/u_hype_11558_resume.pickle
04:29 bilby INFO    : Writing 1908 current samples to hy_outdir/u_hype_11558_samples.dat
04:41 bilby INFO    : Written checkpoint file hy_outdir/u_hype_11558_resume.pickle
04:41 bilby INFO    : Writing 1918 current samples to hy_outdir/u_hype_11558_samples.dat
04:45 bilby INFO    : Written checkpoint file hy_outdir/u_hype_11558_resume.pickle
04:45 bilby INFO    : Writing 1933 current samples to hy_outdir/u_hype_11558_samples.dat
04:45 bilby INFO    : Starting to close worker pool.
04:45 bilby INFO    : Finished closing worker pool.
04:45 bilby INFO    : Sampling time: 5:53:22.265482
04:45 bilby INFO    : Summary of results:
nsamples: 6146
ln_noise_evidence:  0.000
ln_evidence: 54.881 +/-  0.216
ln_bayes_factor: 54.881 +/-  0.216

/home/yzq/miniconda3/envs/bilby/lib/python3.8/site-packages/bilby/core/result.py:1170: DeprecationWarning: distutils Version classes are deprecated. Use packaging.version instead.
  if LooseVersion(matplotlib.__version__) < "2.1":
/home/yzq/miniconda3/envs/bilby/lib/python3.8/site-packages/setuptools/_distutils/version.py:346: DeprecationWarning: distutils Version classes are deprecated. Use packaging.version instead.
  other = LooseVersion(other)
