13:51 bilby INFO    : Running for label 'u_hype_68523', output will be saved to 'hy_outdir'
13:51 bilby INFO    : Search parameters:
13:51 bilby INFO    :   mu1 = Uniform(minimum=0.9, maximum=2.9, name='mu1', latex_label='$\\mu_1$', unit=None, boundary=None)
13:51 bilby INFO    :   sigma1 = Uniform(minimum=0.01, maximum=2, name='sigma1', latex_label='$\\sigma_1$', unit=None, boundary=None)
13:51 bilby INFO    :   mu2 = Uniform(minimum=0.9, maximum=2.9, name='mu2', latex_label='$\\mu_2$', unit=None, boundary=None)
13:51 bilby INFO    :   sigma2 = Uniform(minimum=0.01, maximum=2, name='sigma2', latex_label='$\\sigma_2$', unit=None, boundary=None)
13:51 bilby INFO    :   alpha = Uniform(minimum=0.01, maximum=1, name='alpha', latex_label='$\\alpha$', unit=None, boundary=None)
13:51 bilby INFO    :   mlo = Uniform(minimum=0.9, maximum=1.5, name='mlo', latex_label='$\\rm{m^l}$', unit=None, boundary=None)
13:51 bilby INFO    : Single likelihood evaluation took 1.206e-02 s
13:51 bilby INFO    : Using sampler Dynesty with kwargs {'bound': 'multi', 'sample': 'rwalk', 'verbose': True, 'periodic': None, 'reflective': None, 'check_point_delta_t': 600, 'nlive': 400, 'first_update': None, 'walks': 100, 'npdim': None, 'rstate': None, 'queue_size': 20, 'pool': None, 'use_pool': None, 'live_points': None, 'logl_args': None, 'logl_kwargs': None, 'ptform_args': None, 'ptform_kwargs': None, 'enlarge': 1.5, 'bootstrap': None, 'vol_dec': 0.5, 'vol_check': 8.0, 'facc': 0.2, 'slices': 5, 'update_interval': 240, 'print_func': <bound method Dynesty._print_func of <bilby.core.sampler.dynesty.Dynesty object at 0x7fa274777130>>, 'dlogz': 0.1, 'maxiter': None, 'maxcall': None, 'logl_max': inf, 'add_live': True, 'print_progress': True, 'save_bounds': False, 'n_effective': None, 'maxmcmc': 5000, 'nact': 5}
13:51 bilby INFO    : Checkpoint every check_point_delta_t = 600s
13:51 bilby INFO    : Using dynesty version 1.0.1
13:51 bilby INFO    : Using the bilby-implemented rwalk sample method with ACT estimated walks
13:51 bilby INFO    : Setting up multiproccesing pool with 20 processes.
13:51 bilby INFO    : Generating initial points from the prior
14:02 bilby INFO    : Written checkpoint file hy_outdir/u_hype_68523_resume.pickle
14:12 bilby INFO    : Written checkpoint file hy_outdir/u_hype_68523_resume.pickle
14:23 bilby INFO    : Written checkpoint file hy_outdir/u_hype_68523_resume.pickle
14:33 bilby INFO    : Written checkpoint file hy_outdir/u_hype_68523_resume.pickle
14:43 bilby INFO    : Written checkpoint file hy_outdir/u_hype_68523_resume.pickle
14:55 bilby INFO    : Written checkpoint file hy_outdir/u_hype_68523_resume.pickle
15:05 bilby INFO    : Written checkpoint file hy_outdir/u_hype_68523_resume.pickle
15:16 bilby INFO    : Written checkpoint file hy_outdir/u_hype_68523_resume.pickle
15:26 bilby INFO    : Written checkpoint file hy_outdir/u_hype_68523_resume.pickle
15:37 bilby INFO    : Written checkpoint file hy_outdir/u_hype_68523_resume.pickle
15:47 bilby INFO    : Written checkpoint file hy_outdir/u_hype_68523_resume.pickle
15:58 bilby INFO    : Written checkpoint file hy_outdir/u_hype_68523_resume.pickle
16:08 bilby INFO    : Written checkpoint file hy_outdir/u_hype_68523_resume.pickle
16:19 bilby INFO    : Written checkpoint file hy_outdir/u_hype_68523_resume.pickle
16:29 bilby INFO    : Written checkpoint file hy_outdir/u_hype_68523_resume.pickle
16:39 bilby INFO    : Written checkpoint file hy_outdir/u_hype_68523_resume.pickle
16:51 bilby INFO    : Written checkpoint file hy_outdir/u_hype_68523_resume.pickle
17:01 bilby INFO    : Written checkpoint file hy_outdir/u_hype_68523_resume.pickle
17:12 bilby INFO    : Written checkpoint file hy_outdir/u_hype_68523_resume.pickle
17:12 bilby INFO    : Writing 167 current samples to hy_outdir/u_hype_68523_samples.dat
17:22 bilby INFO    : Written checkpoint file hy_outdir/u_hype_68523_resume.pickle
17:22 bilby INFO    : Writing 274 current samples to hy_outdir/u_hype_68523_samples.dat
17:32 bilby INFO    : Written checkpoint file hy_outdir/u_hype_68523_resume.pickle
17:32 bilby INFO    : Writing 690 current samples to hy_outdir/u_hype_68523_samples.dat
17:43 bilby INFO    : Written checkpoint file hy_outdir/u_hype_68523_resume.pickle
17:43 bilby INFO    : Writing 2206 current samples to hy_outdir/u_hype_68523_samples.dat
17:44 bilby INFO    : Written checkpoint file hy_outdir/u_hype_68523_resume.pickle
17:44 bilby INFO    : Writing 2178 current samples to hy_outdir/u_hype_68523_samples.dat
17:44 bilby INFO    : Starting to close worker pool.
17:44 bilby INFO    : Finished closing worker pool.
17:44 bilby INFO    : Sampling time: 3:52:13.592443
17:44 bilby INFO    : Summary of results:
nsamples: 6526
ln_noise_evidence:  0.000
ln_evidence: 53.880 +/-  0.224
ln_bayes_factor: 53.880 +/-  0.224

/home/yzq/miniconda3/envs/bilby/lib/python3.8/site-packages/bilby/core/result.py:1170: DeprecationWarning: distutils Version classes are deprecated. Use packaging.version instead.
  if LooseVersion(matplotlib.__version__) < "2.1":
/home/yzq/miniconda3/envs/bilby/lib/python3.8/site-packages/setuptools/_distutils/version.py:346: DeprecationWarning: distutils Version classes are deprecated. Use packaging.version instead.
  other = LooseVersion(other)
