03:40 bilby INFO    : Running for label 'u_hype_86036', output will be saved to 'hy_outdir'
03:40 bilby INFO    : Search parameters:
03:40 bilby INFO    :   alpha = Uniform(minimum=-5, maximum=25, name='alpha', latex_label='$\\alpha$', unit=None, boundary=None)
03:40 bilby INFO    :   mmin = Uniform(minimum=0.9, maximum=1.5, name='mmin', latex_label='$mmin$', unit=None, boundary=None)
03:40 bilby INFO    :   delta_m = Uniform(minimum=0.01, maximum=1, name='delta', latex_label='$\\delta$', unit=None, boundary=None)
03:40 bilby INFO    : Single likelihood evaluation took 5.732e-02 s
03:40 bilby INFO    : Using sampler Dynesty with kwargs {'bound': 'multi', 'sample': 'rwalk', 'verbose': True, 'periodic': None, 'reflective': None, 'check_point_delta_t': 600, 'nlive': 400, 'first_update': None, 'walks': 100, 'npdim': None, 'rstate': None, 'queue_size': 5, 'pool': None, 'use_pool': None, 'live_points': None, 'logl_args': None, 'logl_kwargs': None, 'ptform_args': None, 'ptform_kwargs': None, 'enlarge': 1.5, 'bootstrap': None, 'vol_dec': 0.5, 'vol_check': 8.0, 'facc': 0.2, 'slices': 5, 'update_interval': 240, 'print_func': <bound method Dynesty._print_func of <bilby.core.sampler.dynesty.Dynesty object at 0x7ff89ac0e048>>, 'dlogz': 0.1, 'maxiter': None, 'maxcall': None, 'logl_max': inf, 'add_live': True, 'print_progress': True, 'save_bounds': False, 'n_effective': None, 'maxmcmc': 5000, 'nact': 5}
03:40 bilby INFO    : Checkpoint every check_point_delta_t = 600s
03:40 bilby INFO    : Using dynesty version 1.1
03:40 bilby INFO    : Using the bilby-implemented rwalk sample method with ACT estimated walks
03:40 bilby INFO    : Setting up multiproccesing pool with 5 processes.
03:40 bilby INFO    : Generating initial points from the prior
03:51 bilby INFO    : Written checkpoint file hy_outdir/u_hype_86036_resume.pickle
04:02 bilby INFO    : Written checkpoint file hy_outdir/u_hype_86036_resume.pickle
04:12 bilby INFO    : Written checkpoint file hy_outdir/u_hype_86036_resume.pickle
04:22 bilby INFO    : Written checkpoint file hy_outdir/u_hype_86036_resume.pickle
04:32 bilby INFO    : Written checkpoint file hy_outdir/u_hype_86036_resume.pickle
04:42 bilby INFO    : Written checkpoint file hy_outdir/u_hype_86036_resume.pickle
04:42 bilby INFO    : Writing 111 current samples to hy_outdir/u_hype_86036_samples.dat
04:53 bilby INFO    : Written checkpoint file hy_outdir/u_hype_86036_resume.pickle
04:53 bilby INFO    : Writing 151 current samples to hy_outdir/u_hype_86036_samples.dat
05:03 bilby INFO    : Written checkpoint file hy_outdir/u_hype_86036_resume.pickle
05:03 bilby INFO    : Writing 214 current samples to hy_outdir/u_hype_86036_samples.dat
05:13 bilby INFO    : Written checkpoint file hy_outdir/u_hype_86036_resume.pickle
05:13 bilby INFO    : Writing 281 current samples to hy_outdir/u_hype_86036_samples.dat
05:23 bilby INFO    : Written checkpoint file hy_outdir/u_hype_86036_resume.pickle
05:23 bilby INFO    : Writing 374 current samples to hy_outdir/u_hype_86036_samples.dat
05:33 bilby INFO    : Written checkpoint file hy_outdir/u_hype_86036_resume.pickle
05:33 bilby INFO    : Writing 519 current samples to hy_outdir/u_hype_86036_samples.dat
05:43 bilby INFO    : Written checkpoint file hy_outdir/u_hype_86036_resume.pickle
05:43 bilby INFO    : Writing 667 current samples to hy_outdir/u_hype_86036_samples.dat
05:54 bilby INFO    : Written checkpoint file hy_outdir/u_hype_86036_resume.pickle
05:54 bilby INFO    : Writing 944 current samples to hy_outdir/u_hype_86036_samples.dat
06:04 bilby INFO    : Written checkpoint file hy_outdir/u_hype_86036_resume.pickle
06:04 bilby INFO    : Writing 1289 current samples to hy_outdir/u_hype_86036_samples.dat
06:14 bilby INFO    : Written checkpoint file hy_outdir/u_hype_86036_resume.pickle
06:14 bilby INFO    : Writing 1410 current samples to hy_outdir/u_hype_86036_samples.dat
06:25 bilby INFO    : Written checkpoint file hy_outdir/u_hype_86036_resume.pickle
06:25 bilby INFO    : Writing 1362 current samples to hy_outdir/u_hype_86036_samples.dat
06:35 bilby INFO    : Written checkpoint file hy_outdir/u_hype_86036_resume.pickle
06:35 bilby INFO    : Writing 1416 current samples to hy_outdir/u_hype_86036_samples.dat
06:43 bilby INFO    : Written checkpoint file hy_outdir/u_hype_86036_resume.pickle
06:43 bilby INFO    : Writing 1379 current samples to hy_outdir/u_hype_86036_samples.dat
06:43 bilby INFO    : Starting to close worker pool.
06:43 bilby INFO    : Finished closing worker pool.
06:43 bilby WARNING : Multiple likelihood matches found between sorted and unsorted samples. Taking the first match.
06:43 bilby WARNING : Multiple likelihood matches found between sorted and unsorted samples. Taking the first match.
06:43 bilby WARNING : Multiple likelihood matches found between sorted and unsorted samples. Taking the first match.
06:43 bilby WARNING : Multiple likelihood matches found between sorted and unsorted samples. Taking the first match.
06:43 bilby WARNING : Multiple likelihood matches found between sorted and unsorted samples. Taking the first match.
06:43 bilby WARNING : Multiple likelihood matches found between sorted and unsorted samples. Taking the first match.
06:43 bilby INFO    : Sampling time: 3:01:54.507703
06:43 bilby INFO    : Summary of results:
nsamples: 3747
ln_noise_evidence:  0.000
ln_evidence: 61.694 +/-  0.152
ln_bayes_factor: 61.694 +/-  0.152

