03:52 bilby INFO    : Running for label 'u_hype_46638', output will be saved to 'hy_outdir'
03:52 bilby INFO    : Search parameters:
03:52 bilby INFO    :   mlo = Uniform(minimum=0.9, maximum=1.5, name='mlo', latex_label='$\\rm{m^l}$', unit=None, boundary=None)
03:52 bilby INFO    :   mup = Uniform(minimum=1.5, maximum=2.9, name='mup', latex_label='$\\rm{m^u}$', unit=None, boundary=None)
03:52 bilby INFO    : Single likelihood evaluation took 3.175e-03 s
03:52 bilby INFO    : Using sampler Dynesty with kwargs {'bound': 'multi', 'sample': 'rwalk', 'verbose': True, 'periodic': None, 'reflective': None, 'check_point_delta_t': 600, 'nlive': 400, 'first_update': None, 'walks': 100, 'npdim': None, 'rstate': None, 'queue_size': 5, 'pool': None, 'use_pool': None, 'live_points': None, 'logl_args': None, 'logl_kwargs': None, 'ptform_args': None, 'ptform_kwargs': None, 'enlarge': 1.5, 'bootstrap': None, 'vol_dec': 0.5, 'vol_check': 8.0, 'facc': 0.2, 'slices': 5, 'update_interval': 240, 'print_func': <bound method Dynesty._print_func of <bilby.core.sampler.dynesty.Dynesty object at 0x7f427a9cd048>>, 'dlogz': 0.1, 'maxiter': None, 'maxcall': None, 'logl_max': inf, 'add_live': True, 'print_progress': True, 'save_bounds': False, 'n_effective': None, 'maxmcmc': 5000, 'nact': 5}
03:52 bilby INFO    : Checkpoint every check_point_delta_t = 600s
03:52 bilby INFO    : Using dynesty version 1.1
03:52 bilby INFO    : Using the bilby-implemented rwalk sample method with ACT estimated walks
03:52 bilby INFO    : Setting up multiproccesing pool with 5 processes.
03:52 bilby INFO    : Generating initial points from the prior
04:02 bilby INFO    : Written checkpoint file hy_outdir/u_hype_46638_resume.pickle
04:02 bilby INFO    : Writing 598 current samples to hy_outdir/u_hype_46638_samples.dat
04:11 bilby INFO    : Written checkpoint file hy_outdir/u_hype_46638_resume.pickle
04:11 bilby INFO    : Writing 1128 current samples to hy_outdir/u_hype_46638_samples.dat
04:11 bilby INFO    : Starting to close worker pool.
04:11 bilby INFO    : Finished closing worker pool.
04:11 bilby WARNING : Multiple likelihood matches found between sorted and unsorted samples. Taking the first match.
04:11 bilby WARNING : Multiple likelihood matches found between sorted and unsorted samples. Taking the first match.
04:11 bilby WARNING : Multiple likelihood matches found between sorted and unsorted samples. Taking the first match.
04:11 bilby WARNING : Multiple likelihood matches found between sorted and unsorted samples. Taking the first match.
04:11 bilby WARNING : Multiple likelihood matches found between sorted and unsorted samples. Taking the first match.
04:11 bilby WARNING : Multiple likelihood matches found between sorted and unsorted samples. Taking the first match.
04:11 bilby WARNING : Multiple likelihood matches found between sorted and unsorted samples. Taking the first match.
04:11 bilby WARNING : Multiple likelihood matches found between sorted and unsorted samples. Taking the first match.
04:11 bilby WARNING : Multiple likelihood matches found between sorted and unsorted samples. Taking the first match.
04:11 bilby WARNING : Multiple likelihood matches found between sorted and unsorted samples. Taking the first match.
04:11 bilby WARNING : Multiple likelihood matches found between sorted and unsorted samples. Taking the first match.
04:11 bilby WARNING : Multiple likelihood matches found between sorted and unsorted samples. Taking the first match.
04:11 bilby WARNING : Multiple likelihood matches found between sorted and unsorted samples. Taking the first match.
04:11 bilby WARNING : Multiple likelihood matches found between sorted and unsorted samples. Taking the first match.
04:11 bilby WARNING : Multiple likelihood matches found between sorted and unsorted samples. Taking the first match.
04:11 bilby WARNING : Multiple likelihood matches found between sorted and unsorted samples. Taking the first match.
04:11 bilby WARNING : Multiple likelihood matches found between sorted and unsorted samples. Taking the first match.
04:11 bilby WARNING : Multiple likelihood matches found between sorted and unsorted samples. Taking the first match.
04:11 bilby WARNING : Multiple likelihood matches found between sorted and unsorted samples. Taking the first match.
04:11 bilby WARNING : Multiple likelihood matches found between sorted and unsorted samples. Taking the first match.
04:11 bilby WARNING : Multiple likelihood matches found between sorted and unsorted samples. Taking the first match.
04:11 bilby WARNING : Multiple likelihood matches found between sorted and unsorted samples. Taking the first match.
04:11 bilby WARNING : Multiple likelihood matches found between sorted and unsorted samples. Taking the first match.
04:11 bilby WARNING : Multiple likelihood matches found between sorted and unsorted samples. Taking the first match.
04:11 bilby INFO    : Sampling time: 0:19:31.358212
04:11 bilby INFO    : Summary of results:
nsamples: 2944
ln_noise_evidence:  0.000
ln_evidence: 46.256 +/-  0.122
ln_bayes_factor: 46.256 +/-  0.122

