12:19 bilby INFO    : Running for label 'u_hype_26559', output will be saved to 'hy_outdir'
12:19 bilby INFO    : Search parameters:
12:19 bilby INFO    :   mlo = Uniform(minimum=0.9, maximum=1.5, name='mlo', latex_label='$\\rm{m^l}$', unit=None, boundary=None)
12:19 bilby INFO    :   mup = Uniform(minimum=1.5, maximum=2.9, name='mup', latex_label='$\\rm{m^u}$', unit=None, boundary=None)
12:19 bilby INFO    : Single likelihood evaluation took 1.680e-02 s
12:19 bilby INFO    : Using sampler Dynesty with kwargs {'bound': 'multi', 'sample': 'rwalk', 'verbose': True, 'periodic': None, 'reflective': None, 'check_point_delta_t': 600, 'nlive': 400, 'first_update': None, 'walks': 100, 'npdim': None, 'rstate': None, 'queue_size': 5, 'pool': None, 'use_pool': None, 'live_points': None, 'logl_args': None, 'logl_kwargs': None, 'ptform_args': None, 'ptform_kwargs': None, 'enlarge': 1.5, 'bootstrap': None, 'vol_dec': 0.5, 'vol_check': 8.0, 'facc': 0.2, 'slices': 5, 'update_interval': 240, 'print_func': <bound method Dynesty._print_func of <bilby.core.sampler.dynesty.Dynesty object at 0x7f5a2224b100>>, 'dlogz': 0.1, 'maxiter': None, 'maxcall': None, 'logl_max': inf, 'add_live': True, 'print_progress': True, 'save_bounds': False, 'n_effective': None, 'maxmcmc': 5000, 'nact': 5}
12:19 bilby INFO    : Checkpoint every check_point_delta_t = 600s
12:19 bilby INFO    : Using dynesty version 1.0.1
12:19 bilby INFO    : Using the bilby-implemented rwalk sample method with ACT estimated walks
12:19 bilby INFO    : Setting up multiproccesing pool with 5 processes.
12:19 bilby INFO    : Generating initial points from the prior
12:30 bilby INFO    : Written checkpoint file hy_outdir/u_hype_26559_resume.pickle
/home/yzq/miniconda3/envs/bilby/lib/python3.8/site-packages/dynesty/utils.py:171: DeprecationWarning: `np.int` is a deprecated alias for the builtin `int`. To silence this warning, use `int` by itself. Doing this will not modify any behavior and is safe. When replacing `np.int`, you may wish to use e.g. `np.int64` or `np.int32` to specify the precision. If you wish to review your current use, check the release note link for additional information.
Deprecated in NumPy 1.20; for more details and guidance: https://numpy.org/devdocs/release/1.20.0-notes.html#deprecations
  idx = np.zeros(nsamples, dtype=np.int)
/home/yzq/miniconda3/envs/bilby/lib/python3.8/site-packages/dynesty/utils.py:171: DeprecationWarning: `np.int` is a deprecated alias for the builtin `int`. To silence this warning, use `int` by itself. Doing this will not modify any behavior and is safe. When replacing `np.int`, you may wish to use e.g. `np.int64` or `np.int32` to specify the precision. If you wish to review your current use, check the release note link for additional information.
Deprecated in NumPy 1.20; for more details and guidance: https://numpy.org/devdocs/release/1.20.0-notes.html#deprecations
  idx = np.zeros(nsamples, dtype=np.int)
12:40 bilby INFO    : Written checkpoint file hy_outdir/u_hype_26559_resume.pickle
/home/yzq/miniconda3/envs/bilby/lib/python3.8/site-packages/dynesty/utils.py:171: DeprecationWarning: `np.int` is a deprecated alias for the builtin `int`. To silence this warning, use `int` by itself. Doing this will not modify any behavior and is safe. When replacing `np.int`, you may wish to use e.g. `np.int64` or `np.int32` to specify the precision. If you wish to review your current use, check the release note link for additional information.
Deprecated in NumPy 1.20; for more details and guidance: https://numpy.org/devdocs/release/1.20.0-notes.html#deprecations
  idx = np.zeros(nsamples, dtype=np.int)
/home/yzq/miniconda3/envs/bilby/lib/python3.8/site-packages/dynesty/utils.py:171: DeprecationWarning: `np.int` is a deprecated alias for the builtin `int`. To silence this warning, use `int` by itself. Doing this will not modify any behavior and is safe. When replacing `np.int`, you may wish to use e.g. `np.int64` or `np.int32` to specify the precision. If you wish to review your current use, check the release note link for additional information.
Deprecated in NumPy 1.20; for more details and guidance: https://numpy.org/devdocs/release/1.20.0-notes.html#deprecations
  idx = np.zeros(nsamples, dtype=np.int)
12:51 bilby INFO    : Written checkpoint file hy_outdir/u_hype_26559_resume.pickle
12:51 bilby INFO    : Writing 121 current samples to hy_outdir/u_hype_26559_samples.dat
/home/yzq/miniconda3/envs/bilby/lib/python3.8/site-packages/dynesty/utils.py:171: DeprecationWarning: `np.int` is a deprecated alias for the builtin `int`. To silence this warning, use `int` by itself. Doing this will not modify any behavior and is safe. When replacing `np.int`, you may wish to use e.g. `np.int64` or `np.int32` to specify the precision. If you wish to review your current use, check the release note link for additional information.
Deprecated in NumPy 1.20; for more details and guidance: https://numpy.org/devdocs/release/1.20.0-notes.html#deprecations
  idx = np.zeros(nsamples, dtype=np.int)
/home/yzq/miniconda3/envs/bilby/lib/python3.8/site-packages/dynesty/utils.py:171: DeprecationWarning: `np.int` is a deprecated alias for the builtin `int`. To silence this warning, use `int` by itself. Doing this will not modify any behavior and is safe. When replacing `np.int`, you may wish to use e.g. `np.int64` or `np.int32` to specify the precision. If you wish to review your current use, check the release note link for additional information.
Deprecated in NumPy 1.20; for more details and guidance: https://numpy.org/devdocs/release/1.20.0-notes.html#deprecations
  idx = np.zeros(nsamples, dtype=np.int)
13:02 bilby INFO    : Written checkpoint file hy_outdir/u_hype_26559_resume.pickle
13:02 bilby INFO    : Writing 137 current samples to hy_outdir/u_hype_26559_samples.dat
/home/yzq/miniconda3/envs/bilby/lib/python3.8/site-packages/dynesty/utils.py:171: DeprecationWarning: `np.int` is a deprecated alias for the builtin `int`. To silence this warning, use `int` by itself. Doing this will not modify any behavior and is safe. When replacing `np.int`, you may wish to use e.g. `np.int64` or `np.int32` to specify the precision. If you wish to review your current use, check the release note link for additional information.
Deprecated in NumPy 1.20; for more details and guidance: https://numpy.org/devdocs/release/1.20.0-notes.html#deprecations
  idx = np.zeros(nsamples, dtype=np.int)
/home/yzq/miniconda3/envs/bilby/lib/python3.8/site-packages/dynesty/utils.py:171: DeprecationWarning: `np.int` is a deprecated alias for the builtin `int`. To silence this warning, use `int` by itself. Doing this will not modify any behavior and is safe. When replacing `np.int`, you may wish to use e.g. `np.int64` or `np.int32` to specify the precision. If you wish to review your current use, check the release note link for additional information.
Deprecated in NumPy 1.20; for more details and guidance: https://numpy.org/devdocs/release/1.20.0-notes.html#deprecations
  idx = np.zeros(nsamples, dtype=np.int)
13:12 bilby INFO    : Written checkpoint file hy_outdir/u_hype_26559_resume.pickle
13:12 bilby INFO    : Writing 153 current samples to hy_outdir/u_hype_26559_samples.dat
/home/yzq/miniconda3/envs/bilby/lib/python3.8/site-packages/dynesty/utils.py:171: DeprecationWarning: `np.int` is a deprecated alias for the builtin `int`. To silence this warning, use `int` by itself. Doing this will not modify any behavior and is safe. When replacing `np.int`, you may wish to use e.g. `np.int64` or `np.int32` to specify the precision. If you wish to review your current use, check the release note link for additional information.
Deprecated in NumPy 1.20; for more details and guidance: https://numpy.org/devdocs/release/1.20.0-notes.html#deprecations
  idx = np.zeros(nsamples, dtype=np.int)
/home/yzq/miniconda3/envs/bilby/lib/python3.8/site-packages/dynesty/utils.py:171: DeprecationWarning: `np.int` is a deprecated alias for the builtin `int`. To silence this warning, use `int` by itself. Doing this will not modify any behavior and is safe. When replacing `np.int`, you may wish to use e.g. `np.int64` or `np.int32` to specify the precision. If you wish to review your current use, check the release note link for additional information.
Deprecated in NumPy 1.20; for more details and guidance: https://numpy.org/devdocs/release/1.20.0-notes.html#deprecations
  idx = np.zeros(nsamples, dtype=np.int)
13:22 bilby INFO    : Written checkpoint file hy_outdir/u_hype_26559_resume.pickle
13:22 bilby INFO    : Writing 190 current samples to hy_outdir/u_hype_26559_samples.dat
/home/yzq/miniconda3/envs/bilby/lib/python3.8/site-packages/dynesty/utils.py:171: DeprecationWarning: `np.int` is a deprecated alias for the builtin `int`. To silence this warning, use `int` by itself. Doing this will not modify any behavior and is safe. When replacing `np.int`, you may wish to use e.g. `np.int64` or `np.int32` to specify the precision. If you wish to review your current use, check the release note link for additional information.
Deprecated in NumPy 1.20; for more details and guidance: https://numpy.org/devdocs/release/1.20.0-notes.html#deprecations
  idx = np.zeros(nsamples, dtype=np.int)
/home/yzq/miniconda3/envs/bilby/lib/python3.8/site-packages/dynesty/utils.py:171: DeprecationWarning: `np.int` is a deprecated alias for the builtin `int`. To silence this warning, use `int` by itself. Doing this will not modify any behavior and is safe. When replacing `np.int`, you may wish to use e.g. `np.int64` or `np.int32` to specify the precision. If you wish to review your current use, check the release note link for additional information.
Deprecated in NumPy 1.20; for more details and guidance: https://numpy.org/devdocs/release/1.20.0-notes.html#deprecations
  idx = np.zeros(nsamples, dtype=np.int)
13:33 bilby INFO    : Written checkpoint file hy_outdir/u_hype_26559_resume.pickle
13:33 bilby INFO    : Writing 221 current samples to hy_outdir/u_hype_26559_samples.dat
/home/yzq/miniconda3/envs/bilby/lib/python3.8/site-packages/dynesty/utils.py:171: DeprecationWarning: `np.int` is a deprecated alias for the builtin `int`. To silence this warning, use `int` by itself. Doing this will not modify any behavior and is safe. When replacing `np.int`, you may wish to use e.g. `np.int64` or `np.int32` to specify the precision. If you wish to review your current use, check the release note link for additional information.
Deprecated in NumPy 1.20; for more details and guidance: https://numpy.org/devdocs/release/1.20.0-notes.html#deprecations
  idx = np.zeros(nsamples, dtype=np.int)
/home/yzq/miniconda3/envs/bilby/lib/python3.8/site-packages/dynesty/utils.py:171: DeprecationWarning: `np.int` is a deprecated alias for the builtin `int`. To silence this warning, use `int` by itself. Doing this will not modify any behavior and is safe. When replacing `np.int`, you may wish to use e.g. `np.int64` or `np.int32` to specify the precision. If you wish to review your current use, check the release note link for additional information.
Deprecated in NumPy 1.20; for more details and guidance: https://numpy.org/devdocs/release/1.20.0-notes.html#deprecations
  idx = np.zeros(nsamples, dtype=np.int)
13:43 bilby INFO    : Written checkpoint file hy_outdir/u_hype_26559_resume.pickle
13:43 bilby INFO    : Writing 220 current samples to hy_outdir/u_hype_26559_samples.dat
/home/yzq/miniconda3/envs/bilby/lib/python3.8/site-packages/dynesty/utils.py:171: DeprecationWarning: `np.int` is a deprecated alias for the builtin `int`. To silence this warning, use `int` by itself. Doing this will not modify any behavior and is safe. When replacing `np.int`, you may wish to use e.g. `np.int64` or `np.int32` to specify the precision. If you wish to review your current use, check the release note link for additional information.
Deprecated in NumPy 1.20; for more details and guidance: https://numpy.org/devdocs/release/1.20.0-notes.html#deprecations
  idx = np.zeros(nsamples, dtype=np.int)
/home/yzq/miniconda3/envs/bilby/lib/python3.8/site-packages/dynesty/utils.py:171: DeprecationWarning: `np.int` is a deprecated alias for the builtin `int`. To silence this warning, use `int` by itself. Doing this will not modify any behavior and is safe. When replacing `np.int`, you may wish to use e.g. `np.int64` or `np.int32` to specify the precision. If you wish to review your current use, check the release note link for additional information.
Deprecated in NumPy 1.20; for more details and guidance: https://numpy.org/devdocs/release/1.20.0-notes.html#deprecations
  idx = np.zeros(nsamples, dtype=np.int)
13:54 bilby INFO    : Written checkpoint file hy_outdir/u_hype_26559_resume.pickle
13:54 bilby INFO    : Writing 272 current samples to hy_outdir/u_hype_26559_samples.dat
/home/yzq/miniconda3/envs/bilby/lib/python3.8/site-packages/dynesty/utils.py:171: DeprecationWarning: `np.int` is a deprecated alias for the builtin `int`. To silence this warning, use `int` by itself. Doing this will not modify any behavior and is safe. When replacing `np.int`, you may wish to use e.g. `np.int64` or `np.int32` to specify the precision. If you wish to review your current use, check the release note link for additional information.
Deprecated in NumPy 1.20; for more details and guidance: https://numpy.org/devdocs/release/1.20.0-notes.html#deprecations
  idx = np.zeros(nsamples, dtype=np.int)
/home/yzq/miniconda3/envs/bilby/lib/python3.8/site-packages/dynesty/utils.py:171: DeprecationWarning: `np.int` is a deprecated alias for the builtin `int`. To silence this warning, use `int` by itself. Doing this will not modify any behavior and is safe. When replacing `np.int`, you may wish to use e.g. `np.int64` or `np.int32` to specify the precision. If you wish to review your current use, check the release note link for additional information.
Deprecated in NumPy 1.20; for more details and guidance: https://numpy.org/devdocs/release/1.20.0-notes.html#deprecations
  idx = np.zeros(nsamples, dtype=np.int)
14:04 bilby INFO    : Written checkpoint file hy_outdir/u_hype_26559_resume.pickle
14:04 bilby INFO    : Writing 298 current samples to hy_outdir/u_hype_26559_samples.dat
/home/yzq/miniconda3/envs/bilby/lib/python3.8/site-packages/dynesty/utils.py:171: DeprecationWarning: `np.int` is a deprecated alias for the builtin `int`. To silence this warning, use `int` by itself. Doing this will not modify any behavior and is safe. When replacing `np.int`, you may wish to use e.g. `np.int64` or `np.int32` to specify the precision. If you wish to review your current use, check the release note link for additional information.
Deprecated in NumPy 1.20; for more details and guidance: https://numpy.org/devdocs/release/1.20.0-notes.html#deprecations
  idx = np.zeros(nsamples, dtype=np.int)
/home/yzq/miniconda3/envs/bilby/lib/python3.8/site-packages/dynesty/utils.py:171: DeprecationWarning: `np.int` is a deprecated alias for the builtin `int`. To silence this warning, use `int` by itself. Doing this will not modify any behavior and is safe. When replacing `np.int`, you may wish to use e.g. `np.int64` or `np.int32` to specify the precision. If you wish to review your current use, check the release note link for additional information.
Deprecated in NumPy 1.20; for more details and guidance: https://numpy.org/devdocs/release/1.20.0-notes.html#deprecations
  idx = np.zeros(nsamples, dtype=np.int)
14:15 bilby INFO    : Written checkpoint file hy_outdir/u_hype_26559_resume.pickle
14:15 bilby INFO    : Writing 342 current samples to hy_outdir/u_hype_26559_samples.dat
/home/yzq/miniconda3/envs/bilby/lib/python3.8/site-packages/dynesty/utils.py:171: DeprecationWarning: `np.int` is a deprecated alias for the builtin `int`. To silence this warning, use `int` by itself. Doing this will not modify any behavior and is safe. When replacing `np.int`, you may wish to use e.g. `np.int64` or `np.int32` to specify the precision. If you wish to review your current use, check the release note link for additional information.
Deprecated in NumPy 1.20; for more details and guidance: https://numpy.org/devdocs/release/1.20.0-notes.html#deprecations
  idx = np.zeros(nsamples, dtype=np.int)
/home/yzq/miniconda3/envs/bilby/lib/python3.8/site-packages/dynesty/utils.py:171: DeprecationWarning: `np.int` is a deprecated alias for the builtin `int`. To silence this warning, use `int` by itself. Doing this will not modify any behavior and is safe. When replacing `np.int`, you may wish to use e.g. `np.int64` or `np.int32` to specify the precision. If you wish to review your current use, check the release note link for additional information.
Deprecated in NumPy 1.20; for more details and guidance: https://numpy.org/devdocs/release/1.20.0-notes.html#deprecations
  idx = np.zeros(nsamples, dtype=np.int)
14:25 bilby INFO    : Written checkpoint file hy_outdir/u_hype_26559_resume.pickle
14:25 bilby INFO    : Writing 415 current samples to hy_outdir/u_hype_26559_samples.dat
/home/yzq/miniconda3/envs/bilby/lib/python3.8/site-packages/dynesty/utils.py:171: DeprecationWarning: `np.int` is a deprecated alias for the builtin `int`. To silence this warning, use `int` by itself. Doing this will not modify any behavior and is safe. When replacing `np.int`, you may wish to use e.g. `np.int64` or `np.int32` to specify the precision. If you wish to review your current use, check the release note link for additional information.
Deprecated in NumPy 1.20; for more details and guidance: https://numpy.org/devdocs/release/1.20.0-notes.html#deprecations
  idx = np.zeros(nsamples, dtype=np.int)
/home/yzq/miniconda3/envs/bilby/lib/python3.8/site-packages/dynesty/utils.py:171: DeprecationWarning: `np.int` is a deprecated alias for the builtin `int`. To silence this warning, use `int` by itself. Doing this will not modify any behavior and is safe. When replacing `np.int`, you may wish to use e.g. `np.int64` or `np.int32` to specify the precision. If you wish to review your current use, check the release note link for additional information.
Deprecated in NumPy 1.20; for more details and guidance: https://numpy.org/devdocs/release/1.20.0-notes.html#deprecations
  idx = np.zeros(nsamples, dtype=np.int)
14:36 bilby INFO    : Written checkpoint file hy_outdir/u_hype_26559_resume.pickle
14:36 bilby INFO    : Writing 473 current samples to hy_outdir/u_hype_26559_samples.dat
/home/yzq/miniconda3/envs/bilby/lib/python3.8/site-packages/dynesty/utils.py:171: DeprecationWarning: `np.int` is a deprecated alias for the builtin `int`. To silence this warning, use `int` by itself. Doing this will not modify any behavior and is safe. When replacing `np.int`, you may wish to use e.g. `np.int64` or `np.int32` to specify the precision. If you wish to review your current use, check the release note link for additional information.
Deprecated in NumPy 1.20; for more details and guidance: https://numpy.org/devdocs/release/1.20.0-notes.html#deprecations
  idx = np.zeros(nsamples, dtype=np.int)
/home/yzq/miniconda3/envs/bilby/lib/python3.8/site-packages/dynesty/utils.py:171: DeprecationWarning: `np.int` is a deprecated alias for the builtin `int`. To silence this warning, use `int` by itself. Doing this will not modify any behavior and is safe. When replacing `np.int`, you may wish to use e.g. `np.int64` or `np.int32` to specify the precision. If you wish to review your current use, check the release note link for additional information.
Deprecated in NumPy 1.20; for more details and guidance: https://numpy.org/devdocs/release/1.20.0-notes.html#deprecations
  idx = np.zeros(nsamples, dtype=np.int)
14:46 bilby INFO    : Written checkpoint file hy_outdir/u_hype_26559_resume.pickle
14:46 bilby INFO    : Writing 563 current samples to hy_outdir/u_hype_26559_samples.dat
/home/yzq/miniconda3/envs/bilby/lib/python3.8/site-packages/dynesty/utils.py:171: DeprecationWarning: `np.int` is a deprecated alias for the builtin `int`. To silence this warning, use `int` by itself. Doing this will not modify any behavior and is safe. When replacing `np.int`, you may wish to use e.g. `np.int64` or `np.int32` to specify the precision. If you wish to review your current use, check the release note link for additional information.
Deprecated in NumPy 1.20; for more details and guidance: https://numpy.org/devdocs/release/1.20.0-notes.html#deprecations
  idx = np.zeros(nsamples, dtype=np.int)
/home/yzq/miniconda3/envs/bilby/lib/python3.8/site-packages/dynesty/utils.py:171: DeprecationWarning: `np.int` is a deprecated alias for the builtin `int`. To silence this warning, use `int` by itself. Doing this will not modify any behavior and is safe. When replacing `np.int`, you may wish to use e.g. `np.int64` or `np.int32` to specify the precision. If you wish to review your current use, check the release note link for additional information.
Deprecated in NumPy 1.20; for more details and guidance: https://numpy.org/devdocs/release/1.20.0-notes.html#deprecations
  idx = np.zeros(nsamples, dtype=np.int)
14:57 bilby INFO    : Written checkpoint file hy_outdir/u_hype_26559_resume.pickle
14:57 bilby INFO    : Writing 660 current samples to hy_outdir/u_hype_26559_samples.dat
/home/yzq/miniconda3/envs/bilby/lib/python3.8/site-packages/dynesty/utils.py:171: DeprecationWarning: `np.int` is a deprecated alias for the builtin `int`. To silence this warning, use `int` by itself. Doing this will not modify any behavior and is safe. When replacing `np.int`, you may wish to use e.g. `np.int64` or `np.int32` to specify the precision. If you wish to review your current use, check the release note link for additional information.
Deprecated in NumPy 1.20; for more details and guidance: https://numpy.org/devdocs/release/1.20.0-notes.html#deprecations
  idx = np.zeros(nsamples, dtype=np.int)
/home/yzq/miniconda3/envs/bilby/lib/python3.8/site-packages/dynesty/utils.py:171: DeprecationWarning: `np.int` is a deprecated alias for the builtin `int`. To silence this warning, use `int` by itself. Doing this will not modify any behavior and is safe. When replacing `np.int`, you may wish to use e.g. `np.int64` or `np.int32` to specify the precision. If you wish to review your current use, check the release note link for additional information.
Deprecated in NumPy 1.20; for more details and guidance: https://numpy.org/devdocs/release/1.20.0-notes.html#deprecations
  idx = np.zeros(nsamples, dtype=np.int)
15:07 bilby INFO    : Written checkpoint file hy_outdir/u_hype_26559_resume.pickle
15:07 bilby INFO    : Writing 773 current samples to hy_outdir/u_hype_26559_samples.dat
/home/yzq/miniconda3/envs/bilby/lib/python3.8/site-packages/dynesty/utils.py:171: DeprecationWarning: `np.int` is a deprecated alias for the builtin `int`. To silence this warning, use `int` by itself. Doing this will not modify any behavior and is safe. When replacing `np.int`, you may wish to use e.g. `np.int64` or `np.int32` to specify the precision. If you wish to review your current use, check the release note link for additional information.
Deprecated in NumPy 1.20; for more details and guidance: https://numpy.org/devdocs/release/1.20.0-notes.html#deprecations
  idx = np.zeros(nsamples, dtype=np.int)
/home/yzq/miniconda3/envs/bilby/lib/python3.8/site-packages/dynesty/utils.py:171: DeprecationWarning: `np.int` is a deprecated alias for the builtin `int`. To silence this warning, use `int` by itself. Doing this will not modify any behavior and is safe. When replacing `np.int`, you may wish to use e.g. `np.int64` or `np.int32` to specify the precision. If you wish to review your current use, check the release note link for additional information.
Deprecated in NumPy 1.20; for more details and guidance: https://numpy.org/devdocs/release/1.20.0-notes.html#deprecations
  idx = np.zeros(nsamples, dtype=np.int)
15:18 bilby INFO    : Written checkpoint file hy_outdir/u_hype_26559_resume.pickle
15:18 bilby INFO    : Writing 882 current samples to hy_outdir/u_hype_26559_samples.dat
/home/yzq/miniconda3/envs/bilby/lib/python3.8/site-packages/dynesty/utils.py:171: DeprecationWarning: `np.int` is a deprecated alias for the builtin `int`. To silence this warning, use `int` by itself. Doing this will not modify any behavior and is safe. When replacing `np.int`, you may wish to use e.g. `np.int64` or `np.int32` to specify the precision. If you wish to review your current use, check the release note link for additional information.
Deprecated in NumPy 1.20; for more details and guidance: https://numpy.org/devdocs/release/1.20.0-notes.html#deprecations
  idx = np.zeros(nsamples, dtype=np.int)
/home/yzq/miniconda3/envs/bilby/lib/python3.8/site-packages/dynesty/utils.py:171: DeprecationWarning: `np.int` is a deprecated alias for the builtin `int`. To silence this warning, use `int` by itself. Doing this will not modify any behavior and is safe. When replacing `np.int`, you may wish to use e.g. `np.int64` or `np.int32` to specify the precision. If you wish to review your current use, check the release note link for additional information.
Deprecated in NumPy 1.20; for more details and guidance: https://numpy.org/devdocs/release/1.20.0-notes.html#deprecations
  idx = np.zeros(nsamples, dtype=np.int)
15:28 bilby INFO    : Written checkpoint file hy_outdir/u_hype_26559_resume.pickle
15:28 bilby INFO    : Writing 1010 current samples to hy_outdir/u_hype_26559_samples.dat
/home/yzq/miniconda3/envs/bilby/lib/python3.8/site-packages/dynesty/utils.py:171: DeprecationWarning: `np.int` is a deprecated alias for the builtin `int`. To silence this warning, use `int` by itself. Doing this will not modify any behavior and is safe. When replacing `np.int`, you may wish to use e.g. `np.int64` or `np.int32` to specify the precision. If you wish to review your current use, check the release note link for additional information.
Deprecated in NumPy 1.20; for more details and guidance: https://numpy.org/devdocs/release/1.20.0-notes.html#deprecations
  idx = np.zeros(nsamples, dtype=np.int)
/home/yzq/miniconda3/envs/bilby/lib/python3.8/site-packages/dynesty/utils.py:171: DeprecationWarning: `np.int` is a deprecated alias for the builtin `int`. To silence this warning, use `int` by itself. Doing this will not modify any behavior and is safe. When replacing `np.int`, you may wish to use e.g. `np.int64` or `np.int32` to specify the precision. If you wish to review your current use, check the release note link for additional information.
Deprecated in NumPy 1.20; for more details and guidance: https://numpy.org/devdocs/release/1.20.0-notes.html#deprecations
  idx = np.zeros(nsamples, dtype=np.int)
15:39 bilby INFO    : Written checkpoint file hy_outdir/u_hype_26559_resume.pickle
15:39 bilby INFO    : Writing 1068 current samples to hy_outdir/u_hype_26559_samples.dat
/home/yzq/miniconda3/envs/bilby/lib/python3.8/site-packages/dynesty/utils.py:171: DeprecationWarning: `np.int` is a deprecated alias for the builtin `int`. To silence this warning, use `int` by itself. Doing this will not modify any behavior and is safe. When replacing `np.int`, you may wish to use e.g. `np.int64` or `np.int32` to specify the precision. If you wish to review your current use, check the release note link for additional information.
Deprecated in NumPy 1.20; for more details and guidance: https://numpy.org/devdocs/release/1.20.0-notes.html#deprecations
  idx = np.zeros(nsamples, dtype=np.int)
/home/yzq/miniconda3/envs/bilby/lib/python3.8/site-packages/dynesty/utils.py:171: DeprecationWarning: `np.int` is a deprecated alias for the builtin `int`. To silence this warning, use `int` by itself. Doing this will not modify any behavior and is safe. When replacing `np.int`, you may wish to use e.g. `np.int64` or `np.int32` to specify the precision. If you wish to review your current use, check the release note link for additional information.
Deprecated in NumPy 1.20; for more details and guidance: https://numpy.org/devdocs/release/1.20.0-notes.html#deprecations
  idx = np.zeros(nsamples, dtype=np.int)
15:50 bilby INFO    : Written checkpoint file hy_outdir/u_hype_26559_resume.pickle
15:50 bilby INFO    : Writing 1089 current samples to hy_outdir/u_hype_26559_samples.dat
/home/yzq/miniconda3/envs/bilby/lib/python3.8/site-packages/dynesty/utils.py:171: DeprecationWarning: `np.int` is a deprecated alias for the builtin `int`. To silence this warning, use `int` by itself. Doing this will not modify any behavior and is safe. When replacing `np.int`, you may wish to use e.g. `np.int64` or `np.int32` to specify the precision. If you wish to review your current use, check the release note link for additional information.
Deprecated in NumPy 1.20; for more details and guidance: https://numpy.org/devdocs/release/1.20.0-notes.html#deprecations
  idx = np.zeros(nsamples, dtype=np.int)
/home/yzq/miniconda3/envs/bilby/lib/python3.8/site-packages/dynesty/utils.py:171: DeprecationWarning: `np.int` is a deprecated alias for the builtin `int`. To silence this warning, use `int` by itself. Doing this will not modify any behavior and is safe. When replacing `np.int`, you may wish to use e.g. `np.int64` or `np.int32` to specify the precision. If you wish to review your current use, check the release note link for additional information.
Deprecated in NumPy 1.20; for more details and guidance: https://numpy.org/devdocs/release/1.20.0-notes.html#deprecations
  idx = np.zeros(nsamples, dtype=np.int)
16:00 bilby INFO    : Written checkpoint file hy_outdir/u_hype_26559_resume.pickle
16:00 bilby INFO    : Writing 1081 current samples to hy_outdir/u_hype_26559_samples.dat
/home/yzq/miniconda3/envs/bilby/lib/python3.8/site-packages/dynesty/utils.py:171: DeprecationWarning: `np.int` is a deprecated alias for the builtin `int`. To silence this warning, use `int` by itself. Doing this will not modify any behavior and is safe. When replacing `np.int`, you may wish to use e.g. `np.int64` or `np.int32` to specify the precision. If you wish to review your current use, check the release note link for additional information.
Deprecated in NumPy 1.20; for more details and guidance: https://numpy.org/devdocs/release/1.20.0-notes.html#deprecations
  idx = np.zeros(nsamples, dtype=np.int)
/home/yzq/miniconda3/envs/bilby/lib/python3.8/site-packages/dynesty/utils.py:171: DeprecationWarning: `np.int` is a deprecated alias for the builtin `int`. To silence this warning, use `int` by itself. Doing this will not modify any behavior and is safe. When replacing `np.int`, you may wish to use e.g. `np.int64` or `np.int32` to specify the precision. If you wish to review your current use, check the release note link for additional information.
Deprecated in NumPy 1.20; for more details and guidance: https://numpy.org/devdocs/release/1.20.0-notes.html#deprecations
  idx = np.zeros(nsamples, dtype=np.int)
16:11 bilby INFO    : Written checkpoint file hy_outdir/u_hype_26559_resume.pickle
16:11 bilby INFO    : Writing 1059 current samples to hy_outdir/u_hype_26559_samples.dat
/home/yzq/miniconda3/envs/bilby/lib/python3.8/site-packages/dynesty/utils.py:171: DeprecationWarning: `np.int` is a deprecated alias for the builtin `int`. To silence this warning, use `int` by itself. Doing this will not modify any behavior and is safe. When replacing `np.int`, you may wish to use e.g. `np.int64` or `np.int32` to specify the precision. If you wish to review your current use, check the release note link for additional information.
Deprecated in NumPy 1.20; for more details and guidance: https://numpy.org/devdocs/release/1.20.0-notes.html#deprecations
  idx = np.zeros(nsamples, dtype=np.int)
/home/yzq/miniconda3/envs/bilby/lib/python3.8/site-packages/dynesty/utils.py:171: DeprecationWarning: `np.int` is a deprecated alias for the builtin `int`. To silence this warning, use `int` by itself. Doing this will not modify any behavior and is safe. When replacing `np.int`, you may wish to use e.g. `np.int64` or `np.int32` to specify the precision. If you wish to review your current use, check the release note link for additional information.
Deprecated in NumPy 1.20; for more details and guidance: https://numpy.org/devdocs/release/1.20.0-notes.html#deprecations
  idx = np.zeros(nsamples, dtype=np.int)
16:22 bilby INFO    : Written checkpoint file hy_outdir/u_hype_26559_resume.pickle
16:22 bilby INFO    : Writing 1118 current samples to hy_outdir/u_hype_26559_samples.dat
/home/yzq/miniconda3/envs/bilby/lib/python3.8/site-packages/dynesty/utils.py:171: DeprecationWarning: `np.int` is a deprecated alias for the builtin `int`. To silence this warning, use `int` by itself. Doing this will not modify any behavior and is safe. When replacing `np.int`, you may wish to use e.g. `np.int64` or `np.int32` to specify the precision. If you wish to review your current use, check the release note link for additional information.
Deprecated in NumPy 1.20; for more details and guidance: https://numpy.org/devdocs/release/1.20.0-notes.html#deprecations
  idx = np.zeros(nsamples, dtype=np.int)
/home/yzq/miniconda3/envs/bilby/lib/python3.8/site-packages/dynesty/utils.py:171: DeprecationWarning: `np.int` is a deprecated alias for the builtin `int`. To silence this warning, use `int` by itself. Doing this will not modify any behavior and is safe. When replacing `np.int`, you may wish to use e.g. `np.int64` or `np.int32` to specify the precision. If you wish to review your current use, check the release note link for additional information.
Deprecated in NumPy 1.20; for more details and guidance: https://numpy.org/devdocs/release/1.20.0-notes.html#deprecations
  idx = np.zeros(nsamples, dtype=np.int)
16:32 bilby INFO    : Written checkpoint file hy_outdir/u_hype_26559_resume.pickle
16:32 bilby INFO    : Writing 1108 current samples to hy_outdir/u_hype_26559_samples.dat
/home/yzq/miniconda3/envs/bilby/lib/python3.8/site-packages/dynesty/utils.py:171: DeprecationWarning: `np.int` is a deprecated alias for the builtin `int`. To silence this warning, use `int` by itself. Doing this will not modify any behavior and is safe. When replacing `np.int`, you may wish to use e.g. `np.int64` or `np.int32` to specify the precision. If you wish to review your current use, check the release note link for additional information.
Deprecated in NumPy 1.20; for more details and guidance: https://numpy.org/devdocs/release/1.20.0-notes.html#deprecations
  idx = np.zeros(nsamples, dtype=np.int)
/home/yzq/miniconda3/envs/bilby/lib/python3.8/site-packages/dynesty/utils.py:171: DeprecationWarning: `np.int` is a deprecated alias for the builtin `int`. To silence this warning, use `int` by itself. Doing this will not modify any behavior and is safe. When replacing `np.int`, you may wish to use e.g. `np.int64` or `np.int32` to specify the precision. If you wish to review your current use, check the release note link for additional information.
Deprecated in NumPy 1.20; for more details and guidance: https://numpy.org/devdocs/release/1.20.0-notes.html#deprecations
  idx = np.zeros(nsamples, dtype=np.int)
16:43 bilby INFO    : Written checkpoint file hy_outdir/u_hype_26559_resume.pickle
16:43 bilby INFO    : Writing 1120 current samples to hy_outdir/u_hype_26559_samples.dat
/home/yzq/miniconda3/envs/bilby/lib/python3.8/site-packages/dynesty/utils.py:171: DeprecationWarning: `np.int` is a deprecated alias for the builtin `int`. To silence this warning, use `int` by itself. Doing this will not modify any behavior and is safe. When replacing `np.int`, you may wish to use e.g. `np.int64` or `np.int32` to specify the precision. If you wish to review your current use, check the release note link for additional information.
Deprecated in NumPy 1.20; for more details and guidance: https://numpy.org/devdocs/release/1.20.0-notes.html#deprecations
  idx = np.zeros(nsamples, dtype=np.int)
/home/yzq/miniconda3/envs/bilby/lib/python3.8/site-packages/dynesty/utils.py:171: DeprecationWarning: `np.int` is a deprecated alias for the builtin `int`. To silence this warning, use `int` by itself. Doing this will not modify any behavior and is safe. When replacing `np.int`, you may wish to use e.g. `np.int64` or `np.int32` to specify the precision. If you wish to review your current use, check the release note link for additional information.
Deprecated in NumPy 1.20; for more details and guidance: https://numpy.org/devdocs/release/1.20.0-notes.html#deprecations
  idx = np.zeros(nsamples, dtype=np.int)
16:54 bilby INFO    : Written checkpoint file hy_outdir/u_hype_26559_resume.pickle
16:54 bilby INFO    : Writing 1106 current samples to hy_outdir/u_hype_26559_samples.dat
/home/yzq/miniconda3/envs/bilby/lib/python3.8/site-packages/dynesty/utils.py:171: DeprecationWarning: `np.int` is a deprecated alias for the builtin `int`. To silence this warning, use `int` by itself. Doing this will not modify any behavior and is safe. When replacing `np.int`, you may wish to use e.g. `np.int64` or `np.int32` to specify the precision. If you wish to review your current use, check the release note link for additional information.
Deprecated in NumPy 1.20; for more details and guidance: https://numpy.org/devdocs/release/1.20.0-notes.html#deprecations
  idx = np.zeros(nsamples, dtype=np.int)
/home/yzq/miniconda3/envs/bilby/lib/python3.8/site-packages/dynesty/utils.py:171: DeprecationWarning: `np.int` is a deprecated alias for the builtin `int`. To silence this warning, use `int` by itself. Doing this will not modify any behavior and is safe. When replacing `np.int`, you may wish to use e.g. `np.int64` or `np.int32` to specify the precision. If you wish to review your current use, check the release note link for additional information.
Deprecated in NumPy 1.20; for more details and guidance: https://numpy.org/devdocs/release/1.20.0-notes.html#deprecations
  idx = np.zeros(nsamples, dtype=np.int)
17:05 bilby INFO    : Written checkpoint file hy_outdir/u_hype_26559_resume.pickle
17:05 bilby INFO    : Writing 1085 current samples to hy_outdir/u_hype_26559_samples.dat
/home/yzq/miniconda3/envs/bilby/lib/python3.8/site-packages/dynesty/utils.py:171: DeprecationWarning: `np.int` is a deprecated alias for the builtin `int`. To silence this warning, use `int` by itself. Doing this will not modify any behavior and is safe. When replacing `np.int`, you may wish to use e.g. `np.int64` or `np.int32` to specify the precision. If you wish to review your current use, check the release note link for additional information.
Deprecated in NumPy 1.20; for more details and guidance: https://numpy.org/devdocs/release/1.20.0-notes.html#deprecations
  idx = np.zeros(nsamples, dtype=np.int)
/home/yzq/miniconda3/envs/bilby/lib/python3.8/site-packages/dynesty/utils.py:171: DeprecationWarning: `np.int` is a deprecated alias for the builtin `int`. To silence this warning, use `int` by itself. Doing this will not modify any behavior and is safe. When replacing `np.int`, you may wish to use e.g. `np.int64` or `np.int32` to specify the precision. If you wish to review your current use, check the release note link for additional information.
Deprecated in NumPy 1.20; for more details and guidance: https://numpy.org/devdocs/release/1.20.0-notes.html#deprecations
  idx = np.zeros(nsamples, dtype=np.int)
17:10 bilby INFO    : Written checkpoint file hy_outdir/u_hype_26559_resume.pickle
17:10 bilby INFO    : Writing 1087 current samples to hy_outdir/u_hype_26559_samples.dat
/home/yzq/miniconda3/envs/bilby/lib/python3.8/site-packages/dynesty/utils.py:171: DeprecationWarning: `np.int` is a deprecated alias for the builtin `int`. To silence this warning, use `int` by itself. Doing this will not modify any behavior and is safe. When replacing `np.int`, you may wish to use e.g. `np.int64` or `np.int32` to specify the precision. If you wish to review your current use, check the release note link for additional information.
Deprecated in NumPy 1.20; for more details and guidance: https://numpy.org/devdocs/release/1.20.0-notes.html#deprecations
  idx = np.zeros(nsamples, dtype=np.int)
/home/yzq/miniconda3/envs/bilby/lib/python3.8/site-packages/dynesty/utils.py:171: DeprecationWarning: `np.int` is a deprecated alias for the builtin `int`. To silence this warning, use `int` by itself. Doing this will not modify any behavior and is safe. When replacing `np.int`, you may wish to use e.g. `np.int64` or `np.int32` to specify the precision. If you wish to review your current use, check the release note link for additional information.
Deprecated in NumPy 1.20; for more details and guidance: https://numpy.org/devdocs/release/1.20.0-notes.html#deprecations
  idx = np.zeros(nsamples, dtype=np.int)
17:11 bilby INFO    : Starting to close worker pool.
17:11 bilby INFO    : Finished closing worker pool.
/home/yzq/miniconda3/envs/bilby/lib/python3.8/site-packages/dynesty/utils.py:171: DeprecationWarning: `np.int` is a deprecated alias for the builtin `int`. To silence this warning, use `int` by itself. Doing this will not modify any behavior and is safe. When replacing `np.int`, you may wish to use e.g. `np.int64` or `np.int32` to specify the precision. If you wish to review your current use, check the release note link for additional information.
Deprecated in NumPy 1.20; for more details and guidance: https://numpy.org/devdocs/release/1.20.0-notes.html#deprecations
  idx = np.zeros(nsamples, dtype=np.int)
17:11 bilby WARNING : Multiple likelihood matches found between sorted and unsorted samples. Taking the first match.
17:11 bilby WARNING : Multiple likelihood matches found between sorted and unsorted samples. Taking the first match.
17:11 bilby WARNING : Multiple likelihood matches found between sorted and unsorted samples. Taking the first match.
17:11 bilby WARNING : Multiple likelihood matches found between sorted and unsorted samples. Taking the first match.
17:11 bilby WARNING : Multiple likelihood matches found between sorted and unsorted samples. Taking the first match.
17:11 bilby WARNING : Multiple likelihood matches found between sorted and unsorted samples. Taking the first match.
17:11 bilby WARNING : Multiple likelihood matches found between sorted and unsorted samples. Taking the first match.
17:11 bilby WARNING : Multiple likelihood matches found between sorted and unsorted samples. Taking the first match.
17:11 bilby INFO    : Sampling time: 4:50:26.448211
17:11 bilby INFO    : Summary of results:
nsamples: 2935
ln_noise_evidence:  0.000
ln_evidence: 46.276 +/-  0.122
ln_bayes_factor: 46.276 +/-  0.122

/home/yzq/miniconda3/envs/bilby/lib/python3.8/site-packages/bilby/core/result.py:1032: DeprecationWarning: distutils Version classes are deprecated. Use packaging.version instead.
  if LooseVersion(matplotlib.__version__) < "2.1":
/home/yzq/miniconda3/envs/bilby/lib/python3.8/site-packages/setuptools/_distutils/version.py:346: DeprecationWarning: distutils Version classes are deprecated. Use packaging.version instead.
  other = LooseVersion(other)
