01:28 bilby INFO    : Running for label 'u_hype_51566', output will be saved to 'hy_outdir'
01:28 bilby INFO    : Search parameters:
01:28 bilby INFO    :   mlo = Uniform(minimum=0.9, maximum=1.5, name='mlo', latex_label='$\\rm{m^l}$', unit=None, boundary=None)
01:28 bilby INFO    :   mup = Uniform(minimum=1.5, maximum=2.9, name='mup', latex_label='$\\rm{m^u}$', unit=None, boundary=None)
01:28 bilby INFO    : Single likelihood evaluation took 1.015e-02 s
01:28 bilby INFO    : Using sampler Dynesty with kwargs {'bound': 'multi', 'sample': 'rwalk', 'verbose': True, 'periodic': None, 'reflective': None, 'check_point_delta_t': 600, 'nlive': 400, 'first_update': None, 'walks': 100, 'npdim': None, 'rstate': None, 'queue_size': 20, 'pool': None, 'use_pool': None, 'live_points': None, 'logl_args': None, 'logl_kwargs': None, 'ptform_args': None, 'ptform_kwargs': None, 'enlarge': 1.5, 'bootstrap': None, 'vol_dec': 0.5, 'vol_check': 8.0, 'facc': 0.2, 'slices': 5, 'update_interval': 240, 'print_func': <bound method Dynesty._print_func of <bilby.core.sampler.dynesty.Dynesty object at 0x7faa7030d130>>, 'dlogz': 0.1, 'maxiter': None, 'maxcall': None, 'logl_max': inf, 'add_live': True, 'print_progress': True, 'save_bounds': False, 'n_effective': None, 'maxmcmc': 5000, 'nact': 5}
01:28 bilby INFO    : Checkpoint every check_point_delta_t = 600s
01:28 bilby INFO    : Using dynesty version 1.0.1
01:28 bilby INFO    : Using the bilby-implemented rwalk sample method with ACT estimated walks
01:28 bilby INFO    : Setting up multiproccesing pool with 20 processes.
01:28 bilby INFO    : Generating initial points from the prior
01:40 bilby INFO    : Written checkpoint file hy_outdir/u_hype_51566_resume.pickle
01:51 bilby INFO    : Written checkpoint file hy_outdir/u_hype_51566_resume.pickle
01:51 bilby INFO    : Writing 106 current samples to hy_outdir/u_hype_51566_samples.dat
02:01 bilby INFO    : Written checkpoint file hy_outdir/u_hype_51566_resume.pickle
02:01 bilby INFO    : Writing 182 current samples to hy_outdir/u_hype_51566_samples.dat
02:12 bilby INFO    : Written checkpoint file hy_outdir/u_hype_51566_resume.pickle
02:12 bilby INFO    : Writing 269 current samples to hy_outdir/u_hype_51566_samples.dat
02:23 bilby INFO    : Written checkpoint file hy_outdir/u_hype_51566_resume.pickle
02:23 bilby INFO    : Writing 488 current samples to hy_outdir/u_hype_51566_samples.dat
02:33 bilby INFO    : Written checkpoint file hy_outdir/u_hype_51566_resume.pickle
02:33 bilby INFO    : Writing 961 current samples to hy_outdir/u_hype_51566_samples.dat
02:44 bilby INFO    : Written checkpoint file hy_outdir/u_hype_51566_resume.pickle
02:44 bilby INFO    : Writing 1222 current samples to hy_outdir/u_hype_51566_samples.dat
02:55 bilby INFO    : Written checkpoint file hy_outdir/u_hype_51566_resume.pickle
02:55 bilby INFO    : Writing 1204 current samples to hy_outdir/u_hype_51566_samples.dat
03:01 bilby INFO    : Written checkpoint file hy_outdir/u_hype_51566_resume.pickle
03:01 bilby INFO    : Writing 1195 current samples to hy_outdir/u_hype_51566_samples.dat
03:01 bilby INFO    : Starting to close worker pool.
03:01 bilby INFO    : Finished closing worker pool.
03:01 bilby WARNING : Multiple likelihood matches found between sorted and unsorted samples. Taking the first match.
03:01 bilby WARNING : Multiple likelihood matches found between sorted and unsorted samples. Taking the first match.
03:01 bilby WARNING : Multiple likelihood matches found between sorted and unsorted samples. Taking the first match.
03:01 bilby WARNING : Multiple likelihood matches found between sorted and unsorted samples. Taking the first match.
03:01 bilby WARNING : Multiple likelihood matches found between sorted and unsorted samples. Taking the first match.
03:01 bilby WARNING : Multiple likelihood matches found between sorted and unsorted samples. Taking the first match.
03:01 bilby WARNING : Multiple likelihood matches found between sorted and unsorted samples. Taking the first match.
03:01 bilby WARNING : Multiple likelihood matches found between sorted and unsorted samples. Taking the first match.
03:01 bilby WARNING : Multiple likelihood matches found between sorted and unsorted samples. Taking the first match.
03:01 bilby WARNING : Multiple likelihood matches found between sorted and unsorted samples. Taking the first match.
03:01 bilby WARNING : Multiple likelihood matches found between sorted and unsorted samples. Taking the first match.
03:01 bilby WARNING : Multiple likelihood matches found between sorted and unsorted samples. Taking the first match.
03:01 bilby WARNING : Multiple likelihood matches found between sorted and unsorted samples. Taking the first match.
03:01 bilby WARNING : Multiple likelihood matches found between sorted and unsorted samples. Taking the first match.
03:01 bilby WARNING : Multiple likelihood matches found between sorted and unsorted samples. Taking the first match.
03:01 bilby WARNING : Multiple likelihood matches found between sorted and unsorted samples. Taking the first match.
03:01 bilby WARNING : Multiple likelihood matches found between sorted and unsorted samples. Taking the first match.
03:01 bilby WARNING : Multiple likelihood matches found between sorted and unsorted samples. Taking the first match.
03:01 bilby WARNING : Multiple likelihood matches found between sorted and unsorted samples. Taking the first match.
03:01 bilby WARNING : Multiple likelihood matches found between sorted and unsorted samples. Taking the first match.
03:01 bilby WARNING : Multiple likelihood matches found between sorted and unsorted samples. Taking the first match.
03:01 bilby WARNING : Multiple likelihood matches found between sorted and unsorted samples. Taking the first match.
03:01 bilby WARNING : Multiple likelihood matches found between sorted and unsorted samples. Taking the first match.
03:01 bilby WARNING : Multiple likelihood matches found between sorted and unsorted samples. Taking the first match.
03:01 bilby WARNING : Multiple likelihood matches found between sorted and unsorted samples. Taking the first match.
03:01 bilby WARNING : Multiple likelihood matches found between sorted and unsorted samples. Taking the first match.
03:01 bilby WARNING : Multiple likelihood matches found between sorted and unsorted samples. Taking the first match.
03:01 bilby WARNING : Multiple likelihood matches found between sorted and unsorted samples. Taking the first match.
03:01 bilby WARNING : Multiple likelihood matches found between sorted and unsorted samples. Taking the first match.
03:01 bilby WARNING : Multiple likelihood matches found between sorted and unsorted samples. Taking the first match.
03:01 bilby WARNING : Multiple likelihood matches found between sorted and unsorted samples. Taking the first match.
03:01 bilby WARNING : Multiple likelihood matches found between sorted and unsorted samples. Taking the first match.
03:01 bilby WARNING : Multiple likelihood matches found between sorted and unsorted samples. Taking the first match.
03:01 bilby WARNING : Multiple likelihood matches found between sorted and unsorted samples. Taking the first match.
03:01 bilby WARNING : Multiple likelihood matches found between sorted and unsorted samples. Taking the first match.
03:01 bilby WARNING : Multiple likelihood matches found between sorted and unsorted samples. Taking the first match.
03:01 bilby WARNING : Multiple likelihood matches found between sorted and unsorted samples. Taking the first match.
03:01 bilby WARNING : Multiple likelihood matches found between sorted and unsorted samples. Taking the first match.
03:01 bilby WARNING : Multiple likelihood matches found between sorted and unsorted samples. Taking the first match.
03:01 bilby WARNING : Multiple likelihood matches found between sorted and unsorted samples. Taking the first match.
03:01 bilby WARNING : Multiple likelihood matches found between sorted and unsorted samples. Taking the first match.
03:01 bilby WARNING : Multiple likelihood matches found between sorted and unsorted samples. Taking the first match.
03:01 bilby WARNING : Multiple likelihood matches found between sorted and unsorted samples. Taking the first match.
03:01 bilby WARNING : Multiple likelihood matches found between sorted and unsorted samples. Taking the first match.
03:01 bilby WARNING : Multiple likelihood matches found between sorted and unsorted samples. Taking the first match.
03:01 bilby WARNING : Multiple likelihood matches found between sorted and unsorted samples. Taking the first match.
03:01 bilby WARNING : Multiple likelihood matches found between sorted and unsorted samples. Taking the first match.
03:01 bilby WARNING : Multiple likelihood matches found between sorted and unsorted samples. Taking the first match.
03:01 bilby WARNING : Multiple likelihood matches found between sorted and unsorted samples. Taking the first match.
03:01 bilby WARNING : Multiple likelihood matches found between sorted and unsorted samples. Taking the first match.
03:01 bilby WARNING : Multiple likelihood matches found between sorted and unsorted samples. Taking the first match.
03:01 bilby WARNING : Multiple likelihood matches found between sorted and unsorted samples. Taking the first match.
03:01 bilby WARNING : Multiple likelihood matches found between sorted and unsorted samples. Taking the first match.
03:01 bilby WARNING : Multiple likelihood matches found between sorted and unsorted samples. Taking the first match.
03:01 bilby WARNING : Multiple likelihood matches found between sorted and unsorted samples. Taking the first match.
03:01 bilby WARNING : Multiple likelihood matches found between sorted and unsorted samples. Taking the first match.
03:01 bilby WARNING : Multiple likelihood matches found between sorted and unsorted samples. Taking the first match.
03:01 bilby WARNING : Multiple likelihood matches found between sorted and unsorted samples. Taking the first match.
03:01 bilby WARNING : Multiple likelihood matches found between sorted and unsorted samples. Taking the first match.
03:01 bilby WARNING : Multiple likelihood matches found between sorted and unsorted samples. Taking the first match.
03:01 bilby WARNING : Multiple likelihood matches found between sorted and unsorted samples. Taking the first match.
03:01 bilby WARNING : Multiple likelihood matches found between sorted and unsorted samples. Taking the first match.
03:01 bilby WARNING : Multiple likelihood matches found between sorted and unsorted samples. Taking the first match.
03:01 bilby WARNING : Multiple likelihood matches found between sorted and unsorted samples. Taking the first match.
03:01 bilby WARNING : Multiple likelihood matches found between sorted and unsorted samples. Taking the first match.
03:01 bilby WARNING : Multiple likelihood matches found between sorted and unsorted samples. Taking the first match.
03:01 bilby WARNING : Multiple likelihood matches found between sorted and unsorted samples. Taking the first match.
03:01 bilby WARNING : Multiple likelihood matches found between sorted and unsorted samples. Taking the first match.
03:01 bilby WARNING : Multiple likelihood matches found between sorted and unsorted samples. Taking the first match.
03:01 bilby WARNING : Multiple likelihood matches found between sorted and unsorted samples. Taking the first match.
03:01 bilby WARNING : Multiple likelihood matches found between sorted and unsorted samples. Taking the first match.
03:01 bilby WARNING : Multiple likelihood matches found between sorted and unsorted samples. Taking the first match.
03:01 bilby WARNING : Multiple likelihood matches found between sorted and unsorted samples. Taking the first match.
03:01 bilby WARNING : Multiple likelihood matches found between sorted and unsorted samples. Taking the first match.
03:01 bilby WARNING : Multiple likelihood matches found between sorted and unsorted samples. Taking the first match.
03:01 bilby WARNING : Multiple likelihood matches found between sorted and unsorted samples. Taking the first match.
03:01 bilby WARNING : Multiple likelihood matches found between sorted and unsorted samples. Taking the first match.
03:01 bilby WARNING : Multiple likelihood matches found between sorted and unsorted samples. Taking the first match.
03:01 bilby WARNING : Multiple likelihood matches found between sorted and unsorted samples. Taking the first match.
03:01 bilby WARNING : Multiple likelihood matches found between sorted and unsorted samples. Taking the first match.
03:01 bilby WARNING : Multiple likelihood matches found between sorted and unsorted samples. Taking the first match.
03:01 bilby WARNING : Multiple likelihood matches found between sorted and unsorted samples. Taking the first match.
03:01 bilby WARNING : Multiple likelihood matches found between sorted and unsorted samples. Taking the first match.
03:01 bilby WARNING : Multiple likelihood matches found between sorted and unsorted samples. Taking the first match.
03:01 bilby WARNING : Multiple likelihood matches found between sorted and unsorted samples. Taking the first match.
03:01 bilby WARNING : Multiple likelihood matches found between sorted and unsorted samples. Taking the first match.
03:01 bilby WARNING : Multiple likelihood matches found between sorted and unsorted samples. Taking the first match.
03:01 bilby WARNING : Multiple likelihood matches found between sorted and unsorted samples. Taking the first match.
03:01 bilby WARNING : Multiple likelihood matches found between sorted and unsorted samples. Taking the first match.
03:01 bilby WARNING : Multiple likelihood matches found between sorted and unsorted samples. Taking the first match.
03:01 bilby WARNING : Multiple likelihood matches found between sorted and unsorted samples. Taking the first match.
03:01 bilby WARNING : Multiple likelihood matches found between sorted and unsorted samples. Taking the first match.
03:01 bilby WARNING : Multiple likelihood matches found between sorted and unsorted samples. Taking the first match.
03:01 bilby WARNING : Multiple likelihood matches found between sorted and unsorted samples. Taking the first match.
03:01 bilby WARNING : Multiple likelihood matches found between sorted and unsorted samples. Taking the first match.
03:01 bilby WARNING : Multiple likelihood matches found between sorted and unsorted samples. Taking the first match.
03:01 bilby WARNING : Multiple likelihood matches found between sorted and unsorted samples. Taking the first match.
03:01 bilby WARNING : Multiple likelihood matches found between sorted and unsorted samples. Taking the first match.
03:01 bilby WARNING : Multiple likelihood matches found between sorted and unsorted samples. Taking the first match.
03:01 bilby WARNING : Multiple likelihood matches found between sorted and unsorted samples. Taking the first match.
03:01 bilby WARNING : Multiple likelihood matches found between sorted and unsorted samples. Taking the first match.
03:01 bilby WARNING : Multiple likelihood matches found between sorted and unsorted samples. Taking the first match.
03:01 bilby WARNING : Multiple likelihood matches found between sorted and unsorted samples. Taking the first match.
03:01 bilby WARNING : Multiple likelihood matches found between sorted and unsorted samples. Taking the first match.
03:01 bilby WARNING : Multiple likelihood matches found between sorted and unsorted samples. Taking the first match.
03:01 bilby WARNING : Multiple likelihood matches found between sorted and unsorted samples. Taking the first match.
03:01 bilby WARNING : Multiple likelihood matches found between sorted and unsorted samples. Taking the first match.
03:01 bilby WARNING : Multiple likelihood matches found between sorted and unsorted samples. Taking the first match.
03:01 bilby WARNING : Multiple likelihood matches found between sorted and unsorted samples. Taking the first match.
03:01 bilby WARNING : Multiple likelihood matches found between sorted and unsorted samples. Taking the first match.
03:01 bilby WARNING : Multiple likelihood matches found between sorted and unsorted samples. Taking the first match.
03:01 bilby WARNING : Multiple likelihood matches found between sorted and unsorted samples. Taking the first match.
03:01 bilby WARNING : Multiple likelihood matches found between sorted and unsorted samples. Taking the first match.
03:01 bilby WARNING : Multiple likelihood matches found between sorted and unsorted samples. Taking the first match.
03:01 bilby WARNING : Multiple likelihood matches found between sorted and unsorted samples. Taking the first match.
03:01 bilby WARNING : Multiple likelihood matches found between sorted and unsorted samples. Taking the first match.
03:01 bilby WARNING : Multiple likelihood matches found between sorted and unsorted samples. Taking the first match.
03:01 bilby WARNING : Multiple likelihood matches found between sorted and unsorted samples. Taking the first match.
03:01 bilby WARNING : Multiple likelihood matches found between sorted and unsorted samples. Taking the first match.
03:01 bilby WARNING : Multiple likelihood matches found between sorted and unsorted samples. Taking the first match.
03:01 bilby WARNING : Multiple likelihood matches found between sorted and unsorted samples. Taking the first match.
03:01 bilby WARNING : Multiple likelihood matches found between sorted and unsorted samples. Taking the first match.
03:01 bilby INFO    : Sampling time: 1:31:23.642172
03:01 bilby INFO    : Summary of results:
nsamples: 3043
ln_noise_evidence:  0.000
ln_evidence: 38.504 +/-  0.123
ln_bayes_factor: 38.504 +/-  0.123

/home/yzq/miniconda3/envs/bilby/lib/python3.8/site-packages/bilby/core/result.py:1170: DeprecationWarning: distutils Version classes are deprecated. Use packaging.version instead.
  if LooseVersion(matplotlib.__version__) < "2.1":
/home/yzq/miniconda3/envs/bilby/lib/python3.8/site-packages/setuptools/_distutils/version.py:346: DeprecationWarning: distutils Version classes are deprecated. Use packaging.version instead.
  other = LooseVersion(other)
