13:51 bilby INFO    : Running for label 'u_hype_65739', output will be saved to 'hy_outdir'
13:51 bilby INFO    : Search parameters:
13:51 bilby INFO    :   mu1 = Uniform(minimum=0.9, maximum=2.9, name='mu1', latex_label='$\\mu_1$', unit=None, boundary=None)
13:51 bilby INFO    :   sigma1 = Uniform(minimum=0.01, maximum=2, name='sigma1', latex_label='$\\sigma_1$', unit=None, boundary=None)
13:51 bilby INFO    :   mu2 = Uniform(minimum=0.9, maximum=2.9, name='mu2', latex_label='$\\mu_2$', unit=None, boundary=None)
13:51 bilby INFO    :   sigma2 = Uniform(minimum=0.01, maximum=2, name='sigma2', latex_label='$\\sigma_2$', unit=None, boundary=None)
13:51 bilby INFO    :   alpha = Uniform(minimum=0.01, maximum=1, name='alpha', latex_label='$\\alpha$', unit=None, boundary=None)
13:51 bilby INFO    :   mlo = Uniform(minimum=0.9, maximum=1.5, name='mlo', latex_label='$\\rm{m^l}$', unit=None, boundary=None)
13:51 bilby INFO    : Single likelihood evaluation took 1.218e-02 s
13:51 bilby INFO    : Using sampler Dynesty with kwargs {'bound': 'multi', 'sample': 'rwalk', 'verbose': True, 'periodic': None, 'reflective': None, 'check_point_delta_t': 600, 'nlive': 400, 'first_update': None, 'walks': 100, 'npdim': None, 'rstate': None, 'queue_size': 20, 'pool': None, 'use_pool': None, 'live_points': None, 'logl_args': None, 'logl_kwargs': None, 'ptform_args': None, 'ptform_kwargs': None, 'enlarge': 1.5, 'bootstrap': None, 'vol_dec': 0.5, 'vol_check': 8.0, 'facc': 0.2, 'slices': 5, 'update_interval': 240, 'print_func': <bound method Dynesty._print_func of <bilby.core.sampler.dynesty.Dynesty object at 0x7f1c603ad2e0>>, 'dlogz': 0.1, 'maxiter': None, 'maxcall': None, 'logl_max': inf, 'add_live': True, 'print_progress': True, 'save_bounds': False, 'n_effective': None, 'maxmcmc': 5000, 'nact': 5}
13:51 bilby INFO    : Checkpoint every check_point_delta_t = 600s
13:51 bilby INFO    : Using dynesty version 1.0.1
13:51 bilby INFO    : Using the bilby-implemented rwalk sample method with ACT estimated walks
13:51 bilby INFO    : Setting up multiproccesing pool with 20 processes.
13:51 bilby INFO    : Generating initial points from the prior
14:03 bilby INFO    : Written checkpoint file hy_outdir/u_hype_65739_resume.pickle
14:13 bilby INFO    : Written checkpoint file hy_outdir/u_hype_65739_resume.pickle
14:24 bilby INFO    : Written checkpoint file hy_outdir/u_hype_65739_resume.pickle
14:34 bilby INFO    : Written checkpoint file hy_outdir/u_hype_65739_resume.pickle
14:45 bilby INFO    : Written checkpoint file hy_outdir/u_hype_65739_resume.pickle
14:55 bilby INFO    : Written checkpoint file hy_outdir/u_hype_65739_resume.pickle
15:05 bilby INFO    : Written checkpoint file hy_outdir/u_hype_65739_resume.pickle
15:15 bilby INFO    : Written checkpoint file hy_outdir/u_hype_65739_resume.pickle
15:26 bilby INFO    : Written checkpoint file hy_outdir/u_hype_65739_resume.pickle
15:37 bilby INFO    : Written checkpoint file hy_outdir/u_hype_65739_resume.pickle
15:48 bilby INFO    : Written checkpoint file hy_outdir/u_hype_65739_resume.pickle
15:59 bilby INFO    : Written checkpoint file hy_outdir/u_hype_65739_resume.pickle
15:59 bilby INFO    : Writing 110 current samples to hy_outdir/u_hype_65739_samples.dat
16:10 bilby INFO    : Written checkpoint file hy_outdir/u_hype_65739_resume.pickle
16:10 bilby INFO    : Writing 128 current samples to hy_outdir/u_hype_65739_samples.dat
16:20 bilby INFO    : Written checkpoint file hy_outdir/u_hype_65739_resume.pickle
16:20 bilby INFO    : Writing 179 current samples to hy_outdir/u_hype_65739_samples.dat
16:31 bilby INFO    : Written checkpoint file hy_outdir/u_hype_65739_resume.pickle
16:31 bilby INFO    : Writing 276 current samples to hy_outdir/u_hype_65739_samples.dat
16:42 bilby INFO    : Written checkpoint file hy_outdir/u_hype_65739_resume.pickle
16:42 bilby INFO    : Writing 366 current samples to hy_outdir/u_hype_65739_samples.dat
16:52 bilby INFO    : Written checkpoint file hy_outdir/u_hype_65739_resume.pickle
16:52 bilby INFO    : Writing 527 current samples to hy_outdir/u_hype_65739_samples.dat
17:03 bilby INFO    : Written checkpoint file hy_outdir/u_hype_65739_resume.pickle
17:03 bilby INFO    : Writing 444 current samples to hy_outdir/u_hype_65739_samples.dat
17:14 bilby INFO    : Written checkpoint file hy_outdir/u_hype_65739_resume.pickle
17:14 bilby INFO    : Writing 978 current samples to hy_outdir/u_hype_65739_samples.dat
17:24 bilby INFO    : Written checkpoint file hy_outdir/u_hype_65739_resume.pickle
17:24 bilby INFO    : Writing 1772 current samples to hy_outdir/u_hype_65739_samples.dat
17:28 bilby INFO    : Written checkpoint file hy_outdir/u_hype_65739_resume.pickle
17:28 bilby INFO    : Writing 1756 current samples to hy_outdir/u_hype_65739_samples.dat
17:28 bilby INFO    : Starting to close worker pool.
17:29 bilby INFO    : Finished closing worker pool.
17:29 bilby WARNING : Multiple likelihood matches found between sorted and unsorted samples. Taking the first match.
17:29 bilby WARNING : Multiple likelihood matches found between sorted and unsorted samples. Taking the first match.
17:29 bilby WARNING : Multiple likelihood matches found between sorted and unsorted samples. Taking the first match.
17:29 bilby WARNING : Multiple likelihood matches found between sorted and unsorted samples. Taking the first match.
17:29 bilby WARNING : Multiple likelihood matches found between sorted and unsorted samples. Taking the first match.
17:29 bilby WARNING : Multiple likelihood matches found between sorted and unsorted samples. Taking the first match.
17:29 bilby INFO    : Sampling time: 3:35:36.840001
17:29 bilby INFO    : Summary of results:
nsamples: 5327
ln_noise_evidence:  0.000
ln_evidence: 57.327 +/-  0.189
ln_bayes_factor: 57.327 +/-  0.189

/home/yzq/miniconda3/envs/bilby/lib/python3.8/site-packages/bilby/core/result.py:1170: DeprecationWarning: distutils Version classes are deprecated. Use packaging.version instead.
  if LooseVersion(matplotlib.__version__) < "2.1":
/home/yzq/miniconda3/envs/bilby/lib/python3.8/site-packages/setuptools/_distutils/version.py:346: DeprecationWarning: distutils Version classes are deprecated. Use packaging.version instead.
  other = LooseVersion(other)
