13:52 bilby INFO    : Running for label 'u_hype_47677', output will be saved to 'hy_outdir'
13:52 bilby INFO    : Search parameters:
13:52 bilby INFO    :   mu1 = Uniform(minimum=0.9, maximum=2.9, name='mu1', latex_label='$\\mu_1$', unit=None, boundary=None)
13:52 bilby INFO    :   sigma1 = Uniform(minimum=0.01, maximum=2, name='sigma1', latex_label='$\\sigma_1$', unit=None, boundary=None)
13:52 bilby INFO    :   mu2 = Uniform(minimum=0.9, maximum=2.9, name='mu2', latex_label='$\\mu_2$', unit=None, boundary=None)
13:52 bilby INFO    :   sigma2 = Uniform(minimum=0.01, maximum=2, name='sigma2', latex_label='$\\sigma_2$', unit=None, boundary=None)
13:52 bilby INFO    :   alpha = Uniform(minimum=0.01, maximum=1, name='alpha', latex_label='$\\alpha$', unit=None, boundary=None)
13:52 bilby INFO    :   mlo = Uniform(minimum=0.9, maximum=1.5, name='mlo', latex_label='$\\rm{m^l}$', unit=None, boundary=None)
13:52 bilby INFO    : Single likelihood evaluation took 1.605e-02 s
13:52 bilby INFO    : Using sampler Dynesty with kwargs {'bound': 'multi', 'sample': 'rwalk', 'verbose': True, 'periodic': None, 'reflective': None, 'check_point_delta_t': 600, 'nlive': 400, 'first_update': None, 'walks': 100, 'npdim': None, 'rstate': None, 'queue_size': 20, 'pool': None, 'use_pool': None, 'live_points': None, 'logl_args': None, 'logl_kwargs': None, 'ptform_args': None, 'ptform_kwargs': None, 'enlarge': 1.5, 'bootstrap': None, 'vol_dec': 0.5, 'vol_check': 8.0, 'facc': 0.2, 'slices': 5, 'update_interval': 240, 'print_func': <bound method Dynesty._print_func of <bilby.core.sampler.dynesty.Dynesty object at 0x7fccd35790a0>>, 'dlogz': 0.1, 'maxiter': None, 'maxcall': None, 'logl_max': inf, 'add_live': True, 'print_progress': True, 'save_bounds': False, 'n_effective': None, 'maxmcmc': 5000, 'nact': 5}
13:52 bilby INFO    : Checkpoint every check_point_delta_t = 600s
13:52 bilby INFO    : Using dynesty version 1.0.1
13:52 bilby INFO    : Using the bilby-implemented rwalk sample method with ACT estimated walks
13:52 bilby INFO    : Setting up multiproccesing pool with 20 processes.
13:52 bilby INFO    : Generating initial points from the prior
14:04 bilby INFO    : Written checkpoint file hy_outdir/u_hype_47677_resume.pickle
14:04 bilby INFO    : Writing 407 current samples to hy_outdir/u_hype_47677_samples.dat
14:16 bilby INFO    : Written checkpoint file hy_outdir/u_hype_47677_resume.pickle
14:16 bilby INFO    : Writing 400 current samples to hy_outdir/u_hype_47677_samples.dat
14:26 bilby INFO    : Written checkpoint file hy_outdir/u_hype_47677_resume.pickle
14:26 bilby INFO    : Writing 404 current samples to hy_outdir/u_hype_47677_samples.dat
14:38 bilby INFO    : Written checkpoint file hy_outdir/u_hype_47677_resume.pickle
14:38 bilby INFO    : Writing 401 current samples to hy_outdir/u_hype_47677_samples.dat
14:48 bilby INFO    : Written checkpoint file hy_outdir/u_hype_47677_resume.pickle
14:48 bilby INFO    : Writing 391 current samples to hy_outdir/u_hype_47677_samples.dat
14:59 bilby INFO    : Written checkpoint file hy_outdir/u_hype_47677_resume.pickle
14:59 bilby INFO    : Writing 394 current samples to hy_outdir/u_hype_47677_samples.dat
15:11 bilby INFO    : Written checkpoint file hy_outdir/u_hype_47677_resume.pickle
15:11 bilby INFO    : Writing 378 current samples to hy_outdir/u_hype_47677_samples.dat
15:25 bilby INFO    : Written checkpoint file hy_outdir/u_hype_47677_resume.pickle
15:25 bilby INFO    : Writing 399 current samples to hy_outdir/u_hype_47677_samples.dat
15:36 bilby INFO    : Written checkpoint file hy_outdir/u_hype_47677_resume.pickle
15:36 bilby INFO    : Writing 390 current samples to hy_outdir/u_hype_47677_samples.dat
15:46 bilby INFO    : Written checkpoint file hy_outdir/u_hype_47677_resume.pickle
15:46 bilby INFO    : Writing 397 current samples to hy_outdir/u_hype_47677_samples.dat
15:58 bilby INFO    : Written checkpoint file hy_outdir/u_hype_47677_resume.pickle
15:58 bilby INFO    : Writing 394 current samples to hy_outdir/u_hype_47677_samples.dat
16:10 bilby INFO    : Written checkpoint file hy_outdir/u_hype_47677_resume.pickle
16:10 bilby INFO    : Writing 406 current samples to hy_outdir/u_hype_47677_samples.dat
16:24 bilby INFO    : Written checkpoint file hy_outdir/u_hype_47677_resume.pickle
16:24 bilby INFO    : Writing 400 current samples to hy_outdir/u_hype_47677_samples.dat
16:34 bilby INFO    : Written checkpoint file hy_outdir/u_hype_47677_resume.pickle
16:34 bilby INFO    : Writing 380 current samples to hy_outdir/u_hype_47677_samples.dat
16:45 bilby INFO    : Written checkpoint file hy_outdir/u_hype_47677_resume.pickle
16:45 bilby INFO    : Writing 413 current samples to hy_outdir/u_hype_47677_samples.dat
16:58 bilby INFO    : Written checkpoint file hy_outdir/u_hype_47677_resume.pickle
16:58 bilby INFO    : Writing 397 current samples to hy_outdir/u_hype_47677_samples.dat
17:08 bilby INFO    : Written checkpoint file hy_outdir/u_hype_47677_resume.pickle
17:08 bilby INFO    : Writing 391 current samples to hy_outdir/u_hype_47677_samples.dat
17:19 bilby INFO    : Written checkpoint file hy_outdir/u_hype_47677_resume.pickle
17:19 bilby INFO    : Writing 399 current samples to hy_outdir/u_hype_47677_samples.dat
17:29 bilby INFO    : Written checkpoint file hy_outdir/u_hype_47677_resume.pickle
17:29 bilby INFO    : Writing 409 current samples to hy_outdir/u_hype_47677_samples.dat
17:40 bilby INFO    : Written checkpoint file hy_outdir/u_hype_47677_resume.pickle
17:40 bilby INFO    : Writing 419 current samples to hy_outdir/u_hype_47677_samples.dat
17:50 bilby INFO    : Written checkpoint file hy_outdir/u_hype_47677_resume.pickle
17:50 bilby INFO    : Writing 397 current samples to hy_outdir/u_hype_47677_samples.dat
18:00 bilby INFO    : Written checkpoint file hy_outdir/u_hype_47677_resume.pickle
18:00 bilby INFO    : Writing 415 current samples to hy_outdir/u_hype_47677_samples.dat
18:11 bilby INFO    : Written checkpoint file hy_outdir/u_hype_47677_resume.pickle
18:11 bilby INFO    : Writing 395 current samples to hy_outdir/u_hype_47677_samples.dat
18:21 bilby INFO    : Written checkpoint file hy_outdir/u_hype_47677_resume.pickle
18:21 bilby INFO    : Writing 411 current samples to hy_outdir/u_hype_47677_samples.dat
18:31 bilby INFO    : Written checkpoint file hy_outdir/u_hype_47677_resume.pickle
18:31 bilby INFO    : Writing 413 current samples to hy_outdir/u_hype_47677_samples.dat
18:41 bilby INFO    : Written checkpoint file hy_outdir/u_hype_47677_resume.pickle
18:41 bilby INFO    : Writing 405 current samples to hy_outdir/u_hype_47677_samples.dat
18:52 bilby INFO    : Written checkpoint file hy_outdir/u_hype_47677_resume.pickle
18:52 bilby INFO    : Writing 381 current samples to hy_outdir/u_hype_47677_samples.dat
19:02 bilby INFO    : Written checkpoint file hy_outdir/u_hype_47677_resume.pickle
19:02 bilby INFO    : Writing 415 current samples to hy_outdir/u_hype_47677_samples.dat
19:12 bilby INFO    : Written checkpoint file hy_outdir/u_hype_47677_resume.pickle
19:12 bilby INFO    : Writing 386 current samples to hy_outdir/u_hype_47677_samples.dat
19:22 bilby INFO    : Written checkpoint file hy_outdir/u_hype_47677_resume.pickle
19:22 bilby INFO    : Writing 388 current samples to hy_outdir/u_hype_47677_samples.dat
19:33 bilby INFO    : Written checkpoint file hy_outdir/u_hype_47677_resume.pickle
19:33 bilby INFO    : Writing 393 current samples to hy_outdir/u_hype_47677_samples.dat
19:43 bilby INFO    : Written checkpoint file hy_outdir/u_hype_47677_resume.pickle
19:43 bilby INFO    : Writing 395 current samples to hy_outdir/u_hype_47677_samples.dat
19:47 bilby INFO    : Written checkpoint file hy_outdir/u_hype_47677_resume.pickle
19:47 bilby INFO    : Writing 412 current samples to hy_outdir/u_hype_47677_samples.dat
19:47 bilby INFO    : Starting to close worker pool.
19:47 bilby INFO    : Finished closing worker pool.
19:47 bilby WARNING : Multiple likelihood matches found between sorted and unsorted samples. Taking the first match.
19:47 bilby WARNING : Multiple likelihood matches found between sorted and unsorted samples. Taking the first match.
19:47 bilby WARNING : Multiple likelihood matches found between sorted and unsorted samples. Taking the first match.
19:47 bilby WARNING : Multiple likelihood matches found between sorted and unsorted samples. Taking the first match.
19:47 bilby WARNING : Multiple likelihood matches found between sorted and unsorted samples. Taking the first match.
19:47 bilby WARNING : Multiple likelihood matches found between sorted and unsorted samples. Taking the first match.
19:47 bilby WARNING : Multiple likelihood matches found between sorted and unsorted samples. Taking the first match.
19:47 bilby WARNING : Multiple likelihood matches found between sorted and unsorted samples. Taking the first match.
19:47 bilby WARNING : Multiple likelihood matches found between sorted and unsorted samples. Taking the first match.
19:47 bilby WARNING : Multiple likelihood matches found between sorted and unsorted samples. Taking the first match.
19:47 bilby WARNING : Multiple likelihood matches found between sorted and unsorted samples. Taking the first match.
19:47 bilby WARNING : Multiple likelihood matches found between sorted and unsorted samples. Taking the first match.
19:47 bilby WARNING : Multiple likelihood matches found between sorted and unsorted samples. Taking the first match.
19:47 bilby WARNING : Multiple likelihood matches found between sorted and unsorted samples. Taking the first match.
19:47 bilby WARNING : Multiple likelihood matches found between sorted and unsorted samples. Taking the first match.
19:47 bilby WARNING : Multiple likelihood matches found between sorted and unsorted samples. Taking the first match.
19:47 bilby WARNING : Multiple likelihood matches found between sorted and unsorted samples. Taking the first match.
19:47 bilby WARNING : Multiple likelihood matches found between sorted and unsorted samples. Taking the first match.
19:47 bilby WARNING : Multiple likelihood matches found between sorted and unsorted samples. Taking the first match.
19:47 bilby WARNING : Multiple likelihood matches found between sorted and unsorted samples. Taking the first match.
19:47 bilby WARNING : Multiple likelihood matches found between sorted and unsorted samples. Taking the first match.
19:47 bilby WARNING : Multiple likelihood matches found between sorted and unsorted samples. Taking the first match.
19:47 bilby WARNING : Multiple likelihood matches found between sorted and unsorted samples. Taking the first match.
19:47 bilby WARNING : Multiple likelihood matches found between sorted and unsorted samples. Taking the first match.
19:47 bilby WARNING : Multiple likelihood matches found between sorted and unsorted samples. Taking the first match.
19:47 bilby WARNING : Multiple likelihood matches found between sorted and unsorted samples. Taking the first match.
19:47 bilby WARNING : Multiple likelihood matches found between sorted and unsorted samples. Taking the first match.
19:47 bilby WARNING : Multiple likelihood matches found between sorted and unsorted samples. Taking the first match.
19:47 bilby WARNING : Multiple likelihood matches found between sorted and unsorted samples. Taking the first match.
19:47 bilby WARNING : Multiple likelihood matches found between sorted and unsorted samples. Taking the first match.
19:47 bilby WARNING : Multiple likelihood matches found between sorted and unsorted samples. Taking the first match.
19:47 bilby WARNING : Multiple likelihood matches found between sorted and unsorted samples. Taking the first match.
19:47 bilby WARNING : Multiple likelihood matches found between sorted and unsorted samples. Taking the first match.
19:47 bilby WARNING : Multiple likelihood matches found between sorted and unsorted samples. Taking the first match.
19:47 bilby WARNING : Multiple likelihood matches found between sorted and unsorted samples. Taking the first match.
19:47 bilby WARNING : Multiple likelihood matches found between sorted and unsorted samples. Taking the first match.
19:47 bilby WARNING : Multiple likelihood matches found between sorted and unsorted samples. Taking the first match.
19:47 bilby WARNING : Multiple likelihood matches found between sorted and unsorted samples. Taking the first match.
19:47 bilby WARNING : Multiple likelihood matches found between sorted and unsorted samples. Taking the first match.
19:47 bilby WARNING : Multiple likelihood matches found between sorted and unsorted samples. Taking the first match.
19:47 bilby WARNING : Multiple likelihood matches found between sorted and unsorted samples. Taking the first match.
19:47 bilby WARNING : Multiple likelihood matches found between sorted and unsorted samples. Taking the first match.
19:47 bilby WARNING : Multiple likelihood matches found between sorted and unsorted samples. Taking the first match.
19:47 bilby WARNING : Multiple likelihood matches found between sorted and unsorted samples. Taking the first match.
19:47 bilby WARNING : Multiple likelihood matches found between sorted and unsorted samples. Taking the first match.
19:47 bilby WARNING : Multiple likelihood matches found between sorted and unsorted samples. Taking the first match.
19:47 bilby WARNING : Multiple likelihood matches found between sorted and unsorted samples. Taking the first match.
19:47 bilby WARNING : Multiple likelihood matches found between sorted and unsorted samples. Taking the first match.
19:47 bilby WARNING : Multiple likelihood matches found between sorted and unsorted samples. Taking the first match.
19:47 bilby WARNING : Multiple likelihood matches found between sorted and unsorted samples. Taking the first match.
19:47 bilby WARNING : Multiple likelihood matches found between sorted and unsorted samples. Taking the first match.
19:47 bilby WARNING : Multiple likelihood matches found between sorted and unsorted samples. Taking the first match.
19:47 bilby WARNING : Multiple likelihood matches found between sorted and unsorted samples. Taking the first match.
19:47 bilby WARNING : Multiple likelihood matches found between sorted and unsorted samples. Taking the first match.
19:47 bilby WARNING : Multiple likelihood matches found between sorted and unsorted samples. Taking the first match.
19:47 bilby WARNING : Multiple likelihood matches found between sorted and unsorted samples. Taking the first match.
19:47 bilby WARNING : Multiple likelihood matches found between sorted and unsorted samples. Taking the first match.
19:47 bilby WARNING : Multiple likelihood matches found between sorted and unsorted samples. Taking the first match.
19:47 bilby WARNING : Multiple likelihood matches found between sorted and unsorted samples. Taking the first match.
19:47 bilby WARNING : Multiple likelihood matches found between sorted and unsorted samples. Taking the first match.
19:47 bilby WARNING : Multiple likelihood matches found between sorted and unsorted samples. Taking the first match.
19:47 bilby WARNING : Multiple likelihood matches found between sorted and unsorted samples. Taking the first match.
19:47 bilby WARNING : Multiple likelihood matches found between sorted and unsorted samples. Taking the first match.
19:47 bilby WARNING : Multiple likelihood matches found between sorted and unsorted samples. Taking the first match.
19:47 bilby WARNING : Multiple likelihood matches found between sorted and unsorted samples. Taking the first match.
19:47 bilby WARNING : Multiple likelihood matches found between sorted and unsorted samples. Taking the first match.
19:47 bilby WARNING : Multiple likelihood matches found between sorted and unsorted samples. Taking the first match.
19:47 bilby WARNING : Multiple likelihood matches found between sorted and unsorted samples. Taking the first match.
19:47 bilby WARNING : Multiple likelihood matches found between sorted and unsorted samples. Taking the first match.
19:47 bilby WARNING : Multiple likelihood matches found between sorted and unsorted samples. Taking the first match.
19:47 bilby WARNING : Multiple likelihood matches found between sorted and unsorted samples. Taking the first match.
19:47 bilby WARNING : Multiple likelihood matches found between sorted and unsorted samples. Taking the first match.
19:47 bilby WARNING : Multiple likelihood matches found between sorted and unsorted samples. Taking the first match.
19:47 bilby WARNING : Multiple likelihood matches found between sorted and unsorted samples. Taking the first match.
19:47 bilby WARNING : Multiple likelihood matches found between sorted and unsorted samples. Taking the first match.
19:47 bilby WARNING : Multiple likelihood matches found between sorted and unsorted samples. Taking the first match.
19:47 bilby WARNING : Multiple likelihood matches found between sorted and unsorted samples. Taking the first match.
19:47 bilby WARNING : Multiple likelihood matches found between sorted and unsorted samples. Taking the first match.
19:47 bilby WARNING : Multiple likelihood matches found between sorted and unsorted samples. Taking the first match.
19:47 bilby WARNING : Multiple likelihood matches found between sorted and unsorted samples. Taking the first match.
19:47 bilby WARNING : Multiple likelihood matches found between sorted and unsorted samples. Taking the first match.
19:47 bilby WARNING : Multiple likelihood matches found between sorted and unsorted samples. Taking the first match.
19:47 bilby WARNING : Multiple likelihood matches found between sorted and unsorted samples. Taking the first match.
19:47 bilby WARNING : Multiple likelihood matches found between sorted and unsorted samples. Taking the first match.
19:47 bilby WARNING : Multiple likelihood matches found between sorted and unsorted samples. Taking the first match.
19:47 bilby WARNING : Multiple likelihood matches found between sorted and unsorted samples. Taking the first match.
19:47 bilby WARNING : Multiple likelihood matches found between sorted and unsorted samples. Taking the first match.
19:47 bilby WARNING : Multiple likelihood matches found between sorted and unsorted samples. Taking the first match.
19:47 bilby WARNING : Multiple likelihood matches found between sorted and unsorted samples. Taking the first match.
19:47 bilby WARNING : Multiple likelihood matches found between sorted and unsorted samples. Taking the first match.
19:47 bilby WARNING : Multiple likelihood matches found between sorted and unsorted samples. Taking the first match.
19:47 bilby WARNING : Multiple likelihood matches found between sorted and unsorted samples. Taking the first match.
19:47 bilby WARNING : Multiple likelihood matches found between sorted and unsorted samples. Taking the first match.
19:47 bilby WARNING : Multiple likelihood matches found between sorted and unsorted samples. Taking the first match.
19:47 bilby WARNING : Multiple likelihood matches found between sorted and unsorted samples. Taking the first match.
19:47 bilby WARNING : Multiple likelihood matches found between sorted and unsorted samples. Taking the first match.
19:47 bilby WARNING : Multiple likelihood matches found between sorted and unsorted samples. Taking the first match.
19:47 bilby WARNING : Multiple likelihood matches found between sorted and unsorted samples. Taking the first match.
19:47 bilby WARNING : Multiple likelihood matches found between sorted and unsorted samples. Taking the first match.
19:47 bilby WARNING : Multiple likelihood matches found between sorted and unsorted samples. Taking the first match.
19:47 bilby WARNING : Multiple likelihood matches found between sorted and unsorted samples. Taking the first match.
19:47 bilby WARNING : Multiple likelihood matches found between sorted and unsorted samples. Taking the first match.
19:47 bilby WARNING : Multiple likelihood matches found between sorted and unsorted samples. Taking the first match.
19:47 bilby WARNING : Multiple likelihood matches found between sorted and unsorted samples. Taking the first match.
19:47 bilby WARNING : Multiple likelihood matches found between sorted and unsorted samples. Taking the first match.
19:47 bilby WARNING : Multiple likelihood matches found between sorted and unsorted samples. Taking the first match.
19:47 bilby WARNING : Multiple likelihood matches found between sorted and unsorted samples. Taking the first match.
19:47 bilby WARNING : Multiple likelihood matches found between sorted and unsorted samples. Taking the first match.
19:47 bilby WARNING : Multiple likelihood matches found between sorted and unsorted samples. Taking the first match.
19:47 bilby WARNING : Multiple likelihood matches found between sorted and unsorted samples. Taking the first match.
19:47 bilby WARNING : Multiple likelihood matches found between sorted and unsorted samples. Taking the first match.
19:47 bilby WARNING : Multiple likelihood matches found between sorted and unsorted samples. Taking the first match.
19:47 bilby WARNING : Multiple likelihood matches found between sorted and unsorted samples. Taking the first match.
19:47 bilby WARNING : Multiple likelihood matches found between sorted and unsorted samples. Taking the first match.
19:47 bilby WARNING : Multiple likelihood matches found between sorted and unsorted samples. Taking the first match.
19:47 bilby WARNING : Multiple likelihood matches found between sorted and unsorted samples. Taking the first match.
19:47 bilby WARNING : Multiple likelihood matches found between sorted and unsorted samples. Taking the first match.
19:47 bilby WARNING : Multiple likelihood matches found between sorted and unsorted samples. Taking the first match.
19:47 bilby WARNING : Multiple likelihood matches found between sorted and unsorted samples. Taking the first match.
19:47 bilby WARNING : Multiple likelihood matches found between sorted and unsorted samples. Taking the first match.
19:47 bilby WARNING : Multiple likelihood matches found between sorted and unsorted samples. Taking the first match.
19:47 bilby WARNING : Multiple likelihood matches found between sorted and unsorted samples. Taking the first match.
19:47 bilby WARNING : Multiple likelihood matches found between sorted and unsorted samples. Taking the first match.
19:47 bilby WARNING : Multiple likelihood matches found between sorted and unsorted samples. Taking the first match.
19:47 bilby WARNING : Multiple likelihood matches found between sorted and unsorted samples. Taking the first match.
19:47 bilby WARNING : Multiple likelihood matches found between sorted and unsorted samples. Taking the first match.
19:47 bilby WARNING : Multiple likelihood matches found between sorted and unsorted samples. Taking the first match.
19:47 bilby WARNING : Multiple likelihood matches found between sorted and unsorted samples. Taking the first match.
19:47 bilby WARNING : Multiple likelihood matches found between sorted and unsorted samples. Taking the first match.
19:47 bilby WARNING : Multiple likelihood matches found between sorted and unsorted samples. Taking the first match.
19:47 bilby WARNING : Multiple likelihood matches found between sorted and unsorted samples. Taking the first match.
19:47 bilby WARNING : Multiple likelihood matches found between sorted and unsorted samples. Taking the first match.
19:47 bilby WARNING : Multiple likelihood matches found between sorted and unsorted samples. Taking the first match.
19:47 bilby WARNING : Multiple likelihood matches found between sorted and unsorted samples. Taking the first match.
19:47 bilby WARNING : Multiple likelihood matches found between sorted and unsorted samples. Taking the first match.
19:47 bilby WARNING : Multiple likelihood matches found between sorted and unsorted samples. Taking the first match.
19:47 bilby WARNING : Multiple likelihood matches found between sorted and unsorted samples. Taking the first match.
19:47 bilby WARNING : Multiple likelihood matches found between sorted and unsorted samples. Taking the first match.
19:47 bilby WARNING : Multiple likelihood matches found between sorted and unsorted samples. Taking the first match.
19:47 bilby WARNING : Multiple likelihood matches found between sorted and unsorted samples. Taking the first match.
19:47 bilby WARNING : Multiple likelihood matches found between sorted and unsorted samples. Taking the first match.
19:47 bilby WARNING : Multiple likelihood matches found between sorted and unsorted samples. Taking the first match.
19:47 bilby WARNING : Multiple likelihood matches found between sorted and unsorted samples. Taking the first match.
19:47 bilby WARNING : Multiple likelihood matches found between sorted and unsorted samples. Taking the first match.
19:47 bilby WARNING : Multiple likelihood matches found between sorted and unsorted samples. Taking the first match.
19:47 bilby WARNING : Multiple likelihood matches found between sorted and unsorted samples. Taking the first match.
19:47 bilby WARNING : Multiple likelihood matches found between sorted and unsorted samples. Taking the first match.
19:47 bilby WARNING : Multiple likelihood matches found between sorted and unsorted samples. Taking the first match.
19:47 bilby WARNING : Multiple likelihood matches found between sorted and unsorted samples. Taking the first match.
19:47 bilby WARNING : Multiple likelihood matches found between sorted and unsorted samples. Taking the first match.
19:47 bilby WARNING : Multiple likelihood matches found between sorted and unsorted samples. Taking the first match.
19:47 bilby WARNING : Multiple likelihood matches found between sorted and unsorted samples. Taking the first match.
19:47 bilby WARNING : Multiple likelihood matches found between sorted and unsorted samples. Taking the first match.
19:47 bilby WARNING : Multiple likelihood matches found between sorted and unsorted samples. Taking the first match.
19:47 bilby WARNING : Multiple likelihood matches found between sorted and unsorted samples. Taking the first match.
19:47 bilby WARNING : Multiple likelihood matches found between sorted and unsorted samples. Taking the first match.
19:47 bilby WARNING : Multiple likelihood matches found between sorted and unsorted samples. Taking the first match.
19:47 bilby WARNING : Multiple likelihood matches found between sorted and unsorted samples. Taking the first match.
19:47 bilby WARNING : Multiple likelihood matches found between sorted and unsorted samples. Taking the first match.
19:47 bilby WARNING : Multiple likelihood matches found between sorted and unsorted samples. Taking the first match.
19:47 bilby WARNING : Multiple likelihood matches found between sorted and unsorted samples. Taking the first match.
19:47 bilby WARNING : Multiple likelihood matches found between sorted and unsorted samples. Taking the first match.
19:47 bilby WARNING : Multiple likelihood matches found between sorted and unsorted samples. Taking the first match.
19:47 bilby WARNING : Multiple likelihood matches found between sorted and unsorted samples. Taking the first match.
19:47 bilby WARNING : Multiple likelihood matches found between sorted and unsorted samples. Taking the first match.
19:47 bilby WARNING : Multiple likelihood matches found between sorted and unsorted samples. Taking the first match.
19:47 bilby WARNING : Multiple likelihood matches found between sorted and unsorted samples. Taking the first match.
19:47 bilby WARNING : Multiple likelihood matches found between sorted and unsorted samples. Taking the first match.
19:47 bilby WARNING : Multiple likelihood matches found between sorted and unsorted samples. Taking the first match.
19:47 bilby WARNING : Multiple likelihood matches found between sorted and unsorted samples. Taking the first match.
19:47 bilby WARNING : Multiple likelihood matches found between sorted and unsorted samples. Taking the first match.
19:47 bilby WARNING : Multiple likelihood matches found between sorted and unsorted samples. Taking the first match.
19:47 bilby WARNING : Multiple likelihood matches found between sorted and unsorted samples. Taking the first match.
19:47 bilby WARNING : Multiple likelihood matches found between sorted and unsorted samples. Taking the first match.
19:47 bilby WARNING : Multiple likelihood matches found between sorted and unsorted samples. Taking the first match.
19:47 bilby WARNING : Multiple likelihood matches found between sorted and unsorted samples. Taking the first match.
19:47 bilby WARNING : Multiple likelihood matches found between sorted and unsorted samples. Taking the first match.
19:47 bilby WARNING : Multiple likelihood matches found between sorted and unsorted samples. Taking the first match.
19:47 bilby WARNING : Multiple likelihood matches found between sorted and unsorted samples. Taking the first match.
19:47 bilby WARNING : Multiple likelihood matches found between sorted and unsorted samples. Taking the first match.
19:47 bilby WARNING : Multiple likelihood matches found between sorted and unsorted samples. Taking the first match.
19:47 bilby WARNING : Multiple likelihood matches found between sorted and unsorted samples. Taking the first match.
19:47 bilby WARNING : Multiple likelihood matches found between sorted and unsorted samples. Taking the first match.
19:47 bilby WARNING : Multiple likelihood matches found between sorted and unsorted samples. Taking the first match.
19:47 bilby WARNING : Multiple likelihood matches found between sorted and unsorted samples. Taking the first match.
19:47 bilby WARNING : Multiple likelihood matches found between sorted and unsorted samples. Taking the first match.
19:47 bilby WARNING : Multiple likelihood matches found between sorted and unsorted samples. Taking the first match.
19:47 bilby WARNING : Multiple likelihood matches found between sorted and unsorted samples. Taking the first match.
19:47 bilby WARNING : Multiple likelihood matches found between sorted and unsorted samples. Taking the first match.
19:47 bilby WARNING : Multiple likelihood matches found between sorted and unsorted samples. Taking the first match.
19:47 bilby WARNING : Multiple likelihood matches found between sorted and unsorted samples. Taking the first match.
19:47 bilby WARNING : Multiple likelihood matches found between sorted and unsorted samples. Taking the first match.
19:47 bilby WARNING : Multiple likelihood matches found between sorted and unsorted samples. Taking the first match.
19:47 bilby WARNING : Multiple likelihood matches found between sorted and unsorted samples. Taking the first match.
19:47 bilby WARNING : Multiple likelihood matches found between sorted and unsorted samples. Taking the first match.
19:47 bilby WARNING : Multiple likelihood matches found between sorted and unsorted samples. Taking the first match.
19:47 bilby WARNING : Multiple likelihood matches found between sorted and unsorted samples. Taking the first match.
19:47 bilby WARNING : Multiple likelihood matches found between sorted and unsorted samples. Taking the first match.
19:47 bilby WARNING : Multiple likelihood matches found between sorted and unsorted samples. Taking the first match.
19:47 bilby WARNING : Multiple likelihood matches found between sorted and unsorted samples. Taking the first match.
19:47 bilby WARNING : Multiple likelihood matches found between sorted and unsorted samples. Taking the first match.
19:47 bilby WARNING : Multiple likelihood matches found between sorted and unsorted samples. Taking the first match.
19:47 bilby WARNING : Multiple likelihood matches found between sorted and unsorted samples. Taking the first match.
19:47 bilby WARNING : Multiple likelihood matches found between sorted and unsorted samples. Taking the first match.
19:47 bilby WARNING : Multiple likelihood matches found between sorted and unsorted samples. Taking the first match.
19:47 bilby WARNING : Multiple likelihood matches found between sorted and unsorted samples. Taking the first match.
19:47 bilby WARNING : Multiple likelihood matches found between sorted and unsorted samples. Taking the first match.
19:47 bilby WARNING : Multiple likelihood matches found between sorted and unsorted samples. Taking the first match.
19:47 bilby WARNING : Multiple likelihood matches found between sorted and unsorted samples. Taking the first match.
19:47 bilby WARNING : Multiple likelihood matches found between sorted and unsorted samples. Taking the first match.
19:47 bilby WARNING : Multiple likelihood matches found between sorted and unsorted samples. Taking the first match.
19:47 bilby WARNING : Multiple likelihood matches found between sorted and unsorted samples. Taking the first match.
19:47 bilby WARNING : Multiple likelihood matches found between sorted and unsorted samples. Taking the first match.
19:47 bilby WARNING : Multiple likelihood matches found between sorted and unsorted samples. Taking the first match.
19:47 bilby WARNING : Multiple likelihood matches found between sorted and unsorted samples. Taking the first match.
19:47 bilby WARNING : Multiple likelihood matches found between sorted and unsorted samples. Taking the first match.
19:47 bilby WARNING : Multiple likelihood matches found between sorted and unsorted samples. Taking the first match.
19:47 bilby WARNING : Multiple likelihood matches found between sorted and unsorted samples. Taking the first match.
19:47 bilby WARNING : Multiple likelihood matches found between sorted and unsorted samples. Taking the first match.
19:47 bilby WARNING : Multiple likelihood matches found between sorted and unsorted samples. Taking the first match.
19:47 bilby WARNING : Multiple likelihood matches found between sorted and unsorted samples. Taking the first match.
19:47 bilby WARNING : Multiple likelihood matches found between sorted and unsorted samples. Taking the first match.
19:47 bilby WARNING : Multiple likelihood matches found between sorted and unsorted samples. Taking the first match.
19:47 bilby WARNING : Multiple likelihood matches found between sorted and unsorted samples. Taking the first match.
19:47 bilby WARNING : Multiple likelihood matches found between sorted and unsorted samples. Taking the first match.
19:47 bilby WARNING : Multiple likelihood matches found between sorted and unsorted samples. Taking the first match.
19:47 bilby WARNING : Multiple likelihood matches found between sorted and unsorted samples. Taking the first match.
19:47 bilby WARNING : Multiple likelihood matches found between sorted and unsorted samples. Taking the first match.
19:47 bilby WARNING : Multiple likelihood matches found between sorted and unsorted samples. Taking the first match.
19:47 bilby WARNING : Multiple likelihood matches found between sorted and unsorted samples. Taking the first match.
19:47 bilby WARNING : Multiple likelihood matches found between sorted and unsorted samples. Taking the first match.
19:47 bilby WARNING : Multiple likelihood matches found between sorted and unsorted samples. Taking the first match.
19:47 bilby WARNING : Multiple likelihood matches found between sorted and unsorted samples. Taking the first match.
19:47 bilby WARNING : Multiple likelihood matches found between sorted and unsorted samples. Taking the first match.
19:47 bilby WARNING : Multiple likelihood matches found between sorted and unsorted samples. Taking the first match.
19:47 bilby WARNING : Multiple likelihood matches found between sorted and unsorted samples. Taking the first match.
19:47 bilby WARNING : Multiple likelihood matches found between sorted and unsorted samples. Taking the first match.
19:47 bilby WARNING : Multiple likelihood matches found between sorted and unsorted samples. Taking the first match.
19:47 bilby WARNING : Multiple likelihood matches found between sorted and unsorted samples. Taking the first match.
19:47 bilby WARNING : Multiple likelihood matches found between sorted and unsorted samples. Taking the first match.
19:47 bilby WARNING : Multiple likelihood matches found between sorted and unsorted samples. Taking the first match.
19:47 bilby WARNING : Multiple likelihood matches found between sorted and unsorted samples. Taking the first match.
19:47 bilby WARNING : Multiple likelihood matches found between sorted and unsorted samples. Taking the first match.
19:47 bilby WARNING : Multiple likelihood matches found between sorted and unsorted samples. Taking the first match.
19:47 bilby WARNING : Multiple likelihood matches found between sorted and unsorted samples. Taking the first match.
19:47 bilby WARNING : Multiple likelihood matches found between sorted and unsorted samples. Taking the first match.
19:47 bilby WARNING : Multiple likelihood matches found between sorted and unsorted samples. Taking the first match.
19:47 bilby WARNING : Multiple likelihood matches found between sorted and unsorted samples. Taking the first match.
19:47 bilby WARNING : Multiple likelihood matches found between sorted and unsorted samples. Taking the first match.
19:47 bilby WARNING : Multiple likelihood matches found between sorted and unsorted samples. Taking the first match.
19:47 bilby WARNING : Multiple likelihood matches found between sorted and unsorted samples. Taking the first match.
19:47 bilby WARNING : Multiple likelihood matches found between sorted and unsorted samples. Taking the first match.
19:47 bilby WARNING : Multiple likelihood matches found between sorted and unsorted samples. Taking the first match.
19:47 bilby WARNING : Multiple likelihood matches found between sorted and unsorted samples. Taking the first match.
19:47 bilby WARNING : Multiple likelihood matches found between sorted and unsorted samples. Taking the first match.
19:47 bilby WARNING : Multiple likelihood matches found between sorted and unsorted samples. Taking the first match.
19:47 bilby WARNING : Multiple likelihood matches found between sorted and unsorted samples. Taking the first match.
19:47 bilby WARNING : Multiple likelihood matches found between sorted and unsorted samples. Taking the first match.
19:47 bilby WARNING : Multiple likelihood matches found between sorted and unsorted samples. Taking the first match.
19:47 bilby WARNING : Multiple likelihood matches found between sorted and unsorted samples. Taking the first match.
19:47 bilby WARNING : Multiple likelihood matches found between sorted and unsorted samples. Taking the first match.
19:47 bilby WARNING : Multiple likelihood matches found between sorted and unsorted samples. Taking the first match.
19:47 bilby WARNING : Multiple likelihood matches found between sorted and unsorted samples. Taking the first match.
19:47 bilby WARNING : Multiple likelihood matches found between sorted and unsorted samples. Taking the first match.
19:47 bilby WARNING : Multiple likelihood matches found between sorted and unsorted samples. Taking the first match.
19:47 bilby WARNING : Multiple likelihood matches found between sorted and unsorted samples. Taking the first match.
19:47 bilby WARNING : Multiple likelihood matches found between sorted and unsorted samples. Taking the first match.
19:47 bilby WARNING : Multiple likelihood matches found between sorted and unsorted samples. Taking the first match.
19:47 bilby WARNING : Multiple likelihood matches found between sorted and unsorted samples. Taking the first match.
19:47 bilby WARNING : Multiple likelihood matches found between sorted and unsorted samples. Taking the first match.
19:47 bilby WARNING : Multiple likelihood matches found between sorted and unsorted samples. Taking the first match.
19:47 bilby WARNING : Multiple likelihood matches found between sorted and unsorted samples. Taking the first match.
19:47 bilby WARNING : Multiple likelihood matches found between sorted and unsorted samples. Taking the first match.
19:47 bilby WARNING : Multiple likelihood matches found between sorted and unsorted samples. Taking the first match.
19:47 bilby WARNING : Multiple likelihood matches found between sorted and unsorted samples. Taking the first match.
19:47 bilby WARNING : Multiple likelihood matches found between sorted and unsorted samples. Taking the first match.
19:47 bilby WARNING : Multiple likelihood matches found between sorted and unsorted samples. Taking the first match.
19:47 bilby WARNING : Multiple likelihood matches found between sorted and unsorted samples. Taking the first match.
19:47 bilby WARNING : Multiple likelihood matches found between sorted and unsorted samples. Taking the first match.
19:47 bilby WARNING : Multiple likelihood matches found between sorted and unsorted samples. Taking the first match.
19:47 bilby WARNING : Multiple likelihood matches found between sorted and unsorted samples. Taking the first match.
19:47 bilby WARNING : Multiple likelihood matches found between sorted and unsorted samples. Taking the first match.
19:47 bilby WARNING : Multiple likelihood matches found between sorted and unsorted samples. Taking the first match.
19:47 bilby WARNING : Multiple likelihood matches found between sorted and unsorted samples. Taking the first match.
19:47 bilby WARNING : Multiple likelihood matches found between sorted and unsorted samples. Taking the first match.
19:47 bilby WARNING : Multiple likelihood matches found between sorted and unsorted samples. Taking the first match.
19:47 bilby WARNING : Multiple likelihood matches found between sorted and unsorted samples. Taking the first match.
19:47 bilby WARNING : Multiple likelihood matches found between sorted and unsorted samples. Taking the first match.
19:47 bilby WARNING : Multiple likelihood matches found between sorted and unsorted samples. Taking the first match.
19:47 bilby WARNING : Multiple likelihood matches found between sorted and unsorted samples. Taking the first match.
19:47 bilby WARNING : Multiple likelihood matches found between sorted and unsorted samples. Taking the first match.
19:47 bilby WARNING : Multiple likelihood matches found between sorted and unsorted samples. Taking the first match.
19:47 bilby WARNING : Multiple likelihood matches found between sorted and unsorted samples. Taking the first match.
19:47 bilby WARNING : Multiple likelihood matches found between sorted and unsorted samples. Taking the first match.
19:47 bilby WARNING : Multiple likelihood matches found between sorted and unsorted samples. Taking the first match.
19:47 bilby WARNING : Multiple likelihood matches found between sorted and unsorted samples. Taking the first match.
19:47 bilby WARNING : Multiple likelihood matches found between sorted and unsorted samples. Taking the first match.
19:47 bilby WARNING : Multiple likelihood matches found between sorted and unsorted samples. Taking the first match.
19:47 bilby WARNING : Multiple likelihood matches found between sorted and unsorted samples. Taking the first match.
19:47 bilby WARNING : Multiple likelihood matches found between sorted and unsorted samples. Taking the first match.
19:47 bilby WARNING : Multiple likelihood matches found between sorted and unsorted samples. Taking the first match.
19:47 bilby WARNING : Multiple likelihood matches found between sorted and unsorted samples. Taking the first match.
19:47 bilby WARNING : Multiple likelihood matches found between sorted and unsorted samples. Taking the first match.
19:47 bilby WARNING : Multiple likelihood matches found between sorted and unsorted samples. Taking the first match.
19:47 bilby WARNING : Multiple likelihood matches found between sorted and unsorted samples. Taking the first match.
19:47 bilby WARNING : Multiple likelihood matches found between sorted and unsorted samples. Taking the first match.
19:47 bilby WARNING : Multiple likelihood matches found between sorted and unsorted samples. Taking the first match.
19:47 bilby WARNING : Multiple likelihood matches found between sorted and unsorted samples. Taking the first match.
19:47 bilby WARNING : Multiple likelihood matches found between sorted and unsorted samples. Taking the first match.
19:47 bilby WARNING : Multiple likelihood matches found between sorted and unsorted samples. Taking the first match.
19:47 bilby WARNING : Multiple likelihood matches found between sorted and unsorted samples. Taking the first match.
19:47 bilby WARNING : Multiple likelihood matches found between sorted and unsorted samples. Taking the first match.
19:47 bilby WARNING : Multiple likelihood matches found between sorted and unsorted samples. Taking the first match.
19:47 bilby WARNING : Multiple likelihood matches found between sorted and unsorted samples. Taking the first match.
19:47 bilby WARNING : Multiple likelihood matches found between sorted and unsorted samples. Taking the first match.
19:47 bilby WARNING : Multiple likelihood matches found between sorted and unsorted samples. Taking the first match.
19:47 bilby WARNING : Multiple likelihood matches found between sorted and unsorted samples. Taking the first match.
19:47 bilby WARNING : Multiple likelihood matches found between sorted and unsorted samples. Taking the first match.
19:47 bilby WARNING : Multiple likelihood matches found between sorted and unsorted samples. Taking the first match.
19:47 bilby WARNING : Multiple likelihood matches found between sorted and unsorted samples. Taking the first match.
19:47 bilby WARNING : Multiple likelihood matches found between sorted and unsorted samples. Taking the first match.
19:47 bilby WARNING : Multiple likelihood matches found between sorted and unsorted samples. Taking the first match.
19:47 bilby WARNING : Multiple likelihood matches found between sorted and unsorted samples. Taking the first match.
19:47 bilby WARNING : Multiple likelihood matches found between sorted and unsorted samples. Taking the first match.
19:47 bilby WARNING : Multiple likelihood matches found between sorted and unsorted samples. Taking the first match.
19:47 bilby WARNING : Multiple likelihood matches found between sorted and unsorted samples. Taking the first match.
19:47 bilby WARNING : Multiple likelihood matches found between sorted and unsorted samples. Taking the first match.
19:47 bilby WARNING : Multiple likelihood matches found between sorted and unsorted samples. Taking the first match.
19:47 bilby WARNING : Multiple likelihood matches found between sorted and unsorted samples. Taking the first match.
19:47 bilby WARNING : Multiple likelihood matches found between sorted and unsorted samples. Taking the first match.
19:47 bilby WARNING : Multiple likelihood matches found between sorted and unsorted samples. Taking the first match.
19:47 bilby WARNING : Multiple likelihood matches found between sorted and unsorted samples. Taking the first match.
19:47 bilby WARNING : Multiple likelihood matches found between sorted and unsorted samples. Taking the first match.
19:47 bilby WARNING : Multiple likelihood matches found between sorted and unsorted samples. Taking the first match.
19:47 bilby WARNING : Multiple likelihood matches found between sorted and unsorted samples. Taking the first match.
19:47 bilby WARNING : Multiple likelihood matches found between sorted and unsorted samples. Taking the first match.
19:47 bilby WARNING : Multiple likelihood matches found between sorted and unsorted samples. Taking the first match.
19:47 bilby WARNING : Multiple likelihood matches found between sorted and unsorted samples. Taking the first match.
19:47 bilby WARNING : Multiple likelihood matches found between sorted and unsorted samples. Taking the first match.
19:47 bilby WARNING : Multiple likelihood matches found between sorted and unsorted samples. Taking the first match.
19:47 bilby WARNING : Multiple likelihood matches found between sorted and unsorted samples. Taking the first match.
19:47 bilby WARNING : Multiple likelihood matches found between sorted and unsorted samples. Taking the first match.
19:47 bilby WARNING : Multiple likelihood matches found between sorted and unsorted samples. Taking the first match.
19:47 bilby WARNING : Multiple likelihood matches found between sorted and unsorted samples. Taking the first match.
19:47 bilby WARNING : Multiple likelihood matches found between sorted and unsorted samples. Taking the first match.
19:47 bilby WARNING : Multiple likelihood matches found between sorted and unsorted samples. Taking the first match.
19:47 bilby WARNING : Multiple likelihood matches found between sorted and unsorted samples. Taking the first match.
19:47 bilby WARNING : Multiple likelihood matches found between sorted and unsorted samples. Taking the first match.
19:47 bilby WARNING : Multiple likelihood matches found between sorted and unsorted samples. Taking the first match.
19:47 bilby WARNING : Multiple likelihood matches found between sorted and unsorted samples. Taking the first match.
19:47 bilby WARNING : Multiple likelihood matches found between sorted and unsorted samples. Taking the first match.
19:47 bilby WARNING : Multiple likelihood matches found between sorted and unsorted samples. Taking the first match.
19:47 bilby WARNING : Multiple likelihood matches found between sorted and unsorted samples. Taking the first match.
19:47 bilby WARNING : Multiple likelihood matches found between sorted and unsorted samples. Taking the first match.
19:47 bilby WARNING : Multiple likelihood matches found between sorted and unsorted samples. Taking the first match.
19:47 bilby WARNING : Multiple likelihood matches found between sorted and unsorted samples. Taking the first match.
19:47 bilby WARNING : Multiple likelihood matches found between sorted and unsorted samples. Taking the first match.
19:47 bilby WARNING : Multiple likelihood matches found between sorted and unsorted samples. Taking the first match.
19:47 bilby WARNING : Multiple likelihood matches found between sorted and unsorted samples. Taking the first match.
19:47 bilby WARNING : Multiple likelihood matches found between sorted and unsorted samples. Taking the first match.
19:47 bilby WARNING : Multiple likelihood matches found between sorted and unsorted samples. Taking the first match.
19:47 bilby WARNING : Multiple likelihood matches found between sorted and unsorted samples. Taking the first match.
19:47 bilby WARNING : Multiple likelihood matches found between sorted and unsorted samples. Taking the first match.
19:47 bilby WARNING : Multiple likelihood matches found between sorted and unsorted samples. Taking the first match.
19:47 bilby WARNING : Multiple likelihood matches found between sorted and unsorted samples. Taking the first match.
19:47 bilby WARNING : Multiple likelihood matches found between sorted and unsorted samples. Taking the first match.
19:47 bilby WARNING : Multiple likelihood matches found between sorted and unsorted samples. Taking the first match.
19:47 bilby WARNING : Multiple likelihood matches found between sorted and unsorted samples. Taking the first match.
19:47 bilby WARNING : Multiple likelihood matches found between sorted and unsorted samples. Taking the first match.
19:47 bilby WARNING : Multiple likelihood matches found between sorted and unsorted samples. Taking the first match.
19:47 bilby WARNING : Multiple likelihood matches found between sorted and unsorted samples. Taking the first match.
19:47 bilby WARNING : Multiple likelihood matches found between sorted and unsorted samples. Taking the first match.
19:47 bilby WARNING : Multiple likelihood matches found between sorted and unsorted samples. Taking the first match.
19:47 bilby WARNING : Multiple likelihood matches found between sorted and unsorted samples. Taking the first match.
19:47 bilby WARNING : Multiple likelihood matches found between sorted and unsorted samples. Taking the first match.
19:47 bilby WARNING : Multiple likelihood matches found between sorted and unsorted samples. Taking the first match.
19:47 bilby WARNING : Multiple likelihood matches found between sorted and unsorted samples. Taking the first match.
19:47 bilby WARNING : Multiple likelihood matches found between sorted and unsorted samples. Taking the first match.
19:47 bilby WARNING : Multiple likelihood matches found between sorted and unsorted samples. Taking the first match.
19:47 bilby WARNING : Multiple likelihood matches found between sorted and unsorted samples. Taking the first match.
19:47 bilby WARNING : Multiple likelihood matches found between sorted and unsorted samples. Taking the first match.
19:47 bilby WARNING : Multiple likelihood matches found between sorted and unsorted samples. Taking the first match.
19:47 bilby WARNING : Multiple likelihood matches found between sorted and unsorted samples. Taking the first match.
19:47 bilby WARNING : Multiple likelihood matches found between sorted and unsorted samples. Taking the first match.
19:47 bilby WARNING : Multiple likelihood matches found between sorted and unsorted samples. Taking the first match.
19:47 bilby WARNING : Multiple likelihood matches found between sorted and unsorted samples. Taking the first match.
19:47 bilby WARNING : Multiple likelihood matches found between sorted and unsorted samples. Taking the first match.
19:47 bilby WARNING : Multiple likelihood matches found between sorted and unsorted samples. Taking the first match.
19:47 bilby WARNING : Multiple likelihood matches found between sorted and unsorted samples. Taking the first match.
19:47 bilby WARNING : Multiple likelihood matches found between sorted and unsorted samples. Taking the first match.
19:47 bilby WARNING : Multiple likelihood matches found between sorted and unsorted samples. Taking the first match.
19:47 bilby WARNING : Multiple likelihood matches found between sorted and unsorted samples. Taking the first match.
19:47 bilby WARNING : Multiple likelihood matches found between sorted and unsorted samples. Taking the first match.
19:47 bilby WARNING : Multiple likelihood matches found between sorted and unsorted samples. Taking the first match.
19:47 bilby WARNING : Multiple likelihood matches found between sorted and unsorted samples. Taking the first match.
19:47 bilby WARNING : Multiple likelihood matches found between sorted and unsorted samples. Taking the first match.
19:47 bilby WARNING : Multiple likelihood matches found between sorted and unsorted samples. Taking the first match.
19:47 bilby WARNING : Multiple likelihood matches found between sorted and unsorted samples. Taking the first match.
19:47 bilby WARNING : Multiple likelihood matches found between sorted and unsorted samples. Taking the first match.
19:47 bilby WARNING : Multiple likelihood matches found between sorted and unsorted samples. Taking the first match.
19:47 bilby WARNING : Multiple likelihood matches found between sorted and unsorted samples. Taking the first match.
19:47 bilby WARNING : Multiple likelihood matches found between sorted and unsorted samples. Taking the first match.
19:47 bilby INFO    : Sampling time: 5:53:16.057951
19:47 bilby INFO    : Summary of results:
nsamples: 1343
ln_noise_evidence:  0.000
ln_evidence: -0.001 +/-    nan
ln_bayes_factor: -0.001 +/-    nan

/home/yzq/miniconda3/envs/bilby/lib/python3.8/site-packages/bilby/core/result.py:1170: DeprecationWarning: distutils Version classes are deprecated. Use packaging.version instead.
  if LooseVersion(matplotlib.__version__) < "2.1":
/home/yzq/miniconda3/envs/bilby/lib/python3.8/site-packages/setuptools/_distutils/version.py:346: DeprecationWarning: distutils Version classes are deprecated. Use packaging.version instead.
  other = LooseVersion(other)
