13:56 bilby INFO    : Running for label 'u_hype_49564', output will be saved to 'hy_outdir'
13:56 bilby INFO    : Search parameters:
13:56 bilby INFO    :   alpha = Uniform(minimum=-5, maximum=25, name='alpha', latex_label='$\\alpha$', unit=None, boundary=None)
13:56 bilby INFO    :   mmin = Uniform(minimum=0.9, maximum=1.5, name='mmin', latex_label='$mmin$', unit=None, boundary=None)
13:56 bilby INFO    :   delta_m = Uniform(minimum=0.01, maximum=1, name='delta', latex_label='$\\delta$', unit=None, boundary=None)
13:56 bilby INFO    : Single likelihood evaluation took 3.112e-02 s
13:56 bilby INFO    : Using sampler Dynesty with kwargs {'bound': 'multi', 'sample': 'rwalk', 'verbose': True, 'periodic': None, 'reflective': None, 'check_point_delta_t': 600, 'nlive': 400, 'first_update': None, 'walks': 100, 'npdim': None, 'rstate': None, 'queue_size': 20, 'pool': None, 'use_pool': None, 'live_points': None, 'logl_args': None, 'logl_kwargs': None, 'ptform_args': None, 'ptform_kwargs': None, 'enlarge': 1.5, 'bootstrap': None, 'vol_dec': 0.5, 'vol_check': 8.0, 'facc': 0.2, 'slices': 5, 'update_interval': 240, 'print_func': <bound method Dynesty._print_func of <bilby.core.sampler.dynesty.Dynesty object at 0x7f2993f7d2e0>>, 'dlogz': 0.1, 'maxiter': None, 'maxcall': None, 'logl_max': inf, 'add_live': True, 'print_progress': True, 'save_bounds': False, 'n_effective': None, 'maxmcmc': 5000, 'nact': 5}
13:56 bilby INFO    : Checkpoint every check_point_delta_t = 600s
13:56 bilby INFO    : Using dynesty version 1.0.1
13:56 bilby INFO    : Using the bilby-implemented rwalk sample method with ACT estimated walks
13:56 bilby INFO    : Setting up multiproccesing pool with 20 processes.
13:56 bilby INFO    : Generating initial points from the prior
14:06 bilby INFO    : Written checkpoint file hy_outdir/u_hype_49564_resume.pickle
14:17 bilby INFO    : Written checkpoint file hy_outdir/u_hype_49564_resume.pickle
14:28 bilby INFO    : Written checkpoint file hy_outdir/u_hype_49564_resume.pickle
14:39 bilby INFO    : Written checkpoint file hy_outdir/u_hype_49564_resume.pickle
14:49 bilby INFO    : Written checkpoint file hy_outdir/u_hype_49564_resume.pickle
14:59 bilby INFO    : Written checkpoint file hy_outdir/u_hype_49564_resume.pickle
14:59 bilby INFO    : Writing 137 current samples to hy_outdir/u_hype_49564_samples.dat
15:10 bilby INFO    : Written checkpoint file hy_outdir/u_hype_49564_resume.pickle
15:10 bilby INFO    : Writing 182 current samples to hy_outdir/u_hype_49564_samples.dat
15:21 bilby INFO    : Written checkpoint file hy_outdir/u_hype_49564_resume.pickle
15:21 bilby INFO    : Writing 228 current samples to hy_outdir/u_hype_49564_samples.dat
15:32 bilby INFO    : Written checkpoint file hy_outdir/u_hype_49564_resume.pickle
15:32 bilby INFO    : Writing 327 current samples to hy_outdir/u_hype_49564_samples.dat
15:43 bilby INFO    : Written checkpoint file hy_outdir/u_hype_49564_resume.pickle
15:43 bilby INFO    : Writing 397 current samples to hy_outdir/u_hype_49564_samples.dat
15:54 bilby INFO    : Written checkpoint file hy_outdir/u_hype_49564_resume.pickle
15:54 bilby INFO    : Writing 544 current samples to hy_outdir/u_hype_49564_samples.dat
16:06 bilby INFO    : Written checkpoint file hy_outdir/u_hype_49564_resume.pickle
16:06 bilby INFO    : Writing 714 current samples to hy_outdir/u_hype_49564_samples.dat
16:18 bilby INFO    : Written checkpoint file hy_outdir/u_hype_49564_resume.pickle
16:18 bilby INFO    : Writing 1012 current samples to hy_outdir/u_hype_49564_samples.dat
16:28 bilby INFO    : Written checkpoint file hy_outdir/u_hype_49564_resume.pickle
16:28 bilby INFO    : Writing 1312 current samples to hy_outdir/u_hype_49564_samples.dat
16:38 bilby INFO    : Written checkpoint file hy_outdir/u_hype_49564_resume.pickle
16:38 bilby INFO    : Writing 1616 current samples to hy_outdir/u_hype_49564_samples.dat
16:50 bilby INFO    : Written checkpoint file hy_outdir/u_hype_49564_resume.pickle
16:50 bilby INFO    : Writing 1607 current samples to hy_outdir/u_hype_49564_samples.dat
17:00 bilby INFO    : Written checkpoint file hy_outdir/u_hype_49564_resume.pickle
17:00 bilby INFO    : Writing 1601 current samples to hy_outdir/u_hype_49564_samples.dat
17:07 bilby INFO    : Written checkpoint file hy_outdir/u_hype_49564_resume.pickle
17:07 bilby INFO    : Writing 1604 current samples to hy_outdir/u_hype_49564_samples.dat
17:07 bilby INFO    : Starting to close worker pool.
17:07 bilby INFO    : Finished closing worker pool.
17:07 bilby WARNING : Multiple likelihood matches found between sorted and unsorted samples. Taking the first match.
17:07 bilby WARNING : Multiple likelihood matches found between sorted and unsorted samples. Taking the first match.
17:07 bilby WARNING : Multiple likelihood matches found between sorted and unsorted samples. Taking the first match.
17:07 bilby WARNING : Multiple likelihood matches found between sorted and unsorted samples. Taking the first match.
17:07 bilby WARNING : Multiple likelihood matches found between sorted and unsorted samples. Taking the first match.
17:07 bilby WARNING : Multiple likelihood matches found between sorted and unsorted samples. Taking the first match.
17:07 bilby WARNING : Multiple likelihood matches found between sorted and unsorted samples. Taking the first match.
17:07 bilby WARNING : Multiple likelihood matches found between sorted and unsorted samples. Taking the first match.
17:07 bilby WARNING : Multiple likelihood matches found between sorted and unsorted samples. Taking the first match.
17:07 bilby WARNING : Multiple likelihood matches found between sorted and unsorted samples. Taking the first match.
17:07 bilby INFO    : Sampling time: 3:11:01.770256
17:07 bilby INFO    : Summary of results:
nsamples: 3769
ln_noise_evidence:  0.000
ln_evidence: 56.717 +/-  0.150
ln_bayes_factor: 56.717 +/-  0.150

/home/yzq/miniconda3/envs/bilby/lib/python3.8/site-packages/bilby/core/result.py:1170: DeprecationWarning: distutils Version classes are deprecated. Use packaging.version instead.
  if LooseVersion(matplotlib.__version__) < "2.1":
/home/yzq/miniconda3/envs/bilby/lib/python3.8/site-packages/setuptools/_distutils/version.py:346: DeprecationWarning: distutils Version classes are deprecated. Use packaging.version instead.
  other = LooseVersion(other)
