22:17 bilby INFO    : Running for label 'u_hype_46102', output will be saved to 'hy_outdir'
22:17 bilby INFO    : Search parameters:
22:17 bilby INFO    :   mu1 = Uniform(minimum=0.9, maximum=2.9, name='mu1', latex_label='$\\mu_1$', unit=None, boundary=None)
22:17 bilby INFO    :   sigma1 = Uniform(minimum=0.01, maximum=2, name='sigma1', latex_label='$\\sigma_1$', unit=None, boundary=None)
22:17 bilby INFO    :   mu2 = Uniform(minimum=0.9, maximum=2.9, name='mu2', latex_label='$\\mu_2$', unit=None, boundary=None)
22:17 bilby INFO    :   sigma2 = Uniform(minimum=0.01, maximum=2, name='sigma2', latex_label='$\\sigma_2$', unit=None, boundary=None)
22:17 bilby INFO    :   alpha = Uniform(minimum=0.01, maximum=1, name='alpha', latex_label='$\\alpha$', unit=None, boundary=None)
22:17 bilby INFO    : Single likelihood evaluation took 2.920e-02 s
22:17 bilby INFO    : Using sampler Dynesty with kwargs {'bound': 'multi', 'sample': 'rwalk', 'verbose': True, 'periodic': None, 'reflective': None, 'check_point_delta_t': 600, 'nlive': 400, 'first_update': None, 'walks': 100, 'npdim': None, 'rstate': None, 'queue_size': 4, 'pool': None, 'use_pool': None, 'live_points': None, 'logl_args': None, 'logl_kwargs': None, 'ptform_args': None, 'ptform_kwargs': None, 'enlarge': 1.5, 'bootstrap': None, 'vol_dec': 0.5, 'vol_check': 8.0, 'facc': 0.2, 'slices': 5, 'update_interval': 240, 'print_func': <bound method Dynesty._print_func of <bilby.core.sampler.dynesty.Dynesty object at 0x7fa149cc3ac8>>, 'dlogz': 0.1, 'maxiter': None, 'maxcall': None, 'logl_max': inf, 'add_live': True, 'print_progress': True, 'save_bounds': False, 'n_effective': None, 'maxmcmc': 5000, 'nact': 5}
22:17 bilby INFO    : Checkpoint every check_point_delta_t = 600s
22:17 bilby INFO    : Using dynesty version 1.1
22:17 bilby INFO    : Using the bilby-implemented rwalk sample method with ACT estimated walks
22:17 bilby INFO    : Setting up multiproccesing pool with 4 processes.
22:17 bilby INFO    : Generating initial points from the prior
22:27 bilby INFO    : Written checkpoint file hy_outdir/u_hype_46102_resume.pickle
22:37 bilby INFO    : Written checkpoint file hy_outdir/u_hype_46102_resume.pickle
22:48 bilby INFO    : Written checkpoint file hy_outdir/u_hype_46102_resume.pickle
22:58 bilby INFO    : Written checkpoint file hy_outdir/u_hype_46102_resume.pickle
23:08 bilby INFO    : Written checkpoint file hy_outdir/u_hype_46102_resume.pickle
23:18 bilby INFO    : Written checkpoint file hy_outdir/u_hype_46102_resume.pickle
23:29 bilby INFO    : Written checkpoint file hy_outdir/u_hype_46102_resume.pickle
23:39 bilby INFO    : Written checkpoint file hy_outdir/u_hype_46102_resume.pickle
23:49 bilby INFO    : Written checkpoint file hy_outdir/u_hype_46102_resume.pickle
23:59 bilby INFO    : Written checkpoint file hy_outdir/u_hype_46102_resume.pickle
00:09 bilby INFO    : Written checkpoint file hy_outdir/u_hype_46102_resume.pickle
00:19 bilby INFO    : Written checkpoint file hy_outdir/u_hype_46102_resume.pickle
00:30 bilby INFO    : Written checkpoint file hy_outdir/u_hype_46102_resume.pickle
00:40 bilby INFO    : Written checkpoint file hy_outdir/u_hype_46102_resume.pickle
00:50 bilby INFO    : Written checkpoint file hy_outdir/u_hype_46102_resume.pickle
01:00 bilby INFO    : Written checkpoint file hy_outdir/u_hype_46102_resume.pickle
01:10 bilby INFO    : Written checkpoint file hy_outdir/u_hype_46102_resume.pickle
01:21 bilby INFO    : Written checkpoint file hy_outdir/u_hype_46102_resume.pickle
01:31 bilby INFO    : Written checkpoint file hy_outdir/u_hype_46102_resume.pickle
01:41 bilby INFO    : Written checkpoint file hy_outdir/u_hype_46102_resume.pickle
01:52 bilby INFO    : Written checkpoint file hy_outdir/u_hype_46102_resume.pickle
02:02 bilby INFO    : Written checkpoint file hy_outdir/u_hype_46102_resume.pickle
02:12 bilby INFO    : Written checkpoint file hy_outdir/u_hype_46102_resume.pickle
02:22 bilby INFO    : Written checkpoint file hy_outdir/u_hype_46102_resume.pickle
02:32 bilby INFO    : Written checkpoint file hy_outdir/u_hype_46102_resume.pickle
02:43 bilby INFO    : Written checkpoint file hy_outdir/u_hype_46102_resume.pickle
02:53 bilby INFO    : Written checkpoint file hy_outdir/u_hype_46102_resume.pickle
03:03 bilby INFO    : Written checkpoint file hy_outdir/u_hype_46102_resume.pickle
03:13 bilby INFO    : Written checkpoint file hy_outdir/u_hype_46102_resume.pickle
03:24 bilby INFO    : Written checkpoint file hy_outdir/u_hype_46102_resume.pickle
03:24 bilby INFO    : Writing 106 current samples to hy_outdir/u_hype_46102_samples.dat
03:34 bilby INFO    : Written checkpoint file hy_outdir/u_hype_46102_resume.pickle
03:34 bilby INFO    : Writing 115 current samples to hy_outdir/u_hype_46102_samples.dat
03:44 bilby INFO    : Written checkpoint file hy_outdir/u_hype_46102_resume.pickle
03:44 bilby INFO    : Writing 158 current samples to hy_outdir/u_hype_46102_samples.dat
03:55 bilby INFO    : Written checkpoint file hy_outdir/u_hype_46102_resume.pickle
03:55 bilby INFO    : Writing 186 current samples to hy_outdir/u_hype_46102_samples.dat
04:05 bilby INFO    : Written checkpoint file hy_outdir/u_hype_46102_resume.pickle
04:05 bilby INFO    : Writing 246 current samples to hy_outdir/u_hype_46102_samples.dat
04:15 bilby INFO    : Written checkpoint file hy_outdir/u_hype_46102_resume.pickle
04:15 bilby INFO    : Writing 312 current samples to hy_outdir/u_hype_46102_samples.dat
04:25 bilby INFO    : Written checkpoint file hy_outdir/u_hype_46102_resume.pickle
04:25 bilby INFO    : Writing 408 current samples to hy_outdir/u_hype_46102_samples.dat
04:35 bilby INFO    : Written checkpoint file hy_outdir/u_hype_46102_resume.pickle
04:35 bilby INFO    : Writing 466 current samples to hy_outdir/u_hype_46102_samples.dat
04:45 bilby INFO    : Written checkpoint file hy_outdir/u_hype_46102_resume.pickle
04:45 bilby INFO    : Writing 603 current samples to hy_outdir/u_hype_46102_samples.dat
04:56 bilby INFO    : Written checkpoint file hy_outdir/u_hype_46102_resume.pickle
04:56 bilby INFO    : Writing 750 current samples to hy_outdir/u_hype_46102_samples.dat
05:06 bilby INFO    : Written checkpoint file hy_outdir/u_hype_46102_resume.pickle
05:06 bilby INFO    : Writing 927 current samples to hy_outdir/u_hype_46102_samples.dat
05:16 bilby INFO    : Written checkpoint file hy_outdir/u_hype_46102_resume.pickle
05:16 bilby INFO    : Writing 1185 current samples to hy_outdir/u_hype_46102_samples.dat
05:26 bilby INFO    : Written checkpoint file hy_outdir/u_hype_46102_resume.pickle
05:26 bilby INFO    : Writing 1564 current samples to hy_outdir/u_hype_46102_samples.dat
05:37 bilby INFO    : Written checkpoint file hy_outdir/u_hype_46102_resume.pickle
05:37 bilby INFO    : Writing 1722 current samples to hy_outdir/u_hype_46102_samples.dat
05:47 bilby INFO    : Written checkpoint file hy_outdir/u_hype_46102_resume.pickle
05:47 bilby INFO    : Writing 1756 current samples to hy_outdir/u_hype_46102_samples.dat
05:57 bilby INFO    : Written checkpoint file hy_outdir/u_hype_46102_resume.pickle
05:57 bilby INFO    : Writing 1722 current samples to hy_outdir/u_hype_46102_samples.dat
06:08 bilby INFO    : Written checkpoint file hy_outdir/u_hype_46102_resume.pickle
06:08 bilby INFO    : Writing 1740 current samples to hy_outdir/u_hype_46102_samples.dat
06:14 bilby INFO    : Written checkpoint file hy_outdir/u_hype_46102_resume.pickle
06:14 bilby INFO    : Writing 1698 current samples to hy_outdir/u_hype_46102_samples.dat
06:14 bilby INFO    : Starting to close worker pool.
06:14 bilby INFO    : Finished closing worker pool.
06:14 bilby INFO    : Sampling time: 7:57:06.376899
06:14 bilby INFO    : Summary of results:
nsamples: 6664
ln_noise_evidence:  0.000
ln_evidence: 52.262 +/-  0.236
ln_bayes_factor: 52.262 +/-  0.236

