01:20 bilby INFO    : Running for label 'u_hype_15349', output will be saved to 'hy_outdir'
01:20 bilby INFO    : Search parameters:
01:20 bilby INFO    :   alpha = Uniform(minimum=-5, maximum=25, name='alpha', latex_label='$\\alpha$', unit=None, boundary=None)
01:20 bilby INFO    :   mmin = Uniform(minimum=0.9, maximum=1.5, name='mmin', latex_label='$mmin$', unit=None, boundary=None)
01:20 bilby INFO    :   lam = Uniform(minimum=0.0, maximum=1, name='lam', latex_label='$\\lambda$', unit=None, boundary=None)
01:20 bilby INFO    :   mu_g = Uniform(minimum=1.5, maximum=2.9, name='mpp', latex_label='$mpp$', unit=None, boundary=None)
01:20 bilby INFO    :   sigma_g = Uniform(minimum=0.01, maximum=2, name='sigpp', latex_label='$\\sigma$', unit=None, boundary=None)
01:20 bilby INFO    :   delta_m = Uniform(minimum=0.01, maximum=1, name='delta', latex_label='$\\delta$', unit=None, boundary=None)
01:21 bilby INFO    : Single likelihood evaluation took 1.237e-01 s
01:21 bilby INFO    : Using sampler Dynesty with kwargs {'bound': 'multi', 'sample': 'rwalk', 'verbose': True, 'periodic': None, 'reflective': None, 'check_point_delta_t': 600, 'nlive': 400, 'first_update': None, 'walks': 100, 'npdim': None, 'rstate': None, 'queue_size': 20, 'pool': None, 'use_pool': None, 'live_points': None, 'logl_args': None, 'logl_kwargs': None, 'ptform_args': None, 'ptform_kwargs': None, 'enlarge': 1.5, 'bootstrap': None, 'vol_dec': 0.5, 'vol_check': 8.0, 'facc': 0.2, 'slices': 5, 'update_interval': 240, 'print_func': <bound method Dynesty._print_func of <bilby.core.sampler.dynesty.Dynesty object at 0x7ff2e18bf2e0>>, 'dlogz': 0.1, 'maxiter': None, 'maxcall': None, 'logl_max': inf, 'add_live': True, 'print_progress': True, 'save_bounds': False, 'n_effective': None, 'maxmcmc': 5000, 'nact': 5}
01:21 bilby INFO    : Checkpoint every check_point_delta_t = 600s
01:21 bilby INFO    : Using dynesty version 1.0.1
01:21 bilby INFO    : Using the bilby-implemented rwalk sample method with ACT estimated walks
01:21 bilby INFO    : Setting up multiproccesing pool with 20 processes.
01:21 bilby INFO    : Generating initial points from the prior
01:35 bilby INFO    : Written checkpoint file hy_outdir/u_hype_15349_resume.pickle
01:46 bilby INFO    : Written checkpoint file hy_outdir/u_hype_15349_resume.pickle
01:57 bilby INFO    : Written checkpoint file hy_outdir/u_hype_15349_resume.pickle
02:08 bilby INFO    : Written checkpoint file hy_outdir/u_hype_15349_resume.pickle
02:20 bilby INFO    : Written checkpoint file hy_outdir/u_hype_15349_resume.pickle
02:32 bilby INFO    : Written checkpoint file hy_outdir/u_hype_15349_resume.pickle
02:44 bilby INFO    : Written checkpoint file hy_outdir/u_hype_15349_resume.pickle
02:44 bilby INFO    : Writing 115 current samples to hy_outdir/u_hype_15349_samples.dat
02:54 bilby INFO    : Written checkpoint file hy_outdir/u_hype_15349_resume.pickle
02:54 bilby INFO    : Writing 165 current samples to hy_outdir/u_hype_15349_samples.dat
03:06 bilby INFO    : Written checkpoint file hy_outdir/u_hype_15349_resume.pickle
03:06 bilby INFO    : Writing 205 current samples to hy_outdir/u_hype_15349_samples.dat
03:17 bilby INFO    : Written checkpoint file hy_outdir/u_hype_15349_resume.pickle
03:17 bilby INFO    : Writing 289 current samples to hy_outdir/u_hype_15349_samples.dat
03:28 bilby INFO    : Written checkpoint file hy_outdir/u_hype_15349_resume.pickle
03:28 bilby INFO    : Writing 401 current samples to hy_outdir/u_hype_15349_samples.dat
03:40 bilby INFO    : Written checkpoint file hy_outdir/u_hype_15349_resume.pickle
03:40 bilby INFO    : Writing 531 current samples to hy_outdir/u_hype_15349_samples.dat
03:50 bilby INFO    : Written checkpoint file hy_outdir/u_hype_15349_resume.pickle
03:50 bilby INFO    : Writing 558 current samples to hy_outdir/u_hype_15349_samples.dat
04:01 bilby INFO    : Written checkpoint file hy_outdir/u_hype_15349_resume.pickle
04:01 bilby INFO    : Writing 793 current samples to hy_outdir/u_hype_15349_samples.dat
04:12 bilby INFO    : Written checkpoint file hy_outdir/u_hype_15349_resume.pickle
04:12 bilby INFO    : Writing 956 current samples to hy_outdir/u_hype_15349_samples.dat
04:24 bilby INFO    : Written checkpoint file hy_outdir/u_hype_15349_resume.pickle
04:24 bilby INFO    : Writing 1062 current samples to hy_outdir/u_hype_15349_samples.dat
04:36 bilby INFO    : Written checkpoint file hy_outdir/u_hype_15349_resume.pickle
04:36 bilby INFO    : Writing 1055 current samples to hy_outdir/u_hype_15349_samples.dat
04:46 bilby INFO    : Written checkpoint file hy_outdir/u_hype_15349_resume.pickle
04:46 bilby INFO    : Writing 1063 current samples to hy_outdir/u_hype_15349_samples.dat
04:56 bilby INFO    : Written checkpoint file hy_outdir/u_hype_15349_resume.pickle
04:56 bilby INFO    : Writing 1030 current samples to hy_outdir/u_hype_15349_samples.dat
04:56 bilby INFO    : Starting to close worker pool.
04:56 bilby INFO    : Finished closing worker pool.
04:56 bilby INFO    : Sampling time: 3:31:59.292148
04:56 bilby INFO    : Summary of results:
nsamples: 3949
ln_noise_evidence:  0.000
ln_evidence: 57.964 +/-  0.158
ln_bayes_factor: 57.964 +/-  0.158

/home/yzq/miniconda3/envs/bilby/lib/python3.8/site-packages/bilby/core/result.py:1170: DeprecationWarning: distutils Version classes are deprecated. Use packaging.version instead.
  if LooseVersion(matplotlib.__version__) < "2.1":
/home/yzq/miniconda3/envs/bilby/lib/python3.8/site-packages/setuptools/_distutils/version.py:346: DeprecationWarning: distutils Version classes are deprecated. Use packaging.version instead.
  other = LooseVersion(other)
