13:57 bilby INFO    : Running for label 'u_hype_64525', output will be saved to 'hy_outdir'
13:57 bilby INFO    : Search parameters:
13:57 bilby INFO    :   alpha = Uniform(minimum=-5, maximum=25, name='alpha', latex_label='$\\alpha$', unit=None, boundary=None)
13:57 bilby INFO    :   mmin = Uniform(minimum=0.9, maximum=1.5, name='mmin', latex_label='$mmin$', unit=None, boundary=None)
13:57 bilby INFO    :   delta_m = Uniform(minimum=0.01, maximum=1, name='delta', latex_label='$\\delta$', unit=None, boundary=None)
13:57 bilby INFO    : Single likelihood evaluation took 1.989e-02 s
13:57 bilby INFO    : Using sampler Dynesty with kwargs {'bound': 'multi', 'sample': 'rwalk', 'verbose': True, 'periodic': None, 'reflective': None, 'check_point_delta_t': 600, 'nlive': 400, 'first_update': None, 'walks': 100, 'npdim': None, 'rstate': None, 'queue_size': 20, 'pool': None, 'use_pool': None, 'live_points': None, 'logl_args': None, 'logl_kwargs': None, 'ptform_args': None, 'ptform_kwargs': None, 'enlarge': 1.5, 'bootstrap': None, 'vol_dec': 0.5, 'vol_check': 8.0, 'facc': 0.2, 'slices': 5, 'update_interval': 240, 'print_func': <bound method Dynesty._print_func of <bilby.core.sampler.dynesty.Dynesty object at 0x7f5fb170b2e0>>, 'dlogz': 0.1, 'maxiter': None, 'maxcall': None, 'logl_max': inf, 'add_live': True, 'print_progress': True, 'save_bounds': False, 'n_effective': None, 'maxmcmc': 5000, 'nact': 5}
13:57 bilby INFO    : Checkpoint every check_point_delta_t = 600s
13:57 bilby INFO    : Using dynesty version 1.0.1
13:57 bilby INFO    : Using the bilby-implemented rwalk sample method with ACT estimated walks
13:57 bilby INFO    : Setting up multiproccesing pool with 20 processes.
13:57 bilby INFO    : Generating initial points from the prior
14:08 bilby INFO    : Written checkpoint file hy_outdir/u_hype_64525_resume.pickle
14:19 bilby INFO    : Written checkpoint file hy_outdir/u_hype_64525_resume.pickle
14:30 bilby INFO    : Written checkpoint file hy_outdir/u_hype_64525_resume.pickle
14:41 bilby INFO    : Written checkpoint file hy_outdir/u_hype_64525_resume.pickle
14:51 bilby INFO    : Written checkpoint file hy_outdir/u_hype_64525_resume.pickle
15:01 bilby INFO    : Written checkpoint file hy_outdir/u_hype_64525_resume.pickle
15:01 bilby INFO    : Writing 154 current samples to hy_outdir/u_hype_64525_samples.dat
15:11 bilby INFO    : Written checkpoint file hy_outdir/u_hype_64525_resume.pickle
15:11 bilby INFO    : Writing 198 current samples to hy_outdir/u_hype_64525_samples.dat
15:23 bilby INFO    : Written checkpoint file hy_outdir/u_hype_64525_resume.pickle
15:23 bilby INFO    : Writing 250 current samples to hy_outdir/u_hype_64525_samples.dat
15:34 bilby INFO    : Written checkpoint file hy_outdir/u_hype_64525_resume.pickle
15:34 bilby INFO    : Writing 378 current samples to hy_outdir/u_hype_64525_samples.dat
15:46 bilby INFO    : Written checkpoint file hy_outdir/u_hype_64525_resume.pickle
15:46 bilby INFO    : Writing 473 current samples to hy_outdir/u_hype_64525_samples.dat
15:57 bilby INFO    : Written checkpoint file hy_outdir/u_hype_64525_resume.pickle
15:57 bilby INFO    : Writing 669 current samples to hy_outdir/u_hype_64525_samples.dat
16:08 bilby INFO    : Written checkpoint file hy_outdir/u_hype_64525_resume.pickle
16:08 bilby INFO    : Writing 947 current samples to hy_outdir/u_hype_64525_samples.dat
16:18 bilby INFO    : Written checkpoint file hy_outdir/u_hype_64525_resume.pickle
16:18 bilby INFO    : Writing 1267 current samples to hy_outdir/u_hype_64525_samples.dat
16:29 bilby INFO    : Written checkpoint file hy_outdir/u_hype_64525_resume.pickle
16:29 bilby INFO    : Writing 1547 current samples to hy_outdir/u_hype_64525_samples.dat
16:40 bilby INFO    : Written checkpoint file hy_outdir/u_hype_64525_resume.pickle
16:40 bilby INFO    : Writing 1593 current samples to hy_outdir/u_hype_64525_samples.dat
16:50 bilby INFO    : Written checkpoint file hy_outdir/u_hype_64525_resume.pickle
16:50 bilby INFO    : Writing 1588 current samples to hy_outdir/u_hype_64525_samples.dat
16:57 bilby INFO    : Written checkpoint file hy_outdir/u_hype_64525_resume.pickle
16:57 bilby INFO    : Writing 1570 current samples to hy_outdir/u_hype_64525_samples.dat
16:57 bilby INFO    : Starting to close worker pool.
16:57 bilby INFO    : Finished closing worker pool.
16:57 bilby WARNING : Multiple likelihood matches found between sorted and unsorted samples. Taking the first match.
16:57 bilby WARNING : Multiple likelihood matches found between sorted and unsorted samples. Taking the first match.
16:57 bilby WARNING : Multiple likelihood matches found between sorted and unsorted samples. Taking the first match.
16:57 bilby WARNING : Multiple likelihood matches found between sorted and unsorted samples. Taking the first match.
16:57 bilby WARNING : Multiple likelihood matches found between sorted and unsorted samples. Taking the first match.
16:57 bilby WARNING : Multiple likelihood matches found between sorted and unsorted samples. Taking the first match.
16:57 bilby WARNING : Multiple likelihood matches found between sorted and unsorted samples. Taking the first match.
16:57 bilby WARNING : Multiple likelihood matches found between sorted and unsorted samples. Taking the first match.
16:57 bilby WARNING : Multiple likelihood matches found between sorted and unsorted samples. Taking the first match.
16:57 bilby WARNING : Multiple likelihood matches found between sorted and unsorted samples. Taking the first match.
16:57 bilby WARNING : Multiple likelihood matches found between sorted and unsorted samples. Taking the first match.
16:57 bilby WARNING : Multiple likelihood matches found between sorted and unsorted samples. Taking the first match.
16:57 bilby WARNING : Multiple likelihood matches found between sorted and unsorted samples. Taking the first match.
16:57 bilby WARNING : Multiple likelihood matches found between sorted and unsorted samples. Taking the first match.
16:57 bilby WARNING : Multiple likelihood matches found between sorted and unsorted samples. Taking the first match.
16:57 bilby WARNING : Multiple likelihood matches found between sorted and unsorted samples. Taking the first match.
16:57 bilby WARNING : Multiple likelihood matches found between sorted and unsorted samples. Taking the first match.
16:57 bilby WARNING : Multiple likelihood matches found between sorted and unsorted samples. Taking the first match.
16:57 bilby WARNING : Multiple likelihood matches found between sorted and unsorted samples. Taking the first match.
16:57 bilby INFO    : Sampling time: 2:59:14.817962
16:57 bilby INFO    : Summary of results:
nsamples: 3685
ln_noise_evidence:  0.000
ln_evidence: 56.927 +/-  0.148
ln_bayes_factor: 56.927 +/-  0.148

/home/yzq/miniconda3/envs/bilby/lib/python3.8/site-packages/bilby/core/result.py:1170: DeprecationWarning: distutils Version classes are deprecated. Use packaging.version instead.
  if LooseVersion(matplotlib.__version__) < "2.1":
/home/yzq/miniconda3/envs/bilby/lib/python3.8/site-packages/setuptools/_distutils/version.py:346: DeprecationWarning: distutils Version classes are deprecated. Use packaging.version instead.
  other = LooseVersion(other)
