22:50 bilby INFO    : Running for label 'u_hype_79600', output will be saved to 'hy_outdir'
22:50 bilby INFO    : Search parameters:
22:50 bilby INFO    :   mu1 = Uniform(minimum=0.9, maximum=2.9, name='mu1', latex_label='$\\mu_1$', unit=None, boundary=None)
22:50 bilby INFO    :   sigma1 = Uniform(minimum=0.01, maximum=2, name='sigma1', latex_label='$\\sigma_1$', unit=None, boundary=None)
22:50 bilby INFO    :   mu2 = Uniform(minimum=0.9, maximum=2.9, name='mu2', latex_label='$\\mu_2$', unit=None, boundary=None)
22:50 bilby INFO    :   sigma2 = Uniform(minimum=0.01, maximum=2, name='sigma2', latex_label='$\\sigma_2$', unit=None, boundary=None)
22:50 bilby INFO    :   alpha = Uniform(minimum=0.01, maximum=1, name='alpha', latex_label='$\\alpha$', unit=None, boundary=None)
22:50 bilby INFO    :   mlo = Uniform(minimum=0.9, maximum=1.5, name='mlo', latex_label='$\\rm{m^l}$', unit=None, boundary=None)
22:50 bilby INFO    : Single likelihood evaluation took 7.755e-03 s
22:50 bilby INFO    : Using sampler Dynesty with kwargs {'bound': 'multi', 'sample': 'rwalk', 'verbose': True, 'periodic': None, 'reflective': None, 'check_point_delta_t': 600, 'nlive': 400, 'first_update': None, 'walks': 100, 'npdim': None, 'rstate': None, 'queue_size': 20, 'pool': None, 'use_pool': None, 'live_points': None, 'logl_args': None, 'logl_kwargs': None, 'ptform_args': None, 'ptform_kwargs': None, 'enlarge': 1.5, 'bootstrap': None, 'vol_dec': 0.5, 'vol_check': 8.0, 'facc': 0.2, 'slices': 5, 'update_interval': 240, 'print_func': <bound method Dynesty._print_func of <bilby.core.sampler.dynesty.Dynesty object at 0x7f6c886b2220>>, 'dlogz': 0.1, 'maxiter': None, 'maxcall': None, 'logl_max': inf, 'add_live': True, 'print_progress': True, 'save_bounds': False, 'n_effective': None, 'maxmcmc': 5000, 'nact': 5}
22:50 bilby INFO    : Checkpoint every check_point_delta_t = 600s
22:50 bilby INFO    : Using dynesty version 1.0.1
22:50 bilby INFO    : Using the bilby-implemented rwalk sample method with ACT estimated walks
22:50 bilby INFO    : Setting up multiproccesing pool with 20 processes.
22:50 bilby INFO    : Generating initial points from the prior
23:01 bilby INFO    : Written checkpoint file hy_outdir/u_hype_79600_resume.pickle
23:11 bilby INFO    : Written checkpoint file hy_outdir/u_hype_79600_resume.pickle
23:22 bilby INFO    : Written checkpoint file hy_outdir/u_hype_79600_resume.pickle
23:32 bilby INFO    : Written checkpoint file hy_outdir/u_hype_79600_resume.pickle
23:43 bilby INFO    : Written checkpoint file hy_outdir/u_hype_79600_resume.pickle
23:54 bilby INFO    : Written checkpoint file hy_outdir/u_hype_79600_resume.pickle
00:05 bilby INFO    : Written checkpoint file hy_outdir/u_hype_79600_resume.pickle
00:16 bilby INFO    : Written checkpoint file hy_outdir/u_hype_79600_resume.pickle
00:26 bilby INFO    : Written checkpoint file hy_outdir/u_hype_79600_resume.pickle
00:37 bilby INFO    : Written checkpoint file hy_outdir/u_hype_79600_resume.pickle
00:47 bilby INFO    : Written checkpoint file hy_outdir/u_hype_79600_resume.pickle
00:58 bilby INFO    : Written checkpoint file hy_outdir/u_hype_79600_resume.pickle
01:08 bilby INFO    : Written checkpoint file hy_outdir/u_hype_79600_resume.pickle
01:19 bilby INFO    : Written checkpoint file hy_outdir/u_hype_79600_resume.pickle
01:30 bilby INFO    : Written checkpoint file hy_outdir/u_hype_79600_resume.pickle
01:41 bilby INFO    : Written checkpoint file hy_outdir/u_hype_79600_resume.pickle
01:52 bilby INFO    : Written checkpoint file hy_outdir/u_hype_79600_resume.pickle
02:04 bilby INFO    : Written checkpoint file hy_outdir/u_hype_79600_resume.pickle
02:14 bilby INFO    : Written checkpoint file hy_outdir/u_hype_79600_resume.pickle
02:25 bilby INFO    : Written checkpoint file hy_outdir/u_hype_79600_resume.pickle
02:35 bilby INFO    : Written checkpoint file hy_outdir/u_hype_79600_resume.pickle
02:45 bilby INFO    : Written checkpoint file hy_outdir/u_hype_79600_resume.pickle
02:45 bilby INFO    : Writing 120 current samples to hy_outdir/u_hype_79600_samples.dat
02:57 bilby INFO    : Written checkpoint file hy_outdir/u_hype_79600_resume.pickle
02:57 bilby INFO    : Writing 145 current samples to hy_outdir/u_hype_79600_samples.dat
03:08 bilby INFO    : Written checkpoint file hy_outdir/u_hype_79600_resume.pickle
03:08 bilby INFO    : Writing 217 current samples to hy_outdir/u_hype_79600_samples.dat
03:19 bilby INFO    : Written checkpoint file hy_outdir/u_hype_79600_resume.pickle
03:19 bilby INFO    : Writing 259 current samples to hy_outdir/u_hype_79600_samples.dat
03:30 bilby INFO    : Written checkpoint file hy_outdir/u_hype_79600_resume.pickle
03:30 bilby INFO    : Writing 375 current samples to hy_outdir/u_hype_79600_samples.dat
03:41 bilby INFO    : Written checkpoint file hy_outdir/u_hype_79600_resume.pickle
03:41 bilby INFO    : Writing 472 current samples to hy_outdir/u_hype_79600_samples.dat
03:52 bilby INFO    : Written checkpoint file hy_outdir/u_hype_79600_resume.pickle
03:52 bilby INFO    : Writing 638 current samples to hy_outdir/u_hype_79600_samples.dat
04:03 bilby INFO    : Written checkpoint file hy_outdir/u_hype_79600_resume.pickle
04:03 bilby INFO    : Writing 704 current samples to hy_outdir/u_hype_79600_samples.dat
04:14 bilby INFO    : Written checkpoint file hy_outdir/u_hype_79600_resume.pickle
04:14 bilby INFO    : Writing 937 current samples to hy_outdir/u_hype_79600_samples.dat
04:25 bilby INFO    : Written checkpoint file hy_outdir/u_hype_79600_resume.pickle
04:25 bilby INFO    : Writing 1297 current samples to hy_outdir/u_hype_79600_samples.dat
04:35 bilby INFO    : Written checkpoint file hy_outdir/u_hype_79600_resume.pickle
04:35 bilby INFO    : Writing 1716 current samples to hy_outdir/u_hype_79600_samples.dat
04:46 bilby INFO    : Written checkpoint file hy_outdir/u_hype_79600_resume.pickle
04:46 bilby INFO    : Writing 2163 current samples to hy_outdir/u_hype_79600_samples.dat
04:53 bilby INFO    : Written checkpoint file hy_outdir/u_hype_79600_resume.pickle
04:53 bilby INFO    : Writing 2172 current samples to hy_outdir/u_hype_79600_samples.dat
04:53 bilby INFO    : Starting to close worker pool.
04:53 bilby INFO    : Finished closing worker pool.
04:53 bilby INFO    : Sampling time: 6:01:51.888916
04:53 bilby INFO    : Summary of results:
nsamples: 6331
ln_noise_evidence:  0.000
ln_evidence: 54.978 +/-  0.221
ln_bayes_factor: 54.978 +/-  0.221

/home/yzq/miniconda3/envs/bilby/lib/python3.8/site-packages/bilby/core/result.py:1170: DeprecationWarning: distutils Version classes are deprecated. Use packaging.version instead.
  if LooseVersion(matplotlib.__version__) < "2.1":
/home/yzq/miniconda3/envs/bilby/lib/python3.8/site-packages/setuptools/_distutils/version.py:346: DeprecationWarning: distutils Version classes are deprecated. Use packaging.version instead.
  other = LooseVersion(other)
