01:03 bilby INFO    : Running for label 'u_hype_46619', output will be saved to 'hy_outdir'
01:03 bilby INFO    : Search parameters:
01:03 bilby INFO    :   alpha = Uniform(minimum=-5, maximum=25, name='alpha', latex_label='$\\alpha$', unit=None, boundary=None)
01:03 bilby INFO    :   mmin = Uniform(minimum=0.9, maximum=1.5, name='mmin', latex_label='$mmin$', unit=None, boundary=None)
01:03 bilby INFO    :   mmax = Uniform(minimum=1.5, maximum=2.9, name='mmax', latex_label='$mmax$', unit=None, boundary=None)
01:03 bilby INFO    :   lam = Uniform(minimum=0.0, maximum=1, name='lam', latex_label='$\\lambda$', unit=None, boundary=None)
01:03 bilby INFO    :   mu_g = Uniform(minimum=1.5, maximum=2.9, name='mpp', latex_label='$mpp$', unit=None, boundary=None)
01:03 bilby INFO    :   sigma_g = Uniform(minimum=0.01, maximum=2, name='sigpp', latex_label='$\\sigma$', unit=None, boundary=None)
01:03 bilby INFO    :   delta_m = Uniform(minimum=0.01, maximum=1, name='delta', latex_label='$\\delta$', unit=None, boundary=None)
01:04 bilby INFO    : Single likelihood evaluation took 1.259e-01 s
01:04 bilby INFO    : Using sampler Dynesty with kwargs {'bound': 'multi', 'sample': 'rwalk', 'verbose': True, 'periodic': None, 'reflective': None, 'check_point_delta_t': 600, 'nlive': 400, 'first_update': None, 'walks': 100, 'npdim': None, 'rstate': None, 'queue_size': 20, 'pool': None, 'use_pool': None, 'live_points': None, 'logl_args': None, 'logl_kwargs': None, 'ptform_args': None, 'ptform_kwargs': None, 'enlarge': 1.5, 'bootstrap': None, 'vol_dec': 0.5, 'vol_check': 8.0, 'facc': 0.2, 'slices': 5, 'update_interval': 240, 'print_func': <bound method Dynesty._print_func of <bilby.core.sampler.dynesty.Dynesty object at 0x7f82d36be220>>, 'dlogz': 0.1, 'maxiter': None, 'maxcall': None, 'logl_max': inf, 'add_live': True, 'print_progress': True, 'save_bounds': False, 'n_effective': None, 'maxmcmc': 5000, 'nact': 5}
01:04 bilby INFO    : Checkpoint every check_point_delta_t = 600s
01:04 bilby INFO    : Using dynesty version 1.0.1
01:04 bilby INFO    : Using the bilby-implemented rwalk sample method with ACT estimated walks
01:04 bilby INFO    : Setting up multiproccesing pool with 20 processes.
01:04 bilby INFO    : Generating initial points from the prior
01:16 bilby INFO    : Written checkpoint file hy_outdir/u_hype_46619_resume.pickle
01:27 bilby INFO    : Written checkpoint file hy_outdir/u_hype_46619_resume.pickle
01:38 bilby INFO    : Written checkpoint file hy_outdir/u_hype_46619_resume.pickle
01:50 bilby INFO    : Written checkpoint file hy_outdir/u_hype_46619_resume.pickle
02:00 bilby INFO    : Written checkpoint file hy_outdir/u_hype_46619_resume.pickle
02:11 bilby INFO    : Written checkpoint file hy_outdir/u_hype_46619_resume.pickle
02:22 bilby INFO    : Written checkpoint file hy_outdir/u_hype_46619_resume.pickle
02:32 bilby INFO    : Written checkpoint file hy_outdir/u_hype_46619_resume.pickle
02:43 bilby INFO    : Written checkpoint file hy_outdir/u_hype_46619_resume.pickle
02:55 bilby INFO    : Written checkpoint file hy_outdir/u_hype_46619_resume.pickle
03:07 bilby INFO    : Written checkpoint file hy_outdir/u_hype_46619_resume.pickle
03:19 bilby INFO    : Written checkpoint file hy_outdir/u_hype_46619_resume.pickle
03:29 bilby INFO    : Written checkpoint file hy_outdir/u_hype_46619_resume.pickle
03:29 bilby INFO    : Writing 123 current samples to hy_outdir/u_hype_46619_samples.dat
03:39 bilby INFO    : Written checkpoint file hy_outdir/u_hype_46619_resume.pickle
03:39 bilby INFO    : Writing 120 current samples to hy_outdir/u_hype_46619_samples.dat
03:50 bilby INFO    : Written checkpoint file hy_outdir/u_hype_46619_resume.pickle
03:50 bilby INFO    : Writing 212 current samples to hy_outdir/u_hype_46619_samples.dat
04:02 bilby INFO    : Written checkpoint file hy_outdir/u_hype_46619_resume.pickle
04:02 bilby INFO    : Writing 254 current samples to hy_outdir/u_hype_46619_samples.dat
04:12 bilby INFO    : Written checkpoint file hy_outdir/u_hype_46619_resume.pickle
04:12 bilby INFO    : Writing 321 current samples to hy_outdir/u_hype_46619_samples.dat
04:22 bilby INFO    : Written checkpoint file hy_outdir/u_hype_46619_resume.pickle
04:22 bilby INFO    : Writing 433 current samples to hy_outdir/u_hype_46619_samples.dat
04:33 bilby INFO    : Written checkpoint file hy_outdir/u_hype_46619_resume.pickle
04:33 bilby INFO    : Writing 530 current samples to hy_outdir/u_hype_46619_samples.dat
04:44 bilby INFO    : Written checkpoint file hy_outdir/u_hype_46619_resume.pickle
04:44 bilby INFO    : Writing 643 current samples to hy_outdir/u_hype_46619_samples.dat
04:54 bilby INFO    : Written checkpoint file hy_outdir/u_hype_46619_resume.pickle
04:54 bilby INFO    : Writing 917 current samples to hy_outdir/u_hype_46619_samples.dat
05:02 bilby INFO    : Written checkpoint file hy_outdir/u_hype_46619_resume.pickle
05:02 bilby INFO    : Writing 1230 current samples to hy_outdir/u_hype_46619_samples.dat
05:02 bilby INFO    : Starting to close worker pool.
05:02 bilby INFO    : Finished closing worker pool.
05:02 bilby WARNING : Multiple likelihood matches found between sorted and unsorted samples. Taking the first match.
05:02 bilby WARNING : Multiple likelihood matches found between sorted and unsorted samples. Taking the first match.
05:02 bilby INFO    : Sampling time: 3:55:30.845667
05:02 bilby INFO    : Summary of results:
nsamples: 4640
ln_noise_evidence:  0.000
ln_evidence: 58.157 +/-  0.168
ln_bayes_factor: 58.157 +/-  0.168

/home/yzq/miniconda3/envs/bilby/lib/python3.8/site-packages/bilby/core/result.py:1170: DeprecationWarning: distutils Version classes are deprecated. Use packaging.version instead.
  if LooseVersion(matplotlib.__version__) < "2.1":
/home/yzq/miniconda3/envs/bilby/lib/python3.8/site-packages/setuptools/_distutils/version.py:346: DeprecationWarning: distutils Version classes are deprecated. Use packaging.version instead.
  other = LooseVersion(other)
