22:17 bilby INFO    : Running for label 'u_hype_79154', output will be saved to 'hy_outdir'
22:17 bilby INFO    : Search parameters:
22:17 bilby INFO    :   k = Uniform(minimum=0, maximum=80, name='k', latex_label='$k$', unit=None, boundary=None)
22:17 bilby INFO    :   theta = Uniform(minimum=0.01, maximum=0.1, name='theta', latex_label='$\\theta$', unit=None, boundary=None)
22:17 bilby INFO    : Single likelihood evaluation took 4.649e-02 s
22:17 bilby INFO    : Using sampler Dynesty with kwargs {'bound': 'multi', 'sample': 'rwalk', 'verbose': True, 'periodic': None, 'reflective': None, 'check_point_delta_t': 600, 'nlive': 400, 'first_update': None, 'walks': 100, 'npdim': None, 'rstate': None, 'queue_size': 4, 'pool': None, 'use_pool': None, 'live_points': None, 'logl_args': None, 'logl_kwargs': None, 'ptform_args': None, 'ptform_kwargs': None, 'enlarge': 1.5, 'bootstrap': None, 'vol_dec': 0.5, 'vol_check': 8.0, 'facc': 0.2, 'slices': 5, 'update_interval': 240, 'print_func': <bound method Dynesty._print_func of <bilby.core.sampler.dynesty.Dynesty object at 0x7f6ceb674e80>>, 'dlogz': 0.1, 'maxiter': None, 'maxcall': None, 'logl_max': inf, 'add_live': True, 'print_progress': True, 'save_bounds': False, 'n_effective': None, 'maxmcmc': 5000, 'nact': 5}
22:17 bilby INFO    : Checkpoint every check_point_delta_t = 600s
22:17 bilby INFO    : Using dynesty version 1.1
22:17 bilby INFO    : Using the bilby-implemented rwalk sample method with ACT estimated walks
22:17 bilby INFO    : Setting up multiproccesing pool with 4 processes.
22:17 bilby INFO    : Generating initial points from the prior
22:28 bilby INFO    : Written checkpoint file hy_outdir/u_hype_79154_resume.pickle
22:38 bilby INFO    : Written checkpoint file hy_outdir/u_hype_79154_resume.pickle
22:48 bilby INFO    : Written checkpoint file hy_outdir/u_hype_79154_resume.pickle
22:59 bilby INFO    : Written checkpoint file hy_outdir/u_hype_79154_resume.pickle
22:59 bilby INFO    : Writing 107 current samples to hy_outdir/u_hype_79154_samples.dat
23:09 bilby INFO    : Written checkpoint file hy_outdir/u_hype_79154_resume.pickle
23:09 bilby INFO    : Writing 121 current samples to hy_outdir/u_hype_79154_samples.dat
23:20 bilby INFO    : Written checkpoint file hy_outdir/u_hype_79154_resume.pickle
23:20 bilby INFO    : Writing 132 current samples to hy_outdir/u_hype_79154_samples.dat
23:30 bilby INFO    : Written checkpoint file hy_outdir/u_hype_79154_resume.pickle
23:30 bilby INFO    : Writing 160 current samples to hy_outdir/u_hype_79154_samples.dat
23:41 bilby INFO    : Written checkpoint file hy_outdir/u_hype_79154_resume.pickle
23:41 bilby INFO    : Writing 175 current samples to hy_outdir/u_hype_79154_samples.dat
23:52 bilby INFO    : Written checkpoint file hy_outdir/u_hype_79154_resume.pickle
23:52 bilby INFO    : Writing 208 current samples to hy_outdir/u_hype_79154_samples.dat
00:02 bilby INFO    : Written checkpoint file hy_outdir/u_hype_79154_resume.pickle
00:02 bilby INFO    : Writing 233 current samples to hy_outdir/u_hype_79154_samples.dat
00:13 bilby INFO    : Written checkpoint file hy_outdir/u_hype_79154_resume.pickle
00:13 bilby INFO    : Writing 248 current samples to hy_outdir/u_hype_79154_samples.dat
00:24 bilby INFO    : Written checkpoint file hy_outdir/u_hype_79154_resume.pickle
00:24 bilby INFO    : Writing 298 current samples to hy_outdir/u_hype_79154_samples.dat
00:34 bilby INFO    : Written checkpoint file hy_outdir/u_hype_79154_resume.pickle
00:34 bilby INFO    : Writing 361 current samples to hy_outdir/u_hype_79154_samples.dat
00:45 bilby INFO    : Written checkpoint file hy_outdir/u_hype_79154_resume.pickle
00:45 bilby INFO    : Writing 408 current samples to hy_outdir/u_hype_79154_samples.dat
00:56 bilby INFO    : Written checkpoint file hy_outdir/u_hype_79154_resume.pickle
00:56 bilby INFO    : Writing 460 current samples to hy_outdir/u_hype_79154_samples.dat
01:06 bilby INFO    : Written checkpoint file hy_outdir/u_hype_79154_resume.pickle
01:06 bilby INFO    : Writing 541 current samples to hy_outdir/u_hype_79154_samples.dat
01:17 bilby INFO    : Written checkpoint file hy_outdir/u_hype_79154_resume.pickle
01:17 bilby INFO    : Writing 593 current samples to hy_outdir/u_hype_79154_samples.dat
01:28 bilby INFO    : Written checkpoint file hy_outdir/u_hype_79154_resume.pickle
01:28 bilby INFO    : Writing 690 current samples to hy_outdir/u_hype_79154_samples.dat
01:38 bilby INFO    : Written checkpoint file hy_outdir/u_hype_79154_resume.pickle
01:38 bilby INFO    : Writing 809 current samples to hy_outdir/u_hype_79154_samples.dat
01:49 bilby INFO    : Written checkpoint file hy_outdir/u_hype_79154_resume.pickle
01:49 bilby INFO    : Writing 927 current samples to hy_outdir/u_hype_79154_samples.dat
01:59 bilby INFO    : Written checkpoint file hy_outdir/u_hype_79154_resume.pickle
01:59 bilby INFO    : Writing 1021 current samples to hy_outdir/u_hype_79154_samples.dat
02:10 bilby INFO    : Written checkpoint file hy_outdir/u_hype_79154_resume.pickle
02:10 bilby INFO    : Writing 1057 current samples to hy_outdir/u_hype_79154_samples.dat
02:20 bilby INFO    : Written checkpoint file hy_outdir/u_hype_79154_resume.pickle
02:20 bilby INFO    : Writing 1048 current samples to hy_outdir/u_hype_79154_samples.dat
02:30 bilby INFO    : Written checkpoint file hy_outdir/u_hype_79154_resume.pickle
02:30 bilby INFO    : Writing 1050 current samples to hy_outdir/u_hype_79154_samples.dat
02:41 bilby INFO    : Written checkpoint file hy_outdir/u_hype_79154_resume.pickle
02:41 bilby INFO    : Writing 1084 current samples to hy_outdir/u_hype_79154_samples.dat
02:51 bilby INFO    : Written checkpoint file hy_outdir/u_hype_79154_resume.pickle
02:51 bilby INFO    : Writing 1052 current samples to hy_outdir/u_hype_79154_samples.dat
03:02 bilby INFO    : Written checkpoint file hy_outdir/u_hype_79154_resume.pickle
03:02 bilby INFO    : Writing 1059 current samples to hy_outdir/u_hype_79154_samples.dat
03:12 bilby INFO    : Written checkpoint file hy_outdir/u_hype_79154_resume.pickle
03:12 bilby INFO    : Writing 1076 current samples to hy_outdir/u_hype_79154_samples.dat
03:22 bilby INFO    : Written checkpoint file hy_outdir/u_hype_79154_resume.pickle
03:22 bilby INFO    : Writing 1052 current samples to hy_outdir/u_hype_79154_samples.dat
03:32 bilby INFO    : Written checkpoint file hy_outdir/u_hype_79154_resume.pickle
03:32 bilby INFO    : Writing 1089 current samples to hy_outdir/u_hype_79154_samples.dat
03:32 bilby INFO    : Starting to close worker pool.
03:32 bilby INFO    : Finished closing worker pool.
03:32 bilby INFO    : Sampling time: 5:14:45.741282
03:32 bilby INFO    : Summary of results:
nsamples: 3448
ln_noise_evidence:  0.000
ln_evidence: 45.930 +/-  0.146
ln_bayes_factor: 45.930 +/-  0.146

