02:23 bilby INFO    : Running for label 'u_hype_13616', output will be saved to 'hy_outdir'
02:23 bilby INFO    : Search parameters:
02:23 bilby INFO    :   mu = Uniform(minimum=0.9, maximum=2.9, name='s_mu', latex_label='$\\mu$', unit=None, boundary=None)
02:23 bilby INFO    :   sigma = Uniform(minimum=0.01, maximum=2, name='s_sigma', latex_label='$\\sigma$', unit=None, boundary=None)
02:23 bilby INFO    :   mlo = Uniform(minimum=0.9, maximum=1.5, name='mlow', latex_label='$mlow$', unit=None, boundary=None)
02:23 bilby INFO    : Single likelihood evaluation took 2.627e-02 s
02:23 bilby INFO    : Using sampler Dynesty with kwargs {'bound': 'multi', 'sample': 'rwalk', 'verbose': True, 'periodic': None, 'reflective': None, 'check_point_delta_t': 600, 'nlive': 400, 'first_update': None, 'walks': 100, 'npdim': None, 'rstate': None, 'queue_size': 5, 'pool': None, 'use_pool': None, 'live_points': None, 'logl_args': None, 'logl_kwargs': None, 'ptform_args': None, 'ptform_kwargs': None, 'enlarge': 1.5, 'bootstrap': None, 'vol_dec': 0.5, 'vol_check': 8.0, 'facc': 0.2, 'slices': 5, 'update_interval': 240, 'print_func': <bound method Dynesty._print_func of <bilby.core.sampler.dynesty.Dynesty object at 0x7ffaea46d080>>, 'dlogz': 0.1, 'maxiter': None, 'maxcall': None, 'logl_max': inf, 'add_live': True, 'print_progress': True, 'save_bounds': False, 'n_effective': None, 'maxmcmc': 5000, 'nact': 5}
02:23 bilby INFO    : Checkpoint every check_point_delta_t = 600s
02:23 bilby INFO    : Using dynesty version 1.1
02:23 bilby INFO    : Using the bilby-implemented rwalk sample method with ACT estimated walks
02:23 bilby INFO    : Setting up multiproccesing pool with 5 processes.
02:23 bilby INFO    : Generating initial points from the prior
02:34 bilby INFO    : Written checkpoint file hy_outdir/u_hype_13616_resume.pickle
02:44 bilby INFO    : Written checkpoint file hy_outdir/u_hype_13616_resume.pickle
02:54 bilby INFO    : Written checkpoint file hy_outdir/u_hype_13616_resume.pickle
03:04 bilby INFO    : Written checkpoint file hy_outdir/u_hype_13616_resume.pickle
03:15 bilby INFO    : Written checkpoint file hy_outdir/u_hype_13616_resume.pickle
03:25 bilby INFO    : Written checkpoint file hy_outdir/u_hype_13616_resume.pickle
03:35 bilby INFO    : Written checkpoint file hy_outdir/u_hype_13616_resume.pickle
03:45 bilby INFO    : Written checkpoint file hy_outdir/u_hype_13616_resume.pickle
03:55 bilby INFO    : Written checkpoint file hy_outdir/u_hype_13616_resume.pickle
04:06 bilby INFO    : Written checkpoint file hy_outdir/u_hype_13616_resume.pickle
04:16 bilby INFO    : Written checkpoint file hy_outdir/u_hype_13616_resume.pickle
04:26 bilby INFO    : Written checkpoint file hy_outdir/u_hype_13616_resume.pickle
04:26 bilby INFO    : Writing 112 current samples to hy_outdir/u_hype_13616_samples.dat
04:36 bilby INFO    : Written checkpoint file hy_outdir/u_hype_13616_resume.pickle
04:36 bilby INFO    : Writing 148 current samples to hy_outdir/u_hype_13616_samples.dat
04:46 bilby INFO    : Written checkpoint file hy_outdir/u_hype_13616_resume.pickle
04:46 bilby INFO    : Writing 215 current samples to hy_outdir/u_hype_13616_samples.dat
04:56 bilby INFO    : Written checkpoint file hy_outdir/u_hype_13616_resume.pickle
04:56 bilby INFO    : Writing 321 current samples to hy_outdir/u_hype_13616_samples.dat
05:07 bilby INFO    : Written checkpoint file hy_outdir/u_hype_13616_resume.pickle
05:07 bilby INFO    : Writing 457 current samples to hy_outdir/u_hype_13616_samples.dat
05:17 bilby INFO    : Written checkpoint file hy_outdir/u_hype_13616_resume.pickle
05:17 bilby INFO    : Writing 614 current samples to hy_outdir/u_hype_13616_samples.dat
05:27 bilby INFO    : Written checkpoint file hy_outdir/u_hype_13616_resume.pickle
05:27 bilby INFO    : Writing 865 current samples to hy_outdir/u_hype_13616_samples.dat
05:38 bilby INFO    : Written checkpoint file hy_outdir/u_hype_13616_resume.pickle
05:38 bilby INFO    : Writing 1236 current samples to hy_outdir/u_hype_13616_samples.dat
05:48 bilby INFO    : Written checkpoint file hy_outdir/u_hype_13616_resume.pickle
05:48 bilby INFO    : Writing 1555 current samples to hy_outdir/u_hype_13616_samples.dat
05:58 bilby INFO    : Written checkpoint file hy_outdir/u_hype_13616_resume.pickle
05:58 bilby INFO    : Writing 1537 current samples to hy_outdir/u_hype_13616_samples.dat
06:08 bilby INFO    : Written checkpoint file hy_outdir/u_hype_13616_resume.pickle
06:08 bilby INFO    : Writing 1576 current samples to hy_outdir/u_hype_13616_samples.dat
06:13 bilby INFO    : Written checkpoint file hy_outdir/u_hype_13616_resume.pickle
06:13 bilby INFO    : Writing 1624 current samples to hy_outdir/u_hype_13616_samples.dat
06:13 bilby INFO    : Starting to close worker pool.
06:13 bilby INFO    : Finished closing worker pool.
06:13 bilby INFO    : Sampling time: 3:49:31.445268
06:13 bilby INFO    : Summary of results:
nsamples: 4858
ln_noise_evidence:  0.000
ln_evidence: 55.904 +/-  0.189
ln_bayes_factor: 55.904 +/-  0.189

