00:45 bilby INFO    : Running for label 'u_hype_52978', output will be saved to 'hy_outdir'
00:45 bilby INFO    : Search parameters:
00:45 bilby INFO    :   alpha = Uniform(minimum=-5, maximum=25, name='alpha', latex_label='$\\alpha$', unit=None, boundary=None)
00:45 bilby INFO    :   mmin = Uniform(minimum=0.9, maximum=1.5, name='mmin', latex_label='$mmin$', unit=None, boundary=None)
00:45 bilby INFO    :   mmax = Uniform(minimum=1.5, maximum=2.9, name='mmax', latex_label='$mmax$', unit=None, boundary=None)
00:45 bilby INFO    :   delta_m = Uniform(minimum=0.01, maximum=1, name='delta', latex_label='$\\delta$', unit=None, boundary=None)
00:45 bilby INFO    : Single likelihood evaluation took 5.997e-02 s
00:45 bilby INFO    : Using sampler Dynesty with kwargs {'bound': 'multi', 'sample': 'rwalk', 'verbose': True, 'periodic': None, 'reflective': None, 'check_point_delta_t': 600, 'nlive': 400, 'first_update': None, 'walks': 100, 'npdim': None, 'rstate': None, 'queue_size': 20, 'pool': None, 'use_pool': None, 'live_points': None, 'logl_args': None, 'logl_kwargs': None, 'ptform_args': None, 'ptform_kwargs': None, 'enlarge': 1.5, 'bootstrap': None, 'vol_dec': 0.5, 'vol_check': 8.0, 'facc': 0.2, 'slices': 5, 'update_interval': 240, 'print_func': <bound method Dynesty._print_func of <bilby.core.sampler.dynesty.Dynesty object at 0x7f50ad8b9250>>, 'dlogz': 0.1, 'maxiter': None, 'maxcall': None, 'logl_max': inf, 'add_live': True, 'print_progress': True, 'save_bounds': False, 'n_effective': None, 'maxmcmc': 5000, 'nact': 5}
00:45 bilby INFO    : Checkpoint every check_point_delta_t = 600s
00:45 bilby INFO    : Using dynesty version 1.0.1
00:45 bilby INFO    : Using the bilby-implemented rwalk sample method with ACT estimated walks
00:45 bilby INFO    : Setting up multiproccesing pool with 20 processes.
00:45 bilby INFO    : Generating initial points from the prior
01:00 bilby INFO    : Written checkpoint file hy_outdir/u_hype_52978_resume.pickle
01:10 bilby INFO    : Written checkpoint file hy_outdir/u_hype_52978_resume.pickle
01:21 bilby INFO    : Written checkpoint file hy_outdir/u_hype_52978_resume.pickle
01:31 bilby INFO    : Written checkpoint file hy_outdir/u_hype_52978_resume.pickle
01:44 bilby INFO    : Written checkpoint file hy_outdir/u_hype_52978_resume.pickle
01:55 bilby INFO    : Written checkpoint file hy_outdir/u_hype_52978_resume.pickle
01:55 bilby INFO    : Writing 112 current samples to hy_outdir/u_hype_52978_samples.dat
02:07 bilby INFO    : Written checkpoint file hy_outdir/u_hype_52978_resume.pickle
02:07 bilby INFO    : Writing 117 current samples to hy_outdir/u_hype_52978_samples.dat
02:17 bilby INFO    : Written checkpoint file hy_outdir/u_hype_52978_resume.pickle
02:17 bilby INFO    : Writing 137 current samples to hy_outdir/u_hype_52978_samples.dat
02:30 bilby INFO    : Written checkpoint file hy_outdir/u_hype_52978_resume.pickle
02:30 bilby INFO    : Writing 190 current samples to hy_outdir/u_hype_52978_samples.dat
02:41 bilby INFO    : Written checkpoint file hy_outdir/u_hype_52978_resume.pickle
02:41 bilby INFO    : Writing 244 current samples to hy_outdir/u_hype_52978_samples.dat
02:52 bilby INFO    : Written checkpoint file hy_outdir/u_hype_52978_resume.pickle
02:52 bilby INFO    : Writing 304 current samples to hy_outdir/u_hype_52978_samples.dat
03:04 bilby INFO    : Written checkpoint file hy_outdir/u_hype_52978_resume.pickle
03:04 bilby INFO    : Writing 380 current samples to hy_outdir/u_hype_52978_samples.dat
03:14 bilby INFO    : Written checkpoint file hy_outdir/u_hype_52978_resume.pickle
03:14 bilby INFO    : Writing 484 current samples to hy_outdir/u_hype_52978_samples.dat
03:24 bilby INFO    : Written checkpoint file hy_outdir/u_hype_52978_resume.pickle
03:24 bilby INFO    : Writing 593 current samples to hy_outdir/u_hype_52978_samples.dat
03:34 bilby INFO    : Written checkpoint file hy_outdir/u_hype_52978_resume.pickle
03:34 bilby INFO    : Writing 705 current samples to hy_outdir/u_hype_52978_samples.dat
03:45 bilby INFO    : Written checkpoint file hy_outdir/u_hype_52978_resume.pickle
03:45 bilby INFO    : Writing 827 current samples to hy_outdir/u_hype_52978_samples.dat
03:55 bilby INFO    : Written checkpoint file hy_outdir/u_hype_52978_resume.pickle
03:55 bilby INFO    : Writing 1111 current samples to hy_outdir/u_hype_52978_samples.dat
04:05 bilby INFO    : Written checkpoint file hy_outdir/u_hype_52978_resume.pickle
04:05 bilby INFO    : Writing 1386 current samples to hy_outdir/u_hype_52978_samples.dat
04:16 bilby INFO    : Written checkpoint file hy_outdir/u_hype_52978_resume.pickle
04:16 bilby INFO    : Writing 1486 current samples to hy_outdir/u_hype_52978_samples.dat
04:28 bilby INFO    : Written checkpoint file hy_outdir/u_hype_52978_resume.pickle
04:28 bilby INFO    : Writing 1503 current samples to hy_outdir/u_hype_52978_samples.dat
04:38 bilby INFO    : Written checkpoint file hy_outdir/u_hype_52978_resume.pickle
04:38 bilby INFO    : Writing 1459 current samples to hy_outdir/u_hype_52978_samples.dat
04:48 bilby INFO    : Written checkpoint file hy_outdir/u_hype_52978_resume.pickle
04:48 bilby INFO    : Writing 1514 current samples to hy_outdir/u_hype_52978_samples.dat
04:48 bilby INFO    : Starting to close worker pool.
04:48 bilby INFO    : Finished closing worker pool.
04:48 bilby WARNING : Multiple likelihood matches found between sorted and unsorted samples. Taking the first match.
04:48 bilby WARNING : Multiple likelihood matches found between sorted and unsorted samples. Taking the first match.
04:48 bilby WARNING : Multiple likelihood matches found between sorted and unsorted samples. Taking the first match.
04:48 bilby WARNING : Multiple likelihood matches found between sorted and unsorted samples. Taking the first match.
04:48 bilby WARNING : Multiple likelihood matches found between sorted and unsorted samples. Taking the first match.
04:48 bilby WARNING : Multiple likelihood matches found between sorted and unsorted samples. Taking the first match.
04:48 bilby WARNING : Multiple likelihood matches found between sorted and unsorted samples. Taking the first match.
04:48 bilby WARNING : Multiple likelihood matches found between sorted and unsorted samples. Taking the first match.
04:48 bilby WARNING : Multiple likelihood matches found between sorted and unsorted samples. Taking the first match.
04:48 bilby WARNING : Multiple likelihood matches found between sorted and unsorted samples. Taking the first match.
04:48 bilby INFO    : Sampling time: 3:59:15.803467
04:48 bilby INFO    : Summary of results:
nsamples: 3461
ln_noise_evidence:  0.000
ln_evidence: 60.565 +/-  0.135
ln_bayes_factor: 60.565 +/-  0.135

/home/yzq/miniconda3/envs/bilby/lib/python3.8/site-packages/bilby/core/result.py:1170: DeprecationWarning: distutils Version classes are deprecated. Use packaging.version instead.
  if LooseVersion(matplotlib.__version__) < "2.1":
/home/yzq/miniconda3/envs/bilby/lib/python3.8/site-packages/setuptools/_distutils/version.py:346: DeprecationWarning: distutils Version classes are deprecated. Use packaging.version instead.
  other = LooseVersion(other)
