/home/yzq/miniconda3/envs/igwn-py310/lib/python3.10/site-packages/pandas/core/computation/expressions.py:21: UserWarning: Pandas requires version '2.8.0' or newer of 'numexpr' (version '2.7.3' currently installed).
  from pandas.core.computation.check import NUMEXPR_INSTALLED
15:43 bilby INFO    : Running for label 'u_hype_71180', output will be saved to 'hy_outdir'
15:44 bilby INFO    : Analysis priors:
15:44 bilby INFO    : mu1=Uniform(minimum=0.9, maximum=2.9, name='mu1', latex_label='$\\mu_1$', unit=None, boundary=None)
15:44 bilby INFO    : sigma1=Uniform(minimum=0.01, maximum=2, name='sigma1', latex_label='$\\sigma_1$', unit=None, boundary=None)
15:44 bilby INFO    : mu2=Uniform(minimum=0.9, maximum=2.9, name='mu2', latex_label='$\\mu_2$', unit=None, boundary=None)
15:44 bilby INFO    : sigma2=Uniform(minimum=0.01, maximum=2, name='sigma2', latex_label='$\\sigma_2$', unit=None, boundary=None)
15:44 bilby INFO    : alpha=Uniform(minimum=0.01, maximum=1, name='alpha', latex_label='$\\alpha$', unit=None, boundary=None)
15:44 bilby INFO    : mup=Uniform(minimum=1.5, maximum=2.9, name='mup', latex_label='$\\rm{m^u}$', unit=None, boundary=None)
15:44 bilby INFO    : Analysis likelihood class: <class 'bilby.hyper.likelihood.HyperparameterLikelihood'>
15:44 bilby INFO    : Analysis likelihood noise evidence: 0
15:44 bilby INFO    : Single likelihood evaluation took 3.201e-03 s
15:44 bilby INFO    : Using sampler Dynesty with kwargs {'nlive': 400, 'bound': 'live', 'sample': 'act-walk', 'periodic': None, 'reflective': None, 'update_interval': 600, 'first_update': None, 'npdim': None, 'rstate': None, 'queue_size': 20, 'pool': None, 'use_pool': None, 'live_points': None, 'logl_args': None, 'logl_kwargs': None, 'ptform_args': None, 'ptform_kwargs': None, 'gradient': None, 'grad_args': None, 'grad_kwargs': None, 'compute_jac': False, 'enlarge': None, 'bootstrap': None, 'walks': 100, 'facc': 0.2, 'slices': None, 'fmove': 0.9, 'max_move': 100, 'update_func': None, 'ncdim': None, 'blob': False, 'save_history': False, 'history_filename': None, 'maxiter': None, 'maxcall': None, 'dlogz': 0.1, 'logl_max': inf, 'n_effective': None, 'add_live': True, 'print_progress': True, 'print_func': <bound method Dynesty._print_func of <bilby.core.sampler.dynesty.Dynesty object at 0x7fe9d8d3d660>>, 'save_bounds': False, 'checkpoint_file': None, 'checkpoint_every': 60, 'resume': False}
15:44 bilby INFO    : Checkpoint every check_point_delta_t = 600s
15:44 bilby INFO    : Using dynesty version 2.1.2
15:44 bilby INFO    : Using the bilby-implemented rwalk sampling tracking the autocorrelation function and thinning by 2 with maximum length 10000
15:44 bilby INFO    : Setting up multiproccesing pool with 20 processes
15:44 bilby INFO    : Generating initial points from the prior
15:54 bilby INFO    : Written checkpoint file hy_outdir/u_hype_71180_resume.pickle
16:06 bilby INFO    : Written checkpoint file hy_outdir/u_hype_71180_resume.pickle
16:19 bilby INFO    : Written checkpoint file hy_outdir/u_hype_71180_resume.pickle
16:26 bilby INFO    : Written checkpoint file hy_outdir/u_hype_71180_resume.pickle
16:26 bilby INFO    : Starting to close worker pool.
16:26 bilby INFO    : Finished closing worker pool.
16:26 bilby INFO    : Rejection sampling nested samples to obtain 1553 posterior samples
16:26 bilby INFO    : Sampling time: 0:42:03.617733
16:26 bilby INFO    : Summary of results:
nsamples: 1553
ln_noise_evidence:  0.000
ln_evidence: 30.896 +/-  0.161
ln_bayes_factor: 30.896 +/-  0.161

