22:17 bilby INFO    : Running for label 'u_hype_59818', output will be saved to 'hy_outdir'
22:17 bilby INFO    : Search parameters:
22:17 bilby INFO    :   alpha = Uniform(minimum=-5, maximum=25, name='alpha', latex_label='$\\alpha$', unit=None, boundary=None)
22:17 bilby INFO    :   mmin = Uniform(minimum=0.9, maximum=1.5, name='mmin', latex_label='$mmin$', unit=None, boundary=None)
22:17 bilby INFO    :   mmax = Uniform(minimum=1.5, maximum=2.9, name='mmax', latex_label='$mmax$', unit=None, boundary=None)
22:17 bilby INFO    :   delta_m = Uniform(minimum=0.01, maximum=1, name='delta', latex_label='$\\delta$', unit=None, boundary=None)
22:17 bilby INFO    : Single likelihood evaluation took 4.956e-02 s
22:17 bilby INFO    : Using sampler Dynesty with kwargs {'bound': 'multi', 'sample': 'rwalk', 'verbose': True, 'periodic': None, 'reflective': None, 'check_point_delta_t': 600, 'nlive': 400, 'first_update': None, 'walks': 100, 'npdim': None, 'rstate': None, 'queue_size': 4, 'pool': None, 'use_pool': None, 'live_points': None, 'logl_args': None, 'logl_kwargs': None, 'ptform_args': None, 'ptform_kwargs': None, 'enlarge': 1.5, 'bootstrap': None, 'vol_dec': 0.5, 'vol_check': 8.0, 'facc': 0.2, 'slices': 5, 'update_interval': 240, 'print_func': <bound method Dynesty._print_func of <bilby.core.sampler.dynesty.Dynesty object at 0x7fe5c58c7048>>, 'dlogz': 0.1, 'maxiter': None, 'maxcall': None, 'logl_max': inf, 'add_live': True, 'print_progress': True, 'save_bounds': False, 'n_effective': None, 'maxmcmc': 5000, 'nact': 5}
22:17 bilby INFO    : Checkpoint every check_point_delta_t = 600s
22:17 bilby INFO    : Using dynesty version 1.1
22:17 bilby INFO    : Using the bilby-implemented rwalk sample method with ACT estimated walks
22:17 bilby INFO    : Setting up multiproccesing pool with 4 processes.
22:17 bilby INFO    : Generating initial points from the prior
22:28 bilby INFO    : Written checkpoint file hy_outdir/u_hype_59818_resume.pickle
22:38 bilby INFO    : Written checkpoint file hy_outdir/u_hype_59818_resume.pickle
22:49 bilby INFO    : Written checkpoint file hy_outdir/u_hype_59818_resume.pickle
22:59 bilby INFO    : Written checkpoint file hy_outdir/u_hype_59818_resume.pickle
23:10 bilby INFO    : Written checkpoint file hy_outdir/u_hype_59818_resume.pickle
23:20 bilby INFO    : Written checkpoint file hy_outdir/u_hype_59818_resume.pickle
23:30 bilby INFO    : Written checkpoint file hy_outdir/u_hype_59818_resume.pickle
23:40 bilby INFO    : Written checkpoint file hy_outdir/u_hype_59818_resume.pickle
23:51 bilby INFO    : Written checkpoint file hy_outdir/u_hype_59818_resume.pickle
00:01 bilby INFO    : Written checkpoint file hy_outdir/u_hype_59818_resume.pickle
00:11 bilby INFO    : Written checkpoint file hy_outdir/u_hype_59818_resume.pickle
00:21 bilby INFO    : Written checkpoint file hy_outdir/u_hype_59818_resume.pickle
00:32 bilby INFO    : Written checkpoint file hy_outdir/u_hype_59818_resume.pickle
00:42 bilby INFO    : Written checkpoint file hy_outdir/u_hype_59818_resume.pickle
00:42 bilby INFO    : Writing 116 current samples to hy_outdir/u_hype_59818_samples.dat
00:53 bilby INFO    : Written checkpoint file hy_outdir/u_hype_59818_resume.pickle
00:53 bilby INFO    : Writing 113 current samples to hy_outdir/u_hype_59818_samples.dat
01:03 bilby INFO    : Written checkpoint file hy_outdir/u_hype_59818_resume.pickle
01:03 bilby INFO    : Writing 129 current samples to hy_outdir/u_hype_59818_samples.dat
01:13 bilby INFO    : Written checkpoint file hy_outdir/u_hype_59818_resume.pickle
01:13 bilby INFO    : Writing 168 current samples to hy_outdir/u_hype_59818_samples.dat
01:23 bilby INFO    : Written checkpoint file hy_outdir/u_hype_59818_resume.pickle
01:23 bilby INFO    : Writing 196 current samples to hy_outdir/u_hype_59818_samples.dat
01:34 bilby INFO    : Written checkpoint file hy_outdir/u_hype_59818_resume.pickle
01:34 bilby INFO    : Writing 225 current samples to hy_outdir/u_hype_59818_samples.dat
01:44 bilby INFO    : Written checkpoint file hy_outdir/u_hype_59818_resume.pickle
01:44 bilby INFO    : Writing 265 current samples to hy_outdir/u_hype_59818_samples.dat
01:55 bilby INFO    : Written checkpoint file hy_outdir/u_hype_59818_resume.pickle
01:55 bilby INFO    : Writing 349 current samples to hy_outdir/u_hype_59818_samples.dat
02:05 bilby INFO    : Written checkpoint file hy_outdir/u_hype_59818_resume.pickle
02:05 bilby INFO    : Writing 382 current samples to hy_outdir/u_hype_59818_samples.dat
02:15 bilby INFO    : Written checkpoint file hy_outdir/u_hype_59818_resume.pickle
02:15 bilby INFO    : Writing 435 current samples to hy_outdir/u_hype_59818_samples.dat
02:25 bilby INFO    : Written checkpoint file hy_outdir/u_hype_59818_resume.pickle
02:25 bilby INFO    : Writing 513 current samples to hy_outdir/u_hype_59818_samples.dat
02:35 bilby INFO    : Written checkpoint file hy_outdir/u_hype_59818_resume.pickle
02:35 bilby INFO    : Writing 667 current samples to hy_outdir/u_hype_59818_samples.dat
02:45 bilby INFO    : Written checkpoint file hy_outdir/u_hype_59818_resume.pickle
02:45 bilby INFO    : Writing 739 current samples to hy_outdir/u_hype_59818_samples.dat
02:56 bilby INFO    : Written checkpoint file hy_outdir/u_hype_59818_resume.pickle
02:56 bilby INFO    : Writing 885 current samples to hy_outdir/u_hype_59818_samples.dat
03:06 bilby INFO    : Written checkpoint file hy_outdir/u_hype_59818_resume.pickle
03:06 bilby INFO    : Writing 1074 current samples to hy_outdir/u_hype_59818_samples.dat
03:16 bilby INFO    : Written checkpoint file hy_outdir/u_hype_59818_resume.pickle
03:16 bilby INFO    : Writing 1230 current samples to hy_outdir/u_hype_59818_samples.dat
03:26 bilby INFO    : Written checkpoint file hy_outdir/u_hype_59818_resume.pickle
03:26 bilby INFO    : Writing 1471 current samples to hy_outdir/u_hype_59818_samples.dat
03:36 bilby INFO    : Written checkpoint file hy_outdir/u_hype_59818_resume.pickle
03:36 bilby INFO    : Writing 1508 current samples to hy_outdir/u_hype_59818_samples.dat
03:47 bilby INFO    : Written checkpoint file hy_outdir/u_hype_59818_resume.pickle
03:47 bilby INFO    : Writing 1536 current samples to hy_outdir/u_hype_59818_samples.dat
03:57 bilby INFO    : Written checkpoint file hy_outdir/u_hype_59818_resume.pickle
03:57 bilby INFO    : Writing 1566 current samples to hy_outdir/u_hype_59818_samples.dat
04:07 bilby INFO    : Written checkpoint file hy_outdir/u_hype_59818_resume.pickle
04:07 bilby INFO    : Writing 1567 current samples to hy_outdir/u_hype_59818_samples.dat
04:18 bilby INFO    : Written checkpoint file hy_outdir/u_hype_59818_resume.pickle
04:18 bilby INFO    : Writing 1558 current samples to hy_outdir/u_hype_59818_samples.dat
04:28 bilby INFO    : Written checkpoint file hy_outdir/u_hype_59818_resume.pickle
04:28 bilby INFO    : Writing 1565 current samples to hy_outdir/u_hype_59818_samples.dat
04:34 bilby INFO    : Written checkpoint file hy_outdir/u_hype_59818_resume.pickle
04:34 bilby INFO    : Writing 1538 current samples to hy_outdir/u_hype_59818_samples.dat
04:34 bilby INFO    : Starting to close worker pool.
04:34 bilby INFO    : Finished closing worker pool.
04:34 bilby INFO    : Sampling time: 6:16:00.070352
04:34 bilby INFO    : Summary of results:
nsamples: 4061
ln_noise_evidence:  0.000
ln_evidence: 58.610 +/-  0.160
ln_bayes_factor: 58.610 +/-  0.160

