12:19 bilby INFO    : Running for label 'u_hype_42333', output will be saved to 'hy_outdir'
12:19 bilby INFO    : Search parameters:
12:19 bilby INFO    :   s_mu = Uniform(minimum=0.01, maximum=1, name='s_mu', latex_label='$\\mu$', unit=None, boundary=None)
12:19 bilby INFO    :   s_sigma = Uniform(minimum=0.01, maximum=0.5, name='s_sigma', latex_label='$\\sigma$', unit=None, boundary=None)
12:19 bilby INFO    : Single likelihood evaluation took 1.882e-02 s
12:19 bilby INFO    : Using sampler Dynesty with kwargs {'bound': 'multi', 'sample': 'rwalk', 'verbose': True, 'periodic': None, 'reflective': None, 'check_point_delta_t': 600, 'nlive': 400, 'first_update': None, 'walks': 100, 'npdim': None, 'rstate': None, 'queue_size': 5, 'pool': None, 'use_pool': None, 'live_points': None, 'logl_args': None, 'logl_kwargs': None, 'ptform_args': None, 'ptform_kwargs': None, 'enlarge': 1.5, 'bootstrap': None, 'vol_dec': 0.5, 'vol_check': 8.0, 'facc': 0.2, 'slices': 5, 'update_interval': 240, 'print_func': <bound method Dynesty._print_func of <bilby.core.sampler.dynesty.Dynesty object at 0x7fe4d61850a0>>, 'dlogz': 0.1, 'maxiter': None, 'maxcall': None, 'logl_max': inf, 'add_live': True, 'print_progress': True, 'save_bounds': False, 'n_effective': None, 'maxmcmc': 5000, 'nact': 5}
12:19 bilby INFO    : Checkpoint every check_point_delta_t = 600s
12:19 bilby INFO    : Using dynesty version 1.0.1
12:19 bilby INFO    : Using the bilby-implemented rwalk sample method with ACT estimated walks
12:19 bilby INFO    : Setting up multiproccesing pool with 5 processes.
12:19 bilby INFO    : Generating initial points from the prior
12:30 bilby INFO    : Written checkpoint file hy_outdir/u_hype_42333_resume.pickle
/home/yzq/miniconda3/envs/bilby/lib/python3.8/site-packages/dynesty/utils.py:171: DeprecationWarning: `np.int` is a deprecated alias for the builtin `int`. To silence this warning, use `int` by itself. Doing this will not modify any behavior and is safe. When replacing `np.int`, you may wish to use e.g. `np.int64` or `np.int32` to specify the precision. If you wish to review your current use, check the release note link for additional information.
Deprecated in NumPy 1.20; for more details and guidance: https://numpy.org/devdocs/release/1.20.0-notes.html#deprecations
  idx = np.zeros(nsamples, dtype=np.int)
/home/yzq/miniconda3/envs/bilby/lib/python3.8/site-packages/dynesty/utils.py:171: DeprecationWarning: `np.int` is a deprecated alias for the builtin `int`. To silence this warning, use `int` by itself. Doing this will not modify any behavior and is safe. When replacing `np.int`, you may wish to use e.g. `np.int64` or `np.int32` to specify the precision. If you wish to review your current use, check the release note link for additional information.
Deprecated in NumPy 1.20; for more details and guidance: https://numpy.org/devdocs/release/1.20.0-notes.html#deprecations
  idx = np.zeros(nsamples, dtype=np.int)
12:42 bilby INFO    : Written checkpoint file hy_outdir/u_hype_42333_resume.pickle
/home/yzq/miniconda3/envs/bilby/lib/python3.8/site-packages/dynesty/utils.py:171: DeprecationWarning: `np.int` is a deprecated alias for the builtin `int`. To silence this warning, use `int` by itself. Doing this will not modify any behavior and is safe. When replacing `np.int`, you may wish to use e.g. `np.int64` or `np.int32` to specify the precision. If you wish to review your current use, check the release note link for additional information.
Deprecated in NumPy 1.20; for more details and guidance: https://numpy.org/devdocs/release/1.20.0-notes.html#deprecations
  idx = np.zeros(nsamples, dtype=np.int)
/home/yzq/miniconda3/envs/bilby/lib/python3.8/site-packages/dynesty/utils.py:171: DeprecationWarning: `np.int` is a deprecated alias for the builtin `int`. To silence this warning, use `int` by itself. Doing this will not modify any behavior and is safe. When replacing `np.int`, you may wish to use e.g. `np.int64` or `np.int32` to specify the precision. If you wish to review your current use, check the release note link for additional information.
Deprecated in NumPy 1.20; for more details and guidance: https://numpy.org/devdocs/release/1.20.0-notes.html#deprecations
  idx = np.zeros(nsamples, dtype=np.int)
12:53 bilby INFO    : Written checkpoint file hy_outdir/u_hype_42333_resume.pickle
/home/yzq/miniconda3/envs/bilby/lib/python3.8/site-packages/dynesty/utils.py:171: DeprecationWarning: `np.int` is a deprecated alias for the builtin `int`. To silence this warning, use `int` by itself. Doing this will not modify any behavior and is safe. When replacing `np.int`, you may wish to use e.g. `np.int64` or `np.int32` to specify the precision. If you wish to review your current use, check the release note link for additional information.
Deprecated in NumPy 1.20; for more details and guidance: https://numpy.org/devdocs/release/1.20.0-notes.html#deprecations
  idx = np.zeros(nsamples, dtype=np.int)
/home/yzq/miniconda3/envs/bilby/lib/python3.8/site-packages/dynesty/utils.py:171: DeprecationWarning: `np.int` is a deprecated alias for the builtin `int`. To silence this warning, use `int` by itself. Doing this will not modify any behavior and is safe. When replacing `np.int`, you may wish to use e.g. `np.int64` or `np.int32` to specify the precision. If you wish to review your current use, check the release note link for additional information.
Deprecated in NumPy 1.20; for more details and guidance: https://numpy.org/devdocs/release/1.20.0-notes.html#deprecations
  idx = np.zeros(nsamples, dtype=np.int)
13:04 bilby INFO    : Written checkpoint file hy_outdir/u_hype_42333_resume.pickle
/home/yzq/miniconda3/envs/bilby/lib/python3.8/site-packages/dynesty/utils.py:171: DeprecationWarning: `np.int` is a deprecated alias for the builtin `int`. To silence this warning, use `int` by itself. Doing this will not modify any behavior and is safe. When replacing `np.int`, you may wish to use e.g. `np.int64` or `np.int32` to specify the precision. If you wish to review your current use, check the release note link for additional information.
Deprecated in NumPy 1.20; for more details and guidance: https://numpy.org/devdocs/release/1.20.0-notes.html#deprecations
  idx = np.zeros(nsamples, dtype=np.int)
/home/yzq/miniconda3/envs/bilby/lib/python3.8/site-packages/dynesty/utils.py:171: DeprecationWarning: `np.int` is a deprecated alias for the builtin `int`. To silence this warning, use `int` by itself. Doing this will not modify any behavior and is safe. When replacing `np.int`, you may wish to use e.g. `np.int64` or `np.int32` to specify the precision. If you wish to review your current use, check the release note link for additional information.
Deprecated in NumPy 1.20; for more details and guidance: https://numpy.org/devdocs/release/1.20.0-notes.html#deprecations
  idx = np.zeros(nsamples, dtype=np.int)
13:15 bilby INFO    : Written checkpoint file hy_outdir/u_hype_42333_resume.pickle
/home/yzq/miniconda3/envs/bilby/lib/python3.8/site-packages/dynesty/utils.py:171: DeprecationWarning: `np.int` is a deprecated alias for the builtin `int`. To silence this warning, use `int` by itself. Doing this will not modify any behavior and is safe. When replacing `np.int`, you may wish to use e.g. `np.int64` or `np.int32` to specify the precision. If you wish to review your current use, check the release note link for additional information.
Deprecated in NumPy 1.20; for more details and guidance: https://numpy.org/devdocs/release/1.20.0-notes.html#deprecations
  idx = np.zeros(nsamples, dtype=np.int)
/home/yzq/miniconda3/envs/bilby/lib/python3.8/site-packages/dynesty/utils.py:171: DeprecationWarning: `np.int` is a deprecated alias for the builtin `int`. To silence this warning, use `int` by itself. Doing this will not modify any behavior and is safe. When replacing `np.int`, you may wish to use e.g. `np.int64` or `np.int32` to specify the precision. If you wish to review your current use, check the release note link for additional information.
Deprecated in NumPy 1.20; for more details and guidance: https://numpy.org/devdocs/release/1.20.0-notes.html#deprecations
  idx = np.zeros(nsamples, dtype=np.int)
13:27 bilby INFO    : Written checkpoint file hy_outdir/u_hype_42333_resume.pickle
/home/yzq/miniconda3/envs/bilby/lib/python3.8/site-packages/dynesty/utils.py:171: DeprecationWarning: `np.int` is a deprecated alias for the builtin `int`. To silence this warning, use `int` by itself. Doing this will not modify any behavior and is safe. When replacing `np.int`, you may wish to use e.g. `np.int64` or `np.int32` to specify the precision. If you wish to review your current use, check the release note link for additional information.
Deprecated in NumPy 1.20; for more details and guidance: https://numpy.org/devdocs/release/1.20.0-notes.html#deprecations
  idx = np.zeros(nsamples, dtype=np.int)
/home/yzq/miniconda3/envs/bilby/lib/python3.8/site-packages/dynesty/utils.py:171: DeprecationWarning: `np.int` is a deprecated alias for the builtin `int`. To silence this warning, use `int` by itself. Doing this will not modify any behavior and is safe. When replacing `np.int`, you may wish to use e.g. `np.int64` or `np.int32` to specify the precision. If you wish to review your current use, check the release note link for additional information.
Deprecated in NumPy 1.20; for more details and guidance: https://numpy.org/devdocs/release/1.20.0-notes.html#deprecations
  idx = np.zeros(nsamples, dtype=np.int)
13:38 bilby INFO    : Written checkpoint file hy_outdir/u_hype_42333_resume.pickle
/home/yzq/miniconda3/envs/bilby/lib/python3.8/site-packages/dynesty/utils.py:171: DeprecationWarning: `np.int` is a deprecated alias for the builtin `int`. To silence this warning, use `int` by itself. Doing this will not modify any behavior and is safe. When replacing `np.int`, you may wish to use e.g. `np.int64` or `np.int32` to specify the precision. If you wish to review your current use, check the release note link for additional information.
Deprecated in NumPy 1.20; for more details and guidance: https://numpy.org/devdocs/release/1.20.0-notes.html#deprecations
  idx = np.zeros(nsamples, dtype=np.int)
/home/yzq/miniconda3/envs/bilby/lib/python3.8/site-packages/dynesty/utils.py:171: DeprecationWarning: `np.int` is a deprecated alias for the builtin `int`. To silence this warning, use `int` by itself. Doing this will not modify any behavior and is safe. When replacing `np.int`, you may wish to use e.g. `np.int64` or `np.int32` to specify the precision. If you wish to review your current use, check the release note link for additional information.
Deprecated in NumPy 1.20; for more details and guidance: https://numpy.org/devdocs/release/1.20.0-notes.html#deprecations
  idx = np.zeros(nsamples, dtype=np.int)
13:48 bilby INFO    : Written checkpoint file hy_outdir/u_hype_42333_resume.pickle
13:48 bilby INFO    : Writing 105 current samples to hy_outdir/u_hype_42333_samples.dat
/home/yzq/miniconda3/envs/bilby/lib/python3.8/site-packages/dynesty/utils.py:171: DeprecationWarning: `np.int` is a deprecated alias for the builtin `int`. To silence this warning, use `int` by itself. Doing this will not modify any behavior and is safe. When replacing `np.int`, you may wish to use e.g. `np.int64` or `np.int32` to specify the precision. If you wish to review your current use, check the release note link for additional information.
Deprecated in NumPy 1.20; for more details and guidance: https://numpy.org/devdocs/release/1.20.0-notes.html#deprecations
  idx = np.zeros(nsamples, dtype=np.int)
/home/yzq/miniconda3/envs/bilby/lib/python3.8/site-packages/dynesty/utils.py:171: DeprecationWarning: `np.int` is a deprecated alias for the builtin `int`. To silence this warning, use `int` by itself. Doing this will not modify any behavior and is safe. When replacing `np.int`, you may wish to use e.g. `np.int64` or `np.int32` to specify the precision. If you wish to review your current use, check the release note link for additional information.
Deprecated in NumPy 1.20; for more details and guidance: https://numpy.org/devdocs/release/1.20.0-notes.html#deprecations
  idx = np.zeros(nsamples, dtype=np.int)
14:00 bilby INFO    : Written checkpoint file hy_outdir/u_hype_42333_resume.pickle
14:00 bilby INFO    : Writing 118 current samples to hy_outdir/u_hype_42333_samples.dat
/home/yzq/miniconda3/envs/bilby/lib/python3.8/site-packages/dynesty/utils.py:171: DeprecationWarning: `np.int` is a deprecated alias for the builtin `int`. To silence this warning, use `int` by itself. Doing this will not modify any behavior and is safe. When replacing `np.int`, you may wish to use e.g. `np.int64` or `np.int32` to specify the precision. If you wish to review your current use, check the release note link for additional information.
Deprecated in NumPy 1.20; for more details and guidance: https://numpy.org/devdocs/release/1.20.0-notes.html#deprecations
  idx = np.zeros(nsamples, dtype=np.int)
/home/yzq/miniconda3/envs/bilby/lib/python3.8/site-packages/dynesty/utils.py:171: DeprecationWarning: `np.int` is a deprecated alias for the builtin `int`. To silence this warning, use `int` by itself. Doing this will not modify any behavior and is safe. When replacing `np.int`, you may wish to use e.g. `np.int64` or `np.int32` to specify the precision. If you wish to review your current use, check the release note link for additional information.
Deprecated in NumPy 1.20; for more details and guidance: https://numpy.org/devdocs/release/1.20.0-notes.html#deprecations
  idx = np.zeros(nsamples, dtype=np.int)
14:12 bilby INFO    : Written checkpoint file hy_outdir/u_hype_42333_resume.pickle
14:12 bilby INFO    : Writing 110 current samples to hy_outdir/u_hype_42333_samples.dat
/home/yzq/miniconda3/envs/bilby/lib/python3.8/site-packages/dynesty/utils.py:171: DeprecationWarning: `np.int` is a deprecated alias for the builtin `int`. To silence this warning, use `int` by itself. Doing this will not modify any behavior and is safe. When replacing `np.int`, you may wish to use e.g. `np.int64` or `np.int32` to specify the precision. If you wish to review your current use, check the release note link for additional information.
Deprecated in NumPy 1.20; for more details and guidance: https://numpy.org/devdocs/release/1.20.0-notes.html#deprecations
  idx = np.zeros(nsamples, dtype=np.int)
/home/yzq/miniconda3/envs/bilby/lib/python3.8/site-packages/dynesty/utils.py:171: DeprecationWarning: `np.int` is a deprecated alias for the builtin `int`. To silence this warning, use `int` by itself. Doing this will not modify any behavior and is safe. When replacing `np.int`, you may wish to use e.g. `np.int64` or `np.int32` to specify the precision. If you wish to review your current use, check the release note link for additional information.
Deprecated in NumPy 1.20; for more details and guidance: https://numpy.org/devdocs/release/1.20.0-notes.html#deprecations
  idx = np.zeros(nsamples, dtype=np.int)
14:22 bilby INFO    : Written checkpoint file hy_outdir/u_hype_42333_resume.pickle
14:22 bilby INFO    : Writing 116 current samples to hy_outdir/u_hype_42333_samples.dat
/home/yzq/miniconda3/envs/bilby/lib/python3.8/site-packages/dynesty/utils.py:171: DeprecationWarning: `np.int` is a deprecated alias for the builtin `int`. To silence this warning, use `int` by itself. Doing this will not modify any behavior and is safe. When replacing `np.int`, you may wish to use e.g. `np.int64` or `np.int32` to specify the precision. If you wish to review your current use, check the release note link for additional information.
Deprecated in NumPy 1.20; for more details and guidance: https://numpy.org/devdocs/release/1.20.0-notes.html#deprecations
  idx = np.zeros(nsamples, dtype=np.int)
/home/yzq/miniconda3/envs/bilby/lib/python3.8/site-packages/dynesty/utils.py:171: DeprecationWarning: `np.int` is a deprecated alias for the builtin `int`. To silence this warning, use `int` by itself. Doing this will not modify any behavior and is safe. When replacing `np.int`, you may wish to use e.g. `np.int64` or `np.int32` to specify the precision. If you wish to review your current use, check the release note link for additional information.
Deprecated in NumPy 1.20; for more details and guidance: https://numpy.org/devdocs/release/1.20.0-notes.html#deprecations
  idx = np.zeros(nsamples, dtype=np.int)
14:33 bilby INFO    : Written checkpoint file hy_outdir/u_hype_42333_resume.pickle
14:33 bilby INFO    : Writing 116 current samples to hy_outdir/u_hype_42333_samples.dat
/home/yzq/miniconda3/envs/bilby/lib/python3.8/site-packages/dynesty/utils.py:171: DeprecationWarning: `np.int` is a deprecated alias for the builtin `int`. To silence this warning, use `int` by itself. Doing this will not modify any behavior and is safe. When replacing `np.int`, you may wish to use e.g. `np.int64` or `np.int32` to specify the precision. If you wish to review your current use, check the release note link for additional information.
Deprecated in NumPy 1.20; for more details and guidance: https://numpy.org/devdocs/release/1.20.0-notes.html#deprecations
  idx = np.zeros(nsamples, dtype=np.int)
/home/yzq/miniconda3/envs/bilby/lib/python3.8/site-packages/dynesty/utils.py:171: DeprecationWarning: `np.int` is a deprecated alias for the builtin `int`. To silence this warning, use `int` by itself. Doing this will not modify any behavior and is safe. When replacing `np.int`, you may wish to use e.g. `np.int64` or `np.int32` to specify the precision. If you wish to review your current use, check the release note link for additional information.
Deprecated in NumPy 1.20; for more details and guidance: https://numpy.org/devdocs/release/1.20.0-notes.html#deprecations
  idx = np.zeros(nsamples, dtype=np.int)
14:44 bilby INFO    : Written checkpoint file hy_outdir/u_hype_42333_resume.pickle
14:44 bilby INFO    : Writing 161 current samples to hy_outdir/u_hype_42333_samples.dat
/home/yzq/miniconda3/envs/bilby/lib/python3.8/site-packages/dynesty/utils.py:171: DeprecationWarning: `np.int` is a deprecated alias for the builtin `int`. To silence this warning, use `int` by itself. Doing this will not modify any behavior and is safe. When replacing `np.int`, you may wish to use e.g. `np.int64` or `np.int32` to specify the precision. If you wish to review your current use, check the release note link for additional information.
Deprecated in NumPy 1.20; for more details and guidance: https://numpy.org/devdocs/release/1.20.0-notes.html#deprecations
  idx = np.zeros(nsamples, dtype=np.int)
/home/yzq/miniconda3/envs/bilby/lib/python3.8/site-packages/dynesty/utils.py:171: DeprecationWarning: `np.int` is a deprecated alias for the builtin `int`. To silence this warning, use `int` by itself. Doing this will not modify any behavior and is safe. When replacing `np.int`, you may wish to use e.g. `np.int64` or `np.int32` to specify the precision. If you wish to review your current use, check the release note link for additional information.
Deprecated in NumPy 1.20; for more details and guidance: https://numpy.org/devdocs/release/1.20.0-notes.html#deprecations
  idx = np.zeros(nsamples, dtype=np.int)
14:55 bilby INFO    : Written checkpoint file hy_outdir/u_hype_42333_resume.pickle
14:55 bilby INFO    : Writing 179 current samples to hy_outdir/u_hype_42333_samples.dat
/home/yzq/miniconda3/envs/bilby/lib/python3.8/site-packages/dynesty/utils.py:171: DeprecationWarning: `np.int` is a deprecated alias for the builtin `int`. To silence this warning, use `int` by itself. Doing this will not modify any behavior and is safe. When replacing `np.int`, you may wish to use e.g. `np.int64` or `np.int32` to specify the precision. If you wish to review your current use, check the release note link for additional information.
Deprecated in NumPy 1.20; for more details and guidance: https://numpy.org/devdocs/release/1.20.0-notes.html#deprecations
  idx = np.zeros(nsamples, dtype=np.int)
/home/yzq/miniconda3/envs/bilby/lib/python3.8/site-packages/dynesty/utils.py:171: DeprecationWarning: `np.int` is a deprecated alias for the builtin `int`. To silence this warning, use `int` by itself. Doing this will not modify any behavior and is safe. When replacing `np.int`, you may wish to use e.g. `np.int64` or `np.int32` to specify the precision. If you wish to review your current use, check the release note link for additional information.
Deprecated in NumPy 1.20; for more details and guidance: https://numpy.org/devdocs/release/1.20.0-notes.html#deprecations
  idx = np.zeros(nsamples, dtype=np.int)
15:06 bilby INFO    : Written checkpoint file hy_outdir/u_hype_42333_resume.pickle
15:06 bilby INFO    : Writing 186 current samples to hy_outdir/u_hype_42333_samples.dat
/home/yzq/miniconda3/envs/bilby/lib/python3.8/site-packages/dynesty/utils.py:171: DeprecationWarning: `np.int` is a deprecated alias for the builtin `int`. To silence this warning, use `int` by itself. Doing this will not modify any behavior and is safe. When replacing `np.int`, you may wish to use e.g. `np.int64` or `np.int32` to specify the precision. If you wish to review your current use, check the release note link for additional information.
Deprecated in NumPy 1.20; for more details and guidance: https://numpy.org/devdocs/release/1.20.0-notes.html#deprecations
  idx = np.zeros(nsamples, dtype=np.int)
/home/yzq/miniconda3/envs/bilby/lib/python3.8/site-packages/dynesty/utils.py:171: DeprecationWarning: `np.int` is a deprecated alias for the builtin `int`. To silence this warning, use `int` by itself. Doing this will not modify any behavior and is safe. When replacing `np.int`, you may wish to use e.g. `np.int64` or `np.int32` to specify the precision. If you wish to review your current use, check the release note link for additional information.
Deprecated in NumPy 1.20; for more details and guidance: https://numpy.org/devdocs/release/1.20.0-notes.html#deprecations
  idx = np.zeros(nsamples, dtype=np.int)
15:16 bilby INFO    : Written checkpoint file hy_outdir/u_hype_42333_resume.pickle
15:16 bilby INFO    : Writing 198 current samples to hy_outdir/u_hype_42333_samples.dat
/home/yzq/miniconda3/envs/bilby/lib/python3.8/site-packages/dynesty/utils.py:171: DeprecationWarning: `np.int` is a deprecated alias for the builtin `int`. To silence this warning, use `int` by itself. Doing this will not modify any behavior and is safe. When replacing `np.int`, you may wish to use e.g. `np.int64` or `np.int32` to specify the precision. If you wish to review your current use, check the release note link for additional information.
Deprecated in NumPy 1.20; for more details and guidance: https://numpy.org/devdocs/release/1.20.0-notes.html#deprecations
  idx = np.zeros(nsamples, dtype=np.int)
/home/yzq/miniconda3/envs/bilby/lib/python3.8/site-packages/dynesty/utils.py:171: DeprecationWarning: `np.int` is a deprecated alias for the builtin `int`. To silence this warning, use `int` by itself. Doing this will not modify any behavior and is safe. When replacing `np.int`, you may wish to use e.g. `np.int64` or `np.int32` to specify the precision. If you wish to review your current use, check the release note link for additional information.
Deprecated in NumPy 1.20; for more details and guidance: https://numpy.org/devdocs/release/1.20.0-notes.html#deprecations
  idx = np.zeros(nsamples, dtype=np.int)
15:27 bilby INFO    : Written checkpoint file hy_outdir/u_hype_42333_resume.pickle
15:27 bilby INFO    : Writing 225 current samples to hy_outdir/u_hype_42333_samples.dat
/home/yzq/miniconda3/envs/bilby/lib/python3.8/site-packages/dynesty/utils.py:171: DeprecationWarning: `np.int` is a deprecated alias for the builtin `int`. To silence this warning, use `int` by itself. Doing this will not modify any behavior and is safe. When replacing `np.int`, you may wish to use e.g. `np.int64` or `np.int32` to specify the precision. If you wish to review your current use, check the release note link for additional information.
Deprecated in NumPy 1.20; for more details and guidance: https://numpy.org/devdocs/release/1.20.0-notes.html#deprecations
  idx = np.zeros(nsamples, dtype=np.int)
/home/yzq/miniconda3/envs/bilby/lib/python3.8/site-packages/dynesty/utils.py:171: DeprecationWarning: `np.int` is a deprecated alias for the builtin `int`. To silence this warning, use `int` by itself. Doing this will not modify any behavior and is safe. When replacing `np.int`, you may wish to use e.g. `np.int64` or `np.int32` to specify the precision. If you wish to review your current use, check the release note link for additional information.
Deprecated in NumPy 1.20; for more details and guidance: https://numpy.org/devdocs/release/1.20.0-notes.html#deprecations
  idx = np.zeros(nsamples, dtype=np.int)
15:38 bilby INFO    : Written checkpoint file hy_outdir/u_hype_42333_resume.pickle
15:38 bilby INFO    : Writing 244 current samples to hy_outdir/u_hype_42333_samples.dat
/home/yzq/miniconda3/envs/bilby/lib/python3.8/site-packages/dynesty/utils.py:171: DeprecationWarning: `np.int` is a deprecated alias for the builtin `int`. To silence this warning, use `int` by itself. Doing this will not modify any behavior and is safe. When replacing `np.int`, you may wish to use e.g. `np.int64` or `np.int32` to specify the precision. If you wish to review your current use, check the release note link for additional information.
Deprecated in NumPy 1.20; for more details and guidance: https://numpy.org/devdocs/release/1.20.0-notes.html#deprecations
  idx = np.zeros(nsamples, dtype=np.int)
/home/yzq/miniconda3/envs/bilby/lib/python3.8/site-packages/dynesty/utils.py:171: DeprecationWarning: `np.int` is a deprecated alias for the builtin `int`. To silence this warning, use `int` by itself. Doing this will not modify any behavior and is safe. When replacing `np.int`, you may wish to use e.g. `np.int64` or `np.int32` to specify the precision. If you wish to review your current use, check the release note link for additional information.
Deprecated in NumPy 1.20; for more details and guidance: https://numpy.org/devdocs/release/1.20.0-notes.html#deprecations
  idx = np.zeros(nsamples, dtype=np.int)
15:49 bilby INFO    : Written checkpoint file hy_outdir/u_hype_42333_resume.pickle
15:49 bilby INFO    : Writing 270 current samples to hy_outdir/u_hype_42333_samples.dat
/home/yzq/miniconda3/envs/bilby/lib/python3.8/site-packages/dynesty/utils.py:171: DeprecationWarning: `np.int` is a deprecated alias for the builtin `int`. To silence this warning, use `int` by itself. Doing this will not modify any behavior and is safe. When replacing `np.int`, you may wish to use e.g. `np.int64` or `np.int32` to specify the precision. If you wish to review your current use, check the release note link for additional information.
Deprecated in NumPy 1.20; for more details and guidance: https://numpy.org/devdocs/release/1.20.0-notes.html#deprecations
  idx = np.zeros(nsamples, dtype=np.int)
/home/yzq/miniconda3/envs/bilby/lib/python3.8/site-packages/dynesty/utils.py:171: DeprecationWarning: `np.int` is a deprecated alias for the builtin `int`. To silence this warning, use `int` by itself. Doing this will not modify any behavior and is safe. When replacing `np.int`, you may wish to use e.g. `np.int64` or `np.int32` to specify the precision. If you wish to review your current use, check the release note link for additional information.
Deprecated in NumPy 1.20; for more details and guidance: https://numpy.org/devdocs/release/1.20.0-notes.html#deprecations
  idx = np.zeros(nsamples, dtype=np.int)
16:00 bilby INFO    : Written checkpoint file hy_outdir/u_hype_42333_resume.pickle
16:00 bilby INFO    : Writing 271 current samples to hy_outdir/u_hype_42333_samples.dat
/home/yzq/miniconda3/envs/bilby/lib/python3.8/site-packages/dynesty/utils.py:171: DeprecationWarning: `np.int` is a deprecated alias for the builtin `int`. To silence this warning, use `int` by itself. Doing this will not modify any behavior and is safe. When replacing `np.int`, you may wish to use e.g. `np.int64` or `np.int32` to specify the precision. If you wish to review your current use, check the release note link for additional information.
Deprecated in NumPy 1.20; for more details and guidance: https://numpy.org/devdocs/release/1.20.0-notes.html#deprecations
  idx = np.zeros(nsamples, dtype=np.int)
/home/yzq/miniconda3/envs/bilby/lib/python3.8/site-packages/dynesty/utils.py:171: DeprecationWarning: `np.int` is a deprecated alias for the builtin `int`. To silence this warning, use `int` by itself. Doing this will not modify any behavior and is safe. When replacing `np.int`, you may wish to use e.g. `np.int64` or `np.int32` to specify the precision. If you wish to review your current use, check the release note link for additional information.
Deprecated in NumPy 1.20; for more details and guidance: https://numpy.org/devdocs/release/1.20.0-notes.html#deprecations
  idx = np.zeros(nsamples, dtype=np.int)
16:12 bilby INFO    : Written checkpoint file hy_outdir/u_hype_42333_resume.pickle
16:12 bilby INFO    : Writing 296 current samples to hy_outdir/u_hype_42333_samples.dat
/home/yzq/miniconda3/envs/bilby/lib/python3.8/site-packages/dynesty/utils.py:171: DeprecationWarning: `np.int` is a deprecated alias for the builtin `int`. To silence this warning, use `int` by itself. Doing this will not modify any behavior and is safe. When replacing `np.int`, you may wish to use e.g. `np.int64` or `np.int32` to specify the precision. If you wish to review your current use, check the release note link for additional information.
Deprecated in NumPy 1.20; for more details and guidance: https://numpy.org/devdocs/release/1.20.0-notes.html#deprecations
  idx = np.zeros(nsamples, dtype=np.int)
/home/yzq/miniconda3/envs/bilby/lib/python3.8/site-packages/dynesty/utils.py:171: DeprecationWarning: `np.int` is a deprecated alias for the builtin `int`. To silence this warning, use `int` by itself. Doing this will not modify any behavior and is safe. When replacing `np.int`, you may wish to use e.g. `np.int64` or `np.int32` to specify the precision. If you wish to review your current use, check the release note link for additional information.
Deprecated in NumPy 1.20; for more details and guidance: https://numpy.org/devdocs/release/1.20.0-notes.html#deprecations
  idx = np.zeros(nsamples, dtype=np.int)
16:22 bilby INFO    : Written checkpoint file hy_outdir/u_hype_42333_resume.pickle
16:22 bilby INFO    : Writing 328 current samples to hy_outdir/u_hype_42333_samples.dat
/home/yzq/miniconda3/envs/bilby/lib/python3.8/site-packages/dynesty/utils.py:171: DeprecationWarning: `np.int` is a deprecated alias for the builtin `int`. To silence this warning, use `int` by itself. Doing this will not modify any behavior and is safe. When replacing `np.int`, you may wish to use e.g. `np.int64` or `np.int32` to specify the precision. If you wish to review your current use, check the release note link for additional information.
Deprecated in NumPy 1.20; for more details and guidance: https://numpy.org/devdocs/release/1.20.0-notes.html#deprecations
  idx = np.zeros(nsamples, dtype=np.int)
/home/yzq/miniconda3/envs/bilby/lib/python3.8/site-packages/dynesty/utils.py:171: DeprecationWarning: `np.int` is a deprecated alias for the builtin `int`. To silence this warning, use `int` by itself. Doing this will not modify any behavior and is safe. When replacing `np.int`, you may wish to use e.g. `np.int64` or `np.int32` to specify the precision. If you wish to review your current use, check the release note link for additional information.
Deprecated in NumPy 1.20; for more details and guidance: https://numpy.org/devdocs/release/1.20.0-notes.html#deprecations
  idx = np.zeros(nsamples, dtype=np.int)
16:33 bilby INFO    : Written checkpoint file hy_outdir/u_hype_42333_resume.pickle
16:33 bilby INFO    : Writing 376 current samples to hy_outdir/u_hype_42333_samples.dat
/home/yzq/miniconda3/envs/bilby/lib/python3.8/site-packages/dynesty/utils.py:171: DeprecationWarning: `np.int` is a deprecated alias for the builtin `int`. To silence this warning, use `int` by itself. Doing this will not modify any behavior and is safe. When replacing `np.int`, you may wish to use e.g. `np.int64` or `np.int32` to specify the precision. If you wish to review your current use, check the release note link for additional information.
Deprecated in NumPy 1.20; for more details and guidance: https://numpy.org/devdocs/release/1.20.0-notes.html#deprecations
  idx = np.zeros(nsamples, dtype=np.int)
/home/yzq/miniconda3/envs/bilby/lib/python3.8/site-packages/dynesty/utils.py:171: DeprecationWarning: `np.int` is a deprecated alias for the builtin `int`. To silence this warning, use `int` by itself. Doing this will not modify any behavior and is safe. When replacing `np.int`, you may wish to use e.g. `np.int64` or `np.int32` to specify the precision. If you wish to review your current use, check the release note link for additional information.
Deprecated in NumPy 1.20; for more details and guidance: https://numpy.org/devdocs/release/1.20.0-notes.html#deprecations
  idx = np.zeros(nsamples, dtype=np.int)
16:44 bilby INFO    : Written checkpoint file hy_outdir/u_hype_42333_resume.pickle
16:44 bilby INFO    : Writing 374 current samples to hy_outdir/u_hype_42333_samples.dat
/home/yzq/miniconda3/envs/bilby/lib/python3.8/site-packages/dynesty/utils.py:171: DeprecationWarning: `np.int` is a deprecated alias for the builtin `int`. To silence this warning, use `int` by itself. Doing this will not modify any behavior and is safe. When replacing `np.int`, you may wish to use e.g. `np.int64` or `np.int32` to specify the precision. If you wish to review your current use, check the release note link for additional information.
Deprecated in NumPy 1.20; for more details and guidance: https://numpy.org/devdocs/release/1.20.0-notes.html#deprecations
  idx = np.zeros(nsamples, dtype=np.int)
/home/yzq/miniconda3/envs/bilby/lib/python3.8/site-packages/dynesty/utils.py:171: DeprecationWarning: `np.int` is a deprecated alias for the builtin `int`. To silence this warning, use `int` by itself. Doing this will not modify any behavior and is safe. When replacing `np.int`, you may wish to use e.g. `np.int64` or `np.int32` to specify the precision. If you wish to review your current use, check the release note link for additional information.
Deprecated in NumPy 1.20; for more details and guidance: https://numpy.org/devdocs/release/1.20.0-notes.html#deprecations
  idx = np.zeros(nsamples, dtype=np.int)
16:56 bilby INFO    : Written checkpoint file hy_outdir/u_hype_42333_resume.pickle
16:56 bilby INFO    : Writing 449 current samples to hy_outdir/u_hype_42333_samples.dat
/home/yzq/miniconda3/envs/bilby/lib/python3.8/site-packages/dynesty/utils.py:171: DeprecationWarning: `np.int` is a deprecated alias for the builtin `int`. To silence this warning, use `int` by itself. Doing this will not modify any behavior and is safe. When replacing `np.int`, you may wish to use e.g. `np.int64` or `np.int32` to specify the precision. If you wish to review your current use, check the release note link for additional information.
Deprecated in NumPy 1.20; for more details and guidance: https://numpy.org/devdocs/release/1.20.0-notes.html#deprecations
  idx = np.zeros(nsamples, dtype=np.int)
/home/yzq/miniconda3/envs/bilby/lib/python3.8/site-packages/dynesty/utils.py:171: DeprecationWarning: `np.int` is a deprecated alias for the builtin `int`. To silence this warning, use `int` by itself. Doing this will not modify any behavior and is safe. When replacing `np.int`, you may wish to use e.g. `np.int64` or `np.int32` to specify the precision. If you wish to review your current use, check the release note link for additional information.
Deprecated in NumPy 1.20; for more details and guidance: https://numpy.org/devdocs/release/1.20.0-notes.html#deprecations
  idx = np.zeros(nsamples, dtype=np.int)
17:07 bilby INFO    : Written checkpoint file hy_outdir/u_hype_42333_resume.pickle
17:07 bilby INFO    : Writing 481 current samples to hy_outdir/u_hype_42333_samples.dat
/home/yzq/miniconda3/envs/bilby/lib/python3.8/site-packages/dynesty/utils.py:171: DeprecationWarning: `np.int` is a deprecated alias for the builtin `int`. To silence this warning, use `int` by itself. Doing this will not modify any behavior and is safe. When replacing `np.int`, you may wish to use e.g. `np.int64` or `np.int32` to specify the precision. If you wish to review your current use, check the release note link for additional information.
Deprecated in NumPy 1.20; for more details and guidance: https://numpy.org/devdocs/release/1.20.0-notes.html#deprecations
  idx = np.zeros(nsamples, dtype=np.int)
/home/yzq/miniconda3/envs/bilby/lib/python3.8/site-packages/dynesty/utils.py:171: DeprecationWarning: `np.int` is a deprecated alias for the builtin `int`. To silence this warning, use `int` by itself. Doing this will not modify any behavior and is safe. When replacing `np.int`, you may wish to use e.g. `np.int64` or `np.int32` to specify the precision. If you wish to review your current use, check the release note link for additional information.
Deprecated in NumPy 1.20; for more details and guidance: https://numpy.org/devdocs/release/1.20.0-notes.html#deprecations
  idx = np.zeros(nsamples, dtype=np.int)
17:17 bilby INFO    : Written checkpoint file hy_outdir/u_hype_42333_resume.pickle
17:17 bilby INFO    : Writing 542 current samples to hy_outdir/u_hype_42333_samples.dat
/home/yzq/miniconda3/envs/bilby/lib/python3.8/site-packages/dynesty/utils.py:171: DeprecationWarning: `np.int` is a deprecated alias for the builtin `int`. To silence this warning, use `int` by itself. Doing this will not modify any behavior and is safe. When replacing `np.int`, you may wish to use e.g. `np.int64` or `np.int32` to specify the precision. If you wish to review your current use, check the release note link for additional information.
Deprecated in NumPy 1.20; for more details and guidance: https://numpy.org/devdocs/release/1.20.0-notes.html#deprecations
  idx = np.zeros(nsamples, dtype=np.int)
/home/yzq/miniconda3/envs/bilby/lib/python3.8/site-packages/dynesty/utils.py:171: DeprecationWarning: `np.int` is a deprecated alias for the builtin `int`. To silence this warning, use `int` by itself. Doing this will not modify any behavior and is safe. When replacing `np.int`, you may wish to use e.g. `np.int64` or `np.int32` to specify the precision. If you wish to review your current use, check the release note link for additional information.
Deprecated in NumPy 1.20; for more details and guidance: https://numpy.org/devdocs/release/1.20.0-notes.html#deprecations
  idx = np.zeros(nsamples, dtype=np.int)
17:28 bilby INFO    : Written checkpoint file hy_outdir/u_hype_42333_resume.pickle
17:28 bilby INFO    : Writing 577 current samples to hy_outdir/u_hype_42333_samples.dat
/home/yzq/miniconda3/envs/bilby/lib/python3.8/site-packages/dynesty/utils.py:171: DeprecationWarning: `np.int` is a deprecated alias for the builtin `int`. To silence this warning, use `int` by itself. Doing this will not modify any behavior and is safe. When replacing `np.int`, you may wish to use e.g. `np.int64` or `np.int32` to specify the precision. If you wish to review your current use, check the release note link for additional information.
Deprecated in NumPy 1.20; for more details and guidance: https://numpy.org/devdocs/release/1.20.0-notes.html#deprecations
  idx = np.zeros(nsamples, dtype=np.int)
/home/yzq/miniconda3/envs/bilby/lib/python3.8/site-packages/dynesty/utils.py:171: DeprecationWarning: `np.int` is a deprecated alias for the builtin `int`. To silence this warning, use `int` by itself. Doing this will not modify any behavior and is safe. When replacing `np.int`, you may wish to use e.g. `np.int64` or `np.int32` to specify the precision. If you wish to review your current use, check the release note link for additional information.
Deprecated in NumPy 1.20; for more details and guidance: https://numpy.org/devdocs/release/1.20.0-notes.html#deprecations
  idx = np.zeros(nsamples, dtype=np.int)
17:39 bilby INFO    : Written checkpoint file hy_outdir/u_hype_42333_resume.pickle
17:39 bilby INFO    : Writing 617 current samples to hy_outdir/u_hype_42333_samples.dat
/home/yzq/miniconda3/envs/bilby/lib/python3.8/site-packages/dynesty/utils.py:171: DeprecationWarning: `np.int` is a deprecated alias for the builtin `int`. To silence this warning, use `int` by itself. Doing this will not modify any behavior and is safe. When replacing `np.int`, you may wish to use e.g. `np.int64` or `np.int32` to specify the precision. If you wish to review your current use, check the release note link for additional information.
Deprecated in NumPy 1.20; for more details and guidance: https://numpy.org/devdocs/release/1.20.0-notes.html#deprecations
  idx = np.zeros(nsamples, dtype=np.int)
/home/yzq/miniconda3/envs/bilby/lib/python3.8/site-packages/dynesty/utils.py:171: DeprecationWarning: `np.int` is a deprecated alias for the builtin `int`. To silence this warning, use `int` by itself. Doing this will not modify any behavior and is safe. When replacing `np.int`, you may wish to use e.g. `np.int64` or `np.int32` to specify the precision. If you wish to review your current use, check the release note link for additional information.
Deprecated in NumPy 1.20; for more details and guidance: https://numpy.org/devdocs/release/1.20.0-notes.html#deprecations
  idx = np.zeros(nsamples, dtype=np.int)
17:50 bilby INFO    : Written checkpoint file hy_outdir/u_hype_42333_resume.pickle
17:50 bilby INFO    : Writing 657 current samples to hy_outdir/u_hype_42333_samples.dat
/home/yzq/miniconda3/envs/bilby/lib/python3.8/site-packages/dynesty/utils.py:171: DeprecationWarning: `np.int` is a deprecated alias for the builtin `int`. To silence this warning, use `int` by itself. Doing this will not modify any behavior and is safe. When replacing `np.int`, you may wish to use e.g. `np.int64` or `np.int32` to specify the precision. If you wish to review your current use, check the release note link for additional information.
Deprecated in NumPy 1.20; for more details and guidance: https://numpy.org/devdocs/release/1.20.0-notes.html#deprecations
  idx = np.zeros(nsamples, dtype=np.int)
/home/yzq/miniconda3/envs/bilby/lib/python3.8/site-packages/dynesty/utils.py:171: DeprecationWarning: `np.int` is a deprecated alias for the builtin `int`. To silence this warning, use `int` by itself. Doing this will not modify any behavior and is safe. When replacing `np.int`, you may wish to use e.g. `np.int64` or `np.int32` to specify the precision. If you wish to review your current use, check the release note link for additional information.
Deprecated in NumPy 1.20; for more details and guidance: https://numpy.org/devdocs/release/1.20.0-notes.html#deprecations
  idx = np.zeros(nsamples, dtype=np.int)
18:01 bilby INFO    : Written checkpoint file hy_outdir/u_hype_42333_resume.pickle
18:01 bilby INFO    : Writing 710 current samples to hy_outdir/u_hype_42333_samples.dat
/home/yzq/miniconda3/envs/bilby/lib/python3.8/site-packages/dynesty/utils.py:171: DeprecationWarning: `np.int` is a deprecated alias for the builtin `int`. To silence this warning, use `int` by itself. Doing this will not modify any behavior and is safe. When replacing `np.int`, you may wish to use e.g. `np.int64` or `np.int32` to specify the precision. If you wish to review your current use, check the release note link for additional information.
Deprecated in NumPy 1.20; for more details and guidance: https://numpy.org/devdocs/release/1.20.0-notes.html#deprecations
  idx = np.zeros(nsamples, dtype=np.int)
/home/yzq/miniconda3/envs/bilby/lib/python3.8/site-packages/dynesty/utils.py:171: DeprecationWarning: `np.int` is a deprecated alias for the builtin `int`. To silence this warning, use `int` by itself. Doing this will not modify any behavior and is safe. When replacing `np.int`, you may wish to use e.g. `np.int64` or `np.int32` to specify the precision. If you wish to review your current use, check the release note link for additional information.
Deprecated in NumPy 1.20; for more details and guidance: https://numpy.org/devdocs/release/1.20.0-notes.html#deprecations
  idx = np.zeros(nsamples, dtype=np.int)
18:12 bilby INFO    : Written checkpoint file hy_outdir/u_hype_42333_resume.pickle
18:12 bilby INFO    : Writing 789 current samples to hy_outdir/u_hype_42333_samples.dat
/home/yzq/miniconda3/envs/bilby/lib/python3.8/site-packages/dynesty/utils.py:171: DeprecationWarning: `np.int` is a deprecated alias for the builtin `int`. To silence this warning, use `int` by itself. Doing this will not modify any behavior and is safe. When replacing `np.int`, you may wish to use e.g. `np.int64` or `np.int32` to specify the precision. If you wish to review your current use, check the release note link for additional information.
Deprecated in NumPy 1.20; for more details and guidance: https://numpy.org/devdocs/release/1.20.0-notes.html#deprecations
  idx = np.zeros(nsamples, dtype=np.int)
/home/yzq/miniconda3/envs/bilby/lib/python3.8/site-packages/dynesty/utils.py:171: DeprecationWarning: `np.int` is a deprecated alias for the builtin `int`. To silence this warning, use `int` by itself. Doing this will not modify any behavior and is safe. When replacing `np.int`, you may wish to use e.g. `np.int64` or `np.int32` to specify the precision. If you wish to review your current use, check the release note link for additional information.
Deprecated in NumPy 1.20; for more details and guidance: https://numpy.org/devdocs/release/1.20.0-notes.html#deprecations
  idx = np.zeros(nsamples, dtype=np.int)
18:23 bilby INFO    : Written checkpoint file hy_outdir/u_hype_42333_resume.pickle
18:23 bilby INFO    : Writing 881 current samples to hy_outdir/u_hype_42333_samples.dat
/home/yzq/miniconda3/envs/bilby/lib/python3.8/site-packages/dynesty/utils.py:171: DeprecationWarning: `np.int` is a deprecated alias for the builtin `int`. To silence this warning, use `int` by itself. Doing this will not modify any behavior and is safe. When replacing `np.int`, you may wish to use e.g. `np.int64` or `np.int32` to specify the precision. If you wish to review your current use, check the release note link for additional information.
Deprecated in NumPy 1.20; for more details and guidance: https://numpy.org/devdocs/release/1.20.0-notes.html#deprecations
  idx = np.zeros(nsamples, dtype=np.int)
/home/yzq/miniconda3/envs/bilby/lib/python3.8/site-packages/dynesty/utils.py:171: DeprecationWarning: `np.int` is a deprecated alias for the builtin `int`. To silence this warning, use `int` by itself. Doing this will not modify any behavior and is safe. When replacing `np.int`, you may wish to use e.g. `np.int64` or `np.int32` to specify the precision. If you wish to review your current use, check the release note link for additional information.
Deprecated in NumPy 1.20; for more details and guidance: https://numpy.org/devdocs/release/1.20.0-notes.html#deprecations
  idx = np.zeros(nsamples, dtype=np.int)
18:35 bilby INFO    : Written checkpoint file hy_outdir/u_hype_42333_resume.pickle
18:35 bilby INFO    : Writing 939 current samples to hy_outdir/u_hype_42333_samples.dat
/home/yzq/miniconda3/envs/bilby/lib/python3.8/site-packages/dynesty/utils.py:171: DeprecationWarning: `np.int` is a deprecated alias for the builtin `int`. To silence this warning, use `int` by itself. Doing this will not modify any behavior and is safe. When replacing `np.int`, you may wish to use e.g. `np.int64` or `np.int32` to specify the precision. If you wish to review your current use, check the release note link for additional information.
Deprecated in NumPy 1.20; for more details and guidance: https://numpy.org/devdocs/release/1.20.0-notes.html#deprecations
  idx = np.zeros(nsamples, dtype=np.int)
/home/yzq/miniconda3/envs/bilby/lib/python3.8/site-packages/dynesty/utils.py:171: DeprecationWarning: `np.int` is a deprecated alias for the builtin `int`. To silence this warning, use `int` by itself. Doing this will not modify any behavior and is safe. When replacing `np.int`, you may wish to use e.g. `np.int64` or `np.int32` to specify the precision. If you wish to review your current use, check the release note link for additional information.
Deprecated in NumPy 1.20; for more details and guidance: https://numpy.org/devdocs/release/1.20.0-notes.html#deprecations
  idx = np.zeros(nsamples, dtype=np.int)
18:45 bilby INFO    : Written checkpoint file hy_outdir/u_hype_42333_resume.pickle
18:45 bilby INFO    : Writing 1017 current samples to hy_outdir/u_hype_42333_samples.dat
/home/yzq/miniconda3/envs/bilby/lib/python3.8/site-packages/dynesty/utils.py:171: DeprecationWarning: `np.int` is a deprecated alias for the builtin `int`. To silence this warning, use `int` by itself. Doing this will not modify any behavior and is safe. When replacing `np.int`, you may wish to use e.g. `np.int64` or `np.int32` to specify the precision. If you wish to review your current use, check the release note link for additional information.
Deprecated in NumPy 1.20; for more details and guidance: https://numpy.org/devdocs/release/1.20.0-notes.html#deprecations
  idx = np.zeros(nsamples, dtype=np.int)
/home/yzq/miniconda3/envs/bilby/lib/python3.8/site-packages/dynesty/utils.py:171: DeprecationWarning: `np.int` is a deprecated alias for the builtin `int`. To silence this warning, use `int` by itself. Doing this will not modify any behavior and is safe. When replacing `np.int`, you may wish to use e.g. `np.int64` or `np.int32` to specify the precision. If you wish to review your current use, check the release note link for additional information.
Deprecated in NumPy 1.20; for more details and guidance: https://numpy.org/devdocs/release/1.20.0-notes.html#deprecations
  idx = np.zeros(nsamples, dtype=np.int)
18:57 bilby INFO    : Written checkpoint file hy_outdir/u_hype_42333_resume.pickle
18:57 bilby INFO    : Writing 1061 current samples to hy_outdir/u_hype_42333_samples.dat
/home/yzq/miniconda3/envs/bilby/lib/python3.8/site-packages/dynesty/utils.py:171: DeprecationWarning: `np.int` is a deprecated alias for the builtin `int`. To silence this warning, use `int` by itself. Doing this will not modify any behavior and is safe. When replacing `np.int`, you may wish to use e.g. `np.int64` or `np.int32` to specify the precision. If you wish to review your current use, check the release note link for additional information.
Deprecated in NumPy 1.20; for more details and guidance: https://numpy.org/devdocs/release/1.20.0-notes.html#deprecations
  idx = np.zeros(nsamples, dtype=np.int)
/home/yzq/miniconda3/envs/bilby/lib/python3.8/site-packages/dynesty/utils.py:171: DeprecationWarning: `np.int` is a deprecated alias for the builtin `int`. To silence this warning, use `int` by itself. Doing this will not modify any behavior and is safe. When replacing `np.int`, you may wish to use e.g. `np.int64` or `np.int32` to specify the precision. If you wish to review your current use, check the release note link for additional information.
Deprecated in NumPy 1.20; for more details and guidance: https://numpy.org/devdocs/release/1.20.0-notes.html#deprecations
  idx = np.zeros(nsamples, dtype=np.int)
19:09 bilby INFO    : Written checkpoint file hy_outdir/u_hype_42333_resume.pickle
19:09 bilby INFO    : Writing 1069 current samples to hy_outdir/u_hype_42333_samples.dat
/home/yzq/miniconda3/envs/bilby/lib/python3.8/site-packages/dynesty/utils.py:171: DeprecationWarning: `np.int` is a deprecated alias for the builtin `int`. To silence this warning, use `int` by itself. Doing this will not modify any behavior and is safe. When replacing `np.int`, you may wish to use e.g. `np.int64` or `np.int32` to specify the precision. If you wish to review your current use, check the release note link for additional information.
Deprecated in NumPy 1.20; for more details and guidance: https://numpy.org/devdocs/release/1.20.0-notes.html#deprecations
  idx = np.zeros(nsamples, dtype=np.int)
/home/yzq/miniconda3/envs/bilby/lib/python3.8/site-packages/dynesty/utils.py:171: DeprecationWarning: `np.int` is a deprecated alias for the builtin `int`. To silence this warning, use `int` by itself. Doing this will not modify any behavior and is safe. When replacing `np.int`, you may wish to use e.g. `np.int64` or `np.int32` to specify the precision. If you wish to review your current use, check the release note link for additional information.
Deprecated in NumPy 1.20; for more details and guidance: https://numpy.org/devdocs/release/1.20.0-notes.html#deprecations
  idx = np.zeros(nsamples, dtype=np.int)
19:20 bilby INFO    : Written checkpoint file hy_outdir/u_hype_42333_resume.pickle
19:20 bilby INFO    : Writing 1074 current samples to hy_outdir/u_hype_42333_samples.dat
/home/yzq/miniconda3/envs/bilby/lib/python3.8/site-packages/dynesty/utils.py:171: DeprecationWarning: `np.int` is a deprecated alias for the builtin `int`. To silence this warning, use `int` by itself. Doing this will not modify any behavior and is safe. When replacing `np.int`, you may wish to use e.g. `np.int64` or `np.int32` to specify the precision. If you wish to review your current use, check the release note link for additional information.
Deprecated in NumPy 1.20; for more details and guidance: https://numpy.org/devdocs/release/1.20.0-notes.html#deprecations
  idx = np.zeros(nsamples, dtype=np.int)
/home/yzq/miniconda3/envs/bilby/lib/python3.8/site-packages/dynesty/utils.py:171: DeprecationWarning: `np.int` is a deprecated alias for the builtin `int`. To silence this warning, use `int` by itself. Doing this will not modify any behavior and is safe. When replacing `np.int`, you may wish to use e.g. `np.int64` or `np.int32` to specify the precision. If you wish to review your current use, check the release note link for additional information.
Deprecated in NumPy 1.20; for more details and guidance: https://numpy.org/devdocs/release/1.20.0-notes.html#deprecations
  idx = np.zeros(nsamples, dtype=np.int)
19:32 bilby INFO    : Written checkpoint file hy_outdir/u_hype_42333_resume.pickle
19:32 bilby INFO    : Writing 1108 current samples to hy_outdir/u_hype_42333_samples.dat
/home/yzq/miniconda3/envs/bilby/lib/python3.8/site-packages/dynesty/utils.py:171: DeprecationWarning: `np.int` is a deprecated alias for the builtin `int`. To silence this warning, use `int` by itself. Doing this will not modify any behavior and is safe. When replacing `np.int`, you may wish to use e.g. `np.int64` or `np.int32` to specify the precision. If you wish to review your current use, check the release note link for additional information.
Deprecated in NumPy 1.20; for more details and guidance: https://numpy.org/devdocs/release/1.20.0-notes.html#deprecations
  idx = np.zeros(nsamples, dtype=np.int)
/home/yzq/miniconda3/envs/bilby/lib/python3.8/site-packages/dynesty/utils.py:171: DeprecationWarning: `np.int` is a deprecated alias for the builtin `int`. To silence this warning, use `int` by itself. Doing this will not modify any behavior and is safe. When replacing `np.int`, you may wish to use e.g. `np.int64` or `np.int32` to specify the precision. If you wish to review your current use, check the release note link for additional information.
Deprecated in NumPy 1.20; for more details and guidance: https://numpy.org/devdocs/release/1.20.0-notes.html#deprecations
  idx = np.zeros(nsamples, dtype=np.int)
19:43 bilby INFO    : Written checkpoint file hy_outdir/u_hype_42333_resume.pickle
19:43 bilby INFO    : Writing 1080 current samples to hy_outdir/u_hype_42333_samples.dat
/home/yzq/miniconda3/envs/bilby/lib/python3.8/site-packages/dynesty/utils.py:171: DeprecationWarning: `np.int` is a deprecated alias for the builtin `int`. To silence this warning, use `int` by itself. Doing this will not modify any behavior and is safe. When replacing `np.int`, you may wish to use e.g. `np.int64` or `np.int32` to specify the precision. If you wish to review your current use, check the release note link for additional information.
Deprecated in NumPy 1.20; for more details and guidance: https://numpy.org/devdocs/release/1.20.0-notes.html#deprecations
  idx = np.zeros(nsamples, dtype=np.int)
/home/yzq/miniconda3/envs/bilby/lib/python3.8/site-packages/dynesty/utils.py:171: DeprecationWarning: `np.int` is a deprecated alias for the builtin `int`. To silence this warning, use `int` by itself. Doing this will not modify any behavior and is safe. When replacing `np.int`, you may wish to use e.g. `np.int64` or `np.int32` to specify the precision. If you wish to review your current use, check the release note link for additional information.
Deprecated in NumPy 1.20; for more details and guidance: https://numpy.org/devdocs/release/1.20.0-notes.html#deprecations
  idx = np.zeros(nsamples, dtype=np.int)
19:54 bilby INFO    : Written checkpoint file hy_outdir/u_hype_42333_resume.pickle
19:54 bilby INFO    : Writing 1097 current samples to hy_outdir/u_hype_42333_samples.dat
/home/yzq/miniconda3/envs/bilby/lib/python3.8/site-packages/dynesty/utils.py:171: DeprecationWarning: `np.int` is a deprecated alias for the builtin `int`. To silence this warning, use `int` by itself. Doing this will not modify any behavior and is safe. When replacing `np.int`, you may wish to use e.g. `np.int64` or `np.int32` to specify the precision. If you wish to review your current use, check the release note link for additional information.
Deprecated in NumPy 1.20; for more details and guidance: https://numpy.org/devdocs/release/1.20.0-notes.html#deprecations
  idx = np.zeros(nsamples, dtype=np.int)
/home/yzq/miniconda3/envs/bilby/lib/python3.8/site-packages/dynesty/utils.py:171: DeprecationWarning: `np.int` is a deprecated alias for the builtin `int`. To silence this warning, use `int` by itself. Doing this will not modify any behavior and is safe. When replacing `np.int`, you may wish to use e.g. `np.int64` or `np.int32` to specify the precision. If you wish to review your current use, check the release note link for additional information.
Deprecated in NumPy 1.20; for more details and guidance: https://numpy.org/devdocs/release/1.20.0-notes.html#deprecations
  idx = np.zeros(nsamples, dtype=np.int)
20:06 bilby INFO    : Written checkpoint file hy_outdir/u_hype_42333_resume.pickle
20:06 bilby INFO    : Writing 1061 current samples to hy_outdir/u_hype_42333_samples.dat
/home/yzq/miniconda3/envs/bilby/lib/python3.8/site-packages/dynesty/utils.py:171: DeprecationWarning: `np.int` is a deprecated alias for the builtin `int`. To silence this warning, use `int` by itself. Doing this will not modify any behavior and is safe. When replacing `np.int`, you may wish to use e.g. `np.int64` or `np.int32` to specify the precision. If you wish to review your current use, check the release note link for additional information.
Deprecated in NumPy 1.20; for more details and guidance: https://numpy.org/devdocs/release/1.20.0-notes.html#deprecations
  idx = np.zeros(nsamples, dtype=np.int)
/home/yzq/miniconda3/envs/bilby/lib/python3.8/site-packages/dynesty/utils.py:171: DeprecationWarning: `np.int` is a deprecated alias for the builtin `int`. To silence this warning, use `int` by itself. Doing this will not modify any behavior and is safe. When replacing `np.int`, you may wish to use e.g. `np.int64` or `np.int32` to specify the precision. If you wish to review your current use, check the release note link for additional information.
Deprecated in NumPy 1.20; for more details and guidance: https://numpy.org/devdocs/release/1.20.0-notes.html#deprecations
  idx = np.zeros(nsamples, dtype=np.int)
20:16 bilby INFO    : Written checkpoint file hy_outdir/u_hype_42333_resume.pickle
20:16 bilby INFO    : Writing 1105 current samples to hy_outdir/u_hype_42333_samples.dat
/home/yzq/miniconda3/envs/bilby/lib/python3.8/site-packages/dynesty/utils.py:171: DeprecationWarning: `np.int` is a deprecated alias for the builtin `int`. To silence this warning, use `int` by itself. Doing this will not modify any behavior and is safe. When replacing `np.int`, you may wish to use e.g. `np.int64` or `np.int32` to specify the precision. If you wish to review your current use, check the release note link for additional information.
Deprecated in NumPy 1.20; for more details and guidance: https://numpy.org/devdocs/release/1.20.0-notes.html#deprecations
  idx = np.zeros(nsamples, dtype=np.int)
/home/yzq/miniconda3/envs/bilby/lib/python3.8/site-packages/dynesty/utils.py:171: DeprecationWarning: `np.int` is a deprecated alias for the builtin `int`. To silence this warning, use `int` by itself. Doing this will not modify any behavior and is safe. When replacing `np.int`, you may wish to use e.g. `np.int64` or `np.int32` to specify the precision. If you wish to review your current use, check the release note link for additional information.
Deprecated in NumPy 1.20; for more details and guidance: https://numpy.org/devdocs/release/1.20.0-notes.html#deprecations
  idx = np.zeros(nsamples, dtype=np.int)
20:28 bilby INFO    : Written checkpoint file hy_outdir/u_hype_42333_resume.pickle
20:28 bilby INFO    : Writing 1084 current samples to hy_outdir/u_hype_42333_samples.dat
/home/yzq/miniconda3/envs/bilby/lib/python3.8/site-packages/dynesty/utils.py:171: DeprecationWarning: `np.int` is a deprecated alias for the builtin `int`. To silence this warning, use `int` by itself. Doing this will not modify any behavior and is safe. When replacing `np.int`, you may wish to use e.g. `np.int64` or `np.int32` to specify the precision. If you wish to review your current use, check the release note link for additional information.
Deprecated in NumPy 1.20; for more details and guidance: https://numpy.org/devdocs/release/1.20.0-notes.html#deprecations
  idx = np.zeros(nsamples, dtype=np.int)
/home/yzq/miniconda3/envs/bilby/lib/python3.8/site-packages/dynesty/utils.py:171: DeprecationWarning: `np.int` is a deprecated alias for the builtin `int`. To silence this warning, use `int` by itself. Doing this will not modify any behavior and is safe. When replacing `np.int`, you may wish to use e.g. `np.int64` or `np.int32` to specify the precision. If you wish to review your current use, check the release note link for additional information.
Deprecated in NumPy 1.20; for more details and guidance: https://numpy.org/devdocs/release/1.20.0-notes.html#deprecations
  idx = np.zeros(nsamples, dtype=np.int)
20:39 bilby INFO    : Written checkpoint file hy_outdir/u_hype_42333_resume.pickle
20:39 bilby INFO    : Writing 1089 current samples to hy_outdir/u_hype_42333_samples.dat
/home/yzq/miniconda3/envs/bilby/lib/python3.8/site-packages/dynesty/utils.py:171: DeprecationWarning: `np.int` is a deprecated alias for the builtin `int`. To silence this warning, use `int` by itself. Doing this will not modify any behavior and is safe. When replacing `np.int`, you may wish to use e.g. `np.int64` or `np.int32` to specify the precision. If you wish to review your current use, check the release note link for additional information.
Deprecated in NumPy 1.20; for more details and guidance: https://numpy.org/devdocs/release/1.20.0-notes.html#deprecations
  idx = np.zeros(nsamples, dtype=np.int)
/home/yzq/miniconda3/envs/bilby/lib/python3.8/site-packages/dynesty/utils.py:171: DeprecationWarning: `np.int` is a deprecated alias for the builtin `int`. To silence this warning, use `int` by itself. Doing this will not modify any behavior and is safe. When replacing `np.int`, you may wish to use e.g. `np.int64` or `np.int32` to specify the precision. If you wish to review your current use, check the release note link for additional information.
Deprecated in NumPy 1.20; for more details and guidance: https://numpy.org/devdocs/release/1.20.0-notes.html#deprecations
  idx = np.zeros(nsamples, dtype=np.int)
20:51 bilby INFO    : Written checkpoint file hy_outdir/u_hype_42333_resume.pickle
20:51 bilby INFO    : Writing 1112 current samples to hy_outdir/u_hype_42333_samples.dat
/home/yzq/miniconda3/envs/bilby/lib/python3.8/site-packages/dynesty/utils.py:171: DeprecationWarning: `np.int` is a deprecated alias for the builtin `int`. To silence this warning, use `int` by itself. Doing this will not modify any behavior and is safe. When replacing `np.int`, you may wish to use e.g. `np.int64` or `np.int32` to specify the precision. If you wish to review your current use, check the release note link for additional information.
Deprecated in NumPy 1.20; for more details and guidance: https://numpy.org/devdocs/release/1.20.0-notes.html#deprecations
  idx = np.zeros(nsamples, dtype=np.int)
/home/yzq/miniconda3/envs/bilby/lib/python3.8/site-packages/dynesty/utils.py:171: DeprecationWarning: `np.int` is a deprecated alias for the builtin `int`. To silence this warning, use `int` by itself. Doing this will not modify any behavior and is safe. When replacing `np.int`, you may wish to use e.g. `np.int64` or `np.int32` to specify the precision. If you wish to review your current use, check the release note link for additional information.
Deprecated in NumPy 1.20; for more details and guidance: https://numpy.org/devdocs/release/1.20.0-notes.html#deprecations
  idx = np.zeros(nsamples, dtype=np.int)
21:02 bilby INFO    : Written checkpoint file hy_outdir/u_hype_42333_resume.pickle
21:02 bilby INFO    : Writing 1104 current samples to hy_outdir/u_hype_42333_samples.dat
