22:17 bilby INFO    : Running for label 'u_hype_29883', output will be saved to 'hy_outdir'
22:17 bilby INFO    : Search parameters:
22:17 bilby INFO    :   s_mu = Uniform(minimum=0.01, maximum=1, name='s_mu', latex_label='$\\mu$', unit=None, boundary=None)
22:17 bilby INFO    :   s_sigma = Uniform(minimum=0.01, maximum=0.5, name='s_sigma', latex_label='$\\sigma$', unit=None, boundary=None)
22:17 bilby INFO    : Single likelihood evaluation took 2.869e-02 s
22:17 bilby INFO    : Using sampler Dynesty with kwargs {'bound': 'multi', 'sample': 'rwalk', 'verbose': True, 'periodic': None, 'reflective': None, 'check_point_delta_t': 600, 'nlive': 400, 'first_update': None, 'walks': 100, 'npdim': None, 'rstate': None, 'queue_size': 4, 'pool': None, 'use_pool': None, 'live_points': None, 'logl_args': None, 'logl_kwargs': None, 'ptform_args': None, 'ptform_kwargs': None, 'enlarge': 1.5, 'bootstrap': None, 'vol_dec': 0.5, 'vol_check': 8.0, 'facc': 0.2, 'slices': 5, 'update_interval': 240, 'print_func': <bound method Dynesty._print_func of <bilby.core.sampler.dynesty.Dynesty object at 0x7f336beba320>>, 'dlogz': 0.1, 'maxiter': None, 'maxcall': None, 'logl_max': inf, 'add_live': True, 'print_progress': True, 'save_bounds': False, 'n_effective': None, 'maxmcmc': 5000, 'nact': 5}
22:17 bilby INFO    : Checkpoint every check_point_delta_t = 600s
22:17 bilby INFO    : Using dynesty version 1.1
22:17 bilby INFO    : Using the bilby-implemented rwalk sample method with ACT estimated walks
22:17 bilby INFO    : Setting up multiproccesing pool with 4 processes.
22:17 bilby INFO    : Generating initial points from the prior
22:27 bilby INFO    : Written checkpoint file hy_outdir/u_hype_29883_resume.pickle
22:38 bilby INFO    : Written checkpoint file hy_outdir/u_hype_29883_resume.pickle
22:48 bilby INFO    : Written checkpoint file hy_outdir/u_hype_29883_resume.pickle
22:58 bilby INFO    : Written checkpoint file hy_outdir/u_hype_29883_resume.pickle
22:58 bilby INFO    : Writing 104 current samples to hy_outdir/u_hype_29883_samples.dat
23:08 bilby INFO    : Written checkpoint file hy_outdir/u_hype_29883_resume.pickle
23:08 bilby INFO    : Writing 138 current samples to hy_outdir/u_hype_29883_samples.dat
23:19 bilby INFO    : Written checkpoint file hy_outdir/u_hype_29883_resume.pickle
23:19 bilby INFO    : Writing 187 current samples to hy_outdir/u_hype_29883_samples.dat
23:29 bilby INFO    : Written checkpoint file hy_outdir/u_hype_29883_resume.pickle
23:29 bilby INFO    : Writing 216 current samples to hy_outdir/u_hype_29883_samples.dat
23:40 bilby INFO    : Written checkpoint file hy_outdir/u_hype_29883_resume.pickle
23:40 bilby INFO    : Writing 279 current samples to hy_outdir/u_hype_29883_samples.dat
23:50 bilby INFO    : Written checkpoint file hy_outdir/u_hype_29883_resume.pickle
23:50 bilby INFO    : Writing 318 current samples to hy_outdir/u_hype_29883_samples.dat
00:00 bilby INFO    : Written checkpoint file hy_outdir/u_hype_29883_resume.pickle
00:00 bilby INFO    : Writing 377 current samples to hy_outdir/u_hype_29883_samples.dat
00:10 bilby INFO    : Written checkpoint file hy_outdir/u_hype_29883_resume.pickle
00:10 bilby INFO    : Writing 498 current samples to hy_outdir/u_hype_29883_samples.dat
00:20 bilby INFO    : Written checkpoint file hy_outdir/u_hype_29883_resume.pickle
00:20 bilby INFO    : Writing 609 current samples to hy_outdir/u_hype_29883_samples.dat
00:30 bilby INFO    : Written checkpoint file hy_outdir/u_hype_29883_resume.pickle
00:30 bilby INFO    : Writing 708 current samples to hy_outdir/u_hype_29883_samples.dat
00:41 bilby INFO    : Written checkpoint file hy_outdir/u_hype_29883_resume.pickle
00:41 bilby INFO    : Writing 861 current samples to hy_outdir/u_hype_29883_samples.dat
00:51 bilby INFO    : Written checkpoint file hy_outdir/u_hype_29883_resume.pickle
00:51 bilby INFO    : Writing 1063 current samples to hy_outdir/u_hype_29883_samples.dat
01:01 bilby INFO    : Written checkpoint file hy_outdir/u_hype_29883_resume.pickle
01:01 bilby INFO    : Writing 1116 current samples to hy_outdir/u_hype_29883_samples.dat
01:11 bilby INFO    : Written checkpoint file hy_outdir/u_hype_29883_resume.pickle
01:11 bilby INFO    : Writing 1075 current samples to hy_outdir/u_hype_29883_samples.dat
01:21 bilby INFO    : Written checkpoint file hy_outdir/u_hype_29883_resume.pickle
01:21 bilby INFO    : Writing 1113 current samples to hy_outdir/u_hype_29883_samples.dat
01:31 bilby INFO    : Written checkpoint file hy_outdir/u_hype_29883_resume.pickle
01:31 bilby INFO    : Writing 1097 current samples to hy_outdir/u_hype_29883_samples.dat
01:41 bilby INFO    : Written checkpoint file hy_outdir/u_hype_29883_resume.pickle
01:41 bilby INFO    : Writing 1076 current samples to hy_outdir/u_hype_29883_samples.dat
01:52 bilby INFO    : Written checkpoint file hy_outdir/u_hype_29883_resume.pickle
01:52 bilby INFO    : Writing 1099 current samples to hy_outdir/u_hype_29883_samples.dat
02:01 bilby INFO    : Written checkpoint file hy_outdir/u_hype_29883_resume.pickle
02:01 bilby INFO    : Writing 1112 current samples to hy_outdir/u_hype_29883_samples.dat
02:01 bilby INFO    : Starting to close worker pool.
02:01 bilby INFO    : Finished closing worker pool.
02:01 bilby INFO    : Sampling time: 3:44:00.783040
02:01 bilby INFO    : Summary of results:
nsamples: 3601
ln_noise_evidence:  0.000
ln_evidence: 47.295 +/-  0.152
ln_bayes_factor: 47.295 +/-  0.152

