02:44 bilby INFO    : Running for label 'u_hype_67696', output will be saved to 'hy_outdir'
02:44 bilby INFO    : Search parameters:
02:44 bilby INFO    :   mu = Uniform(minimum=0.9, maximum=2.9, name='s_mu', latex_label='$\\mu$', unit=None, boundary=None)
02:44 bilby INFO    :   sigma = Uniform(minimum=0.01, maximum=2, name='s_sigma', latex_label='$\\sigma$', unit=None, boundary=None)
02:44 bilby INFO    : Single likelihood evaluation took 2.907e-02 s
02:44 bilby INFO    : Using sampler Dynesty with kwargs {'bound': 'multi', 'sample': 'rwalk', 'verbose': True, 'periodic': None, 'reflective': None, 'check_point_delta_t': 600, 'nlive': 400, 'first_update': None, 'walks': 100, 'npdim': None, 'rstate': None, 'queue_size': 5, 'pool': None, 'use_pool': None, 'live_points': None, 'logl_args': None, 'logl_kwargs': None, 'ptform_args': None, 'ptform_kwargs': None, 'enlarge': 1.5, 'bootstrap': None, 'vol_dec': 0.5, 'vol_check': 8.0, 'facc': 0.2, 'slices': 5, 'update_interval': 240, 'print_func': <bound method Dynesty._print_func of <bilby.core.sampler.dynesty.Dynesty object at 0x7f700ee0e048>>, 'dlogz': 0.1, 'maxiter': None, 'maxcall': None, 'logl_max': inf, 'add_live': True, 'print_progress': True, 'save_bounds': False, 'n_effective': None, 'maxmcmc': 5000, 'nact': 5}
02:44 bilby INFO    : Checkpoint every check_point_delta_t = 600s
02:44 bilby INFO    : Using dynesty version 1.1
02:44 bilby INFO    : Using the bilby-implemented rwalk sample method with ACT estimated walks
02:44 bilby INFO    : Setting up multiproccesing pool with 5 processes.
02:44 bilby INFO    : Generating initial points from the prior
02:54 bilby INFO    : Written checkpoint file hy_outdir/u_hype_67696_resume.pickle
03:04 bilby INFO    : Written checkpoint file hy_outdir/u_hype_67696_resume.pickle
03:15 bilby INFO    : Written checkpoint file hy_outdir/u_hype_67696_resume.pickle
03:25 bilby INFO    : Written checkpoint file hy_outdir/u_hype_67696_resume.pickle
03:25 bilby INFO    : Writing 104 current samples to hy_outdir/u_hype_67696_samples.dat
03:35 bilby INFO    : Written checkpoint file hy_outdir/u_hype_67696_resume.pickle
03:35 bilby INFO    : Writing 123 current samples to hy_outdir/u_hype_67696_samples.dat
03:45 bilby INFO    : Written checkpoint file hy_outdir/u_hype_67696_resume.pickle
03:45 bilby INFO    : Writing 177 current samples to hy_outdir/u_hype_67696_samples.dat
03:55 bilby INFO    : Written checkpoint file hy_outdir/u_hype_67696_resume.pickle
03:55 bilby INFO    : Writing 259 current samples to hy_outdir/u_hype_67696_samples.dat
04:06 bilby INFO    : Written checkpoint file hy_outdir/u_hype_67696_resume.pickle
04:06 bilby INFO    : Writing 391 current samples to hy_outdir/u_hype_67696_samples.dat
04:16 bilby INFO    : Written checkpoint file hy_outdir/u_hype_67696_resume.pickle
04:16 bilby INFO    : Writing 550 current samples to hy_outdir/u_hype_67696_samples.dat
04:26 bilby INFO    : Written checkpoint file hy_outdir/u_hype_67696_resume.pickle
04:26 bilby INFO    : Writing 783 current samples to hy_outdir/u_hype_67696_samples.dat
04:36 bilby INFO    : Written checkpoint file hy_outdir/u_hype_67696_resume.pickle
04:36 bilby INFO    : Writing 1122 current samples to hy_outdir/u_hype_67696_samples.dat
04:47 bilby INFO    : Written checkpoint file hy_outdir/u_hype_67696_resume.pickle
04:47 bilby INFO    : Writing 1129 current samples to hy_outdir/u_hype_67696_samples.dat
04:57 bilby INFO    : Written checkpoint file hy_outdir/u_hype_67696_resume.pickle
04:57 bilby INFO    : Writing 1161 current samples to hy_outdir/u_hype_67696_samples.dat
05:07 bilby INFO    : Written checkpoint file hy_outdir/u_hype_67696_resume.pickle
05:07 bilby INFO    : Writing 1140 current samples to hy_outdir/u_hype_67696_samples.dat
05:14 bilby INFO    : Written checkpoint file hy_outdir/u_hype_67696_resume.pickle
05:14 bilby INFO    : Writing 1180 current samples to hy_outdir/u_hype_67696_samples.dat
05:14 bilby INFO    : Starting to close worker pool.
05:14 bilby INFO    : Finished closing worker pool.
05:14 bilby WARNING : Multiple likelihood matches found between sorted and unsorted samples. Taking the first match.
05:14 bilby WARNING : Multiple likelihood matches found between sorted and unsorted samples. Taking the first match.
05:14 bilby WARNING : Multiple likelihood matches found between sorted and unsorted samples. Taking the first match.
05:14 bilby WARNING : Multiple likelihood matches found between sorted and unsorted samples. Taking the first match.
05:14 bilby WARNING : Multiple likelihood matches found between sorted and unsorted samples. Taking the first match.
05:14 bilby WARNING : Multiple likelihood matches found between sorted and unsorted samples. Taking the first match.
05:14 bilby WARNING : Multiple likelihood matches found between sorted and unsorted samples. Taking the first match.
05:14 bilby WARNING : Multiple likelihood matches found between sorted and unsorted samples. Taking the first match.
05:14 bilby INFO    : Sampling time: 2:29:56.924853
05:14 bilby INFO    : Summary of results:
nsamples: 3995
ln_noise_evidence:  0.000
ln_evidence: 44.146 +/-  0.167
ln_bayes_factor: 44.146 +/-  0.167

