/home/yzq/miniconda3/envs/igwn-py310/lib/python3.10/site-packages/pandas/core/computation/expressions.py:21: UserWarning: Pandas requires version '2.8.0' or newer of 'numexpr' (version '2.7.3' currently installed).
  from pandas.core.computation.check import NUMEXPR_INSTALLED
15:43 bilby INFO    : Running for label 'u_hype_68736', output will be saved to 'hy_outdir'
15:44 bilby INFO    : Analysis priors:
15:44 bilby INFO    : mlo=Uniform(minimum=0.9, maximum=1.5, name='mlo', latex_label='$\\rm{m^l}$', unit=None, boundary=None)
15:44 bilby INFO    : mup=Uniform(minimum=1.5, maximum=2.9, name='mup', latex_label='$\\rm{m^u}$', unit=None, boundary=None)
15:44 bilby INFO    : beta=Uniform(minimum=-5, maximum=25, name='beta', latex_label='$\\beta$', unit=None, boundary=None)
15:44 bilby INFO    : Analysis likelihood class: <class 'bilby.hyper.likelihood.HyperparameterLikelihood'>
15:44 bilby INFO    : Analysis likelihood noise evidence: 0
15:44 bilby INFO    : Single likelihood evaluation took 2.583e-03 s
15:44 bilby INFO    : Using sampler Dynesty with kwargs {'nlive': 400, 'bound': 'live', 'sample': 'act-walk', 'periodic': None, 'reflective': None, 'update_interval': 600, 'first_update': None, 'npdim': None, 'rstate': None, 'queue_size': 20, 'pool': None, 'use_pool': None, 'live_points': None, 'logl_args': None, 'logl_kwargs': None, 'ptform_args': None, 'ptform_kwargs': None, 'gradient': None, 'grad_args': None, 'grad_kwargs': None, 'compute_jac': False, 'enlarge': None, 'bootstrap': None, 'walks': 100, 'facc': 0.2, 'slices': None, 'fmove': 0.9, 'max_move': 100, 'update_func': None, 'ncdim': None, 'blob': False, 'save_history': False, 'history_filename': None, 'maxiter': None, 'maxcall': None, 'dlogz': 0.1, 'logl_max': inf, 'n_effective': None, 'add_live': True, 'print_progress': True, 'print_func': <bound method Dynesty._print_func of <bilby.core.sampler.dynesty.Dynesty object at 0x7fd25f34feb0>>, 'save_bounds': False, 'checkpoint_file': None, 'checkpoint_every': 60, 'resume': False}
15:44 bilby INFO    : Checkpoint every check_point_delta_t = 600s
15:44 bilby INFO    : Using dynesty version 2.1.2
15:44 bilby INFO    : Using the bilby-implemented rwalk sampling tracking the autocorrelation function and thinning by 2 with maximum length 10000
15:44 bilby INFO    : Setting up multiproccesing pool with 20 processes
15:44 bilby INFO    : Generating initial points from the prior
15:47 bilby INFO    : Written checkpoint file hy_outdir/u_hype_68736_resume.pickle
15:47 bilby INFO    : Starting to close worker pool.
15:47 bilby INFO    : Finished closing worker pool.
15:47 bilby INFO    : Rejection sampling nested samples to obtain 1694 posterior samples
15:47 bilby INFO    : Sampling time: 0:03:40.246309
15:47 bilby INFO    : Summary of results:
nsamples: 1694
ln_noise_evidence:  0.000
ln_evidence: 32.660 +/-  0.132
ln_bayes_factor: 32.660 +/-  0.132

