22:50 bilby INFO    : Running for label 'u_hype_12552', output will be saved to 'hy_outdir'
22:50 bilby INFO    : Search parameters:
22:50 bilby INFO    :   mlo = Uniform(minimum=0.9, maximum=1.5, name='mlo', latex_label='$\\rm{m^l}$', unit=None, boundary=None)
22:50 bilby INFO    :   mup = Uniform(minimum=1.5, maximum=2.9, name='mup', latex_label='$\\rm{m^u}$', unit=None, boundary=None)
22:50 bilby INFO    :   beta = Uniform(minimum=-5, maximum=25, name='beta', latex_label='$\\beta$', unit=None, boundary=None)
22:50 bilby INFO    : Single likelihood evaluation took 6.680e-03 s
22:50 bilby INFO    : Using sampler Dynesty with kwargs {'bound': 'multi', 'sample': 'rwalk', 'verbose': True, 'periodic': None, 'reflective': None, 'check_point_delta_t': 600, 'nlive': 400, 'first_update': None, 'walks': 100, 'npdim': None, 'rstate': None, 'queue_size': 20, 'pool': None, 'use_pool': None, 'live_points': None, 'logl_args': None, 'logl_kwargs': None, 'ptform_args': None, 'ptform_kwargs': None, 'enlarge': 1.5, 'bootstrap': None, 'vol_dec': 0.5, 'vol_check': 8.0, 'facc': 0.2, 'slices': 5, 'update_interval': 240, 'print_func': <bound method Dynesty._print_func of <bilby.core.sampler.dynesty.Dynesty object at 0x7f3dd97d0130>>, 'dlogz': 0.1, 'maxiter': None, 'maxcall': None, 'logl_max': inf, 'add_live': True, 'print_progress': True, 'save_bounds': False, 'n_effective': None, 'maxmcmc': 5000, 'nact': 5}
22:50 bilby INFO    : Checkpoint every check_point_delta_t = 600s
22:50 bilby INFO    : Using dynesty version 1.0.1
22:50 bilby INFO    : Using the bilby-implemented rwalk sample method with ACT estimated walks
22:50 bilby INFO    : Setting up multiproccesing pool with 20 processes.
22:50 bilby INFO    : Generating initial points from the prior
23:01 bilby INFO    : Written checkpoint file hy_outdir/u_hype_12552_resume.pickle
23:11 bilby INFO    : Written checkpoint file hy_outdir/u_hype_12552_resume.pickle
23:21 bilby INFO    : Written checkpoint file hy_outdir/u_hype_12552_resume.pickle
23:32 bilby INFO    : Written checkpoint file hy_outdir/u_hype_12552_resume.pickle
23:42 bilby INFO    : Written checkpoint file hy_outdir/u_hype_12552_resume.pickle
23:42 bilby INFO    : Writing 105 current samples to hy_outdir/u_hype_12552_samples.dat
23:52 bilby INFO    : Written checkpoint file hy_outdir/u_hype_12552_resume.pickle
23:52 bilby INFO    : Writing 197 current samples to hy_outdir/u_hype_12552_samples.dat
00:03 bilby INFO    : Written checkpoint file hy_outdir/u_hype_12552_resume.pickle
00:03 bilby INFO    : Writing 281 current samples to hy_outdir/u_hype_12552_samples.dat
00:14 bilby INFO    : Written checkpoint file hy_outdir/u_hype_12552_resume.pickle
00:14 bilby INFO    : Writing 444 current samples to hy_outdir/u_hype_12552_samples.dat
00:25 bilby INFO    : Written checkpoint file hy_outdir/u_hype_12552_resume.pickle
00:25 bilby INFO    : Writing 657 current samples to hy_outdir/u_hype_12552_samples.dat
00:36 bilby INFO    : Written checkpoint file hy_outdir/u_hype_12552_resume.pickle
00:36 bilby INFO    : Writing 949 current samples to hy_outdir/u_hype_12552_samples.dat
00:46 bilby INFO    : Written checkpoint file hy_outdir/u_hype_12552_resume.pickle
00:46 bilby INFO    : Writing 1097 current samples to hy_outdir/u_hype_12552_samples.dat
00:57 bilby INFO    : Written checkpoint file hy_outdir/u_hype_12552_resume.pickle
00:57 bilby INFO    : Writing 1159 current samples to hy_outdir/u_hype_12552_samples.dat
01:09 bilby INFO    : Written checkpoint file hy_outdir/u_hype_12552_resume.pickle
01:09 bilby INFO    : Writing 1148 current samples to hy_outdir/u_hype_12552_samples.dat
01:19 bilby INFO    : Written checkpoint file hy_outdir/u_hype_12552_resume.pickle
01:19 bilby INFO    : Writing 1134 current samples to hy_outdir/u_hype_12552_samples.dat
01:20 bilby INFO    : Written checkpoint file hy_outdir/u_hype_12552_resume.pickle
01:20 bilby INFO    : Writing 1176 current samples to hy_outdir/u_hype_12552_samples.dat
01:20 bilby INFO    : Starting to close worker pool.
01:20 bilby INFO    : Finished closing worker pool.
01:20 bilby WARNING : Multiple likelihood matches found between sorted and unsorted samples. Taking the first match.
01:20 bilby WARNING : Multiple likelihood matches found between sorted and unsorted samples. Taking the first match.
01:20 bilby WARNING : Multiple likelihood matches found between sorted and unsorted samples. Taking the first match.
01:20 bilby WARNING : Multiple likelihood matches found between sorted and unsorted samples. Taking the first match.
01:20 bilby WARNING : Multiple likelihood matches found between sorted and unsorted samples. Taking the first match.
01:20 bilby WARNING : Multiple likelihood matches found between sorted and unsorted samples. Taking the first match.
01:20 bilby WARNING : Multiple likelihood matches found between sorted and unsorted samples. Taking the first match.
01:20 bilby WARNING : Multiple likelihood matches found between sorted and unsorted samples. Taking the first match.
01:20 bilby WARNING : Multiple likelihood matches found between sorted and unsorted samples. Taking the first match.
01:20 bilby WARNING : Multiple likelihood matches found between sorted and unsorted samples. Taking the first match.
01:20 bilby WARNING : Multiple likelihood matches found between sorted and unsorted samples. Taking the first match.
01:20 bilby WARNING : Multiple likelihood matches found between sorted and unsorted samples. Taking the first match.
01:20 bilby WARNING : Multiple likelihood matches found between sorted and unsorted samples. Taking the first match.
01:20 bilby WARNING : Multiple likelihood matches found between sorted and unsorted samples. Taking the first match.
01:20 bilby WARNING : Multiple likelihood matches found between sorted and unsorted samples. Taking the first match.
01:20 bilby WARNING : Multiple likelihood matches found between sorted and unsorted samples. Taking the first match.
01:20 bilby WARNING : Multiple likelihood matches found between sorted and unsorted samples. Taking the first match.
01:20 bilby WARNING : Multiple likelihood matches found between sorted and unsorted samples. Taking the first match.
01:20 bilby WARNING : Multiple likelihood matches found between sorted and unsorted samples. Taking the first match.
01:20 bilby WARNING : Multiple likelihood matches found between sorted and unsorted samples. Taking the first match.
01:20 bilby WARNING : Multiple likelihood matches found between sorted and unsorted samples. Taking the first match.
01:20 bilby WARNING : Multiple likelihood matches found between sorted and unsorted samples. Taking the first match.
01:20 bilby WARNING : Multiple likelihood matches found between sorted and unsorted samples. Taking the first match.
01:20 bilby WARNING : Multiple likelihood matches found between sorted and unsorted samples. Taking the first match.
01:20 bilby WARNING : Multiple likelihood matches found between sorted and unsorted samples. Taking the first match.
01:20 bilby WARNING : Multiple likelihood matches found between sorted and unsorted samples. Taking the first match.
01:20 bilby WARNING : Multiple likelihood matches found between sorted and unsorted samples. Taking the first match.
01:20 bilby WARNING : Multiple likelihood matches found between sorted and unsorted samples. Taking the first match.
01:20 bilby WARNING : Multiple likelihood matches found between sorted and unsorted samples. Taking the first match.
01:20 bilby WARNING : Multiple likelihood matches found between sorted and unsorted samples. Taking the first match.
01:20 bilby WARNING : Multiple likelihood matches found between sorted and unsorted samples. Taking the first match.
01:20 bilby WARNING : Multiple likelihood matches found between sorted and unsorted samples. Taking the first match.
01:20 bilby WARNING : Multiple likelihood matches found between sorted and unsorted samples. Taking the first match.
01:20 bilby WARNING : Multiple likelihood matches found between sorted and unsorted samples. Taking the first match.
01:20 bilby WARNING : Multiple likelihood matches found between sorted and unsorted samples. Taking the first match.
01:20 bilby WARNING : Multiple likelihood matches found between sorted and unsorted samples. Taking the first match.
01:20 bilby WARNING : Multiple likelihood matches found between sorted and unsorted samples. Taking the first match.
01:20 bilby WARNING : Multiple likelihood matches found between sorted and unsorted samples. Taking the first match.
01:20 bilby WARNING : Multiple likelihood matches found between sorted and unsorted samples. Taking the first match.
01:20 bilby WARNING : Multiple likelihood matches found between sorted and unsorted samples. Taking the first match.
01:20 bilby WARNING : Multiple likelihood matches found between sorted and unsorted samples. Taking the first match.
01:20 bilby WARNING : Multiple likelihood matches found between sorted and unsorted samples. Taking the first match.
01:20 bilby WARNING : Multiple likelihood matches found between sorted and unsorted samples. Taking the first match.
01:20 bilby WARNING : Multiple likelihood matches found between sorted and unsorted samples. Taking the first match.
01:20 bilby WARNING : Multiple likelihood matches found between sorted and unsorted samples. Taking the first match.
01:20 bilby WARNING : Multiple likelihood matches found between sorted and unsorted samples. Taking the first match.
01:20 bilby INFO    : Sampling time: 2:29:04.149767
01:20 bilby INFO    : Summary of results:
nsamples: 3708
ln_noise_evidence:  0.000
ln_evidence: 57.035 +/-  0.151
ln_bayes_factor: 57.035 +/-  0.151

/home/yzq/miniconda3/envs/bilby/lib/python3.8/site-packages/bilby/core/result.py:1170: DeprecationWarning: distutils Version classes are deprecated. Use packaging.version instead.
  if LooseVersion(matplotlib.__version__) < "2.1":
/home/yzq/miniconda3/envs/bilby/lib/python3.8/site-packages/setuptools/_distutils/version.py:346: DeprecationWarning: distutils Version classes are deprecated. Use packaging.version instead.
  other = LooseVersion(other)
