22:17 bilby INFO    : Running for label 'u_hype_35718', output will be saved to 'hy_outdir'
22:17 bilby INFO    : Search parameters:
22:17 bilby INFO    :   alpha = Uniform(minimum=-5, maximum=25, name='alpha', latex_label='$\\alpha$', unit=None, boundary=None)
22:17 bilby INFO    :   mmin = Uniform(minimum=0.9, maximum=1.5, name='mmin', latex_label='$mmin$', unit=None, boundary=None)
22:17 bilby INFO    :   delta_m = Uniform(minimum=0.01, maximum=1, name='delta', latex_label='$\\delta$', unit=None, boundary=None)
22:17 bilby INFO    : Single likelihood evaluation took 4.985e-02 s
22:17 bilby INFO    : Using sampler Dynesty with kwargs {'bound': 'multi', 'sample': 'rwalk', 'verbose': True, 'periodic': None, 'reflective': None, 'check_point_delta_t': 600, 'nlive': 400, 'first_update': None, 'walks': 100, 'npdim': None, 'rstate': None, 'queue_size': 4, 'pool': None, 'use_pool': None, 'live_points': None, 'logl_args': None, 'logl_kwargs': None, 'ptform_args': None, 'ptform_kwargs': None, 'enlarge': 1.5, 'bootstrap': None, 'vol_dec': 0.5, 'vol_check': 8.0, 'facc': 0.2, 'slices': 5, 'update_interval': 240, 'print_func': <bound method Dynesty._print_func of <bilby.core.sampler.dynesty.Dynesty object at 0x7f82c5959048>>, 'dlogz': 0.1, 'maxiter': None, 'maxcall': None, 'logl_max': inf, 'add_live': True, 'print_progress': True, 'save_bounds': False, 'n_effective': None, 'maxmcmc': 5000, 'nact': 5}
22:17 bilby INFO    : Checkpoint every check_point_delta_t = 600s
22:17 bilby INFO    : Using dynesty version 1.1
22:17 bilby INFO    : Using the bilby-implemented rwalk sample method with ACT estimated walks
22:17 bilby INFO    : Setting up multiproccesing pool with 4 processes.
22:17 bilby INFO    : Generating initial points from the prior
22:28 bilby INFO    : Written checkpoint file hy_outdir/u_hype_35718_resume.pickle
22:38 bilby INFO    : Written checkpoint file hy_outdir/u_hype_35718_resume.pickle
22:48 bilby INFO    : Written checkpoint file hy_outdir/u_hype_35718_resume.pickle
22:59 bilby INFO    : Written checkpoint file hy_outdir/u_hype_35718_resume.pickle
23:09 bilby INFO    : Written checkpoint file hy_outdir/u_hype_35718_resume.pickle
23:19 bilby INFO    : Written checkpoint file hy_outdir/u_hype_35718_resume.pickle
23:30 bilby INFO    : Written checkpoint file hy_outdir/u_hype_35718_resume.pickle
23:40 bilby INFO    : Written checkpoint file hy_outdir/u_hype_35718_resume.pickle
23:50 bilby INFO    : Written checkpoint file hy_outdir/u_hype_35718_resume.pickle
00:01 bilby INFO    : Written checkpoint file hy_outdir/u_hype_35718_resume.pickle
00:01 bilby INFO    : Writing 103 current samples to hy_outdir/u_hype_35718_samples.dat
00:11 bilby INFO    : Written checkpoint file hy_outdir/u_hype_35718_resume.pickle
00:11 bilby INFO    : Writing 121 current samples to hy_outdir/u_hype_35718_samples.dat
00:22 bilby INFO    : Written checkpoint file hy_outdir/u_hype_35718_resume.pickle
00:22 bilby INFO    : Writing 137 current samples to hy_outdir/u_hype_35718_samples.dat
00:32 bilby INFO    : Written checkpoint file hy_outdir/u_hype_35718_resume.pickle
00:32 bilby INFO    : Writing 173 current samples to hy_outdir/u_hype_35718_samples.dat
00:42 bilby INFO    : Written checkpoint file hy_outdir/u_hype_35718_resume.pickle
00:42 bilby INFO    : Writing 212 current samples to hy_outdir/u_hype_35718_samples.dat
00:53 bilby INFO    : Written checkpoint file hy_outdir/u_hype_35718_resume.pickle
00:53 bilby INFO    : Writing 252 current samples to hy_outdir/u_hype_35718_samples.dat
01:03 bilby INFO    : Written checkpoint file hy_outdir/u_hype_35718_resume.pickle
01:03 bilby INFO    : Writing 310 current samples to hy_outdir/u_hype_35718_samples.dat
01:13 bilby INFO    : Written checkpoint file hy_outdir/u_hype_35718_resume.pickle
01:13 bilby INFO    : Writing 370 current samples to hy_outdir/u_hype_35718_samples.dat
01:23 bilby INFO    : Written checkpoint file hy_outdir/u_hype_35718_resume.pickle
01:23 bilby INFO    : Writing 453 current samples to hy_outdir/u_hype_35718_samples.dat
01:34 bilby INFO    : Written checkpoint file hy_outdir/u_hype_35718_resume.pickle
01:34 bilby INFO    : Writing 478 current samples to hy_outdir/u_hype_35718_samples.dat
01:44 bilby INFO    : Written checkpoint file hy_outdir/u_hype_35718_resume.pickle
01:44 bilby INFO    : Writing 564 current samples to hy_outdir/u_hype_35718_samples.dat
01:54 bilby INFO    : Written checkpoint file hy_outdir/u_hype_35718_resume.pickle
01:54 bilby INFO    : Writing 682 current samples to hy_outdir/u_hype_35718_samples.dat
02:05 bilby INFO    : Written checkpoint file hy_outdir/u_hype_35718_resume.pickle
02:05 bilby INFO    : Writing 785 current samples to hy_outdir/u_hype_35718_samples.dat
02:15 bilby INFO    : Written checkpoint file hy_outdir/u_hype_35718_resume.pickle
02:15 bilby INFO    : Writing 991 current samples to hy_outdir/u_hype_35718_samples.dat
02:26 bilby INFO    : Written checkpoint file hy_outdir/u_hype_35718_resume.pickle
02:26 bilby INFO    : Writing 1133 current samples to hy_outdir/u_hype_35718_samples.dat
02:36 bilby INFO    : Written checkpoint file hy_outdir/u_hype_35718_resume.pickle
02:36 bilby INFO    : Writing 1334 current samples to hy_outdir/u_hype_35718_samples.dat
02:47 bilby INFO    : Written checkpoint file hy_outdir/u_hype_35718_resume.pickle
02:47 bilby INFO    : Writing 1525 current samples to hy_outdir/u_hype_35718_samples.dat
02:57 bilby INFO    : Written checkpoint file hy_outdir/u_hype_35718_resume.pickle
02:57 bilby INFO    : Writing 1522 current samples to hy_outdir/u_hype_35718_samples.dat
03:07 bilby INFO    : Written checkpoint file hy_outdir/u_hype_35718_resume.pickle
03:07 bilby INFO    : Writing 1496 current samples to hy_outdir/u_hype_35718_samples.dat
03:18 bilby INFO    : Written checkpoint file hy_outdir/u_hype_35718_resume.pickle
03:18 bilby INFO    : Writing 1527 current samples to hy_outdir/u_hype_35718_samples.dat
03:28 bilby INFO    : Written checkpoint file hy_outdir/u_hype_35718_resume.pickle
03:28 bilby INFO    : Writing 1543 current samples to hy_outdir/u_hype_35718_samples.dat
03:39 bilby INFO    : Written checkpoint file hy_outdir/u_hype_35718_resume.pickle
03:39 bilby INFO    : Writing 1556 current samples to hy_outdir/u_hype_35718_samples.dat
03:46 bilby INFO    : Written checkpoint file hy_outdir/u_hype_35718_resume.pickle
03:46 bilby INFO    : Writing 1530 current samples to hy_outdir/u_hype_35718_samples.dat
03:46 bilby INFO    : Starting to close worker pool.
03:46 bilby INFO    : Finished closing worker pool.
03:46 bilby INFO    : Sampling time: 5:28:01.302654
03:46 bilby INFO    : Summary of results:
nsamples: 3709
ln_noise_evidence:  0.000
ln_evidence: 57.682 +/-  0.149
ln_bayes_factor: 57.682 +/-  0.149

