03:46 bilby INFO    : Running for label 'u_hype_3222', output will be saved to 'hy_outdir'
03:46 bilby INFO    : Search parameters:
03:46 bilby INFO    :   alpha = Uniform(minimum=-5, maximum=25, name='alpha', latex_label='$\\alpha$', unit=None, boundary=None)
03:46 bilby INFO    :   mmin = Uniform(minimum=0.9, maximum=1.5, name='mmin', latex_label='$mmin$', unit=None, boundary=None)
03:46 bilby INFO    :   lam = Uniform(minimum=0.0, maximum=1, name='lam', latex_label='$\\lambda$', unit=None, boundary=None)
03:46 bilby INFO    :   mu_g = Uniform(minimum=1.5, maximum=2.9, name='mpp', latex_label='$mpp$', unit=None, boundary=None)
03:46 bilby INFO    :   sigma_g = Uniform(minimum=0.01, maximum=2, name='sigpp', latex_label='$\\sigma$', unit=None, boundary=None)
03:46 bilby INFO    :   delta_m = Uniform(minimum=0.01, maximum=1, name='delta', latex_label='$\\delta$', unit=None, boundary=None)
03:46 bilby INFO    : Single likelihood evaluation took 7.021e-02 s
03:46 bilby INFO    : Using sampler Dynesty with kwargs {'bound': 'multi', 'sample': 'rwalk', 'verbose': True, 'periodic': None, 'reflective': None, 'check_point_delta_t': 600, 'nlive': 400, 'first_update': None, 'walks': 100, 'npdim': None, 'rstate': None, 'queue_size': 5, 'pool': None, 'use_pool': None, 'live_points': None, 'logl_args': None, 'logl_kwargs': None, 'ptform_args': None, 'ptform_kwargs': None, 'enlarge': 1.5, 'bootstrap': None, 'vol_dec': 0.5, 'vol_check': 8.0, 'facc': 0.2, 'slices': 5, 'update_interval': 240, 'print_func': <bound method Dynesty._print_func of <bilby.core.sampler.dynesty.Dynesty object at 0x7f00b42500b8>>, 'dlogz': 0.1, 'maxiter': None, 'maxcall': None, 'logl_max': inf, 'add_live': True, 'print_progress': True, 'save_bounds': False, 'n_effective': None, 'maxmcmc': 5000, 'nact': 5}
03:46 bilby INFO    : Checkpoint every check_point_delta_t = 600s
03:46 bilby INFO    : Using dynesty version 1.1
03:46 bilby INFO    : Using the bilby-implemented rwalk sample method with ACT estimated walks
03:46 bilby INFO    : Setting up multiproccesing pool with 5 processes.
03:46 bilby INFO    : Generating initial points from the prior
03:57 bilby INFO    : Written checkpoint file hy_outdir/u_hype_3222_resume.pickle
04:08 bilby INFO    : Written checkpoint file hy_outdir/u_hype_3222_resume.pickle
04:18 bilby INFO    : Written checkpoint file hy_outdir/u_hype_3222_resume.pickle
04:28 bilby INFO    : Written checkpoint file hy_outdir/u_hype_3222_resume.pickle
04:38 bilby INFO    : Written checkpoint file hy_outdir/u_hype_3222_resume.pickle
04:48 bilby INFO    : Written checkpoint file hy_outdir/u_hype_3222_resume.pickle
04:58 bilby INFO    : Written checkpoint file hy_outdir/u_hype_3222_resume.pickle
05:09 bilby INFO    : Written checkpoint file hy_outdir/u_hype_3222_resume.pickle
05:19 bilby INFO    : Written checkpoint file hy_outdir/u_hype_3222_resume.pickle
05:29 bilby INFO    : Written checkpoint file hy_outdir/u_hype_3222_resume.pickle
05:39 bilby INFO    : Written checkpoint file hy_outdir/u_hype_3222_resume.pickle
05:49 bilby INFO    : Written checkpoint file hy_outdir/u_hype_3222_resume.pickle
06:00 bilby INFO    : Written checkpoint file hy_outdir/u_hype_3222_resume.pickle
06:10 bilby INFO    : Written checkpoint file hy_outdir/u_hype_3222_resume.pickle
06:20 bilby INFO    : Written checkpoint file hy_outdir/u_hype_3222_resume.pickle
06:31 bilby INFO    : Written checkpoint file hy_outdir/u_hype_3222_resume.pickle
06:41 bilby INFO    : Written checkpoint file hy_outdir/u_hype_3222_resume.pickle
06:52 bilby INFO    : Written checkpoint file hy_outdir/u_hype_3222_resume.pickle
07:02 bilby INFO    : Written checkpoint file hy_outdir/u_hype_3222_resume.pickle
07:12 bilby INFO    : Written checkpoint file hy_outdir/u_hype_3222_resume.pickle
07:22 bilby INFO    : Written checkpoint file hy_outdir/u_hype_3222_resume.pickle
07:33 bilby INFO    : Written checkpoint file hy_outdir/u_hype_3222_resume.pickle
07:43 bilby INFO    : Written checkpoint file hy_outdir/u_hype_3222_resume.pickle
07:53 bilby INFO    : Written checkpoint file hy_outdir/u_hype_3222_resume.pickle
08:03 bilby INFO    : Written checkpoint file hy_outdir/u_hype_3222_resume.pickle
08:13 bilby INFO    : Written checkpoint file hy_outdir/u_hype_3222_resume.pickle
08:24 bilby INFO    : Written checkpoint file hy_outdir/u_hype_3222_resume.pickle
08:34 bilby INFO    : Written checkpoint file hy_outdir/u_hype_3222_resume.pickle
08:44 bilby INFO    : Written checkpoint file hy_outdir/u_hype_3222_resume.pickle
08:55 bilby INFO    : Written checkpoint file hy_outdir/u_hype_3222_resume.pickle
08:55 bilby INFO    : Writing 135 current samples to hy_outdir/u_hype_3222_samples.dat
09:05 bilby INFO    : Written checkpoint file hy_outdir/u_hype_3222_resume.pickle
09:05 bilby INFO    : Writing 160 current samples to hy_outdir/u_hype_3222_samples.dat
09:15 bilby INFO    : Written checkpoint file hy_outdir/u_hype_3222_resume.pickle
09:15 bilby INFO    : Writing 235 current samples to hy_outdir/u_hype_3222_samples.dat
09:26 bilby INFO    : Written checkpoint file hy_outdir/u_hype_3222_resume.pickle
09:26 bilby INFO    : Writing 313 current samples to hy_outdir/u_hype_3222_samples.dat
09:36 bilby INFO    : Written checkpoint file hy_outdir/u_hype_3222_resume.pickle
09:36 bilby INFO    : Writing 366 current samples to hy_outdir/u_hype_3222_samples.dat
09:47 bilby INFO    : Written checkpoint file hy_outdir/u_hype_3222_resume.pickle
09:47 bilby INFO    : Writing 432 current samples to hy_outdir/u_hype_3222_samples.dat
09:57 bilby INFO    : Written checkpoint file hy_outdir/u_hype_3222_resume.pickle
09:57 bilby INFO    : Writing 464 current samples to hy_outdir/u_hype_3222_samples.dat
10:08 bilby INFO    : Written checkpoint file hy_outdir/u_hype_3222_resume.pickle
10:08 bilby INFO    : Writing 567 current samples to hy_outdir/u_hype_3222_samples.dat
10:18 bilby INFO    : Written checkpoint file hy_outdir/u_hype_3222_resume.pickle
10:18 bilby INFO    : Writing 779 current samples to hy_outdir/u_hype_3222_samples.dat
10:28 bilby INFO    : Written checkpoint file hy_outdir/u_hype_3222_resume.pickle
10:28 bilby INFO    : Writing 957 current samples to hy_outdir/u_hype_3222_samples.dat
10:39 bilby INFO    : Written checkpoint file hy_outdir/u_hype_3222_resume.pickle
10:39 bilby INFO    : Writing 958 current samples to hy_outdir/u_hype_3222_samples.dat
10:49 bilby INFO    : Written checkpoint file hy_outdir/u_hype_3222_resume.pickle
10:49 bilby INFO    : Writing 1225 current samples to hy_outdir/u_hype_3222_samples.dat
10:59 bilby INFO    : Written checkpoint file hy_outdir/u_hype_3222_resume.pickle
10:59 bilby INFO    : Writing 1453 current samples to hy_outdir/u_hype_3222_samples.dat
11:09 bilby INFO    : Written checkpoint file hy_outdir/u_hype_3222_resume.pickle
11:09 bilby INFO    : Writing 1808 current samples to hy_outdir/u_hype_3222_samples.dat
11:20 bilby INFO    : Written checkpoint file hy_outdir/u_hype_3222_resume.pickle
11:20 bilby INFO    : Writing 2353 current samples to hy_outdir/u_hype_3222_samples.dat
11:30 bilby INFO    : Written checkpoint file hy_outdir/u_hype_3222_resume.pickle
11:30 bilby INFO    : Writing 2879 current samples to hy_outdir/u_hype_3222_samples.dat
11:40 bilby INFO    : Written checkpoint file hy_outdir/u_hype_3222_resume.pickle
11:40 bilby INFO    : Writing 3119 current samples to hy_outdir/u_hype_3222_samples.dat
11:47 bilby INFO    : Written checkpoint file hy_outdir/u_hype_3222_resume.pickle
11:47 bilby INFO    : Writing 3138 current samples to hy_outdir/u_hype_3222_samples.dat
11:47 bilby INFO    : Starting to close worker pool.
11:47 bilby INFO    : Finished closing worker pool.
11:47 bilby INFO    : Sampling time: 7:59:37.538338
11:47 bilby INFO    : Summary of results:
nsamples: 6680
ln_noise_evidence:  0.000
ln_evidence: 58.545 +/-  0.217
ln_bayes_factor: 58.545 +/-  0.217

