22:29 bilby INFO    : Running for label 'u_hype_21894', output will be saved to 'hy_outdir'
22:29 bilby INFO    : Search parameters:
22:29 bilby INFO    :   mu1 = Uniform(minimum=0.9, maximum=2.9, name='mu1', latex_label='$\\mu_1$', unit=None, boundary=None)
22:29 bilby INFO    :   sigma1 = Uniform(minimum=0.01, maximum=2, name='sigma1', latex_label='$\\sigma_1$', unit=None, boundary=None)
22:29 bilby INFO    :   mu2 = Uniform(minimum=0.9, maximum=2.9, name='mu2', latex_label='$\\mu_2$', unit=None, boundary=None)
22:29 bilby INFO    :   sigma2 = Uniform(minimum=0.01, maximum=2, name='sigma2', latex_label='$\\sigma_2$', unit=None, boundary=None)
22:29 bilby INFO    :   alpha = Uniform(minimum=0.01, maximum=1, name='alpha', latex_label='$\\alpha$', unit=None, boundary=None)
22:29 bilby INFO    :   mup = Uniform(minimum=1.5, maximum=2.9, name='mup', latex_label='$\\rm{m^u}$', unit=None, boundary=None)
22:29 bilby INFO    :   mlo = Uniform(minimum=0.9, maximum=1.5, name='mlo', latex_label='$\\rm{m^l}$', unit=None, boundary=None)
22:29 bilby INFO    : Single likelihood evaluation took 1.817e-02 s
22:29 bilby INFO    : Using sampler Dynesty with kwargs {'bound': 'multi', 'sample': 'rwalk', 'verbose': True, 'periodic': None, 'reflective': None, 'check_point_delta_t': 600, 'nlive': 400, 'first_update': None, 'walks': 100, 'npdim': None, 'rstate': None, 'queue_size': 4, 'pool': None, 'use_pool': None, 'live_points': None, 'logl_args': None, 'logl_kwargs': None, 'ptform_args': None, 'ptform_kwargs': None, 'enlarge': 1.5, 'bootstrap': None, 'vol_dec': 0.5, 'vol_check': 8.0, 'facc': 0.2, 'slices': 5, 'update_interval': 240, 'print_func': <bound method Dynesty._print_func of <bilby.core.sampler.dynesty.Dynesty object at 0x7ff470ae60b8>>, 'dlogz': 0.1, 'maxiter': None, 'maxcall': None, 'logl_max': inf, 'add_live': True, 'print_progress': True, 'save_bounds': False, 'n_effective': None, 'maxmcmc': 5000, 'nact': 5}
22:29 bilby INFO    : Checkpoint every check_point_delta_t = 600s
22:29 bilby INFO    : Using dynesty version 1.1
22:29 bilby INFO    : Using the bilby-implemented rwalk sample method with ACT estimated walks
22:29 bilby INFO    : Setting up multiproccesing pool with 4 processes.
22:29 bilby INFO    : Generating initial points from the prior
22:40 bilby INFO    : Written checkpoint file hy_outdir/u_hype_21894_resume.pickle
22:50 bilby INFO    : Written checkpoint file hy_outdir/u_hype_21894_resume.pickle
23:00 bilby INFO    : Written checkpoint file hy_outdir/u_hype_21894_resume.pickle
23:10 bilby INFO    : Written checkpoint file hy_outdir/u_hype_21894_resume.pickle
23:20 bilby INFO    : Written checkpoint file hy_outdir/u_hype_21894_resume.pickle
23:30 bilby INFO    : Written checkpoint file hy_outdir/u_hype_21894_resume.pickle
23:40 bilby INFO    : Written checkpoint file hy_outdir/u_hype_21894_resume.pickle
23:50 bilby INFO    : Written checkpoint file hy_outdir/u_hype_21894_resume.pickle
00:01 bilby INFO    : Written checkpoint file hy_outdir/u_hype_21894_resume.pickle
00:11 bilby INFO    : Written checkpoint file hy_outdir/u_hype_21894_resume.pickle
00:21 bilby INFO    : Written checkpoint file hy_outdir/u_hype_21894_resume.pickle
00:21 bilby INFO    : Writing 144 current samples to hy_outdir/u_hype_21894_samples.dat
00:31 bilby INFO    : Written checkpoint file hy_outdir/u_hype_21894_resume.pickle
00:31 bilby INFO    : Writing 244 current samples to hy_outdir/u_hype_21894_samples.dat
00:41 bilby INFO    : Written checkpoint file hy_outdir/u_hype_21894_resume.pickle
00:41 bilby INFO    : Writing 351 current samples to hy_outdir/u_hype_21894_samples.dat
00:51 bilby INFO    : Written checkpoint file hy_outdir/u_hype_21894_resume.pickle
00:51 bilby INFO    : Writing 581 current samples to hy_outdir/u_hype_21894_samples.dat
01:02 bilby INFO    : Written checkpoint file hy_outdir/u_hype_21894_resume.pickle
01:02 bilby INFO    : Writing 1051 current samples to hy_outdir/u_hype_21894_samples.dat
01:12 bilby INFO    : Written checkpoint file hy_outdir/u_hype_21894_resume.pickle
01:12 bilby INFO    : Writing 1837 current samples to hy_outdir/u_hype_21894_samples.dat
01:22 bilby INFO    : Written checkpoint file hy_outdir/u_hype_21894_resume.pickle
01:22 bilby INFO    : Writing 1774 current samples to hy_outdir/u_hype_21894_samples.dat
01:25 bilby INFO    : Written checkpoint file hy_outdir/u_hype_21894_resume.pickle
01:25 bilby INFO    : Writing 1815 current samples to hy_outdir/u_hype_21894_samples.dat
01:25 bilby INFO    : Starting to close worker pool.
01:25 bilby INFO    : Finished closing worker pool.
01:25 bilby INFO    : Sampling time: 2:55:15.124535
01:25 bilby INFO    : Summary of results:
nsamples: 5769
ln_noise_evidence:  0.000
ln_evidence: 62.525 +/-  0.211
ln_bayes_factor: 62.525 +/-  0.211

