22:29 bilby INFO    : Running for label 'u_hype_47884', output will be saved to 'hy_outdir'
22:29 bilby INFO    : Search parameters:
22:29 bilby INFO    :   alpha = Uniform(minimum=-5, maximum=25, name='alpha', latex_label='$\\alpha$', unit=None, boundary=None)
22:29 bilby INFO    :   mmin = Uniform(minimum=0.9, maximum=1.5, name='mmin', latex_label='$mmin$', unit=None, boundary=None)
22:29 bilby INFO    :   delta_m = Uniform(minimum=0.01, maximum=1, name='delta', latex_label='$\\delta$', unit=None, boundary=None)
22:29 bilby INFO    : Single likelihood evaluation took 6.839e-02 s
22:29 bilby INFO    : Using sampler Dynesty with kwargs {'bound': 'multi', 'sample': 'rwalk', 'verbose': True, 'periodic': None, 'reflective': None, 'check_point_delta_t': 600, 'nlive': 400, 'first_update': None, 'walks': 100, 'npdim': None, 'rstate': None, 'queue_size': 4, 'pool': None, 'use_pool': None, 'live_points': None, 'logl_args': None, 'logl_kwargs': None, 'ptform_args': None, 'ptform_kwargs': None, 'enlarge': 1.5, 'bootstrap': None, 'vol_dec': 0.5, 'vol_check': 8.0, 'facc': 0.2, 'slices': 5, 'update_interval': 240, 'print_func': <bound method Dynesty._print_func of <bilby.core.sampler.dynesty.Dynesty object at 0x7f8b11baf048>>, 'dlogz': 0.1, 'maxiter': None, 'maxcall': None, 'logl_max': inf, 'add_live': True, 'print_progress': True, 'save_bounds': False, 'n_effective': None, 'maxmcmc': 5000, 'nact': 5}
22:29 bilby INFO    : Checkpoint every check_point_delta_t = 600s
22:29 bilby INFO    : Using dynesty version 1.1
22:29 bilby INFO    : Using the bilby-implemented rwalk sample method with ACT estimated walks
22:29 bilby INFO    : Setting up multiproccesing pool with 4 processes.
22:29 bilby INFO    : Generating initial points from the prior
22:40 bilby INFO    : Written checkpoint file hy_outdir/u_hype_47884_resume.pickle
22:51 bilby INFO    : Written checkpoint file hy_outdir/u_hype_47884_resume.pickle
23:01 bilby INFO    : Written checkpoint file hy_outdir/u_hype_47884_resume.pickle
23:12 bilby INFO    : Written checkpoint file hy_outdir/u_hype_47884_resume.pickle
23:22 bilby INFO    : Written checkpoint file hy_outdir/u_hype_47884_resume.pickle
23:32 bilby INFO    : Written checkpoint file hy_outdir/u_hype_47884_resume.pickle
23:43 bilby INFO    : Written checkpoint file hy_outdir/u_hype_47884_resume.pickle
23:53 bilby INFO    : Written checkpoint file hy_outdir/u_hype_47884_resume.pickle
00:04 bilby INFO    : Written checkpoint file hy_outdir/u_hype_47884_resume.pickle
00:14 bilby INFO    : Written checkpoint file hy_outdir/u_hype_47884_resume.pickle
00:24 bilby INFO    : Written checkpoint file hy_outdir/u_hype_47884_resume.pickle
00:35 bilby INFO    : Written checkpoint file hy_outdir/u_hype_47884_resume.pickle
00:45 bilby INFO    : Written checkpoint file hy_outdir/u_hype_47884_resume.pickle
00:55 bilby INFO    : Written checkpoint file hy_outdir/u_hype_47884_resume.pickle
01:06 bilby INFO    : Written checkpoint file hy_outdir/u_hype_47884_resume.pickle
01:06 bilby INFO    : Writing 103 current samples to hy_outdir/u_hype_47884_samples.dat
01:17 bilby INFO    : Written checkpoint file hy_outdir/u_hype_47884_resume.pickle
01:17 bilby INFO    : Writing 120 current samples to hy_outdir/u_hype_47884_samples.dat
01:28 bilby INFO    : Written checkpoint file hy_outdir/u_hype_47884_resume.pickle
01:28 bilby INFO    : Writing 132 current samples to hy_outdir/u_hype_47884_samples.dat
01:38 bilby INFO    : Written checkpoint file hy_outdir/u_hype_47884_resume.pickle
01:38 bilby INFO    : Writing 157 current samples to hy_outdir/u_hype_47884_samples.dat
01:48 bilby INFO    : Written checkpoint file hy_outdir/u_hype_47884_resume.pickle
01:48 bilby INFO    : Writing 188 current samples to hy_outdir/u_hype_47884_samples.dat
01:59 bilby INFO    : Written checkpoint file hy_outdir/u_hype_47884_resume.pickle
01:59 bilby INFO    : Writing 193 current samples to hy_outdir/u_hype_47884_samples.dat
02:09 bilby INFO    : Written checkpoint file hy_outdir/u_hype_47884_resume.pickle
02:09 bilby INFO    : Writing 226 current samples to hy_outdir/u_hype_47884_samples.dat
02:20 bilby INFO    : Written checkpoint file hy_outdir/u_hype_47884_resume.pickle
02:20 bilby INFO    : Writing 234 current samples to hy_outdir/u_hype_47884_samples.dat
02:30 bilby INFO    : Written checkpoint file hy_outdir/u_hype_47884_resume.pickle
02:30 bilby INFO    : Writing 274 current samples to hy_outdir/u_hype_47884_samples.dat
02:40 bilby INFO    : Written checkpoint file hy_outdir/u_hype_47884_resume.pickle
02:40 bilby INFO    : Writing 316 current samples to hy_outdir/u_hype_47884_samples.dat
02:50 bilby INFO    : Written checkpoint file hy_outdir/u_hype_47884_resume.pickle
02:50 bilby INFO    : Writing 351 current samples to hy_outdir/u_hype_47884_samples.dat
03:01 bilby INFO    : Written checkpoint file hy_outdir/u_hype_47884_resume.pickle
03:01 bilby INFO    : Writing 413 current samples to hy_outdir/u_hype_47884_samples.dat
03:11 bilby INFO    : Written checkpoint file hy_outdir/u_hype_47884_resume.pickle
03:11 bilby INFO    : Writing 446 current samples to hy_outdir/u_hype_47884_samples.dat
03:22 bilby INFO    : Written checkpoint file hy_outdir/u_hype_47884_resume.pickle
03:22 bilby INFO    : Writing 554 current samples to hy_outdir/u_hype_47884_samples.dat
03:32 bilby INFO    : Written checkpoint file hy_outdir/u_hype_47884_resume.pickle
03:32 bilby INFO    : Writing 633 current samples to hy_outdir/u_hype_47884_samples.dat
03:42 bilby INFO    : Written checkpoint file hy_outdir/u_hype_47884_resume.pickle
03:42 bilby INFO    : Writing 690 current samples to hy_outdir/u_hype_47884_samples.dat
03:52 bilby INFO    : Written checkpoint file hy_outdir/u_hype_47884_resume.pickle
03:52 bilby INFO    : Writing 774 current samples to hy_outdir/u_hype_47884_samples.dat
04:03 bilby INFO    : Written checkpoint file hy_outdir/u_hype_47884_resume.pickle
04:03 bilby INFO    : Writing 890 current samples to hy_outdir/u_hype_47884_samples.dat
04:13 bilby INFO    : Written checkpoint file hy_outdir/u_hype_47884_resume.pickle
04:13 bilby INFO    : Writing 1066 current samples to hy_outdir/u_hype_47884_samples.dat
04:23 bilby INFO    : Written checkpoint file hy_outdir/u_hype_47884_resume.pickle
04:23 bilby INFO    : Writing 1184 current samples to hy_outdir/u_hype_47884_samples.dat
04:34 bilby INFO    : Written checkpoint file hy_outdir/u_hype_47884_resume.pickle
04:34 bilby INFO    : Writing 1399 current samples to hy_outdir/u_hype_47884_samples.dat
04:44 bilby INFO    : Written checkpoint file hy_outdir/u_hype_47884_resume.pickle
04:44 bilby INFO    : Writing 1426 current samples to hy_outdir/u_hype_47884_samples.dat
04:55 bilby INFO    : Written checkpoint file hy_outdir/u_hype_47884_resume.pickle
04:55 bilby INFO    : Writing 1414 current samples to hy_outdir/u_hype_47884_samples.dat
05:05 bilby INFO    : Written checkpoint file hy_outdir/u_hype_47884_resume.pickle
05:05 bilby INFO    : Writing 1397 current samples to hy_outdir/u_hype_47884_samples.dat
05:16 bilby INFO    : Written checkpoint file hy_outdir/u_hype_47884_resume.pickle
05:16 bilby INFO    : Writing 1379 current samples to hy_outdir/u_hype_47884_samples.dat
05:27 bilby INFO    : Written checkpoint file hy_outdir/u_hype_47884_resume.pickle
05:27 bilby INFO    : Writing 1395 current samples to hy_outdir/u_hype_47884_samples.dat
05:37 bilby INFO    : Written checkpoint file hy_outdir/u_hype_47884_resume.pickle
05:37 bilby INFO    : Writing 1394 current samples to hy_outdir/u_hype_47884_samples.dat
05:48 bilby INFO    : Written checkpoint file hy_outdir/u_hype_47884_resume.pickle
05:48 bilby INFO    : Writing 1363 current samples to hy_outdir/u_hype_47884_samples.dat
05:58 bilby INFO    : Written checkpoint file hy_outdir/u_hype_47884_resume.pickle
05:58 bilby INFO    : Writing 1394 current samples to hy_outdir/u_hype_47884_samples.dat
05:59 bilby INFO    : Written checkpoint file hy_outdir/u_hype_47884_resume.pickle
05:59 bilby INFO    : Writing 1395 current samples to hy_outdir/u_hype_47884_samples.dat
05:59 bilby INFO    : Starting to close worker pool.
05:59 bilby INFO    : Finished closing worker pool.
05:59 bilby INFO    : Sampling time: 7:28:55.070526
05:59 bilby INFO    : Summary of results:
nsamples: 3794
ln_noise_evidence:  0.000
ln_evidence: 62.827 +/-  0.154
ln_bayes_factor: 62.827 +/-  0.154

