01:49 bilby INFO    : Running for label 'u_hype_9780', output will be saved to 'hy_outdir'
01:49 bilby INFO    : Search parameters:
01:49 bilby INFO    :   mu1 = Uniform(minimum=0.9, maximum=2.9, name='mu1', latex_label='$\\mu_1$', unit=None, boundary=None)
01:49 bilby INFO    :   sigma1 = Uniform(minimum=0.01, maximum=2, name='sigma1', latex_label='$\\sigma_1$', unit=None, boundary=None)
01:49 bilby INFO    :   mu2 = Uniform(minimum=0.9, maximum=2.9, name='mu2', latex_label='$\\mu_2$', unit=None, boundary=None)
01:49 bilby INFO    :   sigma2 = Uniform(minimum=0.01, maximum=2, name='sigma2', latex_label='$\\sigma_2$', unit=None, boundary=None)
01:49 bilby INFO    :   alpha = Uniform(minimum=0.01, maximum=1, name='alpha', latex_label='$\\alpha$', unit=None, boundary=None)
01:49 bilby INFO    :   mu3 = Uniform(minimum=0.9, maximum=2.9, name='mu3', latex_label='$\\mu_3$', unit=None, boundary=None)
01:49 bilby INFO    :   sigma3 = Uniform(minimum=0.01, maximum=2, name='sigma3', latex_label='$\\sigma_3$', unit=None, boundary=None)
01:49 bilby INFO    :   beta = Uniform(minimum=0.01, maximum=1, name='beta', latex_label='$\\beta$', unit=None, boundary=None)
01:49 bilby INFO    : Single likelihood evaluation took 1.163e-02 s
01:49 bilby INFO    : Using sampler Dynesty with kwargs {'bound': 'multi', 'sample': 'rwalk', 'verbose': True, 'periodic': None, 'reflective': None, 'check_point_delta_t': 600, 'nlive': 400, 'first_update': None, 'walks': 100, 'npdim': None, 'rstate': None, 'queue_size': 5, 'pool': None, 'use_pool': None, 'live_points': None, 'logl_args': None, 'logl_kwargs': None, 'ptform_args': None, 'ptform_kwargs': None, 'enlarge': 1.5, 'bootstrap': None, 'vol_dec': 0.5, 'vol_check': 8.0, 'facc': 0.2, 'slices': 5, 'update_interval': 240, 'print_func': <bound method Dynesty._print_func of <bilby.core.sampler.dynesty.Dynesty object at 0x7f73f57990b8>>, 'dlogz': 0.1, 'maxiter': None, 'maxcall': None, 'logl_max': inf, 'add_live': True, 'print_progress': True, 'save_bounds': False, 'n_effective': None, 'maxmcmc': 5000, 'nact': 5}
01:49 bilby INFO    : Checkpoint every check_point_delta_t = 600s
01:49 bilby INFO    : Using dynesty version 1.1
01:49 bilby INFO    : Using the bilby-implemented rwalk sample method with ACT estimated walks
01:49 bilby INFO    : Setting up multiproccesing pool with 5 processes.
01:49 bilby INFO    : Generating initial points from the prior
02:00 bilby INFO    : Written checkpoint file hy_outdir/u_hype_9780_resume.pickle
02:10 bilby INFO    : Written checkpoint file hy_outdir/u_hype_9780_resume.pickle
02:20 bilby INFO    : Written checkpoint file hy_outdir/u_hype_9780_resume.pickle
02:30 bilby INFO    : Written checkpoint file hy_outdir/u_hype_9780_resume.pickle
02:40 bilby INFO    : Written checkpoint file hy_outdir/u_hype_9780_resume.pickle
02:51 bilby INFO    : Written checkpoint file hy_outdir/u_hype_9780_resume.pickle
03:01 bilby INFO    : Written checkpoint file hy_outdir/u_hype_9780_resume.pickle
03:11 bilby INFO    : Written checkpoint file hy_outdir/u_hype_9780_resume.pickle
03:21 bilby INFO    : Written checkpoint file hy_outdir/u_hype_9780_resume.pickle
03:31 bilby INFO    : Written checkpoint file hy_outdir/u_hype_9780_resume.pickle
03:42 bilby INFO    : Written checkpoint file hy_outdir/u_hype_9780_resume.pickle
03:52 bilby INFO    : Written checkpoint file hy_outdir/u_hype_9780_resume.pickle
04:02 bilby INFO    : Written checkpoint file hy_outdir/u_hype_9780_resume.pickle
04:12 bilby INFO    : Written checkpoint file hy_outdir/u_hype_9780_resume.pickle
04:22 bilby INFO    : Written checkpoint file hy_outdir/u_hype_9780_resume.pickle
04:32 bilby INFO    : Written checkpoint file hy_outdir/u_hype_9780_resume.pickle
04:43 bilby INFO    : Written checkpoint file hy_outdir/u_hype_9780_resume.pickle
04:53 bilby INFO    : Written checkpoint file hy_outdir/u_hype_9780_resume.pickle
05:03 bilby INFO    : Written checkpoint file hy_outdir/u_hype_9780_resume.pickle
05:13 bilby INFO    : Written checkpoint file hy_outdir/u_hype_9780_resume.pickle
05:23 bilby INFO    : Written checkpoint file hy_outdir/u_hype_9780_resume.pickle
05:33 bilby INFO    : Written checkpoint file hy_outdir/u_hype_9780_resume.pickle
05:43 bilby INFO    : Written checkpoint file hy_outdir/u_hype_9780_resume.pickle
05:54 bilby INFO    : Written checkpoint file hy_outdir/u_hype_9780_resume.pickle
06:04 bilby INFO    : Written checkpoint file hy_outdir/u_hype_9780_resume.pickle
06:04 bilby INFO    : Writing 129 current samples to hy_outdir/u_hype_9780_samples.dat
06:14 bilby INFO    : Written checkpoint file hy_outdir/u_hype_9780_resume.pickle
06:14 bilby INFO    : Writing 206 current samples to hy_outdir/u_hype_9780_samples.dat
06:24 bilby INFO    : Written checkpoint file hy_outdir/u_hype_9780_resume.pickle
06:24 bilby INFO    : Writing 361 current samples to hy_outdir/u_hype_9780_samples.dat
06:34 bilby INFO    : Written checkpoint file hy_outdir/u_hype_9780_resume.pickle
06:34 bilby INFO    : Writing 384 current samples to hy_outdir/u_hype_9780_samples.dat
06:44 bilby INFO    : Written checkpoint file hy_outdir/u_hype_9780_resume.pickle
06:44 bilby INFO    : Writing 751 current samples to hy_outdir/u_hype_9780_samples.dat
06:54 bilby INFO    : Written checkpoint file hy_outdir/u_hype_9780_resume.pickle
06:54 bilby INFO    : Writing 851 current samples to hy_outdir/u_hype_9780_samples.dat
07:04 bilby INFO    : Written checkpoint file hy_outdir/u_hype_9780_resume.pickle
07:04 bilby INFO    : Writing 1420 current samples to hy_outdir/u_hype_9780_samples.dat
07:14 bilby INFO    : Written checkpoint file hy_outdir/u_hype_9780_resume.pickle
07:14 bilby INFO    : Writing 2079 current samples to hy_outdir/u_hype_9780_samples.dat
07:25 bilby INFO    : Written checkpoint file hy_outdir/u_hype_9780_resume.pickle
07:25 bilby INFO    : Writing 2065 current samples to hy_outdir/u_hype_9780_samples.dat
07:35 bilby INFO    : Written checkpoint file hy_outdir/u_hype_9780_resume.pickle
07:35 bilby INFO    : Writing 2027 current samples to hy_outdir/u_hype_9780_samples.dat
07:36 bilby INFO    : Written checkpoint file hy_outdir/u_hype_9780_resume.pickle
07:36 bilby INFO    : Writing 2043 current samples to hy_outdir/u_hype_9780_samples.dat
07:36 bilby INFO    : Starting to close worker pool.
07:36 bilby INFO    : Finished closing worker pool.
07:36 bilby INFO    : Sampling time: 5:45:41.361392
07:36 bilby INFO    : Summary of results:
nsamples: 8203
ln_noise_evidence:  0.000
ln_evidence: 55.794 +/-  0.243
ln_bayes_factor: 55.794 +/-  0.243

