01:19 bilby INFO    : Running for label 'u_hype_19020', output will be saved to 'hy_outdir'
01:19 bilby INFO    : Search parameters:
01:19 bilby INFO    :   mu1 = Uniform(minimum=0.9, maximum=2.9, name='mu1', latex_label='$\\mu_1$', unit=None, boundary=None)
01:19 bilby INFO    :   sigma1 = Uniform(minimum=0.01, maximum=2, name='sigma1', latex_label='$\\sigma_1$', unit=None, boundary=None)
01:19 bilby INFO    :   mu2 = Uniform(minimum=0.9, maximum=2.9, name='mu2', latex_label='$\\mu_2$', unit=None, boundary=None)
01:19 bilby INFO    :   sigma2 = Uniform(minimum=0.01, maximum=2, name='sigma2', latex_label='$\\sigma_2$', unit=None, boundary=None)
01:19 bilby INFO    :   alpha = Uniform(minimum=0.01, maximum=1, name='alpha', latex_label='$\\alpha$', unit=None, boundary=None)
01:19 bilby INFO    : Single likelihood evaluation took 1.801e-02 s
01:19 bilby INFO    : Using sampler Dynesty with kwargs {'bound': 'multi', 'sample': 'rwalk', 'verbose': True, 'periodic': None, 'reflective': None, 'check_point_delta_t': 600, 'nlive': 400, 'first_update': None, 'walks': 100, 'npdim': None, 'rstate': None, 'queue_size': 5, 'pool': None, 'use_pool': None, 'live_points': None, 'logl_args': None, 'logl_kwargs': None, 'ptform_args': None, 'ptform_kwargs': None, 'enlarge': 1.5, 'bootstrap': None, 'vol_dec': 0.5, 'vol_check': 8.0, 'facc': 0.2, 'slices': 5, 'update_interval': 240, 'print_func': <bound method Dynesty._print_func of <bilby.core.sampler.dynesty.Dynesty object at 0x7f946973e048>>, 'dlogz': 0.1, 'maxiter': None, 'maxcall': None, 'logl_max': inf, 'add_live': True, 'print_progress': True, 'save_bounds': False, 'n_effective': None, 'maxmcmc': 5000, 'nact': 5}
01:19 bilby INFO    : Checkpoint every check_point_delta_t = 600s
01:19 bilby INFO    : Using dynesty version 1.1
01:19 bilby INFO    : Using the bilby-implemented rwalk sample method with ACT estimated walks
01:19 bilby INFO    : Setting up multiproccesing pool with 5 processes.
01:19 bilby INFO    : Generating initial points from the prior
01:29 bilby INFO    : Written checkpoint file hy_outdir/u_hype_19020_resume.pickle
01:39 bilby INFO    : Written checkpoint file hy_outdir/u_hype_19020_resume.pickle
01:49 bilby INFO    : Written checkpoint file hy_outdir/u_hype_19020_resume.pickle
01:59 bilby INFO    : Written checkpoint file hy_outdir/u_hype_19020_resume.pickle
02:10 bilby INFO    : Written checkpoint file hy_outdir/u_hype_19020_resume.pickle
02:20 bilby INFO    : Written checkpoint file hy_outdir/u_hype_19020_resume.pickle
02:30 bilby INFO    : Written checkpoint file hy_outdir/u_hype_19020_resume.pickle
02:40 bilby INFO    : Written checkpoint file hy_outdir/u_hype_19020_resume.pickle
02:50 bilby INFO    : Written checkpoint file hy_outdir/u_hype_19020_resume.pickle
03:00 bilby INFO    : Written checkpoint file hy_outdir/u_hype_19020_resume.pickle
03:11 bilby INFO    : Written checkpoint file hy_outdir/u_hype_19020_resume.pickle
03:21 bilby INFO    : Written checkpoint file hy_outdir/u_hype_19020_resume.pickle
03:31 bilby INFO    : Written checkpoint file hy_outdir/u_hype_19020_resume.pickle
03:41 bilby INFO    : Written checkpoint file hy_outdir/u_hype_19020_resume.pickle
03:51 bilby INFO    : Written checkpoint file hy_outdir/u_hype_19020_resume.pickle
03:51 bilby INFO    : Writing 132 current samples to hy_outdir/u_hype_19020_samples.dat
04:02 bilby INFO    : Written checkpoint file hy_outdir/u_hype_19020_resume.pickle
04:02 bilby INFO    : Writing 197 current samples to hy_outdir/u_hype_19020_samples.dat
04:12 bilby INFO    : Written checkpoint file hy_outdir/u_hype_19020_resume.pickle
04:12 bilby INFO    : Writing 330 current samples to hy_outdir/u_hype_19020_samples.dat
04:22 bilby INFO    : Written checkpoint file hy_outdir/u_hype_19020_resume.pickle
04:22 bilby INFO    : Writing 532 current samples to hy_outdir/u_hype_19020_samples.dat
04:32 bilby INFO    : Written checkpoint file hy_outdir/u_hype_19020_resume.pickle
04:32 bilby INFO    : Writing 841 current samples to hy_outdir/u_hype_19020_samples.dat
04:43 bilby INFO    : Written checkpoint file hy_outdir/u_hype_19020_resume.pickle
04:43 bilby INFO    : Writing 1349 current samples to hy_outdir/u_hype_19020_samples.dat
04:53 bilby INFO    : Written checkpoint file hy_outdir/u_hype_19020_resume.pickle
04:53 bilby INFO    : Writing 1883 current samples to hy_outdir/u_hype_19020_samples.dat
05:03 bilby INFO    : Written checkpoint file hy_outdir/u_hype_19020_resume.pickle
05:03 bilby INFO    : Writing 1935 current samples to hy_outdir/u_hype_19020_samples.dat
05:08 bilby INFO    : Written checkpoint file hy_outdir/u_hype_19020_resume.pickle
05:08 bilby INFO    : Writing 1893 current samples to hy_outdir/u_hype_19020_samples.dat
05:08 bilby INFO    : Starting to close worker pool.
05:08 bilby INFO    : Finished closing worker pool.
05:08 bilby INFO    : Sampling time: 3:49:22.064991
05:08 bilby INFO    : Summary of results:
nsamples: 6854
ln_noise_evidence:  0.000
ln_evidence: 56.514 +/-  0.241
ln_bayes_factor: 56.514 +/-  0.241

