/home/yzq/miniconda3/envs/igwn-py310/lib/python3.10/site-packages/pandas/core/computation/expressions.py:21: UserWarning: Pandas requires version '2.8.0' or newer of 'numexpr' (version '2.7.3' currently installed).
  from pandas.core.computation.check import NUMEXPR_INSTALLED
14:00 bilby INFO    : Running for label 'u_hype_52988', output will be saved to 'hy_outdir'
14:01 bilby INFO    : Analysis priors:
14:01 bilby INFO    : alpha=Uniform(minimum=-5, maximum=25, name='alpha', latex_label='$\\alpha$', unit=None, boundary=None)
14:01 bilby INFO    : mmin=Uniform(minimum=0.9, maximum=1.5, name='mmin', latex_label='$mmin$', unit=None, boundary=None)
14:01 bilby INFO    : lam=Uniform(minimum=0.0, maximum=1, name='lam', latex_label='$\\lambda$', unit=None, boundary=None)
14:01 bilby INFO    : mu_g=Uniform(minimum=1.5, maximum=2.9, name='mpp', latex_label='$mpp$', unit=None, boundary=None)
14:01 bilby INFO    : sigma_g=Uniform(minimum=0.01, maximum=2, name='sigpp', latex_label='$\\sigma$', unit=None, boundary=None)
14:01 bilby INFO    : delta_m=Uniform(minimum=0.01, maximum=1, name='delta', latex_label='$\\delta$', unit=None, boundary=None)
14:01 bilby INFO    : Analysis likelihood class: <class 'bilby.hyper.likelihood.HyperparameterLikelihood'>
14:01 bilby INFO    : Analysis likelihood noise evidence: 0
14:01 bilby INFO    : Single likelihood evaluation took 1.498e-02 s
14:01 bilby INFO    : Using sampler Dynesty with kwargs {'nlive': 400, 'bound': 'live', 'sample': 'act-walk', 'periodic': None, 'reflective': None, 'update_interval': 600, 'first_update': None, 'npdim': None, 'rstate': None, 'queue_size': 20, 'pool': None, 'use_pool': None, 'live_points': None, 'logl_args': None, 'logl_kwargs': None, 'ptform_args': None, 'ptform_kwargs': None, 'gradient': None, 'grad_args': None, 'grad_kwargs': None, 'compute_jac': False, 'enlarge': None, 'bootstrap': None, 'walks': 100, 'facc': 0.2, 'slices': None, 'fmove': 0.9, 'max_move': 100, 'update_func': None, 'ncdim': None, 'blob': False, 'save_history': False, 'history_filename': None, 'maxiter': None, 'maxcall': None, 'dlogz': 0.1, 'logl_max': inf, 'n_effective': None, 'add_live': True, 'print_progress': True, 'print_func': <bound method Dynesty._print_func of <bilby.core.sampler.dynesty.Dynesty object at 0x7fdc41e8fbb0>>, 'save_bounds': False, 'checkpoint_file': None, 'checkpoint_every': 60, 'resume': False}
14:01 bilby INFO    : Checkpoint every check_point_delta_t = 600s
14:01 bilby INFO    : Using dynesty version 2.1.2
14:01 bilby INFO    : Using the bilby-implemented rwalk sampling tracking the autocorrelation function and thinning by 2 with maximum length 10000
14:01 bilby INFO    : Setting up multiproccesing pool with 20 processes
14:01 bilby INFO    : Generating initial points from the prior
14:09 bilby INFO    : Written checkpoint file hy_outdir/u_hype_52988_resume.pickle
14:09 bilby INFO    : Starting to close worker pool.
14:09 bilby INFO    : Finished closing worker pool.
14:09 bilby INFO    : Rejection sampling nested samples to obtain 999 posterior samples
14:09 bilby INFO    : Sampling time: 0:07:50.559196
14:09 bilby INFO    : Summary of results:
nsamples: 999
ln_noise_evidence:  0.000
ln_evidence: 34.898 +/-  0.135
ln_bayes_factor: 34.898 +/-  0.135

