22:17 bilby INFO    : Running for label 'u_hype_32161', output will be saved to 'hy_outdir'
22:17 bilby INFO    : Search parameters:
22:17 bilby INFO    :   mu1 = Uniform(minimum=0.9, maximum=2.9, name='mu1', latex_label='$\\mu_1$', unit=None, boundary=None)
22:17 bilby INFO    :   sigma1 = Uniform(minimum=0.01, maximum=2, name='sigma1', latex_label='$\\sigma_1$', unit=None, boundary=None)
22:17 bilby INFO    :   mu2 = Uniform(minimum=0.9, maximum=2.9, name='mu2', latex_label='$\\mu_2$', unit=None, boundary=None)
22:17 bilby INFO    :   sigma2 = Uniform(minimum=0.01, maximum=2, name='sigma2', latex_label='$\\sigma_2$', unit=None, boundary=None)
22:17 bilby INFO    :   alpha = Uniform(minimum=0.01, maximum=1, name='alpha', latex_label='$\\alpha$', unit=None, boundary=None)
22:17 bilby INFO    :   mup = Uniform(minimum=1.5, maximum=2.9, name='mup', latex_label='$\\rm{m^u}$', unit=None, boundary=None)
22:17 bilby INFO    :   mlo = Uniform(minimum=0.9, maximum=1.5, name='mlo', latex_label='$\\rm{m^l}$', unit=None, boundary=None)
22:17 bilby INFO    : Single likelihood evaluation took 2.938e-02 s
22:17 bilby INFO    : Using sampler Dynesty with kwargs {'bound': 'multi', 'sample': 'rwalk', 'verbose': True, 'periodic': None, 'reflective': None, 'check_point_delta_t': 600, 'nlive': 400, 'first_update': None, 'walks': 100, 'npdim': None, 'rstate': None, 'queue_size': 4, 'pool': None, 'use_pool': None, 'live_points': None, 'logl_args': None, 'logl_kwargs': None, 'ptform_args': None, 'ptform_kwargs': None, 'enlarge': 1.5, 'bootstrap': None, 'vol_dec': 0.5, 'vol_check': 8.0, 'facc': 0.2, 'slices': 5, 'update_interval': 240, 'print_func': <bound method Dynesty._print_func of <bilby.core.sampler.dynesty.Dynesty object at 0x7f373f2df198>>, 'dlogz': 0.1, 'maxiter': None, 'maxcall': None, 'logl_max': inf, 'add_live': True, 'print_progress': True, 'save_bounds': False, 'n_effective': None, 'maxmcmc': 5000, 'nact': 5}
22:17 bilby INFO    : Checkpoint every check_point_delta_t = 600s
22:17 bilby INFO    : Using dynesty version 1.1
22:17 bilby INFO    : Using the bilby-implemented rwalk sample method with ACT estimated walks
22:17 bilby INFO    : Setting up multiproccesing pool with 4 processes.
22:17 bilby INFO    : Generating initial points from the prior
22:29 bilby INFO    : Written checkpoint file hy_outdir/u_hype_32161_resume.pickle
22:39 bilby INFO    : Written checkpoint file hy_outdir/u_hype_32161_resume.pickle
22:49 bilby INFO    : Written checkpoint file hy_outdir/u_hype_32161_resume.pickle
23:00 bilby INFO    : Written checkpoint file hy_outdir/u_hype_32161_resume.pickle
23:10 bilby INFO    : Written checkpoint file hy_outdir/u_hype_32161_resume.pickle
23:20 bilby INFO    : Written checkpoint file hy_outdir/u_hype_32161_resume.pickle
23:30 bilby INFO    : Written checkpoint file hy_outdir/u_hype_32161_resume.pickle
23:40 bilby INFO    : Written checkpoint file hy_outdir/u_hype_32161_resume.pickle
23:50 bilby INFO    : Written checkpoint file hy_outdir/u_hype_32161_resume.pickle
00:00 bilby INFO    : Written checkpoint file hy_outdir/u_hype_32161_resume.pickle
00:10 bilby INFO    : Written checkpoint file hy_outdir/u_hype_32161_resume.pickle
00:21 bilby INFO    : Written checkpoint file hy_outdir/u_hype_32161_resume.pickle
00:31 bilby INFO    : Written checkpoint file hy_outdir/u_hype_32161_resume.pickle
00:41 bilby INFO    : Written checkpoint file hy_outdir/u_hype_32161_resume.pickle
00:51 bilby INFO    : Written checkpoint file hy_outdir/u_hype_32161_resume.pickle
01:01 bilby INFO    : Written checkpoint file hy_outdir/u_hype_32161_resume.pickle
01:12 bilby INFO    : Written checkpoint file hy_outdir/u_hype_32161_resume.pickle
01:22 bilby INFO    : Written checkpoint file hy_outdir/u_hype_32161_resume.pickle
01:32 bilby INFO    : Written checkpoint file hy_outdir/u_hype_32161_resume.pickle
01:42 bilby INFO    : Written checkpoint file hy_outdir/u_hype_32161_resume.pickle
01:53 bilby INFO    : Written checkpoint file hy_outdir/u_hype_32161_resume.pickle
02:03 bilby INFO    : Written checkpoint file hy_outdir/u_hype_32161_resume.pickle
02:13 bilby INFO    : Written checkpoint file hy_outdir/u_hype_32161_resume.pickle
02:23 bilby INFO    : Written checkpoint file hy_outdir/u_hype_32161_resume.pickle
02:33 bilby INFO    : Written checkpoint file hy_outdir/u_hype_32161_resume.pickle
02:44 bilby INFO    : Written checkpoint file hy_outdir/u_hype_32161_resume.pickle
02:44 bilby INFO    : Writing 117 current samples to hy_outdir/u_hype_32161_samples.dat
02:54 bilby INFO    : Written checkpoint file hy_outdir/u_hype_32161_resume.pickle
02:54 bilby INFO    : Writing 145 current samples to hy_outdir/u_hype_32161_samples.dat
03:04 bilby INFO    : Written checkpoint file hy_outdir/u_hype_32161_resume.pickle
03:04 bilby INFO    : Writing 175 current samples to hy_outdir/u_hype_32161_samples.dat
03:14 bilby INFO    : Written checkpoint file hy_outdir/u_hype_32161_resume.pickle
03:14 bilby INFO    : Writing 202 current samples to hy_outdir/u_hype_32161_samples.dat
03:25 bilby INFO    : Written checkpoint file hy_outdir/u_hype_32161_resume.pickle
03:25 bilby INFO    : Writing 298 current samples to hy_outdir/u_hype_32161_samples.dat
03:35 bilby INFO    : Written checkpoint file hy_outdir/u_hype_32161_resume.pickle
03:35 bilby INFO    : Writing 354 current samples to hy_outdir/u_hype_32161_samples.dat
03:45 bilby INFO    : Written checkpoint file hy_outdir/u_hype_32161_resume.pickle
03:45 bilby INFO    : Writing 415 current samples to hy_outdir/u_hype_32161_samples.dat
03:55 bilby INFO    : Written checkpoint file hy_outdir/u_hype_32161_resume.pickle
03:55 bilby INFO    : Writing 514 current samples to hy_outdir/u_hype_32161_samples.dat
04:06 bilby INFO    : Written checkpoint file hy_outdir/u_hype_32161_resume.pickle
04:06 bilby INFO    : Writing 718 current samples to hy_outdir/u_hype_32161_samples.dat
04:16 bilby INFO    : Written checkpoint file hy_outdir/u_hype_32161_resume.pickle
04:16 bilby INFO    : Writing 776 current samples to hy_outdir/u_hype_32161_samples.dat
04:26 bilby INFO    : Written checkpoint file hy_outdir/u_hype_32161_resume.pickle
04:26 bilby INFO    : Writing 945 current samples to hy_outdir/u_hype_32161_samples.dat
04:36 bilby INFO    : Written checkpoint file hy_outdir/u_hype_32161_resume.pickle
04:36 bilby INFO    : Writing 1193 current samples to hy_outdir/u_hype_32161_samples.dat
04:47 bilby INFO    : Written checkpoint file hy_outdir/u_hype_32161_resume.pickle
04:47 bilby INFO    : Writing 1269 current samples to hy_outdir/u_hype_32161_samples.dat
04:57 bilby INFO    : Written checkpoint file hy_outdir/u_hype_32161_resume.pickle
04:57 bilby INFO    : Writing 1648 current samples to hy_outdir/u_hype_32161_samples.dat
05:08 bilby INFO    : Written checkpoint file hy_outdir/u_hype_32161_resume.pickle
05:08 bilby INFO    : Writing 1935 current samples to hy_outdir/u_hype_32161_samples.dat
05:18 bilby INFO    : Written checkpoint file hy_outdir/u_hype_32161_resume.pickle
05:18 bilby INFO    : Writing 1937 current samples to hy_outdir/u_hype_32161_samples.dat
05:28 bilby INFO    : Written checkpoint file hy_outdir/u_hype_32161_resume.pickle
05:28 bilby INFO    : Writing 1956 current samples to hy_outdir/u_hype_32161_samples.dat
05:39 bilby INFO    : Written checkpoint file hy_outdir/u_hype_32161_resume.pickle
05:39 bilby INFO    : Writing 1902 current samples to hy_outdir/u_hype_32161_samples.dat
05:43 bilby INFO    : Written checkpoint file hy_outdir/u_hype_32161_resume.pickle
05:43 bilby INFO    : Writing 1931 current samples to hy_outdir/u_hype_32161_samples.dat
05:43 bilby INFO    : Starting to close worker pool.
05:43 bilby INFO    : Finished closing worker pool.
05:43 bilby INFO    : Sampling time: 7:23:22.019456
05:43 bilby INFO    : Summary of results:
nsamples: 5887
ln_noise_evidence:  0.000
ln_evidence: 56.033 +/-  0.206
ln_bayes_factor: 56.033 +/-  0.206

