/home/yzq/miniconda3/envs/igwn-py310/lib/python3.10/site-packages/pandas/core/computation/expressions.py:21: UserWarning: Pandas requires version '2.8.0' or newer of 'numexpr' (version '2.7.3' currently installed).
  from pandas.core.computation.check import NUMEXPR_INSTALLED
15:43 bilby INFO    : Running for label 'u_hype_1059', output will be saved to 'hy_outdir'
15:44 bilby INFO    : Analysis priors:
15:44 bilby INFO    : mu=Uniform(minimum=0.9, maximum=2.9, name='s_mu', latex_label='$\\mu$', unit=None, boundary=None)
15:44 bilby INFO    : sigma=Uniform(minimum=0.01, maximum=2, name='s_sigma', latex_label='$\\sigma$', unit=None, boundary=None)
15:44 bilby INFO    : mlo=Uniform(minimum=0.9, maximum=1.5, name='mlow', latex_label='$mlow$', unit=None, boundary=None)
15:44 bilby INFO    : Analysis likelihood class: <class 'bilby.hyper.likelihood.HyperparameterLikelihood'>
15:44 bilby INFO    : Analysis likelihood noise evidence: 0
15:44 bilby INFO    : Single likelihood evaluation took 1.490e-03 s
15:44 bilby INFO    : Using sampler Dynesty with kwargs {'nlive': 400, 'bound': 'live', 'sample': 'act-walk', 'periodic': None, 'reflective': None, 'update_interval': 600, 'first_update': None, 'npdim': None, 'rstate': None, 'queue_size': 20, 'pool': None, 'use_pool': None, 'live_points': None, 'logl_args': None, 'logl_kwargs': None, 'ptform_args': None, 'ptform_kwargs': None, 'gradient': None, 'grad_args': None, 'grad_kwargs': None, 'compute_jac': False, 'enlarge': None, 'bootstrap': None, 'walks': 100, 'facc': 0.2, 'slices': None, 'fmove': 0.9, 'max_move': 100, 'update_func': None, 'ncdim': None, 'blob': False, 'save_history': False, 'history_filename': None, 'maxiter': None, 'maxcall': None, 'dlogz': 0.1, 'logl_max': inf, 'n_effective': None, 'add_live': True, 'print_progress': True, 'print_func': <bound method Dynesty._print_func of <bilby.core.sampler.dynesty.Dynesty object at 0x7f1472d5d6c0>>, 'save_bounds': False, 'checkpoint_file': None, 'checkpoint_every': 60, 'resume': False}
15:44 bilby INFO    : Checkpoint every check_point_delta_t = 600s
15:44 bilby INFO    : Using dynesty version 2.1.2
15:44 bilby INFO    : Using the bilby-implemented rwalk sampling tracking the autocorrelation function and thinning by 2 with maximum length 10000
15:44 bilby INFO    : Setting up multiproccesing pool with 20 processes
15:44 bilby INFO    : Generating initial points from the prior
15:48 bilby INFO    : Written checkpoint file hy_outdir/u_hype_1059_resume.pickle
15:48 bilby INFO    : Starting to close worker pool.
15:49 bilby INFO    : Finished closing worker pool.
15:49 bilby INFO    : Rejection sampling nested samples to obtain 1312 posterior samples
15:49 bilby INFO    : Sampling time: 0:04:52.787340
15:49 bilby INFO    : Summary of results:
nsamples: 1312
ln_noise_evidence:  0.000
ln_evidence: 32.778 +/-  0.154
ln_bayes_factor: 32.778 +/-  0.154

