03:43 bilby INFO    : Running for label 'u_hype_44178', output will be saved to 'hy_outdir'
03:43 bilby INFO    : Search parameters:
03:43 bilby INFO    :   alpha = Uniform(minimum=-5, maximum=25, name='alpha', latex_label='$\\alpha$', unit=None, boundary=None)
03:43 bilby INFO    :   mmin = Uniform(minimum=0.9, maximum=1.5, name='mmin', latex_label='$mmin$', unit=None, boundary=None)
03:43 bilby INFO    :   mmax = Uniform(minimum=1.5, maximum=2.9, name='mmax', latex_label='$mmax$', unit=None, boundary=None)
03:43 bilby INFO    :   lam = Uniform(minimum=0.0, maximum=1, name='lam', latex_label='$\\lambda$', unit=None, boundary=None)
03:43 bilby INFO    :   mu_g = Uniform(minimum=1.5, maximum=2.9, name='mpp', latex_label='$mpp$', unit=None, boundary=None)
03:43 bilby INFO    :   sigma_g = Uniform(minimum=0.01, maximum=2, name='sigpp', latex_label='$\\sigma$', unit=None, boundary=None)
03:43 bilby INFO    :   delta_m = Uniform(minimum=0.01, maximum=1, name='delta', latex_label='$\\delta$', unit=None, boundary=None)
03:43 bilby INFO    : Single likelihood evaluation took 6.714e-02 s
03:43 bilby INFO    : Using sampler Dynesty with kwargs {'bound': 'multi', 'sample': 'rwalk', 'verbose': True, 'periodic': None, 'reflective': None, 'check_point_delta_t': 600, 'nlive': 400, 'first_update': None, 'walks': 100, 'npdim': None, 'rstate': None, 'queue_size': 5, 'pool': None, 'use_pool': None, 'live_points': None, 'logl_args': None, 'logl_kwargs': None, 'ptform_args': None, 'ptform_kwargs': None, 'enlarge': 1.5, 'bootstrap': None, 'vol_dec': 0.5, 'vol_check': 8.0, 'facc': 0.2, 'slices': 5, 'update_interval': 240, 'print_func': <bound method Dynesty._print_func of <bilby.core.sampler.dynesty.Dynesty object at 0x7feec0536eb8>>, 'dlogz': 0.1, 'maxiter': None, 'maxcall': None, 'logl_max': inf, 'add_live': True, 'print_progress': True, 'save_bounds': False, 'n_effective': None, 'maxmcmc': 5000, 'nact': 5}
03:43 bilby INFO    : Checkpoint every check_point_delta_t = 600s
03:43 bilby INFO    : Using dynesty version 1.1
03:43 bilby INFO    : Using the bilby-implemented rwalk sample method with ACT estimated walks
03:43 bilby INFO    : Setting up multiproccesing pool with 5 processes.
03:43 bilby INFO    : Generating initial points from the prior
03:55 bilby INFO    : Written checkpoint file hy_outdir/u_hype_44178_resume.pickle
04:05 bilby INFO    : Written checkpoint file hy_outdir/u_hype_44178_resume.pickle
04:15 bilby INFO    : Written checkpoint file hy_outdir/u_hype_44178_resume.pickle
04:25 bilby INFO    : Written checkpoint file hy_outdir/u_hype_44178_resume.pickle
04:36 bilby INFO    : Written checkpoint file hy_outdir/u_hype_44178_resume.pickle
04:46 bilby INFO    : Written checkpoint file hy_outdir/u_hype_44178_resume.pickle
04:56 bilby INFO    : Written checkpoint file hy_outdir/u_hype_44178_resume.pickle
05:07 bilby INFO    : Written checkpoint file hy_outdir/u_hype_44178_resume.pickle
05:17 bilby INFO    : Written checkpoint file hy_outdir/u_hype_44178_resume.pickle
05:27 bilby INFO    : Written checkpoint file hy_outdir/u_hype_44178_resume.pickle
05:37 bilby INFO    : Written checkpoint file hy_outdir/u_hype_44178_resume.pickle
05:48 bilby INFO    : Written checkpoint file hy_outdir/u_hype_44178_resume.pickle
05:58 bilby INFO    : Written checkpoint file hy_outdir/u_hype_44178_resume.pickle
06:08 bilby INFO    : Written checkpoint file hy_outdir/u_hype_44178_resume.pickle
06:19 bilby INFO    : Written checkpoint file hy_outdir/u_hype_44178_resume.pickle
06:29 bilby INFO    : Written checkpoint file hy_outdir/u_hype_44178_resume.pickle
06:39 bilby INFO    : Written checkpoint file hy_outdir/u_hype_44178_resume.pickle
06:49 bilby INFO    : Written checkpoint file hy_outdir/u_hype_44178_resume.pickle
07:00 bilby INFO    : Written checkpoint file hy_outdir/u_hype_44178_resume.pickle
07:10 bilby INFO    : Written checkpoint file hy_outdir/u_hype_44178_resume.pickle
07:20 bilby INFO    : Written checkpoint file hy_outdir/u_hype_44178_resume.pickle
07:30 bilby INFO    : Written checkpoint file hy_outdir/u_hype_44178_resume.pickle
07:41 bilby INFO    : Written checkpoint file hy_outdir/u_hype_44178_resume.pickle
07:51 bilby INFO    : Written checkpoint file hy_outdir/u_hype_44178_resume.pickle
08:01 bilby INFO    : Written checkpoint file hy_outdir/u_hype_44178_resume.pickle
08:01 bilby INFO    : Writing 105 current samples to hy_outdir/u_hype_44178_samples.dat
08:12 bilby INFO    : Written checkpoint file hy_outdir/u_hype_44178_resume.pickle
08:12 bilby INFO    : Writing 145 current samples to hy_outdir/u_hype_44178_samples.dat
08:22 bilby INFO    : Written checkpoint file hy_outdir/u_hype_44178_resume.pickle
08:22 bilby INFO    : Writing 146 current samples to hy_outdir/u_hype_44178_samples.dat
08:32 bilby INFO    : Written checkpoint file hy_outdir/u_hype_44178_resume.pickle
08:32 bilby INFO    : Writing 183 current samples to hy_outdir/u_hype_44178_samples.dat
08:43 bilby INFO    : Written checkpoint file hy_outdir/u_hype_44178_resume.pickle
08:43 bilby INFO    : Writing 220 current samples to hy_outdir/u_hype_44178_samples.dat
08:53 bilby INFO    : Written checkpoint file hy_outdir/u_hype_44178_resume.pickle
08:53 bilby INFO    : Writing 258 current samples to hy_outdir/u_hype_44178_samples.dat
09:03 bilby INFO    : Written checkpoint file hy_outdir/u_hype_44178_resume.pickle
09:03 bilby INFO    : Writing 311 current samples to hy_outdir/u_hype_44178_samples.dat
09:13 bilby INFO    : Written checkpoint file hy_outdir/u_hype_44178_resume.pickle
09:13 bilby INFO    : Writing 404 current samples to hy_outdir/u_hype_44178_samples.dat
09:23 bilby INFO    : Written checkpoint file hy_outdir/u_hype_44178_resume.pickle
09:23 bilby INFO    : Writing 478 current samples to hy_outdir/u_hype_44178_samples.dat
09:34 bilby INFO    : Written checkpoint file hy_outdir/u_hype_44178_resume.pickle
09:34 bilby INFO    : Writing 614 current samples to hy_outdir/u_hype_44178_samples.dat
09:44 bilby INFO    : Written checkpoint file hy_outdir/u_hype_44178_resume.pickle
09:44 bilby INFO    : Writing 704 current samples to hy_outdir/u_hype_44178_samples.dat
09:55 bilby INFO    : Written checkpoint file hy_outdir/u_hype_44178_resume.pickle
09:55 bilby INFO    : Writing 826 current samples to hy_outdir/u_hype_44178_samples.dat
10:05 bilby INFO    : Written checkpoint file hy_outdir/u_hype_44178_resume.pickle
10:05 bilby INFO    : Writing 801 current samples to hy_outdir/u_hype_44178_samples.dat
10:15 bilby INFO    : Written checkpoint file hy_outdir/u_hype_44178_resume.pickle
10:15 bilby INFO    : Writing 948 current samples to hy_outdir/u_hype_44178_samples.dat
10:26 bilby INFO    : Written checkpoint file hy_outdir/u_hype_44178_resume.pickle
10:26 bilby INFO    : Writing 1156 current samples to hy_outdir/u_hype_44178_samples.dat
10:36 bilby INFO    : Written checkpoint file hy_outdir/u_hype_44178_resume.pickle
10:36 bilby INFO    : Writing 1164 current samples to hy_outdir/u_hype_44178_samples.dat
10:46 bilby INFO    : Written checkpoint file hy_outdir/u_hype_44178_resume.pickle
10:46 bilby INFO    : Writing 1366 current samples to hy_outdir/u_hype_44178_samples.dat
10:57 bilby INFO    : Written checkpoint file hy_outdir/u_hype_44178_resume.pickle
10:57 bilby INFO    : Writing 1672 current samples to hy_outdir/u_hype_44178_samples.dat
11:07 bilby INFO    : Written checkpoint file hy_outdir/u_hype_44178_resume.pickle
11:07 bilby INFO    : Writing 1491 current samples to hy_outdir/u_hype_44178_samples.dat
11:17 bilby INFO    : Written checkpoint file hy_outdir/u_hype_44178_resume.pickle
11:17 bilby INFO    : Writing 1830 current samples to hy_outdir/u_hype_44178_samples.dat
11:27 bilby INFO    : Written checkpoint file hy_outdir/u_hype_44178_resume.pickle
11:27 bilby INFO    : Writing 1919 current samples to hy_outdir/u_hype_44178_samples.dat
11:38 bilby INFO    : Written checkpoint file hy_outdir/u_hype_44178_resume.pickle
11:38 bilby INFO    : Writing 1955 current samples to hy_outdir/u_hype_44178_samples.dat
11:48 bilby INFO    : Written checkpoint file hy_outdir/u_hype_44178_resume.pickle
11:48 bilby INFO    : Writing 1946 current samples to hy_outdir/u_hype_44178_samples.dat
11:58 bilby INFO    : Written checkpoint file hy_outdir/u_hype_44178_resume.pickle
11:58 bilby INFO    : Writing 1435 current samples to hy_outdir/u_hype_44178_samples.dat
12:08 bilby INFO    : Written checkpoint file hy_outdir/u_hype_44178_resume.pickle
12:08 bilby INFO    : Writing 1709 current samples to hy_outdir/u_hype_44178_samples.dat
12:19 bilby INFO    : Written checkpoint file hy_outdir/u_hype_44178_resume.pickle
12:19 bilby INFO    : Writing 893 current samples to hy_outdir/u_hype_44178_samples.dat
12:29 bilby INFO    : Written checkpoint file hy_outdir/u_hype_44178_resume.pickle
12:29 bilby INFO    : Writing 1180 current samples to hy_outdir/u_hype_44178_samples.dat
12:40 bilby INFO    : Written checkpoint file hy_outdir/u_hype_44178_resume.pickle
12:40 bilby INFO    : Writing 1426 current samples to hy_outdir/u_hype_44178_samples.dat
12:50 bilby INFO    : Written checkpoint file hy_outdir/u_hype_44178_resume.pickle
12:50 bilby INFO    : Writing 1703 current samples to hy_outdir/u_hype_44178_samples.dat
13:00 bilby INFO    : Written checkpoint file hy_outdir/u_hype_44178_resume.pickle
13:00 bilby INFO    : Writing 1924 current samples to hy_outdir/u_hype_44178_samples.dat
13:10 bilby INFO    : Written checkpoint file hy_outdir/u_hype_44178_resume.pickle
13:10 bilby INFO    : Writing 1126 current samples to hy_outdir/u_hype_44178_samples.dat
13:21 bilby INFO    : Written checkpoint file hy_outdir/u_hype_44178_resume.pickle
13:21 bilby INFO    : Writing 1307 current samples to hy_outdir/u_hype_44178_samples.dat
13:31 bilby INFO    : Written checkpoint file hy_outdir/u_hype_44178_resume.pickle
13:31 bilby INFO    : Writing 1597 current samples to hy_outdir/u_hype_44178_samples.dat
13:41 bilby INFO    : Written checkpoint file hy_outdir/u_hype_44178_resume.pickle
13:41 bilby INFO    : Writing 1900 current samples to hy_outdir/u_hype_44178_samples.dat
13:52 bilby INFO    : Written checkpoint file hy_outdir/u_hype_44178_resume.pickle
13:52 bilby INFO    : Writing 1919 current samples to hy_outdir/u_hype_44178_samples.dat
14:02 bilby INFO    : Written checkpoint file hy_outdir/u_hype_44178_resume.pickle
14:02 bilby INFO    : Writing 1088 current samples to hy_outdir/u_hype_44178_samples.dat
14:12 bilby INFO    : Written checkpoint file hy_outdir/u_hype_44178_resume.pickle
14:12 bilby INFO    : Writing 1328 current samples to hy_outdir/u_hype_44178_samples.dat
14:22 bilby INFO    : Written checkpoint file hy_outdir/u_hype_44178_resume.pickle
14:22 bilby INFO    : Writing 1564 current samples to hy_outdir/u_hype_44178_samples.dat
14:33 bilby INFO    : Written checkpoint file hy_outdir/u_hype_44178_resume.pickle
14:33 bilby INFO    : Writing 1988 current samples to hy_outdir/u_hype_44178_samples.dat
14:43 bilby INFO    : Written checkpoint file hy_outdir/u_hype_44178_resume.pickle
14:43 bilby INFO    : Writing 1977 current samples to hy_outdir/u_hype_44178_samples.dat
14:54 bilby INFO    : Written checkpoint file hy_outdir/u_hype_44178_resume.pickle
14:54 bilby INFO    : Writing 1936 current samples to hy_outdir/u_hype_44178_samples.dat
15:04 bilby INFO    : Written checkpoint file hy_outdir/u_hype_44178_resume.pickle
15:04 bilby INFO    : Writing 1944 current samples to hy_outdir/u_hype_44178_samples.dat
15:14 bilby INFO    : Written checkpoint file hy_outdir/u_hype_44178_resume.pickle
15:14 bilby INFO    : Writing 1934 current samples to hy_outdir/u_hype_44178_samples.dat
15:25 bilby INFO    : Written checkpoint file hy_outdir/u_hype_44178_resume.pickle
15:25 bilby INFO    : Writing 1938 current samples to hy_outdir/u_hype_44178_samples.dat
15:28 bilby INFO    : Written checkpoint file hy_outdir/u_hype_44178_resume.pickle
15:28 bilby INFO    : Writing 1944 current samples to hy_outdir/u_hype_44178_samples.dat
15:28 bilby INFO    : Starting to close worker pool.
15:28 bilby INFO    : Finished closing worker pool.
15:28 bilby INFO    : Sampling time: 11:44:14.715585
15:28 bilby INFO    : Summary of results:
nsamples: 7725
ln_noise_evidence:  0.000
ln_evidence: 60.645 +/-  0.212
ln_bayes_factor: 60.645 +/-  0.212

