22:17 bilby INFO    : Running for label 'u_hype_45051', output will be saved to 'hy_outdir'
22:17 bilby INFO    : Search parameters:
22:17 bilby INFO    :   mu = Uniform(minimum=0.9, maximum=2.9, name='s_mu', latex_label='$\\mu$', unit=None, boundary=None)
22:17 bilby INFO    :   sigma = Uniform(minimum=0.01, maximum=2, name='s_sigma', latex_label='$\\sigma$', unit=None, boundary=None)
22:17 bilby INFO    :   mlo = Uniform(minimum=0.9, maximum=1.5, name='mlow', latex_label='$mlow$', unit=None, boundary=None)
22:17 bilby INFO    :   mup = Uniform(minimum=1.5, maximum=2.9, name='mup', latex_label='$mup$', unit=None, boundary=None)
22:17 bilby INFO    : Single likelihood evaluation took 1.591e-02 s
22:17 bilby INFO    : Using sampler Dynesty with kwargs {'bound': 'multi', 'sample': 'rwalk', 'verbose': True, 'periodic': None, 'reflective': None, 'check_point_delta_t': 600, 'nlive': 400, 'first_update': None, 'walks': 100, 'npdim': None, 'rstate': None, 'queue_size': 4, 'pool': None, 'use_pool': None, 'live_points': None, 'logl_args': None, 'logl_kwargs': None, 'ptform_args': None, 'ptform_kwargs': None, 'enlarge': 1.5, 'bootstrap': None, 'vol_dec': 0.5, 'vol_check': 8.0, 'facc': 0.2, 'slices': 5, 'update_interval': 240, 'print_func': <bound method Dynesty._print_func of <bilby.core.sampler.dynesty.Dynesty object at 0x7fde62932080>>, 'dlogz': 0.1, 'maxiter': None, 'maxcall': None, 'logl_max': inf, 'add_live': True, 'print_progress': True, 'save_bounds': False, 'n_effective': None, 'maxmcmc': 5000, 'nact': 5}
22:17 bilby INFO    : Checkpoint every check_point_delta_t = 600s
22:17 bilby INFO    : Using dynesty version 1.1
22:17 bilby INFO    : Using the bilby-implemented rwalk sample method with ACT estimated walks
22:17 bilby INFO    : Setting up multiproccesing pool with 4 processes.
22:17 bilby INFO    : Generating initial points from the prior
22:28 bilby INFO    : Written checkpoint file hy_outdir/u_hype_45051_resume.pickle
22:38 bilby INFO    : Written checkpoint file hy_outdir/u_hype_45051_resume.pickle
22:48 bilby INFO    : Written checkpoint file hy_outdir/u_hype_45051_resume.pickle
22:58 bilby INFO    : Written checkpoint file hy_outdir/u_hype_45051_resume.pickle
23:08 bilby INFO    : Written checkpoint file hy_outdir/u_hype_45051_resume.pickle
23:18 bilby INFO    : Written checkpoint file hy_outdir/u_hype_45051_resume.pickle
23:29 bilby INFO    : Written checkpoint file hy_outdir/u_hype_45051_resume.pickle
23:39 bilby INFO    : Written checkpoint file hy_outdir/u_hype_45051_resume.pickle
23:49 bilby INFO    : Written checkpoint file hy_outdir/u_hype_45051_resume.pickle
23:59 bilby INFO    : Written checkpoint file hy_outdir/u_hype_45051_resume.pickle
00:09 bilby INFO    : Written checkpoint file hy_outdir/u_hype_45051_resume.pickle
00:20 bilby INFO    : Written checkpoint file hy_outdir/u_hype_45051_resume.pickle
00:30 bilby INFO    : Written checkpoint file hy_outdir/u_hype_45051_resume.pickle
00:40 bilby INFO    : Written checkpoint file hy_outdir/u_hype_45051_resume.pickle
00:50 bilby INFO    : Written checkpoint file hy_outdir/u_hype_45051_resume.pickle
01:00 bilby INFO    : Written checkpoint file hy_outdir/u_hype_45051_resume.pickle
01:10 bilby INFO    : Written checkpoint file hy_outdir/u_hype_45051_resume.pickle
01:20 bilby INFO    : Written checkpoint file hy_outdir/u_hype_45051_resume.pickle
01:20 bilby INFO    : Writing 158 current samples to hy_outdir/u_hype_45051_samples.dat
01:30 bilby INFO    : Written checkpoint file hy_outdir/u_hype_45051_resume.pickle
01:30 bilby INFO    : Writing 181 current samples to hy_outdir/u_hype_45051_samples.dat
01:40 bilby INFO    : Written checkpoint file hy_outdir/u_hype_45051_resume.pickle
01:40 bilby INFO    : Writing 262 current samples to hy_outdir/u_hype_45051_samples.dat
01:50 bilby INFO    : Written checkpoint file hy_outdir/u_hype_45051_resume.pickle
01:50 bilby INFO    : Writing 304 current samples to hy_outdir/u_hype_45051_samples.dat
02:01 bilby INFO    : Written checkpoint file hy_outdir/u_hype_45051_resume.pickle
02:01 bilby INFO    : Writing 438 current samples to hy_outdir/u_hype_45051_samples.dat
02:11 bilby INFO    : Written checkpoint file hy_outdir/u_hype_45051_resume.pickle
02:11 bilby INFO    : Writing 548 current samples to hy_outdir/u_hype_45051_samples.dat
02:21 bilby INFO    : Written checkpoint file hy_outdir/u_hype_45051_resume.pickle
02:21 bilby INFO    : Writing 788 current samples to hy_outdir/u_hype_45051_samples.dat
02:31 bilby INFO    : Written checkpoint file hy_outdir/u_hype_45051_resume.pickle
02:31 bilby INFO    : Writing 1096 current samples to hy_outdir/u_hype_45051_samples.dat
02:41 bilby INFO    : Written checkpoint file hy_outdir/u_hype_45051_resume.pickle
02:41 bilby INFO    : Writing 1330 current samples to hy_outdir/u_hype_45051_samples.dat
02:51 bilby INFO    : Written checkpoint file hy_outdir/u_hype_45051_resume.pickle
02:51 bilby INFO    : Writing 1371 current samples to hy_outdir/u_hype_45051_samples.dat
03:01 bilby INFO    : Written checkpoint file hy_outdir/u_hype_45051_resume.pickle
03:01 bilby INFO    : Writing 1377 current samples to hy_outdir/u_hype_45051_samples.dat
03:12 bilby INFO    : Written checkpoint file hy_outdir/u_hype_45051_resume.pickle
03:12 bilby INFO    : Writing 1331 current samples to hy_outdir/u_hype_45051_samples.dat
03:13 bilby INFO    : Written checkpoint file hy_outdir/u_hype_45051_resume.pickle
03:13 bilby INFO    : Writing 1386 current samples to hy_outdir/u_hype_45051_samples.dat
03:13 bilby INFO    : Starting to close worker pool.
03:13 bilby INFO    : Finished closing worker pool.
03:13 bilby WARNING : Multiple likelihood matches found between sorted and unsorted samples. Taking the first match.
03:13 bilby INFO    : Sampling time: 4:55:06.301614
03:13 bilby INFO    : Summary of results:
nsamples: 4601
ln_noise_evidence:  0.000
ln_evidence: 53.932 +/-  0.181
ln_bayes_factor: 53.932 +/-  0.181

