01:06 bilby INFO    : Running for label 'u_hype_26786', output will be saved to 'hy_outdir'
01:06 bilby INFO    : Search parameters:
01:06 bilby INFO    :   mu1 = Uniform(minimum=0.9, maximum=2.9, name='mu1', latex_label='$\\mu_1$', unit=None, boundary=None)
01:06 bilby INFO    :   sigma1 = Uniform(minimum=0.01, maximum=2, name='sigma1', latex_label='$\\sigma_1$', unit=None, boundary=None)
01:06 bilby INFO    :   mu2 = Uniform(minimum=0.9, maximum=2.9, name='mu2', latex_label='$\\mu_2$', unit=None, boundary=None)
01:06 bilby INFO    :   sigma2 = Uniform(minimum=0.01, maximum=2, name='sigma2', latex_label='$\\sigma_2$', unit=None, boundary=None)
01:06 bilby INFO    :   alpha = Uniform(minimum=0.01, maximum=1, name='alpha', latex_label='$\\alpha$', unit=None, boundary=None)
01:06 bilby INFO    :   mup = Uniform(minimum=1.5, maximum=2.9, name='mup', latex_label='$\\rm{m^u}$', unit=None, boundary=None)
01:06 bilby INFO    :   mlo = Uniform(minimum=0.9, maximum=1.5, name='mlo', latex_label='$\\rm{m^l}$', unit=None, boundary=None)
01:06 bilby INFO    : Single likelihood evaluation took 1.296e-02 s
01:06 bilby INFO    : Using sampler Dynesty with kwargs {'bound': 'multi', 'sample': 'rwalk', 'verbose': True, 'periodic': None, 'reflective': None, 'check_point_delta_t': 600, 'nlive': 400, 'first_update': None, 'walks': 100, 'npdim': None, 'rstate': None, 'queue_size': 5, 'pool': None, 'use_pool': None, 'live_points': None, 'logl_args': None, 'logl_kwargs': None, 'ptform_args': None, 'ptform_kwargs': None, 'enlarge': 1.5, 'bootstrap': None, 'vol_dec': 0.5, 'vol_check': 8.0, 'facc': 0.2, 'slices': 5, 'update_interval': 240, 'print_func': <bound method Dynesty._print_func of <bilby.core.sampler.dynesty.Dynesty object at 0x7fe721612048>>, 'dlogz': 0.1, 'maxiter': None, 'maxcall': None, 'logl_max': inf, 'add_live': True, 'print_progress': True, 'save_bounds': False, 'n_effective': None, 'maxmcmc': 5000, 'nact': 5}
01:06 bilby INFO    : Checkpoint every check_point_delta_t = 600s
01:06 bilby INFO    : Using dynesty version 1.1
01:06 bilby INFO    : Using the bilby-implemented rwalk sample method with ACT estimated walks
01:06 bilby INFO    : Setting up multiproccesing pool with 5 processes.
01:06 bilby INFO    : Generating initial points from the prior
01:17 bilby INFO    : Written checkpoint file hy_outdir/u_hype_26786_resume.pickle
01:27 bilby INFO    : Written checkpoint file hy_outdir/u_hype_26786_resume.pickle
01:37 bilby INFO    : Written checkpoint file hy_outdir/u_hype_26786_resume.pickle
01:47 bilby INFO    : Written checkpoint file hy_outdir/u_hype_26786_resume.pickle
01:57 bilby INFO    : Written checkpoint file hy_outdir/u_hype_26786_resume.pickle
02:08 bilby INFO    : Written checkpoint file hy_outdir/u_hype_26786_resume.pickle
02:18 bilby INFO    : Written checkpoint file hy_outdir/u_hype_26786_resume.pickle
02:28 bilby INFO    : Written checkpoint file hy_outdir/u_hype_26786_resume.pickle
02:38 bilby INFO    : Written checkpoint file hy_outdir/u_hype_26786_resume.pickle
02:49 bilby INFO    : Written checkpoint file hy_outdir/u_hype_26786_resume.pickle
02:59 bilby INFO    : Written checkpoint file hy_outdir/u_hype_26786_resume.pickle
03:09 bilby INFO    : Written checkpoint file hy_outdir/u_hype_26786_resume.pickle
03:20 bilby INFO    : Written checkpoint file hy_outdir/u_hype_26786_resume.pickle
03:30 bilby INFO    : Written checkpoint file hy_outdir/u_hype_26786_resume.pickle
03:40 bilby INFO    : Written checkpoint file hy_outdir/u_hype_26786_resume.pickle
03:51 bilby INFO    : Written checkpoint file hy_outdir/u_hype_26786_resume.pickle
04:01 bilby INFO    : Written checkpoint file hy_outdir/u_hype_26786_resume.pickle
04:11 bilby INFO    : Written checkpoint file hy_outdir/u_hype_26786_resume.pickle
04:22 bilby INFO    : Written checkpoint file hy_outdir/u_hype_26786_resume.pickle
04:32 bilby INFO    : Written checkpoint file hy_outdir/u_hype_26786_resume.pickle
04:42 bilby INFO    : Written checkpoint file hy_outdir/u_hype_26786_resume.pickle
04:52 bilby INFO    : Written checkpoint file hy_outdir/u_hype_26786_resume.pickle
05:02 bilby INFO    : Written checkpoint file hy_outdir/u_hype_26786_resume.pickle
05:12 bilby INFO    : Written checkpoint file hy_outdir/u_hype_26786_resume.pickle
05:23 bilby INFO    : Written checkpoint file hy_outdir/u_hype_26786_resume.pickle
05:33 bilby INFO    : Written checkpoint file hy_outdir/u_hype_26786_resume.pickle
05:33 bilby INFO    : Writing 110 current samples to hy_outdir/u_hype_26786_samples.dat
05:43 bilby INFO    : Written checkpoint file hy_outdir/u_hype_26786_resume.pickle
05:43 bilby INFO    : Writing 135 current samples to hy_outdir/u_hype_26786_samples.dat
05:53 bilby INFO    : Written checkpoint file hy_outdir/u_hype_26786_resume.pickle
05:53 bilby INFO    : Writing 215 current samples to hy_outdir/u_hype_26786_samples.dat
06:03 bilby INFO    : Written checkpoint file hy_outdir/u_hype_26786_resume.pickle
06:03 bilby INFO    : Writing 307 current samples to hy_outdir/u_hype_26786_samples.dat
06:13 bilby INFO    : Written checkpoint file hy_outdir/u_hype_26786_resume.pickle
06:13 bilby INFO    : Writing 397 current samples to hy_outdir/u_hype_26786_samples.dat
06:24 bilby INFO    : Written checkpoint file hy_outdir/u_hype_26786_resume.pickle
06:24 bilby INFO    : Writing 656 current samples to hy_outdir/u_hype_26786_samples.dat
06:34 bilby INFO    : Written checkpoint file hy_outdir/u_hype_26786_resume.pickle
06:34 bilby INFO    : Writing 1002 current samples to hy_outdir/u_hype_26786_samples.dat
06:44 bilby INFO    : Written checkpoint file hy_outdir/u_hype_26786_resume.pickle
06:44 bilby INFO    : Writing 1495 current samples to hy_outdir/u_hype_26786_samples.dat
06:54 bilby INFO    : Written checkpoint file hy_outdir/u_hype_26786_resume.pickle
06:54 bilby INFO    : Writing 1820 current samples to hy_outdir/u_hype_26786_samples.dat
07:04 bilby INFO    : Written checkpoint file hy_outdir/u_hype_26786_resume.pickle
07:04 bilby INFO    : Writing 1842 current samples to hy_outdir/u_hype_26786_samples.dat
07:09 bilby INFO    : Written checkpoint file hy_outdir/u_hype_26786_resume.pickle
07:09 bilby INFO    : Writing 1814 current samples to hy_outdir/u_hype_26786_samples.dat
07:09 bilby INFO    : Starting to close worker pool.
07:09 bilby INFO    : Finished closing worker pool.
07:09 bilby INFO    : Sampling time: 6:02:36.235098
07:09 bilby INFO    : Summary of results:
nsamples: 5879
ln_noise_evidence:  0.000
ln_evidence: 60.535 +/-  0.212
ln_bayes_factor: 60.535 +/-  0.212

