00:50 bilby INFO    : Running for label 'u_hype_24647', output will be saved to 'hy_outdir'
00:50 bilby INFO    : Search parameters:
00:50 bilby INFO    :   alpha = Uniform(minimum=-5, maximum=25, name='alpha', latex_label='$\\alpha$', unit=None, boundary=None)
00:50 bilby INFO    :   mmin = Uniform(minimum=0.9, maximum=1.5, name='mmin', latex_label='$mmin$', unit=None, boundary=None)
00:50 bilby INFO    :   delta_m = Uniform(minimum=0.01, maximum=1, name='delta', latex_label='$\\delta$', unit=None, boundary=None)
00:50 bilby INFO    : Single likelihood evaluation took 2.818e-01 s
00:50 bilby INFO    : Using sampler Dynesty with kwargs {'bound': 'multi', 'sample': 'rwalk', 'verbose': True, 'periodic': None, 'reflective': None, 'check_point_delta_t': 600, 'nlive': 400, 'first_update': None, 'walks': 100, 'npdim': None, 'rstate': None, 'queue_size': 20, 'pool': None, 'use_pool': None, 'live_points': None, 'logl_args': None, 'logl_kwargs': None, 'ptform_args': None, 'ptform_kwargs': None, 'enlarge': 1.5, 'bootstrap': None, 'vol_dec': 0.5, 'vol_check': 8.0, 'facc': 0.2, 'slices': 5, 'update_interval': 240, 'print_func': <bound method Dynesty._print_func of <bilby.core.sampler.dynesty.Dynesty object at 0x7f744df10040>>, 'dlogz': 0.1, 'maxiter': None, 'maxcall': None, 'logl_max': inf, 'add_live': True, 'print_progress': True, 'save_bounds': False, 'n_effective': None, 'maxmcmc': 5000, 'nact': 5}
00:50 bilby INFO    : Checkpoint every check_point_delta_t = 600s
00:50 bilby INFO    : Using dynesty version 1.0.1
00:50 bilby INFO    : Using the bilby-implemented rwalk sample method with ACT estimated walks
00:50 bilby INFO    : Setting up multiproccesing pool with 20 processes.
00:50 bilby INFO    : Generating initial points from the prior
01:04 bilby INFO    : Written checkpoint file hy_outdir/u_hype_24647_resume.pickle
01:16 bilby INFO    : Written checkpoint file hy_outdir/u_hype_24647_resume.pickle
01:28 bilby INFO    : Written checkpoint file hy_outdir/u_hype_24647_resume.pickle
01:39 bilby INFO    : Written checkpoint file hy_outdir/u_hype_24647_resume.pickle
01:49 bilby INFO    : Written checkpoint file hy_outdir/u_hype_24647_resume.pickle
01:49 bilby INFO    : Writing 106 current samples to hy_outdir/u_hype_24647_samples.dat
02:00 bilby INFO    : Written checkpoint file hy_outdir/u_hype_24647_resume.pickle
02:00 bilby INFO    : Writing 122 current samples to hy_outdir/u_hype_24647_samples.dat
02:12 bilby INFO    : Written checkpoint file hy_outdir/u_hype_24647_resume.pickle
02:12 bilby INFO    : Writing 143 current samples to hy_outdir/u_hype_24647_samples.dat
02:24 bilby INFO    : Written checkpoint file hy_outdir/u_hype_24647_resume.pickle
02:24 bilby INFO    : Writing 206 current samples to hy_outdir/u_hype_24647_samples.dat
02:36 bilby INFO    : Written checkpoint file hy_outdir/u_hype_24647_resume.pickle
02:36 bilby INFO    : Writing 220 current samples to hy_outdir/u_hype_24647_samples.dat
02:48 bilby INFO    : Written checkpoint file hy_outdir/u_hype_24647_resume.pickle
02:48 bilby INFO    : Writing 273 current samples to hy_outdir/u_hype_24647_samples.dat
02:58 bilby INFO    : Written checkpoint file hy_outdir/u_hype_24647_resume.pickle
02:58 bilby INFO    : Writing 339 current samples to hy_outdir/u_hype_24647_samples.dat
03:10 bilby INFO    : Written checkpoint file hy_outdir/u_hype_24647_resume.pickle
03:10 bilby INFO    : Writing 438 current samples to hy_outdir/u_hype_24647_samples.dat
03:22 bilby INFO    : Written checkpoint file hy_outdir/u_hype_24647_resume.pickle
03:22 bilby INFO    : Writing 544 current samples to hy_outdir/u_hype_24647_samples.dat
03:34 bilby INFO    : Written checkpoint file hy_outdir/u_hype_24647_resume.pickle
03:34 bilby INFO    : Writing 684 current samples to hy_outdir/u_hype_24647_samples.dat
03:45 bilby INFO    : Written checkpoint file hy_outdir/u_hype_24647_resume.pickle
03:45 bilby INFO    : Writing 822 current samples to hy_outdir/u_hype_24647_samples.dat
03:57 bilby INFO    : Written checkpoint file hy_outdir/u_hype_24647_resume.pickle
03:57 bilby INFO    : Writing 1086 current samples to hy_outdir/u_hype_24647_samples.dat
04:08 bilby INFO    : Written checkpoint file hy_outdir/u_hype_24647_resume.pickle
04:08 bilby INFO    : Writing 1378 current samples to hy_outdir/u_hype_24647_samples.dat
04:19 bilby INFO    : Written checkpoint file hy_outdir/u_hype_24647_resume.pickle
04:19 bilby INFO    : Writing 1388 current samples to hy_outdir/u_hype_24647_samples.dat
04:32 bilby INFO    : Written checkpoint file hy_outdir/u_hype_24647_resume.pickle
04:32 bilby INFO    : Writing 1352 current samples to hy_outdir/u_hype_24647_samples.dat
04:44 bilby INFO    : Written checkpoint file hy_outdir/u_hype_24647_resume.pickle
04:44 bilby INFO    : Writing 1361 current samples to hy_outdir/u_hype_24647_samples.dat
04:53 bilby INFO    : Written checkpoint file hy_outdir/u_hype_24647_resume.pickle
04:53 bilby INFO    : Writing 1365 current samples to hy_outdir/u_hype_24647_samples.dat
04:53 bilby INFO    : Starting to close worker pool.
04:53 bilby INFO    : Finished closing worker pool.
04:53 bilby WARNING : Multiple likelihood matches found between sorted and unsorted samples. Taking the first match.
04:53 bilby WARNING : Multiple likelihood matches found between sorted and unsorted samples. Taking the first match.
04:53 bilby WARNING : Multiple likelihood matches found between sorted and unsorted samples. Taking the first match.
04:53 bilby WARNING : Multiple likelihood matches found between sorted and unsorted samples. Taking the first match.
04:53 bilby WARNING : Multiple likelihood matches found between sorted and unsorted samples. Taking the first match.
04:53 bilby WARNING : Multiple likelihood matches found between sorted and unsorted samples. Taking the first match.
04:53 bilby WARNING : Multiple likelihood matches found between sorted and unsorted samples. Taking the first match.
04:53 bilby WARNING : Multiple likelihood matches found between sorted and unsorted samples. Taking the first match.
04:53 bilby WARNING : Multiple likelihood matches found between sorted and unsorted samples. Taking the first match.
04:53 bilby WARNING : Multiple likelihood matches found between sorted and unsorted samples. Taking the first match.
04:53 bilby WARNING : Multiple likelihood matches found between sorted and unsorted samples. Taking the first match.
04:53 bilby WARNING : Multiple likelihood matches found between sorted and unsorted samples. Taking the first match.
04:53 bilby WARNING : Multiple likelihood matches found between sorted and unsorted samples. Taking the first match.
04:53 bilby WARNING : Multiple likelihood matches found between sorted and unsorted samples. Taking the first match.
04:53 bilby WARNING : Multiple likelihood matches found between sorted and unsorted samples. Taking the first match.
04:53 bilby WARNING : Multiple likelihood matches found between sorted and unsorted samples. Taking the first match.
04:53 bilby WARNING : Multiple likelihood matches found between sorted and unsorted samples. Taking the first match.
04:53 bilby WARNING : Multiple likelihood matches found between sorted and unsorted samples. Taking the first match.
04:53 bilby WARNING : Multiple likelihood matches found between sorted and unsorted samples. Taking the first match.
04:53 bilby WARNING : Multiple likelihood matches found between sorted and unsorted samples. Taking the first match.
04:53 bilby WARNING : Multiple likelihood matches found between sorted and unsorted samples. Taking the first match.
04:53 bilby WARNING : Multiple likelihood matches found between sorted and unsorted samples. Taking the first match.
04:53 bilby WARNING : Multiple likelihood matches found between sorted and unsorted samples. Taking the first match.
04:53 bilby WARNING : Multiple likelihood matches found between sorted and unsorted samples. Taking the first match.
04:53 bilby WARNING : Multiple likelihood matches found between sorted and unsorted samples. Taking the first match.
04:53 bilby WARNING : Multiple likelihood matches found between sorted and unsorted samples. Taking the first match.
04:53 bilby WARNING : Multiple likelihood matches found between sorted and unsorted samples. Taking the first match.
04:53 bilby WARNING : Multiple likelihood matches found between sorted and unsorted samples. Taking the first match.
04:53 bilby WARNING : Multiple likelihood matches found between sorted and unsorted samples. Taking the first match.
04:53 bilby WARNING : Multiple likelihood matches found between sorted and unsorted samples. Taking the first match.
04:53 bilby INFO    : Sampling time: 3:59:33.092288
04:53 bilby INFO    : Summary of results:
nsamples: 3341
ln_noise_evidence:  0.000
ln_evidence: 60.596 +/-  0.132
ln_bayes_factor: 60.596 +/-  0.132

/home/yzq/miniconda3/envs/bilby/lib/python3.8/site-packages/bilby/core/result.py:1170: DeprecationWarning: distutils Version classes are deprecated. Use packaging.version instead.
  if LooseVersion(matplotlib.__version__) < "2.1":
/home/yzq/miniconda3/envs/bilby/lib/python3.8/site-packages/setuptools/_distutils/version.py:346: DeprecationWarning: distutils Version classes are deprecated. Use packaging.version instead.
  other = LooseVersion(other)
