22:17 bilby INFO    : Running for label 'u_hype_63962', output will be saved to 'hy_outdir'
22:17 bilby INFO    : Search parameters:
22:17 bilby INFO    :   mu = Uniform(minimum=0.9, maximum=2.9, name='s_mu', latex_label='$\\mu$', unit=None, boundary=None)
22:17 bilby INFO    :   sigma = Uniform(minimum=0.01, maximum=2, name='s_sigma', latex_label='$\\sigma$', unit=None, boundary=None)
22:17 bilby INFO    :   mlo = Uniform(minimum=0.9, maximum=1.5, name='mlow', latex_label='$mlow$', unit=None, boundary=None)
22:17 bilby INFO    : Single likelihood evaluation took 1.572e-02 s
22:17 bilby INFO    : Using sampler Dynesty with kwargs {'bound': 'multi', 'sample': 'rwalk', 'verbose': True, 'periodic': None, 'reflective': None, 'check_point_delta_t': 600, 'nlive': 400, 'first_update': None, 'walks': 100, 'npdim': None, 'rstate': None, 'queue_size': 4, 'pool': None, 'use_pool': None, 'live_points': None, 'logl_args': None, 'logl_kwargs': None, 'ptform_args': None, 'ptform_kwargs': None, 'enlarge': 1.5, 'bootstrap': None, 'vol_dec': 0.5, 'vol_check': 8.0, 'facc': 0.2, 'slices': 5, 'update_interval': 240, 'print_func': <bound method Dynesty._print_func of <bilby.core.sampler.dynesty.Dynesty object at 0x7fe1fe468b38>>, 'dlogz': 0.1, 'maxiter': None, 'maxcall': None, 'logl_max': inf, 'add_live': True, 'print_progress': True, 'save_bounds': False, 'n_effective': None, 'maxmcmc': 5000, 'nact': 5}
22:17 bilby INFO    : Checkpoint every check_point_delta_t = 600s
22:17 bilby INFO    : Using dynesty version 1.1
22:17 bilby INFO    : Using the bilby-implemented rwalk sample method with ACT estimated walks
22:17 bilby INFO    : Setting up multiproccesing pool with 4 processes.
22:17 bilby INFO    : Generating initial points from the prior
22:27 bilby INFO    : Written checkpoint file hy_outdir/u_hype_63962_resume.pickle
22:37 bilby INFO    : Written checkpoint file hy_outdir/u_hype_63962_resume.pickle
22:47 bilby INFO    : Written checkpoint file hy_outdir/u_hype_63962_resume.pickle
22:58 bilby INFO    : Written checkpoint file hy_outdir/u_hype_63962_resume.pickle
23:08 bilby INFO    : Written checkpoint file hy_outdir/u_hype_63962_resume.pickle
23:18 bilby INFO    : Written checkpoint file hy_outdir/u_hype_63962_resume.pickle
23:29 bilby INFO    : Written checkpoint file hy_outdir/u_hype_63962_resume.pickle
23:39 bilby INFO    : Written checkpoint file hy_outdir/u_hype_63962_resume.pickle
23:49 bilby INFO    : Written checkpoint file hy_outdir/u_hype_63962_resume.pickle
23:59 bilby INFO    : Written checkpoint file hy_outdir/u_hype_63962_resume.pickle
00:09 bilby INFO    : Written checkpoint file hy_outdir/u_hype_63962_resume.pickle
00:20 bilby INFO    : Written checkpoint file hy_outdir/u_hype_63962_resume.pickle
00:30 bilby INFO    : Written checkpoint file hy_outdir/u_hype_63962_resume.pickle
00:40 bilby INFO    : Written checkpoint file hy_outdir/u_hype_63962_resume.pickle
00:50 bilby INFO    : Written checkpoint file hy_outdir/u_hype_63962_resume.pickle
01:01 bilby INFO    : Written checkpoint file hy_outdir/u_hype_63962_resume.pickle
01:11 bilby INFO    : Written checkpoint file hy_outdir/u_hype_63962_resume.pickle
01:11 bilby INFO    : Writing 138 current samples to hy_outdir/u_hype_63962_samples.dat
01:21 bilby INFO    : Written checkpoint file hy_outdir/u_hype_63962_resume.pickle
01:21 bilby INFO    : Writing 160 current samples to hy_outdir/u_hype_63962_samples.dat
01:32 bilby INFO    : Written checkpoint file hy_outdir/u_hype_63962_resume.pickle
01:32 bilby INFO    : Writing 217 current samples to hy_outdir/u_hype_63962_samples.dat
01:42 bilby INFO    : Written checkpoint file hy_outdir/u_hype_63962_resume.pickle
01:42 bilby INFO    : Writing 271 current samples to hy_outdir/u_hype_63962_samples.dat
01:52 bilby INFO    : Written checkpoint file hy_outdir/u_hype_63962_resume.pickle
01:52 bilby INFO    : Writing 344 current samples to hy_outdir/u_hype_63962_samples.dat
02:02 bilby INFO    : Written checkpoint file hy_outdir/u_hype_63962_resume.pickle
02:02 bilby INFO    : Writing 464 current samples to hy_outdir/u_hype_63962_samples.dat
02:13 bilby INFO    : Written checkpoint file hy_outdir/u_hype_63962_resume.pickle
02:13 bilby INFO    : Writing 626 current samples to hy_outdir/u_hype_63962_samples.dat
02:23 bilby INFO    : Written checkpoint file hy_outdir/u_hype_63962_resume.pickle
02:23 bilby INFO    : Writing 842 current samples to hy_outdir/u_hype_63962_samples.dat
02:33 bilby INFO    : Written checkpoint file hy_outdir/u_hype_63962_resume.pickle
02:33 bilby INFO    : Writing 1136 current samples to hy_outdir/u_hype_63962_samples.dat
02:43 bilby INFO    : Written checkpoint file hy_outdir/u_hype_63962_resume.pickle
02:43 bilby INFO    : Writing 1410 current samples to hy_outdir/u_hype_63962_samples.dat
02:54 bilby INFO    : Written checkpoint file hy_outdir/u_hype_63962_resume.pickle
02:54 bilby INFO    : Writing 1418 current samples to hy_outdir/u_hype_63962_samples.dat
03:04 bilby INFO    : Written checkpoint file hy_outdir/u_hype_63962_resume.pickle
03:04 bilby INFO    : Writing 1413 current samples to hy_outdir/u_hype_63962_samples.dat
03:14 bilby INFO    : Written checkpoint file hy_outdir/u_hype_63962_resume.pickle
03:14 bilby INFO    : Writing 1440 current samples to hy_outdir/u_hype_63962_samples.dat
03:15 bilby INFO    : Written checkpoint file hy_outdir/u_hype_63962_resume.pickle
03:15 bilby INFO    : Writing 1410 current samples to hy_outdir/u_hype_63962_samples.dat
03:15 bilby INFO    : Starting to close worker pool.
03:15 bilby INFO    : Finished closing worker pool.
03:15 bilby INFO    : Sampling time: 4:57:39.422850
03:15 bilby INFO    : Summary of results:
nsamples: 4634
ln_noise_evidence:  0.000
ln_evidence: 53.612 +/-  0.184
ln_bayes_factor: 53.612 +/-  0.184

