22:29 bilby INFO    : Running for label 'u_hype_70736', output will be saved to 'hy_outdir'
22:29 bilby INFO    : Search parameters:
22:29 bilby INFO    :   s_mu = Uniform(minimum=0.01, maximum=1, name='s_mu', latex_label='$\\mu$', unit=None, boundary=None)
22:29 bilby INFO    :   s_sigma = Uniform(minimum=0.01, maximum=0.5, name='s_sigma', latex_label='$\\sigma$', unit=None, boundary=None)
22:29 bilby INFO    : Single likelihood evaluation took 1.973e-02 s
22:29 bilby INFO    : Using sampler Dynesty with kwargs {'bound': 'multi', 'sample': 'rwalk', 'verbose': True, 'periodic': None, 'reflective': None, 'check_point_delta_t': 600, 'nlive': 400, 'first_update': None, 'walks': 100, 'npdim': None, 'rstate': None, 'queue_size': 4, 'pool': None, 'use_pool': None, 'live_points': None, 'logl_args': None, 'logl_kwargs': None, 'ptform_args': None, 'ptform_kwargs': None, 'enlarge': 1.5, 'bootstrap': None, 'vol_dec': 0.5, 'vol_check': 8.0, 'facc': 0.2, 'slices': 5, 'update_interval': 240, 'print_func': <bound method Dynesty._print_func of <bilby.core.sampler.dynesty.Dynesty object at 0x7f07fe6b9080>>, 'dlogz': 0.1, 'maxiter': None, 'maxcall': None, 'logl_max': inf, 'add_live': True, 'print_progress': True, 'save_bounds': False, 'n_effective': None, 'maxmcmc': 5000, 'nact': 5}
22:29 bilby INFO    : Checkpoint every check_point_delta_t = 600s
22:29 bilby INFO    : Using dynesty version 1.1
22:29 bilby INFO    : Using the bilby-implemented rwalk sample method with ACT estimated walks
22:29 bilby INFO    : Setting up multiproccesing pool with 4 processes.
22:29 bilby INFO    : Generating initial points from the prior
22:39 bilby INFO    : Written checkpoint file hy_outdir/u_hype_70736_resume.pickle
22:49 bilby INFO    : Written checkpoint file hy_outdir/u_hype_70736_resume.pickle
22:59 bilby INFO    : Written checkpoint file hy_outdir/u_hype_70736_resume.pickle
22:59 bilby INFO    : Writing 115 current samples to hy_outdir/u_hype_70736_samples.dat
23:10 bilby INFO    : Written checkpoint file hy_outdir/u_hype_70736_resume.pickle
23:10 bilby INFO    : Writing 133 current samples to hy_outdir/u_hype_70736_samples.dat
23:20 bilby INFO    : Written checkpoint file hy_outdir/u_hype_70736_resume.pickle
23:20 bilby INFO    : Writing 176 current samples to hy_outdir/u_hype_70736_samples.dat
23:30 bilby INFO    : Written checkpoint file hy_outdir/u_hype_70736_resume.pickle
23:30 bilby INFO    : Writing 225 current samples to hy_outdir/u_hype_70736_samples.dat
23:40 bilby INFO    : Written checkpoint file hy_outdir/u_hype_70736_resume.pickle
23:40 bilby INFO    : Writing 340 current samples to hy_outdir/u_hype_70736_samples.dat
23:50 bilby INFO    : Written checkpoint file hy_outdir/u_hype_70736_resume.pickle
23:50 bilby INFO    : Writing 488 current samples to hy_outdir/u_hype_70736_samples.dat
00:00 bilby INFO    : Written checkpoint file hy_outdir/u_hype_70736_resume.pickle
00:00 bilby INFO    : Writing 709 current samples to hy_outdir/u_hype_70736_samples.dat
00:10 bilby INFO    : Written checkpoint file hy_outdir/u_hype_70736_resume.pickle
00:10 bilby INFO    : Writing 1051 current samples to hy_outdir/u_hype_70736_samples.dat
00:21 bilby INFO    : Written checkpoint file hy_outdir/u_hype_70736_resume.pickle
00:21 bilby INFO    : Writing 1080 current samples to hy_outdir/u_hype_70736_samples.dat
00:31 bilby INFO    : Written checkpoint file hy_outdir/u_hype_70736_resume.pickle
00:31 bilby INFO    : Writing 1052 current samples to hy_outdir/u_hype_70736_samples.dat
00:41 bilby INFO    : Written checkpoint file hy_outdir/u_hype_70736_resume.pickle
00:41 bilby INFO    : Writing 1095 current samples to hy_outdir/u_hype_70736_samples.dat
00:46 bilby INFO    : Written checkpoint file hy_outdir/u_hype_70736_resume.pickle
00:46 bilby INFO    : Writing 1089 current samples to hy_outdir/u_hype_70736_samples.dat
00:46 bilby INFO    : Starting to close worker pool.
00:46 bilby INFO    : Finished closing worker pool.
00:46 bilby INFO    : Sampling time: 2:17:18.403171
00:46 bilby INFO    : Summary of results:
nsamples: 3533
ln_noise_evidence:  0.000
ln_evidence: 51.765 +/-  0.150
ln_bayes_factor: 51.765 +/-  0.150

