22:50 bilby INFO    : Running for label 'u_hype_41877', output will be saved to 'hy_outdir'
22:50 bilby INFO    : Search parameters:
22:50 bilby INFO    :   mu1 = Uniform(minimum=0.9, maximum=2.9, name='mu1', latex_label='$\\mu_1$', unit=None, boundary=None)
22:50 bilby INFO    :   sigma1 = Uniform(minimum=0.01, maximum=2, name='sigma1', latex_label='$\\sigma_1$', unit=None, boundary=None)
22:50 bilby INFO    :   mu2 = Uniform(minimum=0.9, maximum=2.9, name='mu2', latex_label='$\\mu_2$', unit=None, boundary=None)
22:50 bilby INFO    :   sigma2 = Uniform(minimum=0.01, maximum=2, name='sigma2', latex_label='$\\sigma_2$', unit=None, boundary=None)
22:50 bilby INFO    :   alpha = Uniform(minimum=0.01, maximum=1, name='alpha', latex_label='$\\alpha$', unit=None, boundary=None)
22:50 bilby INFO    :   mu3 = Uniform(minimum=0.9, maximum=2.9, name='mu3', latex_label='$\\mu_3$', unit=None, boundary=None)
22:50 bilby INFO    :   sigma3 = Uniform(minimum=0.01, maximum=2, name='sigma3', latex_label='$\\sigma_3$', unit=None, boundary=None)
22:50 bilby INFO    :   beta = Uniform(minimum=0.01, maximum=1, name='beta', latex_label='$\\beta$', unit=None, boundary=None)
22:50 bilby INFO    : Single likelihood evaluation took 1.807e-03 s
22:50 bilby INFO    : Using sampler Dynesty with kwargs {'bound': 'multi', 'sample': 'rwalk', 'verbose': True, 'periodic': None, 'reflective': None, 'check_point_delta_t': 600, 'nlive': 400, 'first_update': None, 'walks': 100, 'npdim': None, 'rstate': None, 'queue_size': 20, 'pool': None, 'use_pool': None, 'live_points': None, 'logl_args': None, 'logl_kwargs': None, 'ptform_args': None, 'ptform_kwargs': None, 'enlarge': 1.5, 'bootstrap': None, 'vol_dec': 0.5, 'vol_check': 8.0, 'facc': 0.2, 'slices': 5, 'update_interval': 240, 'print_func': <bound method Dynesty._print_func of <bilby.core.sampler.dynesty.Dynesty object at 0x7fb37ebd41f0>>, 'dlogz': 0.1, 'maxiter': None, 'maxcall': None, 'logl_max': inf, 'add_live': True, 'print_progress': True, 'save_bounds': False, 'n_effective': None, 'maxmcmc': 5000, 'nact': 5}
22:50 bilby INFO    : Checkpoint every check_point_delta_t = 600s
22:50 bilby INFO    : Using dynesty version 1.0.1
22:50 bilby INFO    : Using the bilby-implemented rwalk sample method with ACT estimated walks
22:50 bilby INFO    : Setting up multiproccesing pool with 20 processes.
22:50 bilby INFO    : Generating initial points from the prior
23:00 bilby INFO    : Written checkpoint file hy_outdir/u_hype_41877_resume.pickle
23:11 bilby INFO    : Written checkpoint file hy_outdir/u_hype_41877_resume.pickle
23:21 bilby INFO    : Written checkpoint file hy_outdir/u_hype_41877_resume.pickle
23:31 bilby INFO    : Written checkpoint file hy_outdir/u_hype_41877_resume.pickle
23:42 bilby INFO    : Written checkpoint file hy_outdir/u_hype_41877_resume.pickle
23:52 bilby INFO    : Written checkpoint file hy_outdir/u_hype_41877_resume.pickle
00:03 bilby INFO    : Written checkpoint file hy_outdir/u_hype_41877_resume.pickle
00:14 bilby INFO    : Written checkpoint file hy_outdir/u_hype_41877_resume.pickle
00:24 bilby INFO    : Written checkpoint file hy_outdir/u_hype_41877_resume.pickle
00:34 bilby INFO    : Written checkpoint file hy_outdir/u_hype_41877_resume.pickle
00:45 bilby INFO    : Written checkpoint file hy_outdir/u_hype_41877_resume.pickle
00:55 bilby INFO    : Written checkpoint file hy_outdir/u_hype_41877_resume.pickle
01:07 bilby INFO    : Written checkpoint file hy_outdir/u_hype_41877_resume.pickle
01:17 bilby INFO    : Written checkpoint file hy_outdir/u_hype_41877_resume.pickle
01:28 bilby INFO    : Written checkpoint file hy_outdir/u_hype_41877_resume.pickle
01:39 bilby INFO    : Written checkpoint file hy_outdir/u_hype_41877_resume.pickle
01:51 bilby INFO    : Written checkpoint file hy_outdir/u_hype_41877_resume.pickle
02:02 bilby INFO    : Written checkpoint file hy_outdir/u_hype_41877_resume.pickle
02:13 bilby INFO    : Written checkpoint file hy_outdir/u_hype_41877_resume.pickle
02:24 bilby INFO    : Written checkpoint file hy_outdir/u_hype_41877_resume.pickle
02:35 bilby INFO    : Written checkpoint file hy_outdir/u_hype_41877_resume.pickle
02:35 bilby INFO    : Writing 155 current samples to hy_outdir/u_hype_41877_samples.dat
02:46 bilby INFO    : Written checkpoint file hy_outdir/u_hype_41877_resume.pickle
02:46 bilby INFO    : Writing 215 current samples to hy_outdir/u_hype_41877_samples.dat
02:57 bilby INFO    : Written checkpoint file hy_outdir/u_hype_41877_resume.pickle
02:57 bilby INFO    : Writing 325 current samples to hy_outdir/u_hype_41877_samples.dat
03:07 bilby INFO    : Written checkpoint file hy_outdir/u_hype_41877_resume.pickle
03:07 bilby INFO    : Writing 309 current samples to hy_outdir/u_hype_41877_samples.dat
03:18 bilby INFO    : Written checkpoint file hy_outdir/u_hype_41877_resume.pickle
03:18 bilby INFO    : Writing 462 current samples to hy_outdir/u_hype_41877_samples.dat
03:29 bilby INFO    : Written checkpoint file hy_outdir/u_hype_41877_resume.pickle
03:29 bilby INFO    : Writing 648 current samples to hy_outdir/u_hype_41877_samples.dat
03:40 bilby INFO    : Written checkpoint file hy_outdir/u_hype_41877_resume.pickle
03:40 bilby INFO    : Writing 920 current samples to hy_outdir/u_hype_41877_samples.dat
03:50 bilby INFO    : Written checkpoint file hy_outdir/u_hype_41877_resume.pickle
03:50 bilby INFO    : Writing 1175 current samples to hy_outdir/u_hype_41877_samples.dat
04:01 bilby INFO    : Written checkpoint file hy_outdir/u_hype_41877_resume.pickle
04:01 bilby INFO    : Writing 1575 current samples to hy_outdir/u_hype_41877_samples.dat
04:12 bilby INFO    : Written checkpoint file hy_outdir/u_hype_41877_resume.pickle
04:12 bilby INFO    : Writing 2273 current samples to hy_outdir/u_hype_41877_samples.dat
04:23 bilby INFO    : Written checkpoint file hy_outdir/u_hype_41877_resume.pickle
04:23 bilby INFO    : Writing 2299 current samples to hy_outdir/u_hype_41877_samples.dat
04:34 bilby INFO    : Written checkpoint file hy_outdir/u_hype_41877_resume.pickle
04:34 bilby INFO    : Writing 2282 current samples to hy_outdir/u_hype_41877_samples.dat
04:43 bilby INFO    : Written checkpoint file hy_outdir/u_hype_41877_resume.pickle
04:43 bilby INFO    : Writing 2261 current samples to hy_outdir/u_hype_41877_samples.dat
04:43 bilby INFO    : Starting to close worker pool.
04:43 bilby INFO    : Finished closing worker pool.
04:43 bilby INFO    : Sampling time: 5:52:25.654390
04:43 bilby INFO    : Summary of results:
nsamples: 7227
ln_noise_evidence:  0.000
ln_evidence: 52.788 +/-  0.232
ln_bayes_factor: 52.788 +/-  0.232

/home/yzq/miniconda3/envs/bilby/lib/python3.8/site-packages/bilby/core/result.py:1170: DeprecationWarning: distutils Version classes are deprecated. Use packaging.version instead.
  if LooseVersion(matplotlib.__version__) < "2.1":
/home/yzq/miniconda3/envs/bilby/lib/python3.8/site-packages/setuptools/_distutils/version.py:346: DeprecationWarning: distutils Version classes are deprecated. Use packaging.version instead.
  other = LooseVersion(other)
