22:17 bilby INFO    : Running for label 'u_hype_72359', output will be saved to 'hy_outdir'
22:17 bilby INFO    : Search parameters:
22:17 bilby INFO    :   mu1 = Uniform(minimum=0.9, maximum=2.9, name='mu1', latex_label='$\\mu_1$', unit=None, boundary=None)
22:17 bilby INFO    :   sigma1 = Uniform(minimum=0.01, maximum=2, name='sigma1', latex_label='$\\sigma_1$', unit=None, boundary=None)
22:17 bilby INFO    :   mu2 = Uniform(minimum=0.9, maximum=2.9, name='mu2', latex_label='$\\mu_2$', unit=None, boundary=None)
22:17 bilby INFO    :   sigma2 = Uniform(minimum=0.01, maximum=2, name='sigma2', latex_label='$\\sigma_2$', unit=None, boundary=None)
22:17 bilby INFO    :   alpha = Uniform(minimum=0.01, maximum=1, name='alpha', latex_label='$\\alpha$', unit=None, boundary=None)
22:17 bilby INFO    :   mu3 = Uniform(minimum=0.9, maximum=2.9, name='mu3', latex_label='$\\mu_3$', unit=None, boundary=None)
22:17 bilby INFO    :   sigma3 = Uniform(minimum=0.01, maximum=2, name='sigma3', latex_label='$\\sigma_3$', unit=None, boundary=None)
22:17 bilby INFO    :   beta = Uniform(minimum=0.01, maximum=1, name='beta', latex_label='$\\beta$', unit=None, boundary=None)
22:17 bilby INFO    : Single likelihood evaluation took 4.867e-03 s
22:17 bilby INFO    : Using sampler Dynesty with kwargs {'bound': 'multi', 'sample': 'rwalk', 'verbose': True, 'periodic': None, 'reflective': None, 'check_point_delta_t': 600, 'nlive': 400, 'first_update': None, 'walks': 100, 'npdim': None, 'rstate': None, 'queue_size': 4, 'pool': None, 'use_pool': None, 'live_points': None, 'logl_args': None, 'logl_kwargs': None, 'ptform_args': None, 'ptform_kwargs': None, 'enlarge': 1.5, 'bootstrap': None, 'vol_dec': 0.5, 'vol_check': 8.0, 'facc': 0.2, 'slices': 5, 'update_interval': 240, 'print_func': <bound method Dynesty._print_func of <bilby.core.sampler.dynesty.Dynesty object at 0x7f1a755400b8>>, 'dlogz': 0.1, 'maxiter': None, 'maxcall': None, 'logl_max': inf, 'add_live': True, 'print_progress': True, 'save_bounds': False, 'n_effective': None, 'maxmcmc': 5000, 'nact': 5}
22:17 bilby INFO    : Checkpoint every check_point_delta_t = 600s
22:17 bilby INFO    : Using dynesty version 1.1
22:17 bilby INFO    : Using the bilby-implemented rwalk sample method with ACT estimated walks
22:17 bilby INFO    : Setting up multiproccesing pool with 4 processes.
22:17 bilby INFO    : Generating initial points from the prior
22:27 bilby INFO    : Written checkpoint file hy_outdir/u_hype_72359_resume.pickle
22:38 bilby INFO    : Written checkpoint file hy_outdir/u_hype_72359_resume.pickle
22:48 bilby INFO    : Written checkpoint file hy_outdir/u_hype_72359_resume.pickle
22:58 bilby INFO    : Written checkpoint file hy_outdir/u_hype_72359_resume.pickle
23:08 bilby INFO    : Written checkpoint file hy_outdir/u_hype_72359_resume.pickle
23:18 bilby INFO    : Written checkpoint file hy_outdir/u_hype_72359_resume.pickle
23:29 bilby INFO    : Written checkpoint file hy_outdir/u_hype_72359_resume.pickle
23:39 bilby INFO    : Written checkpoint file hy_outdir/u_hype_72359_resume.pickle
23:49 bilby INFO    : Written checkpoint file hy_outdir/u_hype_72359_resume.pickle
23:59 bilby INFO    : Written checkpoint file hy_outdir/u_hype_72359_resume.pickle
00:09 bilby INFO    : Written checkpoint file hy_outdir/u_hype_72359_resume.pickle
00:19 bilby INFO    : Written checkpoint file hy_outdir/u_hype_72359_resume.pickle
00:29 bilby INFO    : Written checkpoint file hy_outdir/u_hype_72359_resume.pickle
00:39 bilby INFO    : Written checkpoint file hy_outdir/u_hype_72359_resume.pickle
00:50 bilby INFO    : Written checkpoint file hy_outdir/u_hype_72359_resume.pickle
01:00 bilby INFO    : Written checkpoint file hy_outdir/u_hype_72359_resume.pickle
01:10 bilby INFO    : Written checkpoint file hy_outdir/u_hype_72359_resume.pickle
01:20 bilby INFO    : Written checkpoint file hy_outdir/u_hype_72359_resume.pickle
01:30 bilby INFO    : Written checkpoint file hy_outdir/u_hype_72359_resume.pickle
01:40 bilby INFO    : Written checkpoint file hy_outdir/u_hype_72359_resume.pickle
01:50 bilby INFO    : Written checkpoint file hy_outdir/u_hype_72359_resume.pickle
02:01 bilby INFO    : Written checkpoint file hy_outdir/u_hype_72359_resume.pickle
02:11 bilby INFO    : Written checkpoint file hy_outdir/u_hype_72359_resume.pickle
02:21 bilby INFO    : Written checkpoint file hy_outdir/u_hype_72359_resume.pickle
02:31 bilby INFO    : Written checkpoint file hy_outdir/u_hype_72359_resume.pickle
02:41 bilby INFO    : Written checkpoint file hy_outdir/u_hype_72359_resume.pickle
02:52 bilby INFO    : Written checkpoint file hy_outdir/u_hype_72359_resume.pickle
03:02 bilby INFO    : Written checkpoint file hy_outdir/u_hype_72359_resume.pickle
03:12 bilby INFO    : Written checkpoint file hy_outdir/u_hype_72359_resume.pickle
03:23 bilby INFO    : Written checkpoint file hy_outdir/u_hype_72359_resume.pickle
03:33 bilby INFO    : Written checkpoint file hy_outdir/u_hype_72359_resume.pickle
03:33 bilby INFO    : Writing 113 current samples to hy_outdir/u_hype_72359_samples.dat
03:43 bilby INFO    : Written checkpoint file hy_outdir/u_hype_72359_resume.pickle
03:43 bilby INFO    : Writing 125 current samples to hy_outdir/u_hype_72359_samples.dat
03:53 bilby INFO    : Written checkpoint file hy_outdir/u_hype_72359_resume.pickle
03:53 bilby INFO    : Writing 186 current samples to hy_outdir/u_hype_72359_samples.dat
04:03 bilby INFO    : Written checkpoint file hy_outdir/u_hype_72359_resume.pickle
04:03 bilby INFO    : Writing 241 current samples to hy_outdir/u_hype_72359_samples.dat
04:14 bilby INFO    : Written checkpoint file hy_outdir/u_hype_72359_resume.pickle
04:14 bilby INFO    : Writing 238 current samples to hy_outdir/u_hype_72359_samples.dat
04:24 bilby INFO    : Written checkpoint file hy_outdir/u_hype_72359_resume.pickle
04:24 bilby INFO    : Writing 286 current samples to hy_outdir/u_hype_72359_samples.dat
04:34 bilby INFO    : Written checkpoint file hy_outdir/u_hype_72359_resume.pickle
04:34 bilby INFO    : Writing 352 current samples to hy_outdir/u_hype_72359_samples.dat
04:44 bilby INFO    : Written checkpoint file hy_outdir/u_hype_72359_resume.pickle
04:44 bilby INFO    : Writing 461 current samples to hy_outdir/u_hype_72359_samples.dat
04:55 bilby INFO    : Written checkpoint file hy_outdir/u_hype_72359_resume.pickle
04:55 bilby INFO    : Writing 571 current samples to hy_outdir/u_hype_72359_samples.dat
05:05 bilby INFO    : Written checkpoint file hy_outdir/u_hype_72359_resume.pickle
05:05 bilby INFO    : Writing 756 current samples to hy_outdir/u_hype_72359_samples.dat
05:15 bilby INFO    : Written checkpoint file hy_outdir/u_hype_72359_resume.pickle
05:15 bilby INFO    : Writing 613 current samples to hy_outdir/u_hype_72359_samples.dat
05:25 bilby INFO    : Written checkpoint file hy_outdir/u_hype_72359_resume.pickle
05:25 bilby INFO    : Writing 726 current samples to hy_outdir/u_hype_72359_samples.dat
05:36 bilby INFO    : Written checkpoint file hy_outdir/u_hype_72359_resume.pickle
05:36 bilby INFO    : Writing 845 current samples to hy_outdir/u_hype_72359_samples.dat
05:46 bilby INFO    : Written checkpoint file hy_outdir/u_hype_72359_resume.pickle
05:46 bilby INFO    : Writing 1027 current samples to hy_outdir/u_hype_72359_samples.dat
05:57 bilby INFO    : Written checkpoint file hy_outdir/u_hype_72359_resume.pickle
05:57 bilby INFO    : Writing 1185 current samples to hy_outdir/u_hype_72359_samples.dat
06:07 bilby INFO    : Written checkpoint file hy_outdir/u_hype_72359_resume.pickle
06:07 bilby INFO    : Writing 1475 current samples to hy_outdir/u_hype_72359_samples.dat
06:17 bilby INFO    : Written checkpoint file hy_outdir/u_hype_72359_resume.pickle
06:17 bilby INFO    : Writing 1745 current samples to hy_outdir/u_hype_72359_samples.dat
06:27 bilby INFO    : Written checkpoint file hy_outdir/u_hype_72359_resume.pickle
06:27 bilby INFO    : Writing 2003 current samples to hy_outdir/u_hype_72359_samples.dat
06:37 bilby INFO    : Written checkpoint file hy_outdir/u_hype_72359_resume.pickle
06:37 bilby INFO    : Writing 1990 current samples to hy_outdir/u_hype_72359_samples.dat
06:47 bilby INFO    : Written checkpoint file hy_outdir/u_hype_72359_resume.pickle
06:47 bilby INFO    : Writing 2001 current samples to hy_outdir/u_hype_72359_samples.dat
06:57 bilby INFO    : Written checkpoint file hy_outdir/u_hype_72359_resume.pickle
06:57 bilby INFO    : Writing 2024 current samples to hy_outdir/u_hype_72359_samples.dat
06:57 bilby INFO    : Starting to close worker pool.
06:57 bilby INFO    : Finished closing worker pool.
06:57 bilby INFO    : Sampling time: 8:40:01.806965
06:57 bilby INFO    : Summary of results:
nsamples: 7667
ln_noise_evidence:  0.000
ln_evidence: 51.037 +/-  0.245
ln_bayes_factor: 51.037 +/-  0.245

