17:11 bilby INFO    : Running for label 'u_hype_76298', output will be saved to 'hy_outdir'
17:11 bilby INFO    : Search parameters:
17:11 bilby INFO    :   mu1 = Uniform(minimum=0.9, maximum=2.9, name='mu1', latex_label='$\\mu_1$', unit=None, boundary=None)
17:11 bilby INFO    :   sigma1 = Uniform(minimum=0.01, maximum=2, name='sigma1', latex_label='$\\sigma_1$', unit=None, boundary=None)
17:11 bilby INFO    :   mu2 = Uniform(minimum=0.9, maximum=2.9, name='mu2', latex_label='$\\mu_2$', unit=None, boundary=None)
17:11 bilby INFO    :   sigma2 = Uniform(minimum=0.01, maximum=2, name='sigma2', latex_label='$\\sigma_2$', unit=None, boundary=None)
17:11 bilby INFO    :   alpha = Uniform(minimum=0.01, maximum=1, name='alpha', latex_label='$\\alpha$', unit=None, boundary=None)
17:12 bilby INFO    : Single likelihood evaluation took 4.218e-01 s
17:12 bilby INFO    : Using sampler Dynesty with kwargs {'bound': 'multi', 'sample': 'rwalk', 'verbose': True, 'periodic': None, 'reflective': None, 'check_point_delta_t': 600, 'nlive': 400, 'first_update': None, 'walks': 100, 'npdim': None, 'rstate': None, 'queue_size': 5, 'pool': None, 'use_pool': None, 'live_points': None, 'logl_args': None, 'logl_kwargs': None, 'ptform_args': None, 'ptform_kwargs': None, 'enlarge': 1.5, 'bootstrap': None, 'vol_dec': 0.5, 'vol_check': 8.0, 'facc': 0.2, 'slices': 5, 'update_interval': 240, 'print_func': <bound method Dynesty._print_func of <bilby.core.sampler.dynesty.Dynesty object at 0x7fb90ff88220>>, 'dlogz': 0.1, 'maxiter': None, 'maxcall': None, 'logl_max': inf, 'add_live': True, 'print_progress': True, 'save_bounds': False, 'n_effective': None, 'maxmcmc': 5000, 'nact': 5}
17:12 bilby INFO    : Checkpoint every check_point_delta_t = 600s
17:12 bilby INFO    : Using dynesty version 1.0.1
17:12 bilby INFO    : Using the bilby-implemented rwalk sample method with ACT estimated walks
17:12 bilby INFO    : Setting up multiproccesing pool with 5 processes.
17:12 bilby INFO    : Generating initial points from the prior
17:27 bilby INFO    : Written checkpoint file hy_outdir/u_hype_76298_resume.pickle
/home/yzq/miniconda3/envs/bilby/lib/python3.8/site-packages/dynesty/utils.py:171: DeprecationWarning: `np.int` is a deprecated alias for the builtin `int`. To silence this warning, use `int` by itself. Doing this will not modify any behavior and is safe. When replacing `np.int`, you may wish to use e.g. `np.int64` or `np.int32` to specify the precision. If you wish to review your current use, check the release note link for additional information.
Deprecated in NumPy 1.20; for more details and guidance: https://numpy.org/devdocs/release/1.20.0-notes.html#deprecations
  idx = np.zeros(nsamples, dtype=np.int)
/home/yzq/miniconda3/envs/bilby/lib/python3.8/site-packages/dynesty/utils.py:171: DeprecationWarning: `np.int` is a deprecated alias for the builtin `int`. To silence this warning, use `int` by itself. Doing this will not modify any behavior and is safe. When replacing `np.int`, you may wish to use e.g. `np.int64` or `np.int32` to specify the precision. If you wish to review your current use, check the release note link for additional information.
Deprecated in NumPy 1.20; for more details and guidance: https://numpy.org/devdocs/release/1.20.0-notes.html#deprecations
  idx = np.zeros(nsamples, dtype=np.int)
17:38 bilby INFO    : Written checkpoint file hy_outdir/u_hype_76298_resume.pickle
/home/yzq/miniconda3/envs/bilby/lib/python3.8/site-packages/dynesty/utils.py:171: DeprecationWarning: `np.int` is a deprecated alias for the builtin `int`. To silence this warning, use `int` by itself. Doing this will not modify any behavior and is safe. When replacing `np.int`, you may wish to use e.g. `np.int64` or `np.int32` to specify the precision. If you wish to review your current use, check the release note link for additional information.
Deprecated in NumPy 1.20; for more details and guidance: https://numpy.org/devdocs/release/1.20.0-notes.html#deprecations
  idx = np.zeros(nsamples, dtype=np.int)
/home/yzq/miniconda3/envs/bilby/lib/python3.8/site-packages/dynesty/utils.py:171: DeprecationWarning: `np.int` is a deprecated alias for the builtin `int`. To silence this warning, use `int` by itself. Doing this will not modify any behavior and is safe. When replacing `np.int`, you may wish to use e.g. `np.int64` or `np.int32` to specify the precision. If you wish to review your current use, check the release note link for additional information.
Deprecated in NumPy 1.20; for more details and guidance: https://numpy.org/devdocs/release/1.20.0-notes.html#deprecations
  idx = np.zeros(nsamples, dtype=np.int)
17:49 bilby INFO    : Written checkpoint file hy_outdir/u_hype_76298_resume.pickle
/home/yzq/miniconda3/envs/bilby/lib/python3.8/site-packages/dynesty/utils.py:171: DeprecationWarning: `np.int` is a deprecated alias for the builtin `int`. To silence this warning, use `int` by itself. Doing this will not modify any behavior and is safe. When replacing `np.int`, you may wish to use e.g. `np.int64` or `np.int32` to specify the precision. If you wish to review your current use, check the release note link for additional information.
Deprecated in NumPy 1.20; for more details and guidance: https://numpy.org/devdocs/release/1.20.0-notes.html#deprecations
  idx = np.zeros(nsamples, dtype=np.int)
/home/yzq/miniconda3/envs/bilby/lib/python3.8/site-packages/dynesty/utils.py:171: DeprecationWarning: `np.int` is a deprecated alias for the builtin `int`. To silence this warning, use `int` by itself. Doing this will not modify any behavior and is safe. When replacing `np.int`, you may wish to use e.g. `np.int64` or `np.int32` to specify the precision. If you wish to review your current use, check the release note link for additional information.
Deprecated in NumPy 1.20; for more details and guidance: https://numpy.org/devdocs/release/1.20.0-notes.html#deprecations
  idx = np.zeros(nsamples, dtype=np.int)
18:01 bilby INFO    : Written checkpoint file hy_outdir/u_hype_76298_resume.pickle
/home/yzq/miniconda3/envs/bilby/lib/python3.8/site-packages/dynesty/utils.py:171: DeprecationWarning: `np.int` is a deprecated alias for the builtin `int`. To silence this warning, use `int` by itself. Doing this will not modify any behavior and is safe. When replacing `np.int`, you may wish to use e.g. `np.int64` or `np.int32` to specify the precision. If you wish to review your current use, check the release note link for additional information.
Deprecated in NumPy 1.20; for more details and guidance: https://numpy.org/devdocs/release/1.20.0-notes.html#deprecations
  idx = np.zeros(nsamples, dtype=np.int)
/home/yzq/miniconda3/envs/bilby/lib/python3.8/site-packages/dynesty/utils.py:171: DeprecationWarning: `np.int` is a deprecated alias for the builtin `int`. To silence this warning, use `int` by itself. Doing this will not modify any behavior and is safe. When replacing `np.int`, you may wish to use e.g. `np.int64` or `np.int32` to specify the precision. If you wish to review your current use, check the release note link for additional information.
Deprecated in NumPy 1.20; for more details and guidance: https://numpy.org/devdocs/release/1.20.0-notes.html#deprecations
  idx = np.zeros(nsamples, dtype=np.int)
18:14 bilby INFO    : Written checkpoint file hy_outdir/u_hype_76298_resume.pickle
/home/yzq/miniconda3/envs/bilby/lib/python3.8/site-packages/dynesty/utils.py:171: DeprecationWarning: `np.int` is a deprecated alias for the builtin `int`. To silence this warning, use `int` by itself. Doing this will not modify any behavior and is safe. When replacing `np.int`, you may wish to use e.g. `np.int64` or `np.int32` to specify the precision. If you wish to review your current use, check the release note link for additional information.
Deprecated in NumPy 1.20; for more details and guidance: https://numpy.org/devdocs/release/1.20.0-notes.html#deprecations
  idx = np.zeros(nsamples, dtype=np.int)
/home/yzq/miniconda3/envs/bilby/lib/python3.8/site-packages/dynesty/utils.py:171: DeprecationWarning: `np.int` is a deprecated alias for the builtin `int`. To silence this warning, use `int` by itself. Doing this will not modify any behavior and is safe. When replacing `np.int`, you may wish to use e.g. `np.int64` or `np.int32` to specify the precision. If you wish to review your current use, check the release note link for additional information.
Deprecated in NumPy 1.20; for more details and guidance: https://numpy.org/devdocs/release/1.20.0-notes.html#deprecations
  idx = np.zeros(nsamples, dtype=np.int)
18:24 bilby INFO    : Written checkpoint file hy_outdir/u_hype_76298_resume.pickle
/home/yzq/miniconda3/envs/bilby/lib/python3.8/site-packages/dynesty/utils.py:171: DeprecationWarning: `np.int` is a deprecated alias for the builtin `int`. To silence this warning, use `int` by itself. Doing this will not modify any behavior and is safe. When replacing `np.int`, you may wish to use e.g. `np.int64` or `np.int32` to specify the precision. If you wish to review your current use, check the release note link for additional information.
Deprecated in NumPy 1.20; for more details and guidance: https://numpy.org/devdocs/release/1.20.0-notes.html#deprecations
  idx = np.zeros(nsamples, dtype=np.int)
/home/yzq/miniconda3/envs/bilby/lib/python3.8/site-packages/dynesty/utils.py:171: DeprecationWarning: `np.int` is a deprecated alias for the builtin `int`. To silence this warning, use `int` by itself. Doing this will not modify any behavior and is safe. When replacing `np.int`, you may wish to use e.g. `np.int64` or `np.int32` to specify the precision. If you wish to review your current use, check the release note link for additional information.
Deprecated in NumPy 1.20; for more details and guidance: https://numpy.org/devdocs/release/1.20.0-notes.html#deprecations
  idx = np.zeros(nsamples, dtype=np.int)
18:35 bilby INFO    : Written checkpoint file hy_outdir/u_hype_76298_resume.pickle
/home/yzq/miniconda3/envs/bilby/lib/python3.8/site-packages/dynesty/utils.py:171: DeprecationWarning: `np.int` is a deprecated alias for the builtin `int`. To silence this warning, use `int` by itself. Doing this will not modify any behavior and is safe. When replacing `np.int`, you may wish to use e.g. `np.int64` or `np.int32` to specify the precision. If you wish to review your current use, check the release note link for additional information.
Deprecated in NumPy 1.20; for more details and guidance: https://numpy.org/devdocs/release/1.20.0-notes.html#deprecations
  idx = np.zeros(nsamples, dtype=np.int)
/home/yzq/miniconda3/envs/bilby/lib/python3.8/site-packages/dynesty/utils.py:171: DeprecationWarning: `np.int` is a deprecated alias for the builtin `int`. To silence this warning, use `int` by itself. Doing this will not modify any behavior and is safe. When replacing `np.int`, you may wish to use e.g. `np.int64` or `np.int32` to specify the precision. If you wish to review your current use, check the release note link for additional information.
Deprecated in NumPy 1.20; for more details and guidance: https://numpy.org/devdocs/release/1.20.0-notes.html#deprecations
  idx = np.zeros(nsamples, dtype=np.int)
18:47 bilby INFO    : Written checkpoint file hy_outdir/u_hype_76298_resume.pickle
/home/yzq/miniconda3/envs/bilby/lib/python3.8/site-packages/dynesty/utils.py:171: DeprecationWarning: `np.int` is a deprecated alias for the builtin `int`. To silence this warning, use `int` by itself. Doing this will not modify any behavior and is safe. When replacing `np.int`, you may wish to use e.g. `np.int64` or `np.int32` to specify the precision. If you wish to review your current use, check the release note link for additional information.
Deprecated in NumPy 1.20; for more details and guidance: https://numpy.org/devdocs/release/1.20.0-notes.html#deprecations
  idx = np.zeros(nsamples, dtype=np.int)
/home/yzq/miniconda3/envs/bilby/lib/python3.8/site-packages/dynesty/utils.py:171: DeprecationWarning: `np.int` is a deprecated alias for the builtin `int`. To silence this warning, use `int` by itself. Doing this will not modify any behavior and is safe. When replacing `np.int`, you may wish to use e.g. `np.int64` or `np.int32` to specify the precision. If you wish to review your current use, check the release note link for additional information.
Deprecated in NumPy 1.20; for more details and guidance: https://numpy.org/devdocs/release/1.20.0-notes.html#deprecations
  idx = np.zeros(nsamples, dtype=np.int)
18:58 bilby INFO    : Written checkpoint file hy_outdir/u_hype_76298_resume.pickle
/home/yzq/miniconda3/envs/bilby/lib/python3.8/site-packages/dynesty/utils.py:171: DeprecationWarning: `np.int` is a deprecated alias for the builtin `int`. To silence this warning, use `int` by itself. Doing this will not modify any behavior and is safe. When replacing `np.int`, you may wish to use e.g. `np.int64` or `np.int32` to specify the precision. If you wish to review your current use, check the release note link for additional information.
Deprecated in NumPy 1.20; for more details and guidance: https://numpy.org/devdocs/release/1.20.0-notes.html#deprecations
  idx = np.zeros(nsamples, dtype=np.int)
/home/yzq/miniconda3/envs/bilby/lib/python3.8/site-packages/dynesty/utils.py:171: DeprecationWarning: `np.int` is a deprecated alias for the builtin `int`. To silence this warning, use `int` by itself. Doing this will not modify any behavior and is safe. When replacing `np.int`, you may wish to use e.g. `np.int64` or `np.int32` to specify the precision. If you wish to review your current use, check the release note link for additional information.
Deprecated in NumPy 1.20; for more details and guidance: https://numpy.org/devdocs/release/1.20.0-notes.html#deprecations
  idx = np.zeros(nsamples, dtype=np.int)
19:09 bilby INFO    : Written checkpoint file hy_outdir/u_hype_76298_resume.pickle
/home/yzq/miniconda3/envs/bilby/lib/python3.8/site-packages/dynesty/utils.py:171: DeprecationWarning: `np.int` is a deprecated alias for the builtin `int`. To silence this warning, use `int` by itself. Doing this will not modify any behavior and is safe. When replacing `np.int`, you may wish to use e.g. `np.int64` or `np.int32` to specify the precision. If you wish to review your current use, check the release note link for additional information.
Deprecated in NumPy 1.20; for more details and guidance: https://numpy.org/devdocs/release/1.20.0-notes.html#deprecations
  idx = np.zeros(nsamples, dtype=np.int)
/home/yzq/miniconda3/envs/bilby/lib/python3.8/site-packages/dynesty/utils.py:171: DeprecationWarning: `np.int` is a deprecated alias for the builtin `int`. To silence this warning, use `int` by itself. Doing this will not modify any behavior and is safe. When replacing `np.int`, you may wish to use e.g. `np.int64` or `np.int32` to specify the precision. If you wish to review your current use, check the release note link for additional information.
Deprecated in NumPy 1.20; for more details and guidance: https://numpy.org/devdocs/release/1.20.0-notes.html#deprecations
  idx = np.zeros(nsamples, dtype=np.int)
19:20 bilby INFO    : Written checkpoint file hy_outdir/u_hype_76298_resume.pickle
/home/yzq/miniconda3/envs/bilby/lib/python3.8/site-packages/dynesty/utils.py:171: DeprecationWarning: `np.int` is a deprecated alias for the builtin `int`. To silence this warning, use `int` by itself. Doing this will not modify any behavior and is safe. When replacing `np.int`, you may wish to use e.g. `np.int64` or `np.int32` to specify the precision. If you wish to review your current use, check the release note link for additional information.
Deprecated in NumPy 1.20; for more details and guidance: https://numpy.org/devdocs/release/1.20.0-notes.html#deprecations
  idx = np.zeros(nsamples, dtype=np.int)
/home/yzq/miniconda3/envs/bilby/lib/python3.8/site-packages/dynesty/utils.py:171: DeprecationWarning: `np.int` is a deprecated alias for the builtin `int`. To silence this warning, use `int` by itself. Doing this will not modify any behavior and is safe. When replacing `np.int`, you may wish to use e.g. `np.int64` or `np.int32` to specify the precision. If you wish to review your current use, check the release note link for additional information.
Deprecated in NumPy 1.20; for more details and guidance: https://numpy.org/devdocs/release/1.20.0-notes.html#deprecations
  idx = np.zeros(nsamples, dtype=np.int)
19:30 bilby INFO    : Written checkpoint file hy_outdir/u_hype_76298_resume.pickle
/home/yzq/miniconda3/envs/bilby/lib/python3.8/site-packages/dynesty/utils.py:171: DeprecationWarning: `np.int` is a deprecated alias for the builtin `int`. To silence this warning, use `int` by itself. Doing this will not modify any behavior and is safe. When replacing `np.int`, you may wish to use e.g. `np.int64` or `np.int32` to specify the precision. If you wish to review your current use, check the release note link for additional information.
Deprecated in NumPy 1.20; for more details and guidance: https://numpy.org/devdocs/release/1.20.0-notes.html#deprecations
  idx = np.zeros(nsamples, dtype=np.int)
/home/yzq/miniconda3/envs/bilby/lib/python3.8/site-packages/dynesty/utils.py:171: DeprecationWarning: `np.int` is a deprecated alias for the builtin `int`. To silence this warning, use `int` by itself. Doing this will not modify any behavior and is safe. When replacing `np.int`, you may wish to use e.g. `np.int64` or `np.int32` to specify the precision. If you wish to review your current use, check the release note link for additional information.
Deprecated in NumPy 1.20; for more details and guidance: https://numpy.org/devdocs/release/1.20.0-notes.html#deprecations
  idx = np.zeros(nsamples, dtype=np.int)
19:42 bilby INFO    : Written checkpoint file hy_outdir/u_hype_76298_resume.pickle
/home/yzq/miniconda3/envs/bilby/lib/python3.8/site-packages/dynesty/utils.py:171: DeprecationWarning: `np.int` is a deprecated alias for the builtin `int`. To silence this warning, use `int` by itself. Doing this will not modify any behavior and is safe. When replacing `np.int`, you may wish to use e.g. `np.int64` or `np.int32` to specify the precision. If you wish to review your current use, check the release note link for additional information.
Deprecated in NumPy 1.20; for more details and guidance: https://numpy.org/devdocs/release/1.20.0-notes.html#deprecations
  idx = np.zeros(nsamples, dtype=np.int)
/home/yzq/miniconda3/envs/bilby/lib/python3.8/site-packages/dynesty/utils.py:171: DeprecationWarning: `np.int` is a deprecated alias for the builtin `int`. To silence this warning, use `int` by itself. Doing this will not modify any behavior and is safe. When replacing `np.int`, you may wish to use e.g. `np.int64` or `np.int32` to specify the precision. If you wish to review your current use, check the release note link for additional information.
Deprecated in NumPy 1.20; for more details and guidance: https://numpy.org/devdocs/release/1.20.0-notes.html#deprecations
  idx = np.zeros(nsamples, dtype=np.int)
19:53 bilby INFO    : Written checkpoint file hy_outdir/u_hype_76298_resume.pickle
/home/yzq/miniconda3/envs/bilby/lib/python3.8/site-packages/dynesty/utils.py:171: DeprecationWarning: `np.int` is a deprecated alias for the builtin `int`. To silence this warning, use `int` by itself. Doing this will not modify any behavior and is safe. When replacing `np.int`, you may wish to use e.g. `np.int64` or `np.int32` to specify the precision. If you wish to review your current use, check the release note link for additional information.
Deprecated in NumPy 1.20; for more details and guidance: https://numpy.org/devdocs/release/1.20.0-notes.html#deprecations
  idx = np.zeros(nsamples, dtype=np.int)
/home/yzq/miniconda3/envs/bilby/lib/python3.8/site-packages/dynesty/utils.py:171: DeprecationWarning: `np.int` is a deprecated alias for the builtin `int`. To silence this warning, use `int` by itself. Doing this will not modify any behavior and is safe. When replacing `np.int`, you may wish to use e.g. `np.int64` or `np.int32` to specify the precision. If you wish to review your current use, check the release note link for additional information.
Deprecated in NumPy 1.20; for more details and guidance: https://numpy.org/devdocs/release/1.20.0-notes.html#deprecations
  idx = np.zeros(nsamples, dtype=np.int)
20:04 bilby INFO    : Written checkpoint file hy_outdir/u_hype_76298_resume.pickle
/home/yzq/miniconda3/envs/bilby/lib/python3.8/site-packages/dynesty/utils.py:171: DeprecationWarning: `np.int` is a deprecated alias for the builtin `int`. To silence this warning, use `int` by itself. Doing this will not modify any behavior and is safe. When replacing `np.int`, you may wish to use e.g. `np.int64` or `np.int32` to specify the precision. If you wish to review your current use, check the release note link for additional information.
Deprecated in NumPy 1.20; for more details and guidance: https://numpy.org/devdocs/release/1.20.0-notes.html#deprecations
  idx = np.zeros(nsamples, dtype=np.int)
/home/yzq/miniconda3/envs/bilby/lib/python3.8/site-packages/dynesty/utils.py:171: DeprecationWarning: `np.int` is a deprecated alias for the builtin `int`. To silence this warning, use `int` by itself. Doing this will not modify any behavior and is safe. When replacing `np.int`, you may wish to use e.g. `np.int64` or `np.int32` to specify the precision. If you wish to review your current use, check the release note link for additional information.
Deprecated in NumPy 1.20; for more details and guidance: https://numpy.org/devdocs/release/1.20.0-notes.html#deprecations
  idx = np.zeros(nsamples, dtype=np.int)
20:14 bilby INFO    : Written checkpoint file hy_outdir/u_hype_76298_resume.pickle
/home/yzq/miniconda3/envs/bilby/lib/python3.8/site-packages/dynesty/utils.py:171: DeprecationWarning: `np.int` is a deprecated alias for the builtin `int`. To silence this warning, use `int` by itself. Doing this will not modify any behavior and is safe. When replacing `np.int`, you may wish to use e.g. `np.int64` or `np.int32` to specify the precision. If you wish to review your current use, check the release note link for additional information.
Deprecated in NumPy 1.20; for more details and guidance: https://numpy.org/devdocs/release/1.20.0-notes.html#deprecations
  idx = np.zeros(nsamples, dtype=np.int)
/home/yzq/miniconda3/envs/bilby/lib/python3.8/site-packages/dynesty/utils.py:171: DeprecationWarning: `np.int` is a deprecated alias for the builtin `int`. To silence this warning, use `int` by itself. Doing this will not modify any behavior and is safe. When replacing `np.int`, you may wish to use e.g. `np.int64` or `np.int32` to specify the precision. If you wish to review your current use, check the release note link for additional information.
Deprecated in NumPy 1.20; for more details and guidance: https://numpy.org/devdocs/release/1.20.0-notes.html#deprecations
  idx = np.zeros(nsamples, dtype=np.int)
20:28 bilby INFO    : Written checkpoint file hy_outdir/u_hype_76298_resume.pickle
/home/yzq/miniconda3/envs/bilby/lib/python3.8/site-packages/dynesty/utils.py:171: DeprecationWarning: `np.int` is a deprecated alias for the builtin `int`. To silence this warning, use `int` by itself. Doing this will not modify any behavior and is safe. When replacing `np.int`, you may wish to use e.g. `np.int64` or `np.int32` to specify the precision. If you wish to review your current use, check the release note link for additional information.
Deprecated in NumPy 1.20; for more details and guidance: https://numpy.org/devdocs/release/1.20.0-notes.html#deprecations
  idx = np.zeros(nsamples, dtype=np.int)
/home/yzq/miniconda3/envs/bilby/lib/python3.8/site-packages/dynesty/utils.py:171: DeprecationWarning: `np.int` is a deprecated alias for the builtin `int`. To silence this warning, use `int` by itself. Doing this will not modify any behavior and is safe. When replacing `np.int`, you may wish to use e.g. `np.int64` or `np.int32` to specify the precision. If you wish to review your current use, check the release note link for additional information.
Deprecated in NumPy 1.20; for more details and guidance: https://numpy.org/devdocs/release/1.20.0-notes.html#deprecations
  idx = np.zeros(nsamples, dtype=np.int)
20:40 bilby INFO    : Written checkpoint file hy_outdir/u_hype_76298_resume.pickle
/home/yzq/miniconda3/envs/bilby/lib/python3.8/site-packages/dynesty/utils.py:171: DeprecationWarning: `np.int` is a deprecated alias for the builtin `int`. To silence this warning, use `int` by itself. Doing this will not modify any behavior and is safe. When replacing `np.int`, you may wish to use e.g. `np.int64` or `np.int32` to specify the precision. If you wish to review your current use, check the release note link for additional information.
Deprecated in NumPy 1.20; for more details and guidance: https://numpy.org/devdocs/release/1.20.0-notes.html#deprecations
  idx = np.zeros(nsamples, dtype=np.int)
/home/yzq/miniconda3/envs/bilby/lib/python3.8/site-packages/dynesty/utils.py:171: DeprecationWarning: `np.int` is a deprecated alias for the builtin `int`. To silence this warning, use `int` by itself. Doing this will not modify any behavior and is safe. When replacing `np.int`, you may wish to use e.g. `np.int64` or `np.int32` to specify the precision. If you wish to review your current use, check the release note link for additional information.
Deprecated in NumPy 1.20; for more details and guidance: https://numpy.org/devdocs/release/1.20.0-notes.html#deprecations
  idx = np.zeros(nsamples, dtype=np.int)
20:50 bilby INFO    : Written checkpoint file hy_outdir/u_hype_76298_resume.pickle
/home/yzq/miniconda3/envs/bilby/lib/python3.8/site-packages/dynesty/utils.py:171: DeprecationWarning: `np.int` is a deprecated alias for the builtin `int`. To silence this warning, use `int` by itself. Doing this will not modify any behavior and is safe. When replacing `np.int`, you may wish to use e.g. `np.int64` or `np.int32` to specify the precision. If you wish to review your current use, check the release note link for additional information.
Deprecated in NumPy 1.20; for more details and guidance: https://numpy.org/devdocs/release/1.20.0-notes.html#deprecations
  idx = np.zeros(nsamples, dtype=np.int)
/home/yzq/miniconda3/envs/bilby/lib/python3.8/site-packages/dynesty/utils.py:171: DeprecationWarning: `np.int` is a deprecated alias for the builtin `int`. To silence this warning, use `int` by itself. Doing this will not modify any behavior and is safe. When replacing `np.int`, you may wish to use e.g. `np.int64` or `np.int32` to specify the precision. If you wish to review your current use, check the release note link for additional information.
Deprecated in NumPy 1.20; for more details and guidance: https://numpy.org/devdocs/release/1.20.0-notes.html#deprecations
  idx = np.zeros(nsamples, dtype=np.int)
21:01 bilby INFO    : Written checkpoint file hy_outdir/u_hype_76298_resume.pickle
