22:29 bilby INFO    : Running for label 'u_hype_36550', output will be saved to 'hy_outdir'
22:29 bilby INFO    : Search parameters:
22:29 bilby INFO    :   mu1 = Uniform(minimum=0.9, maximum=2.9, name='mu1', latex_label='$\\mu_1$', unit=None, boundary=None)
22:29 bilby INFO    :   sigma1 = Uniform(minimum=0.01, maximum=2, name='sigma1', latex_label='$\\sigma_1$', unit=None, boundary=None)
22:29 bilby INFO    :   mu2 = Uniform(minimum=0.9, maximum=2.9, name='mu2', latex_label='$\\mu_2$', unit=None, boundary=None)
22:29 bilby INFO    :   sigma2 = Uniform(minimum=0.01, maximum=2, name='sigma2', latex_label='$\\sigma_2$', unit=None, boundary=None)
22:29 bilby INFO    :   alpha = Uniform(minimum=0.01, maximum=1, name='alpha', latex_label='$\\alpha$', unit=None, boundary=None)
22:29 bilby INFO    : Single likelihood evaluation took 1.312e-02 s
22:29 bilby INFO    : Using sampler Dynesty with kwargs {'bound': 'multi', 'sample': 'rwalk', 'verbose': True, 'periodic': None, 'reflective': None, 'check_point_delta_t': 600, 'nlive': 400, 'first_update': None, 'walks': 100, 'npdim': None, 'rstate': None, 'queue_size': 4, 'pool': None, 'use_pool': None, 'live_points': None, 'logl_args': None, 'logl_kwargs': None, 'ptform_args': None, 'ptform_kwargs': None, 'enlarge': 1.5, 'bootstrap': None, 'vol_dec': 0.5, 'vol_check': 8.0, 'facc': 0.2, 'slices': 5, 'update_interval': 240, 'print_func': <bound method Dynesty._print_func of <bilby.core.sampler.dynesty.Dynesty object at 0x7f0890de2b70>>, 'dlogz': 0.1, 'maxiter': None, 'maxcall': None, 'logl_max': inf, 'add_live': True, 'print_progress': True, 'save_bounds': False, 'n_effective': None, 'maxmcmc': 5000, 'nact': 5}
22:29 bilby INFO    : Checkpoint every check_point_delta_t = 600s
22:29 bilby INFO    : Using dynesty version 1.1
22:29 bilby INFO    : Using the bilby-implemented rwalk sample method with ACT estimated walks
22:29 bilby INFO    : Setting up multiproccesing pool with 4 processes.
22:29 bilby INFO    : Generating initial points from the prior
22:39 bilby INFO    : Written checkpoint file hy_outdir/u_hype_36550_resume.pickle
22:49 bilby INFO    : Written checkpoint file hy_outdir/u_hype_36550_resume.pickle
22:59 bilby INFO    : Written checkpoint file hy_outdir/u_hype_36550_resume.pickle
23:09 bilby INFO    : Written checkpoint file hy_outdir/u_hype_36550_resume.pickle
23:19 bilby INFO    : Written checkpoint file hy_outdir/u_hype_36550_resume.pickle
23:29 bilby INFO    : Written checkpoint file hy_outdir/u_hype_36550_resume.pickle
23:39 bilby INFO    : Written checkpoint file hy_outdir/u_hype_36550_resume.pickle
23:49 bilby INFO    : Written checkpoint file hy_outdir/u_hype_36550_resume.pickle
00:00 bilby INFO    : Written checkpoint file hy_outdir/u_hype_36550_resume.pickle
00:10 bilby INFO    : Written checkpoint file hy_outdir/u_hype_36550_resume.pickle
00:20 bilby INFO    : Written checkpoint file hy_outdir/u_hype_36550_resume.pickle
00:30 bilby INFO    : Written checkpoint file hy_outdir/u_hype_36550_resume.pickle
00:40 bilby INFO    : Written checkpoint file hy_outdir/u_hype_36550_resume.pickle
00:51 bilby INFO    : Written checkpoint file hy_outdir/u_hype_36550_resume.pickle
01:01 bilby INFO    : Written checkpoint file hy_outdir/u_hype_36550_resume.pickle
01:11 bilby INFO    : Written checkpoint file hy_outdir/u_hype_36550_resume.pickle
01:21 bilby INFO    : Written checkpoint file hy_outdir/u_hype_36550_resume.pickle
01:31 bilby INFO    : Written checkpoint file hy_outdir/u_hype_36550_resume.pickle
01:41 bilby INFO    : Written checkpoint file hy_outdir/u_hype_36550_resume.pickle
01:52 bilby INFO    : Written checkpoint file hy_outdir/u_hype_36550_resume.pickle
01:52 bilby INFO    : Writing 156 current samples to hy_outdir/u_hype_36550_samples.dat
02:02 bilby INFO    : Written checkpoint file hy_outdir/u_hype_36550_resume.pickle
02:02 bilby INFO    : Writing 214 current samples to hy_outdir/u_hype_36550_samples.dat
02:12 bilby INFO    : Written checkpoint file hy_outdir/u_hype_36550_resume.pickle
02:12 bilby INFO    : Writing 272 current samples to hy_outdir/u_hype_36550_samples.dat
02:22 bilby INFO    : Written checkpoint file hy_outdir/u_hype_36550_resume.pickle
02:22 bilby INFO    : Writing 391 current samples to hy_outdir/u_hype_36550_samples.dat
02:33 bilby INFO    : Written checkpoint file hy_outdir/u_hype_36550_resume.pickle
02:33 bilby INFO    : Writing 481 current samples to hy_outdir/u_hype_36550_samples.dat
02:43 bilby INFO    : Written checkpoint file hy_outdir/u_hype_36550_resume.pickle
02:43 bilby INFO    : Writing 705 current samples to hy_outdir/u_hype_36550_samples.dat
02:53 bilby INFO    : Written checkpoint file hy_outdir/u_hype_36550_resume.pickle
02:53 bilby INFO    : Writing 907 current samples to hy_outdir/u_hype_36550_samples.dat
03:03 bilby INFO    : Written checkpoint file hy_outdir/u_hype_36550_resume.pickle
03:03 bilby INFO    : Writing 1226 current samples to hy_outdir/u_hype_36550_samples.dat
03:13 bilby INFO    : Written checkpoint file hy_outdir/u_hype_36550_resume.pickle
03:13 bilby INFO    : Writing 1740 current samples to hy_outdir/u_hype_36550_samples.dat
03:24 bilby INFO    : Written checkpoint file hy_outdir/u_hype_36550_resume.pickle
03:24 bilby INFO    : Writing 1774 current samples to hy_outdir/u_hype_36550_samples.dat
03:34 bilby INFO    : Written checkpoint file hy_outdir/u_hype_36550_resume.pickle
03:34 bilby INFO    : Writing 1774 current samples to hy_outdir/u_hype_36550_samples.dat
03:40 bilby INFO    : Written checkpoint file hy_outdir/u_hype_36550_resume.pickle
03:40 bilby INFO    : Writing 1807 current samples to hy_outdir/u_hype_36550_samples.dat
03:40 bilby INFO    : Starting to close worker pool.
03:40 bilby INFO    : Finished closing worker pool.
03:40 bilby INFO    : Sampling time: 5:11:15.103964
03:40 bilby INFO    : Summary of results:
nsamples: 6875
ln_noise_evidence:  0.000
ln_evidence: 57.167 +/-  0.242
ln_bayes_factor: 57.167 +/-  0.242

