22:17 bilby INFO    : Running for label 'u_hype_59318', output will be saved to 'hy_outdir'
22:17 bilby INFO    : Search parameters:
22:17 bilby INFO    :   alpha = Uniform(minimum=-5, maximum=25, name='alpha', latex_label='$\\alpha$', unit=None, boundary=None)
22:17 bilby INFO    :   mmin = Uniform(minimum=0.9, maximum=1.5, name='mmin', latex_label='$mmin$', unit=None, boundary=None)
22:17 bilby INFO    :   mmax = Uniform(minimum=1.5, maximum=2.9, name='mmax', latex_label='$mmax$', unit=None, boundary=None)
22:17 bilby INFO    :   lam = Uniform(minimum=0.0, maximum=1, name='lam', latex_label='$\\lambda$', unit=None, boundary=None)
22:17 bilby INFO    :   mu_g = Uniform(minimum=1.5, maximum=2.9, name='mpp', latex_label='$mpp$', unit=None, boundary=None)
22:17 bilby INFO    :   sigma_g = Uniform(minimum=0.01, maximum=2, name='sigpp', latex_label='$\\sigma$', unit=None, boundary=None)
22:17 bilby INFO    :   delta_m = Uniform(minimum=0.01, maximum=1, name='delta', latex_label='$\\delta$', unit=None, boundary=None)
22:17 bilby INFO    : Single likelihood evaluation took 6.659e-02 s
22:17 bilby INFO    : Using sampler Dynesty with kwargs {'bound': 'multi', 'sample': 'rwalk', 'verbose': True, 'periodic': None, 'reflective': None, 'check_point_delta_t': 600, 'nlive': 400, 'first_update': None, 'walks': 100, 'npdim': None, 'rstate': None, 'queue_size': 4, 'pool': None, 'use_pool': None, 'live_points': None, 'logl_args': None, 'logl_kwargs': None, 'ptform_args': None, 'ptform_kwargs': None, 'enlarge': 1.5, 'bootstrap': None, 'vol_dec': 0.5, 'vol_check': 8.0, 'facc': 0.2, 'slices': 5, 'update_interval': 240, 'print_func': <bound method Dynesty._print_func of <bilby.core.sampler.dynesty.Dynesty object at 0x7f0a86a1b0b8>>, 'dlogz': 0.1, 'maxiter': None, 'maxcall': None, 'logl_max': inf, 'add_live': True, 'print_progress': True, 'save_bounds': False, 'n_effective': None, 'maxmcmc': 5000, 'nact': 5}
22:17 bilby INFO    : Checkpoint every check_point_delta_t = 600s
22:17 bilby INFO    : Using dynesty version 1.1
22:17 bilby INFO    : Using the bilby-implemented rwalk sample method with ACT estimated walks
22:17 bilby INFO    : Setting up multiproccesing pool with 4 processes.
22:17 bilby INFO    : Generating initial points from the prior
22:29 bilby INFO    : Written checkpoint file hy_outdir/u_hype_59318_resume.pickle
22:39 bilby INFO    : Written checkpoint file hy_outdir/u_hype_59318_resume.pickle
22:49 bilby INFO    : Written checkpoint file hy_outdir/u_hype_59318_resume.pickle
23:00 bilby INFO    : Written checkpoint file hy_outdir/u_hype_59318_resume.pickle
23:10 bilby INFO    : Written checkpoint file hy_outdir/u_hype_59318_resume.pickle
23:21 bilby INFO    : Written checkpoint file hy_outdir/u_hype_59318_resume.pickle
23:31 bilby INFO    : Written checkpoint file hy_outdir/u_hype_59318_resume.pickle
23:41 bilby INFO    : Written checkpoint file hy_outdir/u_hype_59318_resume.pickle
23:52 bilby INFO    : Written checkpoint file hy_outdir/u_hype_59318_resume.pickle
00:02 bilby INFO    : Written checkpoint file hy_outdir/u_hype_59318_resume.pickle
00:12 bilby INFO    : Written checkpoint file hy_outdir/u_hype_59318_resume.pickle
00:23 bilby INFO    : Written checkpoint file hy_outdir/u_hype_59318_resume.pickle
00:33 bilby INFO    : Written checkpoint file hy_outdir/u_hype_59318_resume.pickle
00:43 bilby INFO    : Written checkpoint file hy_outdir/u_hype_59318_resume.pickle
00:53 bilby INFO    : Written checkpoint file hy_outdir/u_hype_59318_resume.pickle
01:03 bilby INFO    : Written checkpoint file hy_outdir/u_hype_59318_resume.pickle
01:14 bilby INFO    : Written checkpoint file hy_outdir/u_hype_59318_resume.pickle
01:24 bilby INFO    : Written checkpoint file hy_outdir/u_hype_59318_resume.pickle
01:34 bilby INFO    : Written checkpoint file hy_outdir/u_hype_59318_resume.pickle
01:45 bilby INFO    : Written checkpoint file hy_outdir/u_hype_59318_resume.pickle
01:45 bilby INFO    : Writing 119 current samples to hy_outdir/u_hype_59318_samples.dat
01:55 bilby INFO    : Written checkpoint file hy_outdir/u_hype_59318_resume.pickle
01:55 bilby INFO    : Writing 123 current samples to hy_outdir/u_hype_59318_samples.dat
02:05 bilby INFO    : Written checkpoint file hy_outdir/u_hype_59318_resume.pickle
02:05 bilby INFO    : Writing 155 current samples to hy_outdir/u_hype_59318_samples.dat
02:15 bilby INFO    : Written checkpoint file hy_outdir/u_hype_59318_resume.pickle
02:15 bilby INFO    : Writing 167 current samples to hy_outdir/u_hype_59318_samples.dat
02:26 bilby INFO    : Written checkpoint file hy_outdir/u_hype_59318_resume.pickle
02:26 bilby INFO    : Writing 193 current samples to hy_outdir/u_hype_59318_samples.dat
02:36 bilby INFO    : Written checkpoint file hy_outdir/u_hype_59318_resume.pickle
02:36 bilby INFO    : Writing 293 current samples to hy_outdir/u_hype_59318_samples.dat
02:46 bilby INFO    : Written checkpoint file hy_outdir/u_hype_59318_resume.pickle
02:46 bilby INFO    : Writing 353 current samples to hy_outdir/u_hype_59318_samples.dat
02:57 bilby INFO    : Written checkpoint file hy_outdir/u_hype_59318_resume.pickle
02:57 bilby INFO    : Writing 468 current samples to hy_outdir/u_hype_59318_samples.dat
03:07 bilby INFO    : Written checkpoint file hy_outdir/u_hype_59318_resume.pickle
03:07 bilby INFO    : Writing 566 current samples to hy_outdir/u_hype_59318_samples.dat
03:18 bilby INFO    : Written checkpoint file hy_outdir/u_hype_59318_resume.pickle
03:18 bilby INFO    : Writing 541 current samples to hy_outdir/u_hype_59318_samples.dat
03:28 bilby INFO    : Written checkpoint file hy_outdir/u_hype_59318_resume.pickle
03:28 bilby INFO    : Writing 665 current samples to hy_outdir/u_hype_59318_samples.dat
03:38 bilby INFO    : Written checkpoint file hy_outdir/u_hype_59318_resume.pickle
03:38 bilby INFO    : Writing 777 current samples to hy_outdir/u_hype_59318_samples.dat
03:48 bilby INFO    : Written checkpoint file hy_outdir/u_hype_59318_resume.pickle
03:48 bilby INFO    : Writing 963 current samples to hy_outdir/u_hype_59318_samples.dat
03:59 bilby INFO    : Written checkpoint file hy_outdir/u_hype_59318_resume.pickle
03:59 bilby INFO    : Writing 1184 current samples to hy_outdir/u_hype_59318_samples.dat
04:09 bilby INFO    : Written checkpoint file hy_outdir/u_hype_59318_resume.pickle
04:09 bilby INFO    : Writing 1527 current samples to hy_outdir/u_hype_59318_samples.dat
04:19 bilby INFO    : Written checkpoint file hy_outdir/u_hype_59318_resume.pickle
04:19 bilby INFO    : Writing 1800 current samples to hy_outdir/u_hype_59318_samples.dat
04:29 bilby INFO    : Written checkpoint file hy_outdir/u_hype_59318_resume.pickle
04:29 bilby INFO    : Writing 1824 current samples to hy_outdir/u_hype_59318_samples.dat
04:40 bilby INFO    : Written checkpoint file hy_outdir/u_hype_59318_resume.pickle
04:40 bilby INFO    : Writing 1827 current samples to hy_outdir/u_hype_59318_samples.dat
04:50 bilby INFO    : Written checkpoint file hy_outdir/u_hype_59318_resume.pickle
04:50 bilby INFO    : Writing 1822 current samples to hy_outdir/u_hype_59318_samples.dat
05:00 bilby INFO    : Written checkpoint file hy_outdir/u_hype_59318_resume.pickle
05:00 bilby INFO    : Writing 1827 current samples to hy_outdir/u_hype_59318_samples.dat
05:10 bilby INFO    : Written checkpoint file hy_outdir/u_hype_59318_resume.pickle
05:10 bilby INFO    : Writing 1795 current samples to hy_outdir/u_hype_59318_samples.dat
05:12 bilby INFO    : Written checkpoint file hy_outdir/u_hype_59318_resume.pickle
05:12 bilby INFO    : Writing 1786 current samples to hy_outdir/u_hype_59318_samples.dat
05:12 bilby INFO    : Starting to close worker pool.
05:12 bilby INFO    : Finished closing worker pool.
05:12 bilby INFO    : Sampling time: 6:53:31.159670
05:12 bilby INFO    : Summary of results:
nsamples: 5429
ln_noise_evidence:  0.000
ln_evidence: 56.593 +/-  0.196
ln_bayes_factor: 56.593 +/-  0.196

