22:17 bilby INFO    : Running for label 'u_hype_84511', output will be saved to 'hy_outdir'
22:17 bilby INFO    : Search parameters:
22:17 bilby INFO    :   mu = Uniform(minimum=0.9, maximum=2.9, name='s_mu', latex_label='$\\mu$', unit=None, boundary=None)
22:17 bilby INFO    :   sigma = Uniform(minimum=0.01, maximum=2, name='s_sigma', latex_label='$\\sigma$', unit=None, boundary=None)
22:17 bilby INFO    : Single likelihood evaluation took 1.563e-02 s
22:17 bilby INFO    : Using sampler Dynesty with kwargs {'bound': 'multi', 'sample': 'rwalk', 'verbose': True, 'periodic': None, 'reflective': None, 'check_point_delta_t': 600, 'nlive': 400, 'first_update': None, 'walks': 100, 'npdim': None, 'rstate': None, 'queue_size': 4, 'pool': None, 'use_pool': None, 'live_points': None, 'logl_args': None, 'logl_kwargs': None, 'ptform_args': None, 'ptform_kwargs': None, 'enlarge': 1.5, 'bootstrap': None, 'vol_dec': 0.5, 'vol_check': 8.0, 'facc': 0.2, 'slices': 5, 'update_interval': 240, 'print_func': <bound method Dynesty._print_func of <bilby.core.sampler.dynesty.Dynesty object at 0x7f3b23e3d080>>, 'dlogz': 0.1, 'maxiter': None, 'maxcall': None, 'logl_max': inf, 'add_live': True, 'print_progress': True, 'save_bounds': False, 'n_effective': None, 'maxmcmc': 5000, 'nact': 5}
22:17 bilby INFO    : Checkpoint every check_point_delta_t = 600s
22:17 bilby INFO    : Using dynesty version 1.1
22:17 bilby INFO    : Using the bilby-implemented rwalk sample method with ACT estimated walks
22:17 bilby INFO    : Setting up multiproccesing pool with 4 processes.
22:17 bilby INFO    : Generating initial points from the prior
22:27 bilby INFO    : Written checkpoint file hy_outdir/u_hype_84511_resume.pickle
22:37 bilby INFO    : Written checkpoint file hy_outdir/u_hype_84511_resume.pickle
22:47 bilby INFO    : Written checkpoint file hy_outdir/u_hype_84511_resume.pickle
22:57 bilby INFO    : Written checkpoint file hy_outdir/u_hype_84511_resume.pickle
23:08 bilby INFO    : Written checkpoint file hy_outdir/u_hype_84511_resume.pickle
23:18 bilby INFO    : Written checkpoint file hy_outdir/u_hype_84511_resume.pickle
23:18 bilby INFO    : Writing 125 current samples to hy_outdir/u_hype_84511_samples.dat
23:28 bilby INFO    : Written checkpoint file hy_outdir/u_hype_84511_resume.pickle
23:28 bilby INFO    : Writing 153 current samples to hy_outdir/u_hype_84511_samples.dat
23:38 bilby INFO    : Written checkpoint file hy_outdir/u_hype_84511_resume.pickle
23:38 bilby INFO    : Writing 187 current samples to hy_outdir/u_hype_84511_samples.dat
23:48 bilby INFO    : Written checkpoint file hy_outdir/u_hype_84511_resume.pickle
23:48 bilby INFO    : Writing 250 current samples to hy_outdir/u_hype_84511_samples.dat
23:59 bilby INFO    : Written checkpoint file hy_outdir/u_hype_84511_resume.pickle
23:59 bilby INFO    : Writing 303 current samples to hy_outdir/u_hype_84511_samples.dat
00:09 bilby INFO    : Written checkpoint file hy_outdir/u_hype_84511_resume.pickle
00:09 bilby INFO    : Writing 383 current samples to hy_outdir/u_hype_84511_samples.dat
00:19 bilby INFO    : Written checkpoint file hy_outdir/u_hype_84511_resume.pickle
00:19 bilby INFO    : Writing 508 current samples to hy_outdir/u_hype_84511_samples.dat
00:29 bilby INFO    : Written checkpoint file hy_outdir/u_hype_84511_resume.pickle
00:29 bilby INFO    : Writing 646 current samples to hy_outdir/u_hype_84511_samples.dat
00:40 bilby INFO    : Written checkpoint file hy_outdir/u_hype_84511_resume.pickle
00:40 bilby INFO    : Writing 798 current samples to hy_outdir/u_hype_84511_samples.dat
00:50 bilby INFO    : Written checkpoint file hy_outdir/u_hype_84511_resume.pickle
00:50 bilby INFO    : Writing 1041 current samples to hy_outdir/u_hype_84511_samples.dat
01:00 bilby INFO    : Written checkpoint file hy_outdir/u_hype_84511_resume.pickle
01:00 bilby INFO    : Writing 1128 current samples to hy_outdir/u_hype_84511_samples.dat
01:11 bilby INFO    : Written checkpoint file hy_outdir/u_hype_84511_resume.pickle
01:11 bilby INFO    : Writing 1139 current samples to hy_outdir/u_hype_84511_samples.dat
01:21 bilby INFO    : Written checkpoint file hy_outdir/u_hype_84511_resume.pickle
01:21 bilby INFO    : Writing 1173 current samples to hy_outdir/u_hype_84511_samples.dat
01:31 bilby INFO    : Written checkpoint file hy_outdir/u_hype_84511_resume.pickle
01:31 bilby INFO    : Writing 1150 current samples to hy_outdir/u_hype_84511_samples.dat
01:41 bilby INFO    : Written checkpoint file hy_outdir/u_hype_84511_resume.pickle
01:41 bilby INFO    : Writing 1116 current samples to hy_outdir/u_hype_84511_samples.dat
01:48 bilby INFO    : Written checkpoint file hy_outdir/u_hype_84511_resume.pickle
01:48 bilby INFO    : Writing 1137 current samples to hy_outdir/u_hype_84511_samples.dat
01:48 bilby INFO    : Starting to close worker pool.
01:48 bilby INFO    : Finished closing worker pool.
01:48 bilby INFO    : Sampling time: 3:31:04.858438
01:48 bilby INFO    : Summary of results:
nsamples: 3944
ln_noise_evidence:  0.000
ln_evidence: 41.548 +/-  0.165
ln_bayes_factor: 41.548 +/-  0.165

