01:58 bilby INFO    : Running for label 'u_hype_6326', output will be saved to 'hy_outdir'
01:58 bilby INFO    : Search parameters:
01:58 bilby INFO    :   mu = Uniform(minimum=0.9, maximum=2.9, name='s_mu', latex_label='$\\mu$', unit=None, boundary=None)
01:58 bilby INFO    :   sigma = Uniform(minimum=0.01, maximum=2, name='s_sigma', latex_label='$\\sigma$', unit=None, boundary=None)
01:58 bilby INFO    :   mlo = Uniform(minimum=0.9, maximum=1.5, name='mlow', latex_label='$mlow$', unit=None, boundary=None)
01:58 bilby INFO    :   mup = Uniform(minimum=1.5, maximum=2.9, name='mup', latex_label='$mup$', unit=None, boundary=None)
01:58 bilby INFO    : Single likelihood evaluation took 6.898e-03 s
01:58 bilby INFO    : Using sampler Dynesty with kwargs {'bound': 'multi', 'sample': 'rwalk', 'verbose': True, 'periodic': None, 'reflective': None, 'check_point_delta_t': 600, 'nlive': 400, 'first_update': None, 'walks': 100, 'npdim': None, 'rstate': None, 'queue_size': 5, 'pool': None, 'use_pool': None, 'live_points': None, 'logl_args': None, 'logl_kwargs': None, 'ptform_args': None, 'ptform_kwargs': None, 'enlarge': 1.5, 'bootstrap': None, 'vol_dec': 0.5, 'vol_check': 8.0, 'facc': 0.2, 'slices': 5, 'update_interval': 240, 'print_func': <bound method Dynesty._print_func of <bilby.core.sampler.dynesty.Dynesty object at 0x7feda415b0f0>>, 'dlogz': 0.1, 'maxiter': None, 'maxcall': None, 'logl_max': inf, 'add_live': True, 'print_progress': True, 'save_bounds': False, 'n_effective': None, 'maxmcmc': 5000, 'nact': 5}
01:58 bilby INFO    : Checkpoint every check_point_delta_t = 600s
01:58 bilby INFO    : Using dynesty version 1.1
01:58 bilby INFO    : Using the bilby-implemented rwalk sample method with ACT estimated walks
01:58 bilby INFO    : Setting up multiproccesing pool with 5 processes.
01:58 bilby INFO    : Generating initial points from the prior
02:08 bilby INFO    : Written checkpoint file hy_outdir/u_hype_6326_resume.pickle
02:18 bilby INFO    : Written checkpoint file hy_outdir/u_hype_6326_resume.pickle
02:28 bilby INFO    : Written checkpoint file hy_outdir/u_hype_6326_resume.pickle
02:38 bilby INFO    : Written checkpoint file hy_outdir/u_hype_6326_resume.pickle
02:48 bilby INFO    : Written checkpoint file hy_outdir/u_hype_6326_resume.pickle
02:59 bilby INFO    : Written checkpoint file hy_outdir/u_hype_6326_resume.pickle
03:09 bilby INFO    : Written checkpoint file hy_outdir/u_hype_6326_resume.pickle
03:19 bilby INFO    : Written checkpoint file hy_outdir/u_hype_6326_resume.pickle
03:29 bilby INFO    : Written checkpoint file hy_outdir/u_hype_6326_resume.pickle
03:39 bilby INFO    : Written checkpoint file hy_outdir/u_hype_6326_resume.pickle
03:39 bilby INFO    : Writing 113 current samples to hy_outdir/u_hype_6326_samples.dat
03:49 bilby INFO    : Written checkpoint file hy_outdir/u_hype_6326_resume.pickle
03:49 bilby INFO    : Writing 140 current samples to hy_outdir/u_hype_6326_samples.dat
03:59 bilby INFO    : Written checkpoint file hy_outdir/u_hype_6326_resume.pickle
03:59 bilby INFO    : Writing 202 current samples to hy_outdir/u_hype_6326_samples.dat
04:10 bilby INFO    : Written checkpoint file hy_outdir/u_hype_6326_resume.pickle
04:10 bilby INFO    : Writing 266 current samples to hy_outdir/u_hype_6326_samples.dat
04:20 bilby INFO    : Written checkpoint file hy_outdir/u_hype_6326_resume.pickle
04:20 bilby INFO    : Writing 412 current samples to hy_outdir/u_hype_6326_samples.dat
04:30 bilby INFO    : Written checkpoint file hy_outdir/u_hype_6326_resume.pickle
04:30 bilby INFO    : Writing 621 current samples to hy_outdir/u_hype_6326_samples.dat
04:40 bilby INFO    : Written checkpoint file hy_outdir/u_hype_6326_resume.pickle
04:40 bilby INFO    : Writing 941 current samples to hy_outdir/u_hype_6326_samples.dat
04:50 bilby INFO    : Written checkpoint file hy_outdir/u_hype_6326_resume.pickle
04:50 bilby INFO    : Writing 1457 current samples to hy_outdir/u_hype_6326_samples.dat
05:01 bilby INFO    : Written checkpoint file hy_outdir/u_hype_6326_resume.pickle
05:01 bilby INFO    : Writing 1552 current samples to hy_outdir/u_hype_6326_samples.dat
05:11 bilby INFO    : Written checkpoint file hy_outdir/u_hype_6326_resume.pickle
05:11 bilby INFO    : Writing 1531 current samples to hy_outdir/u_hype_6326_samples.dat
05:18 bilby INFO    : Written checkpoint file hy_outdir/u_hype_6326_resume.pickle
05:18 bilby INFO    : Writing 1551 current samples to hy_outdir/u_hype_6326_samples.dat
05:18 bilby INFO    : Starting to close worker pool.
05:18 bilby INFO    : Finished closing worker pool.
05:18 bilby WARNING : Multiple likelihood matches found between sorted and unsorted samples. Taking the first match.
05:18 bilby INFO    : Sampling time: 3:19:49.318061
05:18 bilby INFO    : Summary of results:
nsamples: 4793
ln_noise_evidence:  0.000
ln_evidence: 56.128 +/-  0.186
ln_bayes_factor: 56.128 +/-  0.186

