22:50 bilby INFO    : Running for label 'u_hype_82082', output will be saved to 'hy_outdir'
22:50 bilby INFO    : Search parameters:
22:50 bilby INFO    :   k = Uniform(minimum=0, maximum=80, name='k', latex_label='$k$', unit=None, boundary=None)
22:50 bilby INFO    :   theta = Uniform(minimum=0.01, maximum=0.1, name='theta', latex_label='$\\theta$', unit=None, boundary=None)
22:50 bilby INFO    : Single likelihood evaluation took 9.937e-03 s
22:50 bilby INFO    : Using sampler Dynesty with kwargs {'bound': 'multi', 'sample': 'rwalk', 'verbose': True, 'periodic': None, 'reflective': None, 'check_point_delta_t': 600, 'nlive': 400, 'first_update': None, 'walks': 100, 'npdim': None, 'rstate': None, 'queue_size': 20, 'pool': None, 'use_pool': None, 'live_points': None, 'logl_args': None, 'logl_kwargs': None, 'ptform_args': None, 'ptform_kwargs': None, 'enlarge': 1.5, 'bootstrap': None, 'vol_dec': 0.5, 'vol_check': 8.0, 'facc': 0.2, 'slices': 5, 'update_interval': 240, 'print_func': <bound method Dynesty._print_func of <bilby.core.sampler.dynesty.Dynesty object at 0x7fac1afd12b0>>, 'dlogz': 0.1, 'maxiter': None, 'maxcall': None, 'logl_max': inf, 'add_live': True, 'print_progress': True, 'save_bounds': False, 'n_effective': None, 'maxmcmc': 5000, 'nact': 5}
22:50 bilby INFO    : Checkpoint every check_point_delta_t = 600s
22:50 bilby INFO    : Using dynesty version 1.0.1
22:50 bilby INFO    : Using the bilby-implemented rwalk sample method with ACT estimated walks
22:50 bilby INFO    : Setting up multiproccesing pool with 20 processes.
22:50 bilby INFO    : Generating initial points from the prior
23:01 bilby INFO    : Written checkpoint file hy_outdir/u_hype_82082_resume.pickle
23:13 bilby INFO    : Written checkpoint file hy_outdir/u_hype_82082_resume.pickle
23:24 bilby INFO    : Written checkpoint file hy_outdir/u_hype_82082_resume.pickle
23:34 bilby INFO    : Written checkpoint file hy_outdir/u_hype_82082_resume.pickle
23:34 bilby INFO    : Writing 153 current samples to hy_outdir/u_hype_82082_samples.dat
23:45 bilby INFO    : Written checkpoint file hy_outdir/u_hype_82082_resume.pickle
23:45 bilby INFO    : Writing 219 current samples to hy_outdir/u_hype_82082_samples.dat
23:56 bilby INFO    : Written checkpoint file hy_outdir/u_hype_82082_resume.pickle
23:56 bilby INFO    : Writing 342 current samples to hy_outdir/u_hype_82082_samples.dat
00:07 bilby INFO    : Written checkpoint file hy_outdir/u_hype_82082_resume.pickle
00:07 bilby INFO    : Writing 513 current samples to hy_outdir/u_hype_82082_samples.dat
00:17 bilby INFO    : Written checkpoint file hy_outdir/u_hype_82082_resume.pickle
00:17 bilby INFO    : Writing 749 current samples to hy_outdir/u_hype_82082_samples.dat
00:28 bilby INFO    : Written checkpoint file hy_outdir/u_hype_82082_resume.pickle
00:28 bilby INFO    : Writing 1097 current samples to hy_outdir/u_hype_82082_samples.dat
00:39 bilby INFO    : Written checkpoint file hy_outdir/u_hype_82082_resume.pickle
00:39 bilby INFO    : Writing 1099 current samples to hy_outdir/u_hype_82082_samples.dat
00:50 bilby INFO    : Written checkpoint file hy_outdir/u_hype_82082_resume.pickle
00:50 bilby INFO    : Writing 1127 current samples to hy_outdir/u_hype_82082_samples.dat
01:01 bilby INFO    : Written checkpoint file hy_outdir/u_hype_82082_resume.pickle
01:01 bilby INFO    : Writing 1108 current samples to hy_outdir/u_hype_82082_samples.dat
01:03 bilby INFO    : Written checkpoint file hy_outdir/u_hype_82082_resume.pickle
01:03 bilby INFO    : Writing 1117 current samples to hy_outdir/u_hype_82082_samples.dat
01:03 bilby INFO    : Starting to close worker pool.
01:03 bilby INFO    : Finished closing worker pool.
01:03 bilby WARNING : Multiple likelihood matches found between sorted and unsorted samples. Taking the first match.
01:03 bilby WARNING : Multiple likelihood matches found between sorted and unsorted samples. Taking the first match.
01:03 bilby WARNING : Multiple likelihood matches found between sorted and unsorted samples. Taking the first match.
01:03 bilby WARNING : Multiple likelihood matches found between sorted and unsorted samples. Taking the first match.
01:03 bilby WARNING : Multiple likelihood matches found between sorted and unsorted samples. Taking the first match.
01:03 bilby WARNING : Multiple likelihood matches found between sorted and unsorted samples. Taking the first match.
01:03 bilby WARNING : Multiple likelihood matches found between sorted and unsorted samples. Taking the first match.
01:03 bilby WARNING : Multiple likelihood matches found between sorted and unsorted samples. Taking the first match.
01:03 bilby WARNING : Multiple likelihood matches found between sorted and unsorted samples. Taking the first match.
01:03 bilby WARNING : Multiple likelihood matches found between sorted and unsorted samples. Taking the first match.
01:03 bilby WARNING : Multiple likelihood matches found between sorted and unsorted samples. Taking the first match.
01:03 bilby WARNING : Multiple likelihood matches found between sorted and unsorted samples. Taking the first match.
01:03 bilby WARNING : Multiple likelihood matches found between sorted and unsorted samples. Taking the first match.
01:03 bilby WARNING : Multiple likelihood matches found between sorted and unsorted samples. Taking the first match.
01:03 bilby WARNING : Multiple likelihood matches found between sorted and unsorted samples. Taking the first match.
01:03 bilby WARNING : Multiple likelihood matches found between sorted and unsorted samples. Taking the first match.
01:03 bilby WARNING : Multiple likelihood matches found between sorted and unsorted samples. Taking the first match.
01:03 bilby WARNING : Multiple likelihood matches found between sorted and unsorted samples. Taking the first match.
01:03 bilby WARNING : Multiple likelihood matches found between sorted and unsorted samples. Taking the first match.
01:03 bilby WARNING : Multiple likelihood matches found between sorted and unsorted samples. Taking the first match.
01:03 bilby WARNING : Multiple likelihood matches found between sorted and unsorted samples. Taking the first match.
01:03 bilby WARNING : Multiple likelihood matches found between sorted and unsorted samples. Taking the first match.
01:03 bilby WARNING : Multiple likelihood matches found between sorted and unsorted samples. Taking the first match.
01:03 bilby WARNING : Multiple likelihood matches found between sorted and unsorted samples. Taking the first match.
01:03 bilby WARNING : Multiple likelihood matches found between sorted and unsorted samples. Taking the first match.
01:03 bilby WARNING : Multiple likelihood matches found between sorted and unsorted samples. Taking the first match.
01:03 bilby WARNING : Multiple likelihood matches found between sorted and unsorted samples. Taking the first match.
01:03 bilby WARNING : Multiple likelihood matches found between sorted and unsorted samples. Taking the first match.
01:03 bilby WARNING : Multiple likelihood matches found between sorted and unsorted samples. Taking the first match.
01:03 bilby WARNING : Multiple likelihood matches found between sorted and unsorted samples. Taking the first match.
01:03 bilby WARNING : Multiple likelihood matches found between sorted and unsorted samples. Taking the first match.
01:03 bilby WARNING : Multiple likelihood matches found between sorted and unsorted samples. Taking the first match.
01:03 bilby WARNING : Multiple likelihood matches found between sorted and unsorted samples. Taking the first match.
01:03 bilby WARNING : Multiple likelihood matches found between sorted and unsorted samples. Taking the first match.
01:03 bilby WARNING : Multiple likelihood matches found between sorted and unsorted samples. Taking the first match.
01:03 bilby WARNING : Multiple likelihood matches found between sorted and unsorted samples. Taking the first match.
01:03 bilby WARNING : Multiple likelihood matches found between sorted and unsorted samples. Taking the first match.
01:03 bilby WARNING : Multiple likelihood matches found between sorted and unsorted samples. Taking the first match.
01:03 bilby WARNING : Multiple likelihood matches found between sorted and unsorted samples. Taking the first match.
01:03 bilby WARNING : Multiple likelihood matches found between sorted and unsorted samples. Taking the first match.
01:03 bilby WARNING : Multiple likelihood matches found between sorted and unsorted samples. Taking the first match.
01:03 bilby WARNING : Multiple likelihood matches found between sorted and unsorted samples. Taking the first match.
01:03 bilby WARNING : Multiple likelihood matches found between sorted and unsorted samples. Taking the first match.
01:03 bilby WARNING : Multiple likelihood matches found between sorted and unsorted samples. Taking the first match.
01:03 bilby WARNING : Multiple likelihood matches found between sorted and unsorted samples. Taking the first match.
01:03 bilby WARNING : Multiple likelihood matches found between sorted and unsorted samples. Taking the first match.
01:03 bilby WARNING : Multiple likelihood matches found between sorted and unsorted samples. Taking the first match.
01:03 bilby WARNING : Multiple likelihood matches found between sorted and unsorted samples. Taking the first match.
01:03 bilby WARNING : Multiple likelihood matches found between sorted and unsorted samples. Taking the first match.
01:03 bilby WARNING : Multiple likelihood matches found between sorted and unsorted samples. Taking the first match.
01:03 bilby WARNING : Multiple likelihood matches found between sorted and unsorted samples. Taking the first match.
01:03 bilby WARNING : Multiple likelihood matches found between sorted and unsorted samples. Taking the first match.
01:03 bilby WARNING : Multiple likelihood matches found between sorted and unsorted samples. Taking the first match.
01:03 bilby WARNING : Multiple likelihood matches found between sorted and unsorted samples. Taking the first match.
01:03 bilby WARNING : Multiple likelihood matches found between sorted and unsorted samples. Taking the first match.
01:03 bilby WARNING : Multiple likelihood matches found between sorted and unsorted samples. Taking the first match.
01:03 bilby WARNING : Multiple likelihood matches found between sorted and unsorted samples. Taking the first match.
01:03 bilby WARNING : Multiple likelihood matches found between sorted and unsorted samples. Taking the first match.
01:03 bilby WARNING : Multiple likelihood matches found between sorted and unsorted samples. Taking the first match.
01:03 bilby WARNING : Multiple likelihood matches found between sorted and unsorted samples. Taking the first match.
01:03 bilby WARNING : Multiple likelihood matches found between sorted and unsorted samples. Taking the first match.
01:03 bilby WARNING : Multiple likelihood matches found between sorted and unsorted samples. Taking the first match.
01:03 bilby WARNING : Multiple likelihood matches found between sorted and unsorted samples. Taking the first match.
01:03 bilby WARNING : Multiple likelihood matches found between sorted and unsorted samples. Taking the first match.
01:03 bilby WARNING : Multiple likelihood matches found between sorted and unsorted samples. Taking the first match.
01:03 bilby WARNING : Multiple likelihood matches found between sorted and unsorted samples. Taking the first match.
01:03 bilby WARNING : Multiple likelihood matches found between sorted and unsorted samples. Taking the first match.
01:03 bilby WARNING : Multiple likelihood matches found between sorted and unsorted samples. Taking the first match.
01:03 bilby WARNING : Multiple likelihood matches found between sorted and unsorted samples. Taking the first match.
01:03 bilby WARNING : Multiple likelihood matches found between sorted and unsorted samples. Taking the first match.
01:03 bilby WARNING : Multiple likelihood matches found between sorted and unsorted samples. Taking the first match.
01:03 bilby WARNING : Multiple likelihood matches found between sorted and unsorted samples. Taking the first match.
01:03 bilby WARNING : Multiple likelihood matches found between sorted and unsorted samples. Taking the first match.
01:03 bilby WARNING : Multiple likelihood matches found between sorted and unsorted samples. Taking the first match.
01:03 bilby WARNING : Multiple likelihood matches found between sorted and unsorted samples. Taking the first match.
01:03 bilby WARNING : Multiple likelihood matches found between sorted and unsorted samples. Taking the first match.
01:03 bilby WARNING : Multiple likelihood matches found between sorted and unsorted samples. Taking the first match.
01:03 bilby WARNING : Multiple likelihood matches found between sorted and unsorted samples. Taking the first match.
01:03 bilby WARNING : Multiple likelihood matches found between sorted and unsorted samples. Taking the first match.
01:03 bilby WARNING : Multiple likelihood matches found between sorted and unsorted samples. Taking the first match.
01:03 bilby WARNING : Multiple likelihood matches found between sorted and unsorted samples. Taking the first match.
01:03 bilby WARNING : Multiple likelihood matches found between sorted and unsorted samples. Taking the first match.
01:03 bilby WARNING : Multiple likelihood matches found between sorted and unsorted samples. Taking the first match.
01:03 bilby WARNING : Multiple likelihood matches found between sorted and unsorted samples. Taking the first match.
01:03 bilby INFO    : Sampling time: 2:12:42.263450
01:03 bilby INFO    : Summary of results:
nsamples: 3664
ln_noise_evidence:  0.000
ln_evidence: 50.285 +/-  0.155
ln_bayes_factor: 50.285 +/-  0.155

/home/yzq/miniconda3/envs/bilby/lib/python3.8/site-packages/bilby/core/result.py:1170: DeprecationWarning: distutils Version classes are deprecated. Use packaging.version instead.
  if LooseVersion(matplotlib.__version__) < "2.1":
/home/yzq/miniconda3/envs/bilby/lib/python3.8/site-packages/setuptools/_distutils/version.py:346: DeprecationWarning: distutils Version classes are deprecated. Use packaging.version instead.
  other = LooseVersion(other)
