22:29 bilby INFO    : Running for label 'u_hype_21308', output will be saved to 'hy_outdir'
22:29 bilby INFO    : Search parameters:
22:29 bilby INFO    :   alpha = Uniform(minimum=-5, maximum=25, name='alpha', latex_label='$\\alpha$', unit=None, boundary=None)
22:29 bilby INFO    :   mmin = Uniform(minimum=0.9, maximum=1.5, name='mmin', latex_label='$mmin$', unit=None, boundary=None)
22:29 bilby INFO    :   mmax = Uniform(minimum=1.5, maximum=2.9, name='mmax', latex_label='$mmax$', unit=None, boundary=None)
22:29 bilby INFO    :   delta_m = Uniform(minimum=0.01, maximum=1, name='delta', latex_label='$\\delta$', unit=None, boundary=None)
22:29 bilby INFO    : Single likelihood evaluation took 7.015e-02 s
22:29 bilby INFO    : Using sampler Dynesty with kwargs {'bound': 'multi', 'sample': 'rwalk', 'verbose': True, 'periodic': None, 'reflective': None, 'check_point_delta_t': 600, 'nlive': 400, 'first_update': None, 'walks': 100, 'npdim': None, 'rstate': None, 'queue_size': 4, 'pool': None, 'use_pool': None, 'live_points': None, 'logl_args': None, 'logl_kwargs': None, 'ptform_args': None, 'ptform_kwargs': None, 'enlarge': 1.5, 'bootstrap': None, 'vol_dec': 0.5, 'vol_check': 8.0, 'facc': 0.2, 'slices': 5, 'update_interval': 240, 'print_func': <bound method Dynesty._print_func of <bilby.core.sampler.dynesty.Dynesty object at 0x7ff6e4c77cc0>>, 'dlogz': 0.1, 'maxiter': None, 'maxcall': None, 'logl_max': inf, 'add_live': True, 'print_progress': True, 'save_bounds': False, 'n_effective': None, 'maxmcmc': 5000, 'nact': 5}
22:29 bilby INFO    : Checkpoint every check_point_delta_t = 600s
22:29 bilby INFO    : Using dynesty version 1.1
22:29 bilby INFO    : Using the bilby-implemented rwalk sample method with ACT estimated walks
22:29 bilby INFO    : Setting up multiproccesing pool with 4 processes.
22:29 bilby INFO    : Generating initial points from the prior
22:41 bilby INFO    : Written checkpoint file hy_outdir/u_hype_21308_resume.pickle
22:51 bilby INFO    : Written checkpoint file hy_outdir/u_hype_21308_resume.pickle
23:02 bilby INFO    : Written checkpoint file hy_outdir/u_hype_21308_resume.pickle
23:12 bilby INFO    : Written checkpoint file hy_outdir/u_hype_21308_resume.pickle
23:22 bilby INFO    : Written checkpoint file hy_outdir/u_hype_21308_resume.pickle
23:33 bilby INFO    : Written checkpoint file hy_outdir/u_hype_21308_resume.pickle
23:43 bilby INFO    : Written checkpoint file hy_outdir/u_hype_21308_resume.pickle
23:53 bilby INFO    : Written checkpoint file hy_outdir/u_hype_21308_resume.pickle
00:03 bilby INFO    : Written checkpoint file hy_outdir/u_hype_21308_resume.pickle
00:14 bilby INFO    : Written checkpoint file hy_outdir/u_hype_21308_resume.pickle
00:24 bilby INFO    : Written checkpoint file hy_outdir/u_hype_21308_resume.pickle
00:34 bilby INFO    : Written checkpoint file hy_outdir/u_hype_21308_resume.pickle
00:45 bilby INFO    : Written checkpoint file hy_outdir/u_hype_21308_resume.pickle
00:55 bilby INFO    : Written checkpoint file hy_outdir/u_hype_21308_resume.pickle
01:05 bilby INFO    : Written checkpoint file hy_outdir/u_hype_21308_resume.pickle
01:16 bilby INFO    : Written checkpoint file hy_outdir/u_hype_21308_resume.pickle
01:26 bilby INFO    : Written checkpoint file hy_outdir/u_hype_21308_resume.pickle
01:36 bilby INFO    : Written checkpoint file hy_outdir/u_hype_21308_resume.pickle
01:46 bilby INFO    : Written checkpoint file hy_outdir/u_hype_21308_resume.pickle
01:56 bilby INFO    : Written checkpoint file hy_outdir/u_hype_21308_resume.pickle
02:07 bilby INFO    : Written checkpoint file hy_outdir/u_hype_21308_resume.pickle
02:07 bilby INFO    : Writing 113 current samples to hy_outdir/u_hype_21308_samples.dat
02:17 bilby INFO    : Written checkpoint file hy_outdir/u_hype_21308_resume.pickle
02:17 bilby INFO    : Writing 130 current samples to hy_outdir/u_hype_21308_samples.dat
02:28 bilby INFO    : Written checkpoint file hy_outdir/u_hype_21308_resume.pickle
02:28 bilby INFO    : Writing 141 current samples to hy_outdir/u_hype_21308_samples.dat
02:38 bilby INFO    : Written checkpoint file hy_outdir/u_hype_21308_resume.pickle
02:38 bilby INFO    : Writing 148 current samples to hy_outdir/u_hype_21308_samples.dat
02:49 bilby INFO    : Written checkpoint file hy_outdir/u_hype_21308_resume.pickle
02:49 bilby INFO    : Writing 183 current samples to hy_outdir/u_hype_21308_samples.dat
02:59 bilby INFO    : Written checkpoint file hy_outdir/u_hype_21308_resume.pickle
02:59 bilby INFO    : Writing 210 current samples to hy_outdir/u_hype_21308_samples.dat
03:10 bilby INFO    : Written checkpoint file hy_outdir/u_hype_21308_resume.pickle
03:10 bilby INFO    : Writing 238 current samples to hy_outdir/u_hype_21308_samples.dat
03:20 bilby INFO    : Written checkpoint file hy_outdir/u_hype_21308_resume.pickle
03:20 bilby INFO    : Writing 277 current samples to hy_outdir/u_hype_21308_samples.dat
03:30 bilby INFO    : Written checkpoint file hy_outdir/u_hype_21308_resume.pickle
03:30 bilby INFO    : Writing 292 current samples to hy_outdir/u_hype_21308_samples.dat
03:41 bilby INFO    : Written checkpoint file hy_outdir/u_hype_21308_resume.pickle
03:41 bilby INFO    : Writing 350 current samples to hy_outdir/u_hype_21308_samples.dat
03:51 bilby INFO    : Written checkpoint file hy_outdir/u_hype_21308_resume.pickle
03:51 bilby INFO    : Writing 376 current samples to hy_outdir/u_hype_21308_samples.dat
04:02 bilby INFO    : Written checkpoint file hy_outdir/u_hype_21308_resume.pickle
04:02 bilby INFO    : Writing 460 current samples to hy_outdir/u_hype_21308_samples.dat
04:12 bilby INFO    : Written checkpoint file hy_outdir/u_hype_21308_resume.pickle
04:12 bilby INFO    : Writing 503 current samples to hy_outdir/u_hype_21308_samples.dat
04:23 bilby INFO    : Written checkpoint file hy_outdir/u_hype_21308_resume.pickle
04:23 bilby INFO    : Writing 563 current samples to hy_outdir/u_hype_21308_samples.dat
04:33 bilby INFO    : Written checkpoint file hy_outdir/u_hype_21308_resume.pickle
04:33 bilby INFO    : Writing 652 current samples to hy_outdir/u_hype_21308_samples.dat
04:44 bilby INFO    : Written checkpoint file hy_outdir/u_hype_21308_resume.pickle
04:44 bilby INFO    : Writing 710 current samples to hy_outdir/u_hype_21308_samples.dat
04:55 bilby INFO    : Written checkpoint file hy_outdir/u_hype_21308_resume.pickle
04:55 bilby INFO    : Writing 801 current samples to hy_outdir/u_hype_21308_samples.dat
05:05 bilby INFO    : Written checkpoint file hy_outdir/u_hype_21308_resume.pickle
05:05 bilby INFO    : Writing 921 current samples to hy_outdir/u_hype_21308_samples.dat
05:15 bilby INFO    : Written checkpoint file hy_outdir/u_hype_21308_resume.pickle
05:15 bilby INFO    : Writing 1066 current samples to hy_outdir/u_hype_21308_samples.dat
05:25 bilby INFO    : Written checkpoint file hy_outdir/u_hype_21308_resume.pickle
05:25 bilby INFO    : Writing 1230 current samples to hy_outdir/u_hype_21308_samples.dat
05:36 bilby INFO    : Written checkpoint file hy_outdir/u_hype_21308_resume.pickle
05:36 bilby INFO    : Writing 1375 current samples to hy_outdir/u_hype_21308_samples.dat
05:46 bilby INFO    : Written checkpoint file hy_outdir/u_hype_21308_resume.pickle
05:46 bilby INFO    : Writing 1537 current samples to hy_outdir/u_hype_21308_samples.dat
05:57 bilby INFO    : Written checkpoint file hy_outdir/u_hype_21308_resume.pickle
05:57 bilby INFO    : Writing 1482 current samples to hy_outdir/u_hype_21308_samples.dat
06:07 bilby INFO    : Written checkpoint file hy_outdir/u_hype_21308_resume.pickle
06:07 bilby INFO    : Writing 1524 current samples to hy_outdir/u_hype_21308_samples.dat
06:18 bilby INFO    : Written checkpoint file hy_outdir/u_hype_21308_resume.pickle
06:18 bilby INFO    : Writing 1512 current samples to hy_outdir/u_hype_21308_samples.dat
06:28 bilby INFO    : Written checkpoint file hy_outdir/u_hype_21308_resume.pickle
06:28 bilby INFO    : Writing 1507 current samples to hy_outdir/u_hype_21308_samples.dat
06:38 bilby INFO    : Written checkpoint file hy_outdir/u_hype_21308_resume.pickle
06:38 bilby INFO    : Writing 1506 current samples to hy_outdir/u_hype_21308_samples.dat
06:45 bilby INFO    : Written checkpoint file hy_outdir/u_hype_21308_resume.pickle
06:45 bilby INFO    : Writing 1486 current samples to hy_outdir/u_hype_21308_samples.dat
06:45 bilby INFO    : Starting to close worker pool.
06:45 bilby INFO    : Finished closing worker pool.
06:45 bilby INFO    : Sampling time: 8:14:07.005079
06:45 bilby INFO    : Summary of results:
nsamples: 4212
ln_noise_evidence:  0.000
ln_evidence: 63.701 +/-  0.164
ln_bayes_factor: 63.701 +/-  0.164

