03:13 bilby INFO    : Running for label 'u_hype_32793', output will be saved to 'hy_outdir'
03:13 bilby INFO    : Search parameters:
03:13 bilby INFO    :   mlo = Uniform(minimum=0.9, maximum=1.5, name='mlo', latex_label='$\\rm{m^l}$', unit=None, boundary=None)
03:13 bilby INFO    :   mup = Uniform(minimum=1.5, maximum=2.9, name='mup', latex_label='$\\rm{m^u}$', unit=None, boundary=None)
03:13 bilby INFO    :   beta = Uniform(minimum=-5, maximum=25, name='beta', latex_label='$\\beta$', unit=None, boundary=None)
03:13 bilby INFO    : Single likelihood evaluation took 3.873e-02 s
03:13 bilby INFO    : Using sampler Dynesty with kwargs {'bound': 'multi', 'sample': 'rwalk', 'verbose': True, 'periodic': None, 'reflective': None, 'check_point_delta_t': 600, 'nlive': 400, 'first_update': None, 'walks': 100, 'npdim': None, 'rstate': None, 'queue_size': 5, 'pool': None, 'use_pool': None, 'live_points': None, 'logl_args': None, 'logl_kwargs': None, 'ptform_args': None, 'ptform_kwargs': None, 'enlarge': 1.5, 'bootstrap': None, 'vol_dec': 0.5, 'vol_check': 8.0, 'facc': 0.2, 'slices': 5, 'update_interval': 240, 'print_func': <bound method Dynesty._print_func of <bilby.core.sampler.dynesty.Dynesty object at 0x7f1a6ad7e588>>, 'dlogz': 0.1, 'maxiter': None, 'maxcall': None, 'logl_max': inf, 'add_live': True, 'print_progress': True, 'save_bounds': False, 'n_effective': None, 'maxmcmc': 5000, 'nact': 5}
03:13 bilby INFO    : Checkpoint every check_point_delta_t = 600s
03:13 bilby INFO    : Using dynesty version 1.1
03:13 bilby INFO    : Using the bilby-implemented rwalk sample method with ACT estimated walks
03:13 bilby INFO    : Setting up multiproccesing pool with 5 processes.
03:13 bilby INFO    : Generating initial points from the prior
03:24 bilby INFO    : Written checkpoint file hy_outdir/u_hype_32793_resume.pickle
03:34 bilby INFO    : Written checkpoint file hy_outdir/u_hype_32793_resume.pickle
03:44 bilby INFO    : Written checkpoint file hy_outdir/u_hype_32793_resume.pickle
03:54 bilby INFO    : Written checkpoint file hy_outdir/u_hype_32793_resume.pickle
04:05 bilby INFO    : Written checkpoint file hy_outdir/u_hype_32793_resume.pickle
04:15 bilby INFO    : Written checkpoint file hy_outdir/u_hype_32793_resume.pickle
04:25 bilby INFO    : Written checkpoint file hy_outdir/u_hype_32793_resume.pickle
04:35 bilby INFO    : Written checkpoint file hy_outdir/u_hype_32793_resume.pickle
04:46 bilby INFO    : Written checkpoint file hy_outdir/u_hype_32793_resume.pickle
04:56 bilby INFO    : Written checkpoint file hy_outdir/u_hype_32793_resume.pickle
04:56 bilby INFO    : Writing 145 current samples to hy_outdir/u_hype_32793_samples.dat
05:06 bilby INFO    : Written checkpoint file hy_outdir/u_hype_32793_resume.pickle
05:06 bilby INFO    : Writing 161 current samples to hy_outdir/u_hype_32793_samples.dat
05:16 bilby INFO    : Written checkpoint file hy_outdir/u_hype_32793_resume.pickle
05:16 bilby INFO    : Writing 250 current samples to hy_outdir/u_hype_32793_samples.dat
05:26 bilby INFO    : Written checkpoint file hy_outdir/u_hype_32793_resume.pickle
05:26 bilby INFO    : Writing 350 current samples to hy_outdir/u_hype_32793_samples.dat
05:37 bilby INFO    : Written checkpoint file hy_outdir/u_hype_32793_resume.pickle
05:37 bilby INFO    : Writing 447 current samples to hy_outdir/u_hype_32793_samples.dat
05:47 bilby INFO    : Written checkpoint file hy_outdir/u_hype_32793_resume.pickle
05:47 bilby INFO    : Writing 598 current samples to hy_outdir/u_hype_32793_samples.dat
05:57 bilby INFO    : Written checkpoint file hy_outdir/u_hype_32793_resume.pickle
05:57 bilby INFO    : Writing 844 current samples to hy_outdir/u_hype_32793_samples.dat
06:07 bilby INFO    : Written checkpoint file hy_outdir/u_hype_32793_resume.pickle
06:07 bilby INFO    : Writing 1126 current samples to hy_outdir/u_hype_32793_samples.dat
06:17 bilby INFO    : Written checkpoint file hy_outdir/u_hype_32793_resume.pickle
06:17 bilby INFO    : Writing 1376 current samples to hy_outdir/u_hype_32793_samples.dat
06:27 bilby INFO    : Written checkpoint file hy_outdir/u_hype_32793_resume.pickle
06:27 bilby INFO    : Writing 1414 current samples to hy_outdir/u_hype_32793_samples.dat
06:37 bilby INFO    : Written checkpoint file hy_outdir/u_hype_32793_resume.pickle
06:37 bilby INFO    : Writing 1405 current samples to hy_outdir/u_hype_32793_samples.dat
06:48 bilby INFO    : Written checkpoint file hy_outdir/u_hype_32793_resume.pickle
06:48 bilby INFO    : Writing 1374 current samples to hy_outdir/u_hype_32793_samples.dat
06:50 bilby INFO    : Written checkpoint file hy_outdir/u_hype_32793_resume.pickle
06:50 bilby INFO    : Writing 1396 current samples to hy_outdir/u_hype_32793_samples.dat
06:50 bilby INFO    : Starting to close worker pool.
06:50 bilby INFO    : Finished closing worker pool.
06:50 bilby INFO    : Sampling time: 3:36:38.965599
06:50 bilby INFO    : Summary of results:
nsamples: 4013
ln_noise_evidence:  0.000
ln_evidence: 61.622 +/-  0.163
ln_bayes_factor: 61.622 +/-  0.163

