01:11 bilby INFO    : Running for label 'u_hype_23519', output will be saved to 'hy_outdir'
01:11 bilby INFO    : Search parameters:
01:11 bilby INFO    :   mu1 = Uniform(minimum=0.9, maximum=2.9, name='mu1', latex_label='$\\mu_1$', unit=None, boundary=None)
01:11 bilby INFO    :   sigma1 = Uniform(minimum=0.01, maximum=2, name='sigma1', latex_label='$\\sigma_1$', unit=None, boundary=None)
01:11 bilby INFO    :   mu2 = Uniform(minimum=0.9, maximum=2.9, name='mu2', latex_label='$\\mu_2$', unit=None, boundary=None)
01:11 bilby INFO    :   sigma2 = Uniform(minimum=0.01, maximum=2, name='sigma2', latex_label='$\\sigma_2$', unit=None, boundary=None)
01:11 bilby INFO    :   alpha = Uniform(minimum=0.01, maximum=1, name='alpha', latex_label='$\\alpha$', unit=None, boundary=None)
01:11 bilby INFO    :   mlo = Uniform(minimum=0.9, maximum=1.5, name='mlo', latex_label='$\\rm{m^l}$', unit=None, boundary=None)
01:11 bilby INFO    : Single likelihood evaluation took 1.222e-02 s
01:11 bilby INFO    : Using sampler Dynesty with kwargs {'bound': 'multi', 'sample': 'rwalk', 'verbose': True, 'periodic': None, 'reflective': None, 'check_point_delta_t': 600, 'nlive': 400, 'first_update': None, 'walks': 100, 'npdim': None, 'rstate': None, 'queue_size': 5, 'pool': None, 'use_pool': None, 'live_points': None, 'logl_args': None, 'logl_kwargs': None, 'ptform_args': None, 'ptform_kwargs': None, 'enlarge': 1.5, 'bootstrap': None, 'vol_dec': 0.5, 'vol_check': 8.0, 'facc': 0.2, 'slices': 5, 'update_interval': 240, 'print_func': <bound method Dynesty._print_func of <bilby.core.sampler.dynesty.Dynesty object at 0x7fbf53f74080>>, 'dlogz': 0.1, 'maxiter': None, 'maxcall': None, 'logl_max': inf, 'add_live': True, 'print_progress': True, 'save_bounds': False, 'n_effective': None, 'maxmcmc': 5000, 'nact': 5}
01:11 bilby INFO    : Checkpoint every check_point_delta_t = 600s
01:11 bilby INFO    : Using dynesty version 1.1
01:11 bilby INFO    : Using the bilby-implemented rwalk sample method with ACT estimated walks
01:11 bilby INFO    : Setting up multiproccesing pool with 5 processes.
01:11 bilby INFO    : Generating initial points from the prior
01:22 bilby INFO    : Written checkpoint file hy_outdir/u_hype_23519_resume.pickle
01:32 bilby INFO    : Written checkpoint file hy_outdir/u_hype_23519_resume.pickle
01:42 bilby INFO    : Written checkpoint file hy_outdir/u_hype_23519_resume.pickle
01:52 bilby INFO    : Written checkpoint file hy_outdir/u_hype_23519_resume.pickle
02:02 bilby INFO    : Written checkpoint file hy_outdir/u_hype_23519_resume.pickle
02:12 bilby INFO    : Written checkpoint file hy_outdir/u_hype_23519_resume.pickle
02:22 bilby INFO    : Written checkpoint file hy_outdir/u_hype_23519_resume.pickle
02:33 bilby INFO    : Written checkpoint file hy_outdir/u_hype_23519_resume.pickle
02:43 bilby INFO    : Written checkpoint file hy_outdir/u_hype_23519_resume.pickle
02:53 bilby INFO    : Written checkpoint file hy_outdir/u_hype_23519_resume.pickle
03:04 bilby INFO    : Written checkpoint file hy_outdir/u_hype_23519_resume.pickle
03:14 bilby INFO    : Written checkpoint file hy_outdir/u_hype_23519_resume.pickle
03:24 bilby INFO    : Written checkpoint file hy_outdir/u_hype_23519_resume.pickle
03:34 bilby INFO    : Written checkpoint file hy_outdir/u_hype_23519_resume.pickle
03:45 bilby INFO    : Written checkpoint file hy_outdir/u_hype_23519_resume.pickle
03:55 bilby INFO    : Written checkpoint file hy_outdir/u_hype_23519_resume.pickle
04:06 bilby INFO    : Written checkpoint file hy_outdir/u_hype_23519_resume.pickle
04:16 bilby INFO    : Written checkpoint file hy_outdir/u_hype_23519_resume.pickle
04:26 bilby INFO    : Written checkpoint file hy_outdir/u_hype_23519_resume.pickle
04:37 bilby INFO    : Written checkpoint file hy_outdir/u_hype_23519_resume.pickle
04:48 bilby INFO    : Written checkpoint file hy_outdir/u_hype_23519_resume.pickle
04:58 bilby INFO    : Written checkpoint file hy_outdir/u_hype_23519_resume.pickle
05:08 bilby INFO    : Written checkpoint file hy_outdir/u_hype_23519_resume.pickle
05:19 bilby INFO    : Written checkpoint file hy_outdir/u_hype_23519_resume.pickle
05:29 bilby INFO    : Written checkpoint file hy_outdir/u_hype_23519_resume.pickle
05:39 bilby INFO    : Written checkpoint file hy_outdir/u_hype_23519_resume.pickle
05:49 bilby INFO    : Written checkpoint file hy_outdir/u_hype_23519_resume.pickle
06:00 bilby INFO    : Written checkpoint file hy_outdir/u_hype_23519_resume.pickle
06:10 bilby INFO    : Written checkpoint file hy_outdir/u_hype_23519_resume.pickle
06:20 bilby INFO    : Written checkpoint file hy_outdir/u_hype_23519_resume.pickle
06:30 bilby INFO    : Written checkpoint file hy_outdir/u_hype_23519_resume.pickle
06:30 bilby INFO    : Writing 115 current samples to hy_outdir/u_hype_23519_samples.dat
06:41 bilby INFO    : Written checkpoint file hy_outdir/u_hype_23519_resume.pickle
06:41 bilby INFO    : Writing 164 current samples to hy_outdir/u_hype_23519_samples.dat
06:51 bilby INFO    : Written checkpoint file hy_outdir/u_hype_23519_resume.pickle
06:51 bilby INFO    : Writing 263 current samples to hy_outdir/u_hype_23519_samples.dat
07:01 bilby INFO    : Written checkpoint file hy_outdir/u_hype_23519_resume.pickle
07:01 bilby INFO    : Writing 415 current samples to hy_outdir/u_hype_23519_samples.dat
07:11 bilby INFO    : Written checkpoint file hy_outdir/u_hype_23519_resume.pickle
07:11 bilby INFO    : Writing 515 current samples to hy_outdir/u_hype_23519_samples.dat
07:22 bilby INFO    : Written checkpoint file hy_outdir/u_hype_23519_resume.pickle
07:22 bilby INFO    : Writing 820 current samples to hy_outdir/u_hype_23519_samples.dat
07:32 bilby INFO    : Written checkpoint file hy_outdir/u_hype_23519_resume.pickle
07:32 bilby INFO    : Writing 1302 current samples to hy_outdir/u_hype_23519_samples.dat
07:42 bilby INFO    : Written checkpoint file hy_outdir/u_hype_23519_resume.pickle
07:42 bilby INFO    : Writing 1806 current samples to hy_outdir/u_hype_23519_samples.dat
07:52 bilby INFO    : Written checkpoint file hy_outdir/u_hype_23519_resume.pickle
07:52 bilby INFO    : Writing 1864 current samples to hy_outdir/u_hype_23519_samples.dat
07:59 bilby INFO    : Written checkpoint file hy_outdir/u_hype_23519_resume.pickle
07:59 bilby INFO    : Writing 1834 current samples to hy_outdir/u_hype_23519_samples.dat
07:59 bilby INFO    : Starting to close worker pool.
07:59 bilby INFO    : Finished closing worker pool.
07:59 bilby INFO    : Sampling time: 6:47:18.952445
07:59 bilby INFO    : Summary of results:
nsamples: 6269
ln_noise_evidence:  0.000
ln_evidence: 58.697 +/-  0.222
ln_bayes_factor: 58.697 +/-  0.222

