22:17 bilby INFO    : Running for label 'u_hype_51133', output will be saved to 'hy_outdir'
22:17 bilby INFO    : Search parameters:
22:17 bilby INFO    :   mlo = Uniform(minimum=0.9, maximum=1.5, name='mlo', latex_label='$\\rm{m^l}$', unit=None, boundary=None)
22:17 bilby INFO    :   mup = Uniform(minimum=1.5, maximum=2.9, name='mup', latex_label='$\\rm{m^u}$', unit=None, boundary=None)
22:17 bilby INFO    :   beta = Uniform(minimum=-5, maximum=25, name='beta', latex_label='$\\beta$', unit=None, boundary=None)
22:17 bilby INFO    : Single likelihood evaluation took 3.497e-02 s
22:17 bilby INFO    : Using sampler Dynesty with kwargs {'bound': 'multi', 'sample': 'rwalk', 'verbose': True, 'periodic': None, 'reflective': None, 'check_point_delta_t': 600, 'nlive': 400, 'first_update': None, 'walks': 100, 'npdim': None, 'rstate': None, 'queue_size': 4, 'pool': None, 'use_pool': None, 'live_points': None, 'logl_args': None, 'logl_kwargs': None, 'ptform_args': None, 'ptform_kwargs': None, 'enlarge': 1.5, 'bootstrap': None, 'vol_dec': 0.5, 'vol_check': 8.0, 'facc': 0.2, 'slices': 5, 'update_interval': 240, 'print_func': <bound method Dynesty._print_func of <bilby.core.sampler.dynesty.Dynesty object at 0x7f0b9d50d080>>, 'dlogz': 0.1, 'maxiter': None, 'maxcall': None, 'logl_max': inf, 'add_live': True, 'print_progress': True, 'save_bounds': False, 'n_effective': None, 'maxmcmc': 5000, 'nact': 5}
22:17 bilby INFO    : Checkpoint every check_point_delta_t = 600s
22:17 bilby INFO    : Using dynesty version 1.1
22:17 bilby INFO    : Using the bilby-implemented rwalk sample method with ACT estimated walks
22:17 bilby INFO    : Setting up multiproccesing pool with 4 processes.
22:17 bilby INFO    : Generating initial points from the prior
22:28 bilby INFO    : Written checkpoint file hy_outdir/u_hype_51133_resume.pickle
22:38 bilby INFO    : Written checkpoint file hy_outdir/u_hype_51133_resume.pickle
22:48 bilby INFO    : Written checkpoint file hy_outdir/u_hype_51133_resume.pickle
22:58 bilby INFO    : Written checkpoint file hy_outdir/u_hype_51133_resume.pickle
23:08 bilby INFO    : Written checkpoint file hy_outdir/u_hype_51133_resume.pickle
23:18 bilby INFO    : Written checkpoint file hy_outdir/u_hype_51133_resume.pickle
23:29 bilby INFO    : Written checkpoint file hy_outdir/u_hype_51133_resume.pickle
23:39 bilby INFO    : Written checkpoint file hy_outdir/u_hype_51133_resume.pickle
23:49 bilby INFO    : Written checkpoint file hy_outdir/u_hype_51133_resume.pickle
23:59 bilby INFO    : Written checkpoint file hy_outdir/u_hype_51133_resume.pickle
00:10 bilby INFO    : Written checkpoint file hy_outdir/u_hype_51133_resume.pickle
00:20 bilby INFO    : Written checkpoint file hy_outdir/u_hype_51133_resume.pickle
00:30 bilby INFO    : Written checkpoint file hy_outdir/u_hype_51133_resume.pickle
00:41 bilby INFO    : Written checkpoint file hy_outdir/u_hype_51133_resume.pickle
00:51 bilby INFO    : Written checkpoint file hy_outdir/u_hype_51133_resume.pickle
00:51 bilby INFO    : Writing 117 current samples to hy_outdir/u_hype_51133_samples.dat
01:01 bilby INFO    : Written checkpoint file hy_outdir/u_hype_51133_resume.pickle
01:01 bilby INFO    : Writing 125 current samples to hy_outdir/u_hype_51133_samples.dat
01:12 bilby INFO    : Written checkpoint file hy_outdir/u_hype_51133_resume.pickle
01:12 bilby INFO    : Writing 159 current samples to hy_outdir/u_hype_51133_samples.dat
01:22 bilby INFO    : Written checkpoint file hy_outdir/u_hype_51133_resume.pickle
01:22 bilby INFO    : Writing 199 current samples to hy_outdir/u_hype_51133_samples.dat
01:32 bilby INFO    : Written checkpoint file hy_outdir/u_hype_51133_resume.pickle
01:32 bilby INFO    : Writing 240 current samples to hy_outdir/u_hype_51133_samples.dat
01:43 bilby INFO    : Written checkpoint file hy_outdir/u_hype_51133_resume.pickle
01:43 bilby INFO    : Writing 315 current samples to hy_outdir/u_hype_51133_samples.dat
01:53 bilby INFO    : Written checkpoint file hy_outdir/u_hype_51133_resume.pickle
01:53 bilby INFO    : Writing 385 current samples to hy_outdir/u_hype_51133_samples.dat
02:03 bilby INFO    : Written checkpoint file hy_outdir/u_hype_51133_resume.pickle
02:03 bilby INFO    : Writing 479 current samples to hy_outdir/u_hype_51133_samples.dat
02:14 bilby INFO    : Written checkpoint file hy_outdir/u_hype_51133_resume.pickle
02:14 bilby INFO    : Writing 603 current samples to hy_outdir/u_hype_51133_samples.dat
02:24 bilby INFO    : Written checkpoint file hy_outdir/u_hype_51133_resume.pickle
02:24 bilby INFO    : Writing 750 current samples to hy_outdir/u_hype_51133_samples.dat
02:35 bilby INFO    : Written checkpoint file hy_outdir/u_hype_51133_resume.pickle
02:35 bilby INFO    : Writing 986 current samples to hy_outdir/u_hype_51133_samples.dat
02:45 bilby INFO    : Written checkpoint file hy_outdir/u_hype_51133_resume.pickle
02:45 bilby INFO    : Writing 1201 current samples to hy_outdir/u_hype_51133_samples.dat
02:56 bilby INFO    : Written checkpoint file hy_outdir/u_hype_51133_resume.pickle
02:56 bilby INFO    : Writing 1329 current samples to hy_outdir/u_hype_51133_samples.dat
03:06 bilby INFO    : Written checkpoint file hy_outdir/u_hype_51133_resume.pickle
03:06 bilby INFO    : Writing 1317 current samples to hy_outdir/u_hype_51133_samples.dat
03:16 bilby INFO    : Written checkpoint file hy_outdir/u_hype_51133_resume.pickle
03:16 bilby INFO    : Writing 1302 current samples to hy_outdir/u_hype_51133_samples.dat
03:27 bilby INFO    : Written checkpoint file hy_outdir/u_hype_51133_resume.pickle
03:27 bilby INFO    : Writing 1259 current samples to hy_outdir/u_hype_51133_samples.dat
03:37 bilby INFO    : Written checkpoint file hy_outdir/u_hype_51133_resume.pickle
03:37 bilby INFO    : Writing 1320 current samples to hy_outdir/u_hype_51133_samples.dat
03:43 bilby INFO    : Written checkpoint file hy_outdir/u_hype_51133_resume.pickle
03:43 bilby INFO    : Writing 1322 current samples to hy_outdir/u_hype_51133_samples.dat
03:43 bilby INFO    : Starting to close worker pool.
03:43 bilby INFO    : Finished closing worker pool.
03:43 bilby WARNING : Multiple likelihood matches found between sorted and unsorted samples. Taking the first match.
03:43 bilby INFO    : Sampling time: 5:24:53.749360
03:43 bilby INFO    : Summary of results:
nsamples: 4064
ln_noise_evidence:  0.000
ln_evidence: 56.133 +/-  0.165
ln_bayes_factor: 56.133 +/-  0.165

